 ******* Program HYDRUS
 ******* 
 Welcome to HYDRUS-1D                                                    
 Date:   2. 1.2023    Time:  10:36:27
 Units: L = cm   , T = days , M = mmol 

       Time          rTop        rRoot        vTop         vRoot        vBot       sum(rTop)   sum(rRoot)    sum(vTop)   sum(vRoot)    sum(vBot)      hTop         hRoot        hBot        RunOff    sum(RunOff)     Volume     sum(Infil)    sum(Evap) TLevel Cum(WTrans)  SnowLayer
        [T]         [L/T]        [L/T]        [L/T]        [L/T]        [L/T]         [L]          [L]          [L]         [L]           [L]         [L]           [L]         [L]          [L/T]         [L]          [L]          [L]          [L]

       0.0010  0.10000E+00  0.00000E+00  0.10000E+00  0.00000E+00 -0.24598E+00  0.10000E-03  0.00000E+00  0.10000E-03  0.00000E+00 -0.24598E-03 -0.47110E+03  0.00000E+00 -0.51612E+02  0.00000E+00  0.00000E+00  0.22542E+02  0.00000E+00  0.10000E-03      1  0.00000E+00      0.000
       0.0023  0.10000E+00  0.00000E+00  0.10000E+00  0.00000E+00 -0.24432E+00  0.23000E-03  0.00000E+00  0.23000E-03  0.00000E+00 -0.56359E-03 -0.47339E+03  0.00000E+00 -0.51792E+02  0.00000E+00  0.00000E+00  0.22542E+02  0.00000E+00  0.23000E-03      2  0.00000E+00      0.000
       0.0040  0.10000E+00  0.00000E+00  0.10000E+00  0.00000E+00 -0.24274E+00  0.39900E-03  0.00000E+00  0.39901E-03  0.00000E+00 -0.97383E-03 -0.47682E+03  0.00000E+00 -0.52004E+02  0.00000E+00  0.00000E+00  0.22541E+02  0.00000E+00  0.39901E-03      3  0.00000E+00      0.000
       0.0062  0.10000E+00  0.00000E+00  0.10000E+00  0.00000E+00 -0.24090E+00  0.61870E-03  0.00000E+00  0.61871E-03  0.00000E+00 -0.15031E-02 -0.48104E+03  0.00000E+00 -0.52208E+02  0.00000E+00  0.00000E+00  0.22540E+02  0.00000E+00  0.61871E-03      4  0.00000E+00      0.000
       0.0090  0.10000E+00  0.00000E+00  0.10000E+00  0.00000E+00 -0.23888E+00  0.90431E-03  0.00000E+00  0.90432E-03  0.00000E+00 -0.21853E-02 -0.48671E+03  0.00000E+00 -0.52424E+02  0.00000E+00  0.00000E+00  0.22539E+02  0.00000E+00  0.90432E-03      5  0.00000E+00      0.000
       0.0128  0.10000E+00  0.00000E+00  0.10000E+00  0.00000E+00 -0.23662E+00  0.12756E-02  0.00000E+00  0.12756E-02  0.00000E+00 -0.30639E-02 -0.49684E+03  0.00000E+00 -0.52648E+02  0.00000E+00  0.00000E+00  0.22538E+02  0.00000E+00  0.12756E-02      6  0.00000E+00      0.000
       0.0176  0.10000E+00  0.00000E+00  0.10000E+00  0.00000E+00 -0.23410E+00  0.17583E-02  0.00000E+00  0.17583E-02  0.00000E+00 -0.41938E-02 -0.50932E+03  0.00000E+00 -0.52891E+02  0.00000E+00  0.00000E+00  0.22537E+02  0.00000E+00  0.17583E-02      7  0.00000E+00      0.000
       0.0239  0.10000E+00  0.00000E+00  0.10000E+00  0.00000E+00 -0.23126E+00  0.23858E-02  0.00000E+00  0.23858E-02  0.00000E+00 -0.56450E-02 -0.52528E+03  0.00000E+00 -0.53156E+02  0.00000E+00  0.00000E+00  0.22534E+02  0.00000E+00  0.23858E-02      8  0.00000E+00      0.000
       0.0323  0.10000E+00  0.00000E+00  0.10000E+00  0.00000E+00 -0.22797E+00  0.32318E-02  0.00000E+00  0.32318E-02  0.00000E+00 -0.75737E-02 -0.54591E+03  0.00000E+00 -0.53460E+02  0.00000E+00  0.00000E+00  0.22532E+02  0.00000E+00  0.32318E-02      9  0.00000E+00      0.000
       0.0436  0.10000E+00  0.00000E+00  0.10000E+00  0.00000E+00 -0.22418E+00  0.43598E-02  0.00000E+00  0.43598E-02  0.00000E+00 -0.10102E-01 -0.57231E+03  0.00000E+00 -0.53806E+02  0.00000E+00  0.00000E+00  0.22528E+02  0.00000E+00  0.43598E-02     10  0.00000E+00      0.000
       0.0577  0.10000E+00  0.00000E+00  0.10000E+00  0.00000E+00 -0.22007E+00  0.57699E-02  0.00000E+00  0.57699E-02  0.00000E+00 -0.13206E-01 -0.60401E+03  0.00000E+00 -0.54181E+02  0.00000E+00  0.00000E+00  0.22524E+02  0.00000E+00  0.57699E-02     11  0.00000E+00      0.000
       0.0788  0.10000E+00  0.00000E+00  0.10000E+00  0.00000E+00 -0.21477E+00  0.78849E-02  0.00000E+00  0.78850E-02  0.00000E+00 -0.17748E-01 -0.66354E+03  0.00000E+00 -0.54657E+02  0.00000E+00  0.00000E+00  0.22517E+02  0.00000E+00  0.78850E-02     12  0.00000E+00      0.000
       0.1000  0.10000E+00  0.00000E+00  0.10000E+00  0.00000E+00 -0.21011E+00  0.10000E-01  0.00000E+00  0.10000E-01  0.00000E+00 -0.22192E-01 -0.72147E+03  0.00000E+00 -0.55081E+02  0.00000E+00  0.00000E+00  0.22510E+02  0.00000E+00  0.10000E-01     13  0.00000E+00      0.000
       0.1250  0.10000E+00  0.00000E+00  0.10000E+00  0.00000E+00 -0.20520E+00  0.12500E-01  0.00000E+00  0.12500E-01  0.00000E+00 -0.27322E-01 -0.79320E+03  0.00000E+00 -0.55523E+02  0.00000E+00  0.00000E+00  0.22503E+02  0.00000E+00  0.12500E-01     14  0.00000E+00      0.000
       0.1625  0.10000E+00  0.00000E+00  0.10000E+00  0.00000E+00 -0.19874E+00  0.16250E-01  0.00000E+00  0.16250E-01  0.00000E+00 -0.34775E-01 -0.92248E+03  0.00000E+00 -0.56101E+02  0.00000E+00  0.00000E+00  0.22491E+02  0.00000E+00  0.16250E-01     15  0.00000E+00      0.000
       0.2000  0.10000E+00  0.00000E+00  0.10000E+00  0.00000E+00 -0.19296E+00  0.20000E-01  0.00000E+00  0.20000E-01  0.00000E+00 -0.42011E-01 -0.10607E+04  0.00000E+00 -0.56623E+02  0.00000E+00  0.00000E+00  0.22481E+02  0.00000E+00  0.20000E-01     16  0.00000E+00      0.000
       0.2333  0.10000E+00  0.00000E+00  0.10000E+00  0.00000E+00 -0.18823E+00  0.23333E-01  0.00000E+00  0.23333E-01  0.00000E+00 -0.48285E-01 -0.11963E+04  0.00000E+00 -0.57049E+02  0.00000E+00  0.00000E+00  0.22471E+02  0.00000E+00  0.23333E-01     17  0.00000E+00      0.000
       0.3000  0.10000E+00  0.00000E+00  0.10000E+00  0.00000E+00 -0.17991E+00  0.30000E-01  0.00000E+00  0.30000E-01  0.00000E+00 -0.60279E-01 -0.15209E+04  0.00000E+00 -0.57789E+02  0.00000E+00  0.00000E+00  0.22452E+02  0.00000E+00  0.30000E-01     18  0.00000E+00      0.000
       0.3500  0.10000E+00  0.00000E+00  0.10000E+00  0.00000E+00 -0.17412E+00  0.35000E-01  0.00000E+00  0.35000E-01  0.00000E+00 -0.68985E-01 -0.18446E+04  0.00000E+00 -0.58313E+02  0.00000E+00  0.00000E+00  0.22439E+02  0.00000E+00  0.35000E-01     19  0.00000E+00      0.000
       0.4000  0.10000E+00  0.00000E+00  0.10000E+00  0.00000E+00 -0.16873E+00  0.40000E-01  0.00000E+00  0.40000E-01  0.00000E+00 -0.77421E-01 -0.22411E+04  0.00000E+00 -0.58794E+02  0.00000E+00  0.00000E+00  0.22425E+02  0.00000E+00  0.40000E-01     20  0.00000E+00      0.000
       0.5000  0.10000E+00  0.00000E+00  0.10000E+00  0.00000E+00 -0.15912E+00  0.50000E-01  0.00000E+00  0.50000E-01  0.00000E+00 -0.93333E-01 -0.33234E+04  0.00000E+00 -0.59666E+02  0.00000E+00  0.00000E+00  0.22399E+02  0.00000E+00  0.50000E-01     21  0.00000E+00      0.000
       0.6000  0.10000E+00  0.00000E+00  0.10000E+00  0.00000E+00 -0.15298E+00  0.60000E-01  0.00000E+00  0.60000E-01  0.00000E+00 -0.10863E+00 -0.51650E+04  0.00000E+00 -0.60571E+02  0.00000E+00  0.00000E+00  0.22374E+02  0.00000E+00  0.60000E-01     22  0.00000E+00      0.000
       0.7000  0.10000E+00  0.00000E+00  0.10000E+00  0.00000E+00 -0.14886E+00  0.70000E-01  0.00000E+00  0.70000E-01  0.00000E+00 -0.12352E+00 -0.86162E+04  0.00000E+00 -0.61416E+02  0.00000E+00  0.00000E+00  0.22349E+02  0.00000E+00  0.70000E-01     23  0.00000E+00      0.000
       0.8000  0.10000E+00  0.00000E+00  0.10000E+00  0.00000E+00 -0.14510E+00  0.80000E-01  0.00000E+00  0.80000E-01  0.00000E+00 -0.13803E+00 -0.14909E+05  0.00000E+00 -0.62186E+02  0.00000E+00  0.00000E+00  0.22324E+02  0.00000E+00  0.80000E-01     24  0.00000E+00      0.000
       0.9000  0.10000E+00  0.00000E+00  0.10000E+00  0.00000E+00 -0.14156E+00  0.90000E-01  0.00000E+00  0.90000E-01  0.00000E+00 -0.15218E+00 -0.27624E+05  0.00000E+00 -0.62896E+02  0.00000E+00  0.00000E+00  0.22300E+02  0.00000E+00  0.90000E-01     25  0.00000E+00      0.000
       1.0000  0.10000E+00  0.00000E+00  0.10000E+00  0.00000E+00 -0.13832E+00  0.10000E+00  0.00000E+00  0.10000E+00  0.00000E+00 -0.16601E+00 -0.56869E+05  0.00000E+00 -0.63564E+02  0.00000E+00  0.00000E+00  0.22276E+02  0.00000E+00  0.10000E+00     26  0.00000E+00      0.000
       1.0333  0.30000E+00  0.00000E+00  0.12925E+00  0.00000E+00 -0.13725E+00  0.11000E+00  0.00000E+00  0.10431E+00  0.00000E+00 -0.17059E+00 -0.10000E+06  0.00000E+00 -0.63784E+02  0.00000E+00  0.00000E+00  0.22268E+02  0.00000E+00  0.10431E+00     27  0.00000E+00      0.000
       1.0667  0.30000E+00  0.00000E+00  0.83760E-01  0.00000E+00 -0.13623E+00  0.12000E+00  0.00000E+00  0.10710E+00  0.00000E+00 -0.17513E+00 -0.10000E+06  0.00000E+00 -0.63998E+02  0.00000E+00  0.00000E+00  0.22260E+02  0.00000E+00  0.10710E+00     28  0.00000E+00      0.000
       1.1000  0.30000E+00  0.00000E+00  0.71403E-01  0.00000E+00 -0.13521E+00  0.13000E+00  0.00000E+00  0.10948E+00  0.00000E+00 -0.17964E+00 -0.10000E+06  0.00000E+00 -0.64207E+02  0.00000E+00  0.00000E+00  0.22253E+02  0.00000E+00  0.10948E+00     29  0.00000E+00      0.000
       1.1500  0.30000E+00  0.00000E+00  0.63844E-01  0.00000E+00 -0.13372E+00  0.14500E+00  0.00000E+00  0.11267E+00  0.00000E+00 -0.18632E+00 -0.10000E+06  0.00000E+00 -0.64512E+02  0.00000E+00  0.00000E+00  0.22244E+02  0.00000E+00  0.11267E+00     30  0.00000E+00      0.000
       1.2000  0.30000E+00  0.00000E+00  0.54887E-01  0.00000E+00 -0.13227E+00  0.16000E+00  0.00000E+00  0.11542E+00  0.00000E+00 -0.19294E+00 -0.10000E+06  0.00000E+00 -0.64809E+02  0.00000E+00  0.00000E+00  0.22234E+02  0.00000E+00  0.11542E+00     31  0.00000E+00      0.000
       1.2500  0.30000E+00  0.00000E+00  0.50015E-01  0.00000E+00 -0.13086E+00  0.17500E+00  0.00000E+00  0.11792E+00  0.00000E+00 -0.19948E+00 -0.10000E+06  0.00000E+00 -0.65099E+02  0.00000E+00  0.00000E+00  0.22225E+02  0.00000E+00  0.11792E+00     32  0.00000E+00      0.000
       1.3000  0.30000E+00  0.00000E+00  0.45209E-01  0.00000E+00 -0.12948E+00  0.19000E+00  0.00000E+00  0.12018E+00  0.00000E+00 -0.20595E+00 -0.10000E+06  0.00000E+00 -0.65382E+02  0.00000E+00  0.00000E+00  0.22216E+02  0.00000E+00  0.12018E+00     33  0.00000E+00      0.000
       1.4000  0.30000E+00  0.00000E+00  0.40454E-01  0.00000E+00 -0.12683E+00  0.22000E+00  0.00000E+00  0.12422E+00  0.00000E+00 -0.21864E+00 -0.10000E+06  0.00000E+00 -0.65921E+02  0.00000E+00  0.00000E+00  0.22200E+02  0.00000E+00  0.12422E+00     34  0.00000E+00      0.000
       1.5000  0.30000E+00  0.00000E+00  0.35596E-01  0.00000E+00 -0.12430E+00  0.25000E+00  0.00000E+00  0.12778E+00  0.00000E+00 -0.23107E+00 -0.10000E+06  0.00000E+00 -0.66441E+02  0.00000E+00  0.00000E+00  0.22184E+02  0.00000E+00  0.12778E+00     35  0.00000E+00      0.000
       1.6000  0.30000E+00  0.00000E+00  0.33467E-01  0.00000E+00 -0.12186E+00  0.28000E+00  0.00000E+00  0.13113E+00  0.00000E+00 -0.24325E+00 -0.10000E+06  0.00000E+00 -0.66940E+02  0.00000E+00  0.00000E+00  0.22168E+02  0.00000E+00  0.13113E+00     36  0.00000E+00      0.000
       1.7000  0.30000E+00  0.00000E+00  0.32123E-01  0.00000E+00 -0.11951E+00  0.31000E+00  0.00000E+00  0.13434E+00  0.00000E+00 -0.25520E+00 -0.10000E+06  0.00000E+00 -0.67421E+02  0.00000E+00  0.00000E+00  0.22153E+02  0.00000E+00  0.13434E+00     37  0.00000E+00      0.000
       1.8000  0.30000E+00  0.00000E+00  0.30653E-01  0.00000E+00 -0.11724E+00  0.34000E+00  0.00000E+00  0.13741E+00  0.00000E+00 -0.26693E+00 -0.10000E+06  0.00000E+00 -0.67886E+02  0.00000E+00  0.00000E+00  0.22138E+02  0.00000E+00  0.13741E+00     38  0.00000E+00      0.000
       1.9000  0.30000E+00  0.00000E+00  0.29434E-01  0.00000E+00 -0.11505E+00  0.37000E+00  0.00000E+00  0.14035E+00  0.00000E+00 -0.27843E+00 -0.10000E+06  0.00000E+00 -0.68336E+02  0.00000E+00  0.00000E+00  0.22124E+02  0.00000E+00  0.14035E+00     39  0.00000E+00      0.000
       2.0000  0.30000E+00  0.00000E+00  0.28241E-01  0.00000E+00 -0.11292E+00  0.40000E+00  0.00000E+00  0.14317E+00  0.00000E+00 -0.28972E+00 -0.10000E+06  0.00000E+00 -0.68771E+02  0.00000E+00  0.00000E+00  0.22110E+02  0.00000E+00  0.14317E+00     40  0.00000E+00      0.000
       2.1000  0.50000E+00  0.00000E+00  0.27162E-01  0.00000E+00 -0.11085E+00  0.45000E+00  0.00000E+00  0.14589E+00  0.00000E+00 -0.30081E+00 -0.10000E+06  0.00000E+00 -0.69194E+02  0.00000E+00  0.00000E+00  0.22096E+02  0.00000E+00  0.14589E+00     41  0.00000E+00      0.000
       2.2000  0.50000E+00  0.00000E+00  0.26138E-01  0.00000E+00 -0.10885E+00  0.50000E+00  0.00000E+00  0.14850E+00  0.00000E+00 -0.31169E+00 -0.10000E+06  0.00000E+00 -0.69606E+02  0.00000E+00  0.00000E+00  0.22082E+02  0.00000E+00  0.14850E+00     42  0.00000E+00      0.000
       2.3000  0.50000E+00  0.00000E+00  0.25185E-01  0.00000E+00 -0.10689E+00  0.55000E+00  0.00000E+00  0.15102E+00  0.00000E+00 -0.32238E+00 -0.10000E+06  0.00000E+00 -0.70005E+02  0.00000E+00  0.00000E+00  0.22069E+02  0.00000E+00  0.15102E+00     43  0.00000E+00      0.000
       2.4000  0.50000E+00  0.00000E+00  0.24284E-01  0.00000E+00 -0.10499E+00  0.60000E+00  0.00000E+00  0.15345E+00  0.00000E+00 -0.33288E+00 -0.10000E+06  0.00000E+00 -0.70395E+02  0.00000E+00  0.00000E+00  0.22056E+02  0.00000E+00  0.15345E+00     44  0.00000E+00      0.000
       2.5000  0.50000E+00  0.00000E+00  0.23438E-01  0.00000E+00 -0.10314E+00  0.65000E+00  0.00000E+00  0.15580E+00  0.00000E+00 -0.34320E+00 -0.10000E+06  0.00000E+00 -0.70775E+02  0.00000E+00  0.00000E+00  0.22044E+02  0.00000E+00  0.15580E+00     45  0.00000E+00      0.000
       2.6000  0.50000E+00  0.00000E+00  0.22644E-01  0.00000E+00 -0.10133E+00  0.70000E+00  0.00000E+00  0.15806E+00  0.00000E+00 -0.35333E+00 -0.10000E+06  0.00000E+00 -0.71145E+02  0.00000E+00  0.00000E+00  0.22031E+02  0.00000E+00  0.15806E+00     46  0.00000E+00      0.000
       2.7000  0.50000E+00  0.00000E+00  0.21895E-01  0.00000E+00 -0.99559E-01  0.75000E+00  0.00000E+00  0.16025E+00  0.00000E+00 -0.36329E+00 -0.10000E+06  0.00000E+00 -0.71507E+02  0.00000E+00  0.00000E+00  0.22019E+02  0.00000E+00  0.16025E+00     47  0.00000E+00      0.000
       2.8000  0.50000E+00  0.00000E+00  0.21199E-01  0.00000E+00 -0.97831E-01  0.80000E+00  0.00000E+00  0.16237E+00  0.00000E+00 -0.37307E+00 -0.10000E+06  0.00000E+00 -0.71861E+02  0.00000E+00  0.00000E+00  0.22007E+02  0.00000E+00  0.16237E+00     48  0.00000E+00      0.000
       2.9000  0.50000E+00  0.00000E+00  0.20569E-01  0.00000E+00 -0.96140E-01  0.85000E+00  0.00000E+00  0.16443E+00  0.00000E+00 -0.38268E+00 -0.10000E+06  0.00000E+00 -0.72208E+02  0.00000E+00  0.00000E+00  0.21995E+02  0.00000E+00  0.16443E+00     49  0.00000E+00      0.000
       3.0000  0.50000E+00  0.00000E+00  0.20020E-01  0.00000E+00 -0.94484E-01  0.90000E+00  0.00000E+00  0.16643E+00  0.00000E+00 -0.39213E+00 -0.10000E+06  0.00000E+00 -0.72547E+02  0.00000E+00  0.00000E+00  0.21984E+02  0.00000E+00  0.16643E+00     50  0.00000E+00      0.000
       3.1000  0.30000E+00  0.00000E+00  0.19513E-01  0.00000E+00 -0.92861E-01  0.93000E+00  0.00000E+00  0.16838E+00  0.00000E+00 -0.40142E+00 -0.10000E+06  0.00000E+00 -0.72879E+02  0.00000E+00  0.00000E+00  0.21973E+02  0.00000E+00  0.16838E+00     51  0.00000E+00      0.000
       3.2000  0.30000E+00  0.00000E+00  0.19188E-01  0.00000E+00 -0.91269E-01  0.96000E+00  0.00000E+00  0.17030E+00  0.00000E+00 -0.41054E+00 -0.10000E+06  0.00000E+00 -0.73205E+02  0.00000E+00  0.00000E+00  0.21962E+02  0.00000E+00  0.17030E+00     52  0.00000E+00      0.000
       3.3000  0.30000E+00  0.00000E+00  0.18817E-01  0.00000E+00 -0.89707E-01  0.99000E+00  0.00000E+00  0.17218E+00  0.00000E+00 -0.41951E+00 -0.10000E+06  0.00000E+00 -0.73525E+02  0.00000E+00  0.00000E+00  0.21951E+02  0.00000E+00  0.17218E+00     53  0.00000E+00      0.000
       3.4000  0.30000E+00  0.00000E+00  0.18507E-01  0.00000E+00 -0.88171E-01  0.10200E+01  0.00000E+00  0.17403E+00  0.00000E+00 -0.42833E+00 -0.10000E+06  0.00000E+00 -0.73839E+02  0.00000E+00  0.00000E+00  0.21940E+02  0.00000E+00  0.17403E+00     54  0.00000E+00      0.000
       3.5000  0.30000E+00  0.00000E+00  0.18249E-01  0.00000E+00 -0.86660E-01  0.10500E+01  0.00000E+00  0.17586E+00  0.00000E+00 -0.43700E+00 -0.10000E+06  0.00000E+00 -0.74148E+02  0.00000E+00  0.00000E+00  0.21930E+02  0.00000E+00  0.17586E+00     55  0.00000E+00      0.000
       3.6000  0.30000E+00  0.00000E+00  0.18024E-01  0.00000E+00 -0.85173E-01  0.10800E+01  0.00000E+00  0.17766E+00  0.00000E+00 -0.44552E+00 -0.10000E+06  0.00000E+00 -0.74453E+02  0.00000E+00  0.00000E+00  0.21919E+02  0.00000E+00  0.17766E+00     56  0.00000E+00      0.000
       3.7000  0.30000E+00  0.00000E+00  0.17822E-01  0.00000E+00 -0.83705E-01  0.11100E+01  0.00000E+00  0.17944E+00  0.00000E+00 -0.45389E+00 -0.10000E+06  0.00000E+00 -0.74753E+02  0.00000E+00  0.00000E+00  0.21909E+02  0.00000E+00  0.17944E+00     57  0.00000E+00      0.000
       3.8000  0.30000E+00  0.00000E+00  0.17636E-01  0.00000E+00 -0.82253E-01  0.11400E+01  0.00000E+00  0.18120E+00  0.00000E+00 -0.46211E+00 -0.10000E+06  0.00000E+00 -0.75050E+02  0.00000E+00  0.00000E+00  0.21899E+02  0.00000E+00  0.18120E+00     58  0.00000E+00      0.000
       3.9000  0.30000E+00  0.00000E+00  0.17461E-01  0.00000E+00 -0.80805E-01  0.11700E+01  0.00000E+00  0.18295E+00  0.00000E+00 -0.47019E+00 -0.10000E+06  0.00000E+00 -0.75347E+02  0.00000E+00  0.00000E+00  0.21889E+02  0.00000E+00  0.18295E+00     59  0.00000E+00      0.000
       4.0000  0.30000E+00  0.00000E+00  0.17296E-01  0.00000E+00 -0.79368E-01  0.12000E+01  0.00000E+00  0.18468E+00  0.00000E+00 -0.47813E+00 -0.10000E+06  0.00000E+00 -0.75652E+02  0.00000E+00  0.00000E+00  0.21880E+02  0.00000E+00  0.18468E+00     60  0.00000E+00      0.000
       4.1000  0.50000E+00  0.00000E+00  0.17138E-01  0.00000E+00 -0.78657E-01  0.12500E+01  0.00000E+00  0.18639E+00  0.00000E+00 -0.48599E+00 -0.10000E+06  0.00000E+00 -0.76011E+02  0.00000E+00  0.00000E+00  0.21870E+02  0.00000E+00  0.18639E+00     61  0.00000E+00      0.000
       4.2000  0.50000E+00  0.00000E+00  0.16987E-01  0.00000E+00 -0.77952E-01  0.13000E+01  0.00000E+00  0.18809E+00  0.00000E+00 -0.49379E+00 -0.10000E+06  0.00000E+00 -0.76344E+02  0.00000E+00  0.00000E+00  0.21861E+02  0.00000E+00  0.18809E+00     62  0.00000E+00      0.000
       4.3000  0.50000E+00  0.00000E+00  0.16841E-01  0.00000E+00 -0.77298E-01  0.13500E+01  0.00000E+00  0.18978E+00  0.00000E+00 -0.50152E+00 -0.10000E+06  0.00000E+00 -0.76670E+02  0.00000E+00  0.00000E+00  0.21851E+02  0.00000E+00  0.18978E+00     63  0.00000E+00      0.000
       4.4000  0.50000E+00  0.00000E+00  0.16700E-01  0.00000E+00 -0.76656E-01  0.14000E+01  0.00000E+00  0.19145E+00  0.00000E+00 -0.50918E+00 -0.10000E+06  0.00000E+00 -0.76985E+02  0.00000E+00  0.00000E+00  0.21842E+02  0.00000E+00  0.19145E+00     64  0.00000E+00      0.000
       4.5000  0.50000E+00  0.00000E+00  0.16564E-01  0.00000E+00 -0.76031E-01  0.14500E+01  0.00000E+00  0.19310E+00  0.00000E+00 -0.51679E+00 -0.10000E+06  0.00000E+00 -0.77294E+02  0.00000E+00  0.00000E+00  0.21833E+02  0.00000E+00  0.19310E+00     65  0.00000E+00      0.000
       4.6000  0.50000E+00  0.00000E+00  0.16465E-01  0.00000E+00 -0.75418E-01  0.15000E+01  0.00000E+00  0.19475E+00  0.00000E+00 -0.52433E+00 -0.10000E+06  0.00000E+00 -0.77596E+02  0.00000E+00  0.00000E+00  0.21823E+02  0.00000E+00  0.19475E+00     66  0.00000E+00      0.000
       4.7000  0.50000E+00  0.00000E+00  0.16384E-01  0.00000E+00 -0.74817E-01  0.15500E+01  0.00000E+00  0.19639E+00  0.00000E+00 -0.53181E+00 -0.10000E+06  0.00000E+00 -0.77892E+02  0.00000E+00  0.00000E+00  0.21814E+02  0.00000E+00  0.19639E+00     67  0.00000E+00      0.000
       4.8000  0.50000E+00  0.00000E+00  0.16299E-01  0.00000E+00 -0.74226E-01  0.16000E+01  0.00000E+00  0.19802E+00  0.00000E+00 -0.53923E+00 -0.10000E+06  0.00000E+00 -0.78184E+02  0.00000E+00  0.00000E+00  0.21805E+02  0.00000E+00  0.19802E+00     68  0.00000E+00      0.000
       4.9000  0.50000E+00  0.00000E+00  0.16212E-01  0.00000E+00 -0.73644E-01  0.16500E+01  0.00000E+00  0.19964E+00  0.00000E+00 -0.54660E+00 -0.10000E+06  0.00000E+00 -0.78471E+02  0.00000E+00  0.00000E+00  0.21796E+02  0.00000E+00  0.19964E+00     69  0.00000E+00      0.000
       5.0000  0.50000E+00  0.00000E+00  0.16123E-01  0.00000E+00 -0.73071E-01  0.17000E+01  0.00000E+00  0.20125E+00  0.00000E+00 -0.55391E+00 -0.10000E+06  0.00000E+00 -0.78753E+02  0.00000E+00  0.00000E+00  0.21787E+02  0.00000E+00  0.20125E+00     70  0.00000E+00      0.000
       5.1000  0.50000E+00  0.00000E+00  0.16033E-01  0.00000E+00 -0.72507E-01  0.17500E+01  0.00000E+00  0.20285E+00  0.00000E+00 -0.56116E+00 -0.10000E+06  0.00000E+00 -0.79031E+02  0.00000E+00  0.00000E+00  0.21778E+02  0.00000E+00  0.20285E+00     71  0.00000E+00      0.000
       5.2000  0.50000E+00  0.00000E+00  0.15943E-01  0.00000E+00 -0.71951E-01  0.18000E+01  0.00000E+00  0.20445E+00  0.00000E+00 -0.56835E+00 -0.10000E+06  0.00000E+00 -0.79305E+02  0.00000E+00  0.00000E+00  0.21770E+02  0.00000E+00  0.20445E+00     72  0.00000E+00      0.000
       5.3000  0.50000E+00  0.00000E+00  0.15854E-01  0.00000E+00 -0.71402E-01  0.18500E+01  0.00000E+00  0.20603E+00  0.00000E+00 -0.57549E+00 -0.10000E+06  0.00000E+00 -0.79575E+02  0.00000E+00  0.00000E+00  0.21761E+02  0.00000E+00  0.20603E+00     73  0.00000E+00      0.000
       5.4000  0.50000E+00  0.00000E+00  0.15764E-01  0.00000E+00 -0.70861E-01  0.19000E+01  0.00000E+00  0.20761E+00  0.00000E+00 -0.58258E+00 -0.10000E+06  0.00000E+00 -0.79842E+02  0.00000E+00  0.00000E+00  0.21752E+02  0.00000E+00  0.20761E+00     74  0.00000E+00      0.000
       5.5000  0.50000E+00  0.00000E+00  0.15675E-01  0.00000E+00 -0.70327E-01  0.19500E+01  0.00000E+00  0.20918E+00  0.00000E+00 -0.58961E+00 -0.10000E+06  0.00000E+00 -0.80105E+02  0.00000E+00  0.00000E+00  0.21744E+02  0.00000E+00  0.20918E+00     75  0.00000E+00      0.000
       5.6000  0.50000E+00  0.00000E+00  0.15587E-01  0.00000E+00 -0.69799E-01  0.20000E+01  0.00000E+00  0.21074E+00  0.00000E+00 -0.59659E+00 -0.10000E+06  0.00000E+00 -0.80365E+02  0.00000E+00  0.00000E+00  0.21735E+02  0.00000E+00  0.21074E+00     76  0.00000E+00      0.000
       5.7000  0.50000E+00  0.00000E+00  0.15500E-01  0.00000E+00 -0.69278E-01  0.20500E+01  0.00000E+00  0.21229E+00  0.00000E+00 -0.60352E+00 -0.10000E+06  0.00000E+00 -0.80622E+02  0.00000E+00  0.00000E+00  0.21727E+02  0.00000E+00  0.21229E+00     77  0.00000E+00      0.000
       5.8000  0.50000E+00  0.00000E+00  0.15414E-01  0.00000E+00 -0.68764E-01  0.21000E+01  0.00000E+00  0.21383E+00  0.00000E+00 -0.61039E+00 -0.10000E+06  0.00000E+00 -0.80875E+02  0.00000E+00  0.00000E+00  0.21718E+02  0.00000E+00  0.21383E+00     78  0.00000E+00      0.000
       5.9000  0.50000E+00  0.00000E+00  0.15329E-01  0.00000E+00 -0.68255E-01  0.21500E+01  0.00000E+00  0.21536E+00  0.00000E+00 -0.61722E+00 -0.10000E+06  0.00000E+00 -0.81126E+02  0.00000E+00  0.00000E+00  0.21710E+02  0.00000E+00  0.21536E+00     79  0.00000E+00      0.000
       6.0000  0.50000E+00  0.00000E+00  0.15245E-01  0.00000E+00 -0.67753E-01  0.22000E+01  0.00000E+00  0.21689E+00  0.00000E+00 -0.62400E+00 -0.10000E+06  0.00000E+00 -0.81374E+02  0.00000E+00  0.00000E+00  0.21702E+02  0.00000E+00  0.21689E+00     80  0.00000E+00      0.000
       6.1000  0.40000E+00  0.00000E+00  0.15162E-01  0.00000E+00 -0.67256E-01  0.22400E+01  0.00000E+00  0.21840E+00  0.00000E+00 -0.63072E+00 -0.10000E+06  0.00000E+00 -0.81618E+02  0.00000E+00  0.00000E+00  0.21693E+02  0.00000E+00  0.21840E+00     81  0.00000E+00      0.000
       6.2000  0.40000E+00  0.00000E+00  0.15080E-01  0.00000E+00 -0.66765E-01  0.22800E+01  0.00000E+00  0.21991E+00  0.00000E+00 -0.63740E+00 -0.10000E+06  0.00000E+00 -0.81860E+02  0.00000E+00  0.00000E+00  0.21685E+02  0.00000E+00  0.21991E+00     82  0.00000E+00      0.000
       6.3000  0.40000E+00  0.00000E+00  0.14999E-01  0.00000E+00 -0.66279E-01  0.23200E+01  0.00000E+00  0.22141E+00  0.00000E+00 -0.64403E+00 -0.10000E+06  0.00000E+00 -0.82100E+02  0.00000E+00  0.00000E+00  0.21677E+02  0.00000E+00  0.22141E+00     83  0.00000E+00      0.000
       6.4000  0.40000E+00  0.00000E+00  0.14920E-01  0.00000E+00 -0.65798E-01  0.23600E+01  0.00000E+00  0.22290E+00  0.00000E+00 -0.65061E+00 -0.10000E+06  0.00000E+00 -0.82337E+02  0.00000E+00  0.00000E+00  0.21669E+02  0.00000E+00  0.22290E+00     84  0.00000E+00      0.000
       6.5000  0.40000E+00  0.00000E+00  0.14841E-01  0.00000E+00 -0.65323E-01  0.24000E+01  0.00000E+00  0.22439E+00  0.00000E+00 -0.65714E+00 -0.10000E+06  0.00000E+00 -0.82571E+02  0.00000E+00  0.00000E+00  0.21661E+02  0.00000E+00  0.22439E+00     85  0.00000E+00      0.000
       6.6000  0.40000E+00  0.00000E+00  0.14765E-01  0.00000E+00 -0.64852E-01  0.24400E+01  0.00000E+00  0.22586E+00  0.00000E+00 -0.66362E+00 -0.10000E+06  0.00000E+00 -0.82803E+02  0.00000E+00  0.00000E+00  0.21653E+02  0.00000E+00  0.22586E+00     86  0.00000E+00      0.000
       6.7000  0.40000E+00  0.00000E+00  0.14689E-01  0.00000E+00 -0.64386E-01  0.24800E+01  0.00000E+00  0.22733E+00  0.00000E+00 -0.67006E+00 -0.10000E+06  0.00000E+00 -0.83032E+02  0.00000E+00  0.00000E+00  0.21645E+02  0.00000E+00  0.22733E+00     87  0.00000E+00      0.000
       6.8000  0.40000E+00  0.00000E+00  0.14614E-01  0.00000E+00 -0.63925E-01  0.25200E+01  0.00000E+00  0.22879E+00  0.00000E+00 -0.67645E+00 -0.10000E+06  0.00000E+00 -0.83259E+02  0.00000E+00  0.00000E+00  0.21637E+02  0.00000E+00  0.22879E+00     88  0.00000E+00      0.000
       6.9000  0.40000E+00  0.00000E+00  0.14541E-01  0.00000E+00 -0.63469E-01  0.25600E+01  0.00000E+00  0.23025E+00  0.00000E+00 -0.68280E+00 -0.10000E+06  0.00000E+00 -0.83484E+02  0.00000E+00  0.00000E+00  0.21629E+02  0.00000E+00  0.23025E+00     89  0.00000E+00      0.000
       7.0000  0.40000E+00  0.00000E+00  0.14469E-01  0.00000E+00 -0.63017E-01  0.26000E+01  0.00000E+00  0.23169E+00  0.00000E+00 -0.68910E+00 -0.10000E+06  0.00000E+00 -0.83707E+02  0.00000E+00  0.00000E+00  0.21622E+02  0.00000E+00  0.23169E+00     90  0.00000E+00      0.000
       7.1000  0.40000E+00  0.00000E+00  0.14399E-01  0.00000E+00 -0.62570E-01  0.26400E+01  0.00000E+00  0.23313E+00  0.00000E+00 -0.69536E+00 -0.10000E+06  0.00000E+00 -0.83927E+02  0.00000E+00  0.00000E+00  0.21614E+02  0.00000E+00  0.23313E+00     91  0.00000E+00      0.000
       7.2000  0.40000E+00  0.00000E+00  0.14329E-01  0.00000E+00 -0.62126E-01  0.26800E+01  0.00000E+00  0.23457E+00  0.00000E+00 -0.70157E+00 -0.10000E+06  0.00000E+00 -0.84146E+02  0.00000E+00  0.00000E+00  0.21606E+02  0.00000E+00  0.23457E+00     92  0.00000E+00      0.000
       7.3000  0.40000E+00  0.00000E+00  0.14261E-01  0.00000E+00 -0.61687E-01  0.27200E+01  0.00000E+00  0.23599E+00  0.00000E+00 -0.70774E+00 -0.10000E+06  0.00000E+00 -0.84362E+02  0.00000E+00  0.00000E+00  0.21599E+02  0.00000E+00  0.23599E+00     93  0.00000E+00      0.000
       7.4000  0.40000E+00  0.00000E+00  0.14194E-01  0.00000E+00 -0.61253E-01  0.27600E+01  0.00000E+00  0.23741E+00  0.00000E+00 -0.71387E+00 -0.10000E+06  0.00000E+00 -0.84576E+02  0.00000E+00  0.00000E+00  0.21591E+02  0.00000E+00  0.23741E+00     94  0.00000E+00      0.000
       7.5000  0.40000E+00  0.00000E+00  0.14129E-01  0.00000E+00 -0.60822E-01  0.28000E+01  0.00000E+00  0.23882E+00  0.00000E+00 -0.71995E+00 -0.10000E+06  0.00000E+00 -0.84788E+02  0.00000E+00  0.00000E+00  0.21584E+02  0.00000E+00  0.23882E+00     95  0.00000E+00      0.000
       7.6000  0.40000E+00  0.00000E+00  0.14065E-01  0.00000E+00 -0.60395E-01  0.28400E+01  0.00000E+00  0.24023E+00  0.00000E+00 -0.72599E+00 -0.10000E+06  0.00000E+00 -0.84999E+02  0.00000E+00  0.00000E+00  0.21576E+02  0.00000E+00  0.24023E+00     96  0.00000E+00      0.000
       7.7000  0.40000E+00  0.00000E+00  0.14002E-01  0.00000E+00 -0.59972E-01  0.28800E+01  0.00000E+00  0.24163E+00  0.00000E+00 -0.73198E+00 -0.10000E+06  0.00000E+00 -0.85207E+02  0.00000E+00  0.00000E+00  0.21569E+02  0.00000E+00  0.24163E+00     97  0.00000E+00      0.000
       7.8000  0.40000E+00  0.00000E+00  0.13940E-01  0.00000E+00 -0.59552E-01  0.29200E+01  0.00000E+00  0.24303E+00  0.00000E+00 -0.73794E+00 -0.10000E+06  0.00000E+00 -0.85414E+02  0.00000E+00  0.00000E+00  0.21562E+02  0.00000E+00  0.24303E+00     98  0.00000E+00      0.000
       7.9000  0.40000E+00  0.00000E+00  0.13880E-01  0.00000E+00 -0.59137E-01  0.29600E+01  0.00000E+00  0.24441E+00  0.00000E+00 -0.74385E+00 -0.10000E+06  0.00000E+00 -0.85618E+02  0.00000E+00  0.00000E+00  0.21554E+02  0.00000E+00  0.24441E+00     99  0.00000E+00      0.000
       8.0000  0.40000E+00  0.00000E+00  0.13821E-01  0.00000E+00 -0.58725E-01  0.30000E+01  0.00000E+00  0.24580E+00  0.00000E+00 -0.74973E+00 -0.10000E+06  0.00000E+00 -0.85821E+02  0.00000E+00  0.00000E+00  0.21547E+02  0.00000E+00  0.24580E+00    100  0.00000E+00      0.000
       8.1000  0.30000E+00  0.00000E+00  0.13764E-01  0.00000E+00 -0.58316E-01  0.30300E+01  0.00000E+00  0.24717E+00  0.00000E+00 -0.75556E+00 -0.10000E+06  0.00000E+00 -0.86023E+02  0.00000E+00  0.00000E+00  0.21540E+02  0.00000E+00  0.24717E+00    101  0.00000E+00      0.000
       8.2000  0.30000E+00  0.00000E+00  0.13708E-01  0.00000E+00 -0.57911E-01  0.30600E+01  0.00000E+00  0.24854E+00  0.00000E+00 -0.76135E+00 -0.10000E+06  0.00000E+00 -0.86222E+02  0.00000E+00  0.00000E+00  0.21533E+02  0.00000E+00  0.24854E+00    102  0.00000E+00      0.000
       8.3000  0.30000E+00  0.00000E+00  0.13654E-01  0.00000E+00 -0.57510E-01  0.30900E+01  0.00000E+00  0.24991E+00  0.00000E+00 -0.76710E+00 -0.10000E+06  0.00000E+00 -0.86420E+02  0.00000E+00  0.00000E+00  0.21526E+02  0.00000E+00  0.24991E+00    103  0.00000E+00      0.000
       8.4000  0.30000E+00  0.00000E+00  0.13601E-01  0.00000E+00 -0.57111E-01  0.31200E+01  0.00000E+00  0.25127E+00  0.00000E+00 -0.77281E+00 -0.10000E+06  0.00000E+00 -0.86616E+02  0.00000E+00  0.00000E+00  0.21518E+02  0.00000E+00  0.25127E+00    104  0.00000E+00      0.000
       8.5000  0.30000E+00  0.00000E+00  0.13549E-01  0.00000E+00 -0.56716E-01  0.31500E+01  0.00000E+00  0.25262E+00  0.00000E+00 -0.77848E+00 -0.10000E+06  0.00000E+00 -0.86811E+02  0.00000E+00  0.00000E+00  0.21511E+02  0.00000E+00  0.25262E+00    105  0.00000E+00      0.000
       8.6000  0.30000E+00  0.00000E+00  0.13499E-01  0.00000E+00 -0.56325E-01  0.31800E+01  0.00000E+00  0.25397E+00  0.00000E+00 -0.78412E+00 -0.10000E+06  0.00000E+00 -0.87004E+02  0.00000E+00  0.00000E+00  0.21504E+02  0.00000E+00  0.25397E+00    106  0.00000E+00      0.000
       8.7000  0.30000E+00  0.00000E+00  0.13450E-01  0.00000E+00 -0.55936E-01  0.32100E+01  0.00000E+00  0.25532E+00  0.00000E+00 -0.78971E+00 -0.10000E+06  0.00000E+00 -0.87195E+02  0.00000E+00  0.00000E+00  0.21497E+02  0.00000E+00  0.25532E+00    107  0.00000E+00      0.000
       8.8000  0.30000E+00  0.00000E+00  0.13402E-01  0.00000E+00 -0.55550E-01  0.32400E+01  0.00000E+00  0.25666E+00  0.00000E+00 -0.79526E+00 -0.10000E+06  0.00000E+00 -0.87385E+02  0.00000E+00  0.00000E+00  0.21491E+02  0.00000E+00  0.25666E+00    108  0.00000E+00      0.000
       8.9000  0.30000E+00  0.00000E+00  0.13356E-01  0.00000E+00 -0.55168E-01  0.32700E+01  0.00000E+00  0.25799E+00  0.00000E+00 -0.80078E+00 -0.10000E+06  0.00000E+00 -0.87573E+02  0.00000E+00  0.00000E+00  0.21484E+02  0.00000E+00  0.25799E+00    109  0.00000E+00      0.000
       9.0000  0.30000E+00  0.00000E+00  0.13311E-01  0.00000E+00 -0.54789E-01  0.33000E+01  0.00000E+00  0.25932E+00  0.00000E+00 -0.80626E+00 -0.10000E+06  0.00000E+00 -0.87760E+02  0.00000E+00  0.00000E+00  0.21477E+02  0.00000E+00  0.25932E+00    110  0.00000E+00      0.000
       9.1000  0.40000E+00  0.00000E+00  0.13268E-01  0.00000E+00 -0.54412E-01  0.33400E+01  0.00000E+00  0.26065E+00  0.00000E+00 -0.81170E+00 -0.10000E+06  0.00000E+00 -0.87946E+02  0.00000E+00  0.00000E+00  0.21470E+02  0.00000E+00  0.26065E+00    111  0.00000E+00      0.000
       9.2000  0.40000E+00  0.00000E+00  0.13225E-01  0.00000E+00 -0.54038E-01  0.33800E+01  0.00000E+00  0.26197E+00  0.00000E+00 -0.81710E+00 -0.10000E+06  0.00000E+00 -0.88130E+02  0.00000E+00  0.00000E+00  0.21463E+02  0.00000E+00  0.26197E+00    112  0.00000E+00      0.000
       9.3000  0.40000E+00  0.00000E+00  0.13184E-01  0.00000E+00 -0.53668E-01  0.34200E+01  0.00000E+00  0.26329E+00  0.00000E+00 -0.82247E+00 -0.10000E+06  0.00000E+00 -0.88313E+02  0.00000E+00  0.00000E+00  0.21457E+02  0.00000E+00  0.26329E+00    113  0.00000E+00      0.000
       9.4000  0.40000E+00  0.00000E+00  0.13145E-01  0.00000E+00 -0.53299E-01  0.34600E+01  0.00000E+00  0.26461E+00  0.00000E+00 -0.82780E+00 -0.10000E+06  0.00000E+00 -0.88494E+02  0.00000E+00  0.00000E+00  0.21450E+02  0.00000E+00  0.26461E+00    114  0.00000E+00      0.000
       9.5000  0.40000E+00  0.00000E+00  0.13106E-01  0.00000E+00 -0.52934E-01  0.35000E+01  0.00000E+00  0.26592E+00  0.00000E+00 -0.83309E+00 -0.10000E+06  0.00000E+00 -0.88674E+02  0.00000E+00  0.00000E+00  0.21443E+02  0.00000E+00  0.26592E+00    115  0.00000E+00      0.000
       9.6000  0.40000E+00  0.00000E+00  0.13069E-01  0.00000E+00 -0.52571E-01  0.35400E+01  0.00000E+00  0.26722E+00  0.00000E+00 -0.83835E+00 -0.10000E+06  0.00000E+00 -0.88853E+02  0.00000E+00  0.00000E+00  0.21437E+02  0.00000E+00  0.26722E+00    116  0.00000E+00      0.000
       9.7000  0.40000E+00  0.00000E+00  0.13032E-01  0.00000E+00 -0.52211E-01  0.35800E+01  0.00000E+00  0.26853E+00  0.00000E+00 -0.84357E+00 -0.10000E+06  0.00000E+00 -0.89030E+02  0.00000E+00  0.00000E+00  0.21430E+02  0.00000E+00  0.26853E+00    117  0.00000E+00      0.000
       9.8000  0.40000E+00  0.00000E+00  0.12997E-01  0.00000E+00 -0.51853E-01  0.36200E+01  0.00000E+00  0.26983E+00  0.00000E+00 -0.84876E+00 -0.10000E+06  0.00000E+00 -0.89206E+02  0.00000E+00  0.00000E+00  0.21424E+02  0.00000E+00  0.26983E+00    118  0.00000E+00      0.000
       9.9000  0.40000E+00  0.00000E+00  0.12963E-01  0.00000E+00 -0.51498E-01  0.36600E+01  0.00000E+00  0.27112E+00  0.00000E+00 -0.85391E+00 -0.10000E+06  0.00000E+00 -0.89381E+02  0.00000E+00  0.00000E+00  0.21417E+02  0.00000E+00  0.27112E+00    119  0.00000E+00      0.000
      10.0000  0.40000E+00  0.00000E+00  0.12930E-01  0.00000E+00 -0.51146E-01  0.37000E+01  0.00000E+00  0.27242E+00  0.00000E+00 -0.85902E+00 -0.10000E+06  0.00000E+00 -0.89555E+02  0.00000E+00  0.00000E+00  0.21411E+02  0.00000E+00  0.27242E+00    120  0.00000E+00      0.000
      10.1000  0.20000E+00  0.00000E+00  0.12898E-01  0.00000E+00 -0.50796E-01  0.37200E+01  0.00000E+00  0.27371E+00  0.00000E+00 -0.86410E+00 -0.10000E+06  0.00000E+00 -0.89727E+02  0.00000E+00  0.00000E+00  0.21405E+02  0.00000E+00  0.27371E+00    121  0.00000E+00      0.000
      10.2000  0.20000E+00  0.00000E+00  0.12867E-01  0.00000E+00 -0.50448E-01  0.37400E+01  0.00000E+00  0.27499E+00  0.00000E+00 -0.86915E+00 -0.10000E+06  0.00000E+00 -0.89898E+02  0.00000E+00  0.00000E+00  0.21398E+02  0.00000E+00  0.27499E+00    122  0.00000E+00      0.000
      10.3000  0.20000E+00  0.00000E+00  0.12837E-01  0.00000E+00 -0.50103E-01  0.37600E+01  0.00000E+00  0.27628E+00  0.00000E+00 -0.87416E+00 -0.10000E+06  0.00000E+00 -0.90069E+02  0.00000E+00  0.00000E+00  0.21392E+02  0.00000E+00  0.27628E+00    123  0.00000E+00      0.000
      10.4000  0.20000E+00  0.00000E+00  0.12808E-01  0.00000E+00 -0.49760E-01  0.37800E+01  0.00000E+00  0.27756E+00  0.00000E+00 -0.87913E+00 -0.10000E+06  0.00000E+00 -0.90237E+02  0.00000E+00  0.00000E+00  0.21386E+02  0.00000E+00  0.27756E+00    124  0.00000E+00      0.000
      10.5000  0.20000E+00  0.00000E+00  0.12780E-01  0.00000E+00 -0.49419E-01  0.38000E+01  0.00000E+00  0.27884E+00  0.00000E+00 -0.88407E+00 -0.10000E+06  0.00000E+00 -0.90405E+02  0.00000E+00  0.00000E+00  0.21380E+02  0.00000E+00  0.27884E+00    125  0.00000E+00      0.000
      10.6000  0.20000E+00  0.00000E+00  0.12753E-01  0.00000E+00 -0.49081E-01  0.38200E+01  0.00000E+00  0.28011E+00  0.00000E+00 -0.88898E+00 -0.10000E+06  0.00000E+00 -0.90572E+02  0.00000E+00  0.00000E+00  0.21373E+02  0.00000E+00  0.28011E+00    126  0.00000E+00      0.000
      10.7000  0.20000E+00  0.00000E+00  0.12727E-01  0.00000E+00 -0.48745E-01  0.38400E+01  0.00000E+00  0.28138E+00  0.00000E+00 -0.89386E+00 -0.10000E+06  0.00000E+00 -0.90737E+02  0.00000E+00  0.00000E+00  0.21367E+02  0.00000E+00  0.28138E+00    127  0.00000E+00      0.000
      10.8000  0.20000E+00  0.00000E+00  0.12702E-01  0.00000E+00 -0.48411E-01  0.38600E+01  0.00000E+00  0.28265E+00  0.00000E+00 -0.89870E+00 -0.10000E+06  0.00000E+00 -0.90902E+02  0.00000E+00  0.00000E+00  0.21361E+02  0.00000E+00  0.28265E+00    128  0.00000E+00      0.000
      10.9000  0.20000E+00  0.00000E+00  0.12677E-01  0.00000E+00 -0.48079E-01  0.38800E+01  0.00000E+00  0.28392E+00  0.00000E+00 -0.90351E+00 -0.10000E+06  0.00000E+00 -0.91065E+02  0.00000E+00  0.00000E+00  0.21355E+02  0.00000E+00  0.28392E+00    129  0.00000E+00      0.000
      11.0000  0.20000E+00  0.00000E+00  0.12653E-01  0.00000E+00 -0.47750E-01  0.39000E+01  0.00000E+00  0.28519E+00  0.00000E+00 -0.90828E+00 -0.10000E+06  0.00000E+00 -0.91228E+02  0.00000E+00  0.00000E+00  0.21349E+02  0.00000E+00  0.28519E+00    130  0.00000E+00      0.000
      11.1000  0.20000E+00  0.00000E+00  0.12631E-01  0.00000E+00 -0.47422E-01  0.39200E+01  0.00000E+00  0.28645E+00  0.00000E+00 -0.91302E+00 -0.10000E+06  0.00000E+00 -0.91389E+02  0.00000E+00  0.00000E+00  0.21343E+02  0.00000E+00  0.28645E+00    131  0.00000E+00      0.000
      11.2000  0.20000E+00  0.00000E+00  0.12608E-01  0.00000E+00 -0.47096E-01  0.39400E+01  0.00000E+00  0.28771E+00  0.00000E+00 -0.91773E+00 -0.10000E+06  0.00000E+00 -0.91550E+02  0.00000E+00  0.00000E+00  0.21337E+02  0.00000E+00  0.28771E+00    132  0.00000E+00      0.000
      11.3000  0.20000E+00  0.00000E+00  0.12587E-01  0.00000E+00 -0.46773E-01  0.39600E+01  0.00000E+00  0.28897E+00  0.00000E+00 -0.92241E+00 -0.10000E+06  0.00000E+00 -0.91709E+02  0.00000E+00  0.00000E+00  0.21331E+02  0.00000E+00  0.28897E+00    133  0.00000E+00      0.000
      11.4000  0.20000E+00  0.00000E+00  0.12567E-01  0.00000E+00 -0.46451E-01  0.39800E+01  0.00000E+00  0.29023E+00  0.00000E+00 -0.92706E+00 -0.10000E+06  0.00000E+00 -0.91867E+02  0.00000E+00  0.00000E+00  0.21325E+02  0.00000E+00  0.29023E+00    134  0.00000E+00      0.000
      11.5000  0.20000E+00  0.00000E+00  0.12547E-01  0.00000E+00 -0.46131E-01  0.40000E+01  0.00000E+00  0.29148E+00  0.00000E+00 -0.93167E+00 -0.10000E+06  0.00000E+00 -0.92025E+02  0.00000E+00  0.00000E+00  0.21319E+02  0.00000E+00  0.29148E+00    135  0.00000E+00      0.000
      11.6000  0.20000E+00  0.00000E+00  0.12528E-01  0.00000E+00 -0.45814E-01  0.40200E+01  0.00000E+00  0.29273E+00  0.00000E+00 -0.93625E+00 -0.10000E+06  0.00000E+00 -0.92181E+02  0.00000E+00  0.00000E+00  0.21314E+02  0.00000E+00  0.29273E+00    136  0.00000E+00      0.000
      11.7000  0.20000E+00  0.00000E+00  0.12509E-01  0.00000E+00 -0.45497E-01  0.40400E+01  0.00000E+00  0.29398E+00  0.00000E+00 -0.94080E+00 -0.10000E+06  0.00000E+00 -0.92337E+02  0.00000E+00  0.00000E+00  0.21308E+02  0.00000E+00  0.29398E+00    137  0.00000E+00      0.000
      11.8000  0.20000E+00  0.00000E+00  0.12491E-01  0.00000E+00 -0.45184E-01  0.40600E+01  0.00000E+00  0.29523E+00  0.00000E+00 -0.94532E+00 -0.10000E+06  0.00000E+00 -0.92492E+02  0.00000E+00  0.00000E+00  0.21302E+02  0.00000E+00  0.29523E+00    138  0.00000E+00      0.000
      11.9000  0.20000E+00  0.00000E+00  0.12474E-01  0.00000E+00 -0.44871E-01  0.40800E+01  0.00000E+00  0.29648E+00  0.00000E+00 -0.94981E+00 -0.10000E+06  0.00000E+00 -0.92646E+02  0.00000E+00  0.00000E+00  0.21296E+02  0.00000E+00  0.29648E+00    139  0.00000E+00      0.000
      12.0000  0.20000E+00  0.00000E+00  0.12458E-01  0.00000E+00 -0.44560E-01  0.41000E+01  0.00000E+00  0.29773E+00  0.00000E+00 -0.95426E+00 -0.10000E+06  0.00000E+00 -0.92799E+02  0.00000E+00  0.00000E+00  0.21291E+02  0.00000E+00  0.29773E+00    140  0.00000E+00      0.000
      12.1000  0.40000E+00  0.00000E+00  0.12442E-01  0.00000E+00 -0.44251E-01  0.41400E+01  0.00000E+00  0.29897E+00  0.00000E+00 -0.95869E+00 -0.10000E+06  0.00000E+00 -0.92951E+02  0.00000E+00  0.00000E+00  0.21285E+02  0.00000E+00  0.29897E+00    141  0.00000E+00      0.000
      12.2000  0.40000E+00  0.00000E+00  0.12427E-01  0.00000E+00 -0.43944E-01  0.41800E+01  0.00000E+00  0.30021E+00  0.00000E+00 -0.96308E+00 -0.10000E+06  0.00000E+00 -0.93102E+02  0.00000E+00  0.00000E+00  0.21279E+02  0.00000E+00  0.30021E+00    142  0.00000E+00      0.000
      12.3000  0.40000E+00  0.00000E+00  0.12412E-01  0.00000E+00 -0.43638E-01  0.42200E+01  0.00000E+00  0.30146E+00  0.00000E+00 -0.96744E+00 -0.10000E+06  0.00000E+00 -0.93253E+02  0.00000E+00  0.00000E+00  0.21274E+02  0.00000E+00  0.30146E+00    143  0.00000E+00      0.000
      12.4000  0.40000E+00  0.00000E+00  0.12398E-01  0.00000E+00 -0.43334E-01  0.42600E+01  0.00000E+00  0.30270E+00  0.00000E+00 -0.97178E+00 -0.10000E+06  0.00000E+00 -0.93403E+02  0.00000E+00  0.00000E+00  0.21268E+02  0.00000E+00  0.30270E+00    144  0.00000E+00      0.000
      12.5000  0.40000E+00  0.00000E+00  0.12385E-01  0.00000E+00 -0.43031E-01  0.43000E+01  0.00000E+00  0.30393E+00  0.00000E+00 -0.97608E+00 -0.10000E+06  0.00000E+00 -0.93552E+02  0.00000E+00  0.00000E+00  0.21262E+02  0.00000E+00  0.30393E+00    145  0.00000E+00      0.000
      12.6000  0.40000E+00  0.00000E+00  0.12372E-01  0.00000E+00 -0.42730E-01  0.43400E+01  0.00000E+00  0.30517E+00  0.00000E+00 -0.98035E+00 -0.10000E+06  0.00000E+00 -0.93700E+02  0.00000E+00  0.00000E+00  0.21257E+02  0.00000E+00  0.30517E+00    146  0.00000E+00      0.000
      12.7000  0.40000E+00  0.00000E+00  0.12359E-01  0.00000E+00 -0.42429E-01  0.43800E+01  0.00000E+00  0.30641E+00  0.00000E+00 -0.98460E+00 -0.10000E+06  0.00000E+00 -0.93848E+02  0.00000E+00  0.00000E+00  0.21252E+02  0.00000E+00  0.30641E+00    147  0.00000E+00      0.000
      12.8000  0.40000E+00  0.00000E+00  0.12348E-01  0.00000E+00 -0.42130E-01  0.44200E+01  0.00000E+00  0.30764E+00  0.00000E+00 -0.98881E+00 -0.10000E+06  0.00000E+00 -0.93995E+02  0.00000E+00  0.00000E+00  0.21246E+02  0.00000E+00  0.30764E+00    148  0.00000E+00      0.000
      12.9000  0.40000E+00  0.00000E+00  0.12336E-01  0.00000E+00 -0.41832E-01  0.44600E+01  0.00000E+00  0.30888E+00  0.00000E+00 -0.99299E+00 -0.10000E+06  0.00000E+00 -0.94142E+02  0.00000E+00  0.00000E+00  0.21241E+02  0.00000E+00  0.30888E+00    149  0.00000E+00      0.000
      13.0000  0.40000E+00  0.00000E+00  0.12326E-01  0.00000E+00 -0.41536E-01  0.45000E+01  0.00000E+00  0.31011E+00  0.00000E+00 -0.99715E+00 -0.10000E+06  0.00000E+00 -0.94288E+02  0.00000E+00  0.00000E+00  0.21235E+02  0.00000E+00  0.31011E+00    150  0.00000E+00      0.000
      13.1000  0.40000E+00  0.00000E+00  0.12315E-01  0.00000E+00 -0.41240E-01  0.45400E+01  0.00000E+00  0.31134E+00  0.00000E+00 -0.10013E+01 -0.10000E+06  0.00000E+00 -0.94434E+02  0.00000E+00  0.00000E+00  0.21230E+02  0.00000E+00  0.31134E+00    151  0.00000E+00      0.000
      13.2000  0.40000E+00  0.00000E+00  0.12305E-01  0.00000E+00 -0.40944E-01  0.45800E+01  0.00000E+00  0.31257E+00  0.00000E+00 -0.10054E+01 -0.10000E+06  0.00000E+00 -0.94580E+02  0.00000E+00  0.00000E+00  0.21225E+02  0.00000E+00  0.31257E+00    152  0.00000E+00      0.000
      13.3000  0.40000E+00  0.00000E+00  0.12296E-01  0.00000E+00 -0.40649E-01  0.46200E+01  0.00000E+00  0.31380E+00  0.00000E+00 -0.10094E+01 -0.10000E+06  0.00000E+00 -0.94725E+02  0.00000E+00  0.00000E+00  0.21219E+02  0.00000E+00  0.31380E+00    153  0.00000E+00      0.000
      13.4000  0.40000E+00  0.00000E+00  0.12287E-01  0.00000E+00 -0.40354E-01  0.46600E+01  0.00000E+00  0.31503E+00  0.00000E+00 -0.10135E+01 -0.10000E+06  0.00000E+00 -0.94870E+02  0.00000E+00  0.00000E+00  0.21214E+02  0.00000E+00  0.31503E+00    154  0.00000E+00      0.000
      13.5000  0.40000E+00  0.00000E+00  0.12279E-01  0.00000E+00 -0.40058E-01  0.47000E+01  0.00000E+00  0.31626E+00  0.00000E+00 -0.10175E+01 -0.10000E+06  0.00000E+00 -0.95016E+02  0.00000E+00  0.00000E+00  0.21209E+02  0.00000E+00  0.31626E+00    155  0.00000E+00      0.000
      13.6000  0.40000E+00  0.00000E+00  0.12271E-01  0.00000E+00 -0.39760E-01  0.47400E+01  0.00000E+00  0.31748E+00  0.00000E+00 -0.10214E+01 -0.10000E+06  0.00000E+00 -0.95163E+02  0.00000E+00  0.00000E+00  0.21204E+02  0.00000E+00  0.31748E+00    156  0.00000E+00      0.000
      13.7000  0.40000E+00  0.00000E+00  0.12263E-01  0.00000E+00 -0.39457E-01  0.47800E+01  0.00000E+00  0.31871E+00  0.00000E+00 -0.10254E+01 -0.10000E+06  0.00000E+00 -0.95312E+02  0.00000E+00  0.00000E+00  0.21198E+02  0.00000E+00  0.31871E+00    157  0.00000E+00      0.000
      13.8000  0.40000E+00  0.00000E+00  0.12256E-01  0.00000E+00 -0.39165E-01  0.48200E+01  0.00000E+00  0.31994E+00  0.00000E+00 -0.10293E+01 -0.10000E+06  0.00000E+00 -0.95473E+02  0.00000E+00  0.00000E+00  0.21193E+02  0.00000E+00  0.31994E+00    158  0.00000E+00      0.000
      13.9000  0.40000E+00  0.00000E+00  0.12249E-01  0.00000E+00 -0.39015E-01  0.48600E+01  0.00000E+00  0.32116E+00  0.00000E+00 -0.10332E+01 -0.10000E+06  0.00000E+00 -0.95661E+02  0.00000E+00  0.00000E+00  0.21188E+02  0.00000E+00  0.32116E+00    159  0.00000E+00      0.000
      14.0000  0.40000E+00  0.00000E+00  0.12243E-01  0.00000E+00 -0.38867E-01  0.49000E+01  0.00000E+00  0.32238E+00  0.00000E+00 -0.10371E+01 -0.10000E+06  0.00000E+00 -0.95836E+02  0.00000E+00  0.00000E+00  0.21183E+02  0.00000E+00  0.32238E+00    160  0.00000E+00      0.000
      14.1000  0.30000E+00  0.00000E+00  0.12237E-01  0.00000E+00 -0.38728E-01  0.49300E+01  0.00000E+00  0.32361E+00  0.00000E+00 -0.10410E+01 -0.10000E+06  0.00000E+00 -0.96009E+02  0.00000E+00  0.00000E+00  0.21178E+02  0.00000E+00  0.32361E+00    161  0.00000E+00      0.000
      14.2000  0.30000E+00  0.00000E+00  0.12231E-01  0.00000E+00 -0.38592E-01  0.49600E+01  0.00000E+00  0.32483E+00  0.00000E+00 -0.10448E+01 -0.10000E+06  0.00000E+00 -0.96177E+02  0.00000E+00  0.00000E+00  0.21173E+02  0.00000E+00  0.32483E+00    162  0.00000E+00      0.000
      14.3000  0.30000E+00  0.00000E+00  0.12226E-01  0.00000E+00 -0.38458E-01  0.49900E+01  0.00000E+00  0.32605E+00  0.00000E+00 -0.10487E+01 -0.10000E+06  0.00000E+00 -0.96342E+02  0.00000E+00  0.00000E+00  0.21168E+02  0.00000E+00  0.32605E+00    163  0.00000E+00      0.000
      14.4000  0.30000E+00  0.00000E+00  0.12221E-01  0.00000E+00 -0.38326E-01  0.50200E+01  0.00000E+00  0.32728E+00  0.00000E+00 -0.10525E+01 -0.10000E+06  0.00000E+00 -0.96505E+02  0.00000E+00  0.00000E+00  0.21163E+02  0.00000E+00  0.32728E+00    164  0.00000E+00      0.000
      14.5000  0.30000E+00  0.00000E+00  0.12216E-01  0.00000E+00 -0.38196E-01  0.50500E+01  0.00000E+00  0.32850E+00  0.00000E+00 -0.10563E+01 -0.10000E+06  0.00000E+00 -0.96666E+02  0.00000E+00  0.00000E+00  0.21158E+02  0.00000E+00  0.32850E+00    165  0.00000E+00      0.000
      14.6000  0.30000E+00  0.00000E+00  0.12212E-01  0.00000E+00 -0.38066E-01  0.50800E+01  0.00000E+00  0.32972E+00  0.00000E+00 -0.10601E+01 -0.10000E+06  0.00000E+00 -0.96825E+02  0.00000E+00  0.00000E+00  0.21153E+02  0.00000E+00  0.32972E+00    166  0.00000E+00      0.000
      14.7000  0.30000E+00  0.00000E+00  0.12208E-01  0.00000E+00 -0.37938E-01  0.51100E+01  0.00000E+00  0.33094E+00  0.00000E+00 -0.10639E+01 -0.10000E+06  0.00000E+00 -0.96983E+02  0.00000E+00  0.00000E+00  0.21148E+02  0.00000E+00  0.33094E+00    167  0.00000E+00      0.000
      14.8000  0.30000E+00  0.00000E+00  0.12205E-01  0.00000E+00 -0.37811E-01  0.51400E+01  0.00000E+00  0.33216E+00  0.00000E+00 -0.10677E+01 -0.10000E+06  0.00000E+00 -0.97139E+02  0.00000E+00  0.00000E+00  0.21143E+02  0.00000E+00  0.33216E+00    168  0.00000E+00      0.000
      14.9000  0.30000E+00  0.00000E+00  0.12201E-01  0.00000E+00 -0.37686E-01  0.51700E+01  0.00000E+00  0.33338E+00  0.00000E+00 -0.10715E+01 -0.10000E+06  0.00000E+00 -0.97294E+02  0.00000E+00  0.00000E+00  0.21138E+02  0.00000E+00  0.33338E+00    169  0.00000E+00      0.000
      15.0000  0.30000E+00  0.00000E+00  0.12198E-01  0.00000E+00 -0.37561E-01  0.52000E+01  0.00000E+00  0.33460E+00  0.00000E+00 -0.10752E+01 -0.10000E+06  0.00000E+00 -0.97448E+02  0.00000E+00  0.00000E+00  0.21133E+02  0.00000E+00  0.33460E+00    170  0.00000E+00      0.000
      15.1000  0.20000E+00  0.00000E+00  0.12196E-01  0.00000E+00 -0.37437E-01  0.52200E+01  0.00000E+00  0.33582E+00  0.00000E+00 -0.10790E+01 -0.10000E+06  0.00000E+00 -0.97601E+02  0.00000E+00  0.00000E+00  0.21128E+02  0.00000E+00  0.33582E+00    171  0.00000E+00      0.000
      15.2000  0.20000E+00  0.00000E+00  0.12193E-01  0.00000E+00 -0.37314E-01  0.52400E+01  0.00000E+00  0.33704E+00  0.00000E+00 -0.10827E+01 -0.10000E+06  0.00000E+00 -0.97752E+02  0.00000E+00  0.00000E+00  0.21123E+02  0.00000E+00  0.33704E+00    172  0.00000E+00      0.000
      15.3000  0.20000E+00  0.00000E+00  0.12191E-01  0.00000E+00 -0.37192E-01  0.52600E+01  0.00000E+00  0.33826E+00  0.00000E+00 -0.10864E+01 -0.10000E+06  0.00000E+00 -0.97903E+02  0.00000E+00  0.00000E+00  0.21118E+02  0.00000E+00  0.33826E+00    173  0.00000E+00      0.000
      15.4000  0.20000E+00  0.00000E+00  0.12189E-01  0.00000E+00 -0.37071E-01  0.52800E+01  0.00000E+00  0.33948E+00  0.00000E+00 -0.10901E+01 -0.10000E+06  0.00000E+00 -0.98053E+02  0.00000E+00  0.00000E+00  0.21113E+02  0.00000E+00  0.33948E+00    174  0.00000E+00      0.000
      15.5000  0.20000E+00  0.00000E+00  0.12188E-01  0.00000E+00 -0.36950E-01  0.53000E+01  0.00000E+00  0.34070E+00  0.00000E+00 -0.10938E+01 -0.10000E+06  0.00000E+00 -0.98201E+02  0.00000E+00  0.00000E+00  0.21108E+02  0.00000E+00  0.34070E+00    175  0.00000E+00      0.000
      15.6000  0.20000E+00  0.00000E+00  0.12186E-01  0.00000E+00 -0.36830E-01  0.53200E+01  0.00000E+00  0.34191E+00  0.00000E+00 -0.10975E+01 -0.10000E+06  0.00000E+00 -0.98349E+02  0.00000E+00  0.00000E+00  0.21103E+02  0.00000E+00  0.34191E+00    176  0.00000E+00      0.000
      15.7000  0.20000E+00  0.00000E+00  0.12185E-01  0.00000E+00 -0.36711E-01  0.53400E+01  0.00000E+00  0.34313E+00  0.00000E+00 -0.11012E+01 -0.10000E+06  0.00000E+00 -0.98496E+02  0.00000E+00  0.00000E+00  0.21098E+02  0.00000E+00  0.34313E+00    177  0.00000E+00      0.000
      15.8000  0.20000E+00  0.00000E+00  0.12184E-01  0.00000E+00 -0.36592E-01  0.53600E+01  0.00000E+00  0.34435E+00  0.00000E+00 -0.11048E+01 -0.10000E+06  0.00000E+00 -0.98642E+02  0.00000E+00  0.00000E+00  0.21093E+02  0.00000E+00  0.34435E+00    178  0.00000E+00      0.000
      15.9000  0.20000E+00  0.00000E+00  0.12184E-01  0.00000E+00 -0.36475E-01  0.53800E+01  0.00000E+00  0.34557E+00  0.00000E+00 -0.11085E+01 -0.10000E+06  0.00000E+00 -0.98787E+02  0.00000E+00  0.00000E+00  0.21088E+02  0.00000E+00  0.34557E+00    179  0.00000E+00      0.000
      16.0000  0.20000E+00  0.00000E+00  0.12183E-01  0.00000E+00 -0.36357E-01  0.54000E+01  0.00000E+00  0.34679E+00  0.00000E+00 -0.11121E+01 -0.10000E+06  0.00000E+00 -0.98931E+02  0.00000E+00  0.00000E+00  0.21084E+02  0.00000E+00  0.34679E+00    180  0.00000E+00      0.000
      16.1000  0.40000E+00  0.00000E+00  0.12183E-01  0.00000E+00 -0.36241E-01  0.54400E+01  0.00000E+00  0.34801E+00  0.00000E+00 -0.11158E+01 -0.10000E+06  0.00000E+00 -0.99075E+02  0.00000E+00  0.00000E+00  0.21079E+02  0.00000E+00  0.34801E+00    181  0.00000E+00      0.000
      16.2000  0.40000E+00  0.00000E+00  0.12183E-01  0.00000E+00 -0.36125E-01  0.54800E+01  0.00000E+00  0.34922E+00  0.00000E+00 -0.11194E+01 -0.10000E+06  0.00000E+00 -0.99218E+02  0.00000E+00  0.00000E+00  0.21074E+02  0.00000E+00  0.34922E+00    182  0.00000E+00      0.000
      16.3000  0.40000E+00  0.00000E+00  0.12184E-01  0.00000E+00 -0.36009E-01  0.55200E+01  0.00000E+00  0.35044E+00  0.00000E+00 -0.11230E+01 -0.10000E+06  0.00000E+00 -0.99360E+02  0.00000E+00  0.00000E+00  0.21069E+02  0.00000E+00  0.35044E+00    183  0.00000E+00      0.000
      16.4000  0.40000E+00  0.00000E+00  0.12184E-01  0.00000E+00 -0.35895E-01  0.55600E+01  0.00000E+00  0.35166E+00  0.00000E+00 -0.11266E+01 -0.10000E+06  0.00000E+00 -0.99501E+02  0.00000E+00  0.00000E+00  0.21064E+02  0.00000E+00  0.35166E+00    184  0.00000E+00      0.000
      16.5000  0.40000E+00  0.00000E+00  0.12185E-01  0.00000E+00 -0.35781E-01  0.56000E+01  0.00000E+00  0.35288E+00  0.00000E+00 -0.11301E+01 -0.10000E+06  0.00000E+00 -0.99642E+02  0.00000E+00  0.00000E+00  0.21059E+02  0.00000E+00  0.35288E+00    185  0.00000E+00      0.000
      16.6000  0.40000E+00  0.00000E+00  0.12186E-01  0.00000E+00 -0.35667E-01  0.56400E+01  0.00000E+00  0.35410E+00  0.00000E+00 -0.11337E+01 -0.10000E+06  0.00000E+00 -0.99782E+02  0.00000E+00  0.00000E+00  0.21055E+02  0.00000E+00  0.35410E+00    186  0.00000E+00      0.000
      16.7000  0.40000E+00  0.00000E+00  0.12187E-01  0.00000E+00 -0.35554E-01  0.56800E+01  0.00000E+00  0.35532E+00  0.00000E+00 -0.11373E+01 -0.10000E+06  0.00000E+00 -0.99921E+02  0.00000E+00  0.00000E+00  0.21050E+02  0.00000E+00  0.35532E+00    187  0.00000E+00      0.000
      16.8000  0.40000E+00  0.00000E+00  0.12188E-01  0.00000E+00 -0.35441E-01  0.57200E+01  0.00000E+00  0.35654E+00  0.00000E+00 -0.11408E+01 -0.10000E+06  0.00000E+00 -0.10006E+03  0.00000E+00  0.00000E+00  0.21045E+02  0.00000E+00  0.35654E+00    188  0.00000E+00      0.000
      16.9000  0.40000E+00  0.00000E+00  0.12189E-01  0.00000E+00 -0.35330E-01  0.57600E+01  0.00000E+00  0.35775E+00  0.00000E+00 -0.11443E+01 -0.10000E+06  0.00000E+00 -0.10020E+03  0.00000E+00  0.00000E+00  0.21040E+02  0.00000E+00  0.35775E+00    189  0.00000E+00      0.000
      17.0000  0.40000E+00  0.00000E+00  0.12191E-01  0.00000E+00 -0.35218E-01  0.58000E+01  0.00000E+00  0.35897E+00  0.00000E+00 -0.11479E+01 -0.10000E+06  0.00000E+00 -0.10033E+03  0.00000E+00  0.00000E+00  0.21036E+02  0.00000E+00  0.35897E+00    190  0.00000E+00      0.000
      17.1000  0.50000E+00  0.00000E+00  0.12192E-01  0.00000E+00 -0.35108E-01  0.58500E+01  0.00000E+00  0.36019E+00  0.00000E+00 -0.11514E+01 -0.10000E+06  0.00000E+00 -0.10047E+03  0.00000E+00  0.00000E+00  0.21031E+02  0.00000E+00  0.36019E+00    191  0.00000E+00      0.000
      17.2000  0.50000E+00  0.00000E+00  0.12194E-01  0.00000E+00 -0.34997E-01  0.59000E+01  0.00000E+00  0.36141E+00  0.00000E+00 -0.11549E+01 -0.10000E+06  0.00000E+00 -0.10061E+03  0.00000E+00  0.00000E+00  0.21026E+02  0.00000E+00  0.36141E+00    192  0.00000E+00      0.000
      17.3000  0.50000E+00  0.00000E+00  0.12196E-01  0.00000E+00 -0.34887E-01  0.59500E+01  0.00000E+00  0.36263E+00  0.00000E+00 -0.11584E+01 -0.10000E+06  0.00000E+00 -0.10074E+03  0.00000E+00  0.00000E+00  0.21022E+02  0.00000E+00  0.36263E+00    193  0.00000E+00      0.000
      17.4000  0.50000E+00  0.00000E+00  0.12198E-01  0.00000E+00 -0.34778E-01  0.60000E+01  0.00000E+00  0.36385E+00  0.00000E+00 -0.11618E+01 -0.10000E+06  0.00000E+00 -0.10088E+03  0.00000E+00  0.00000E+00  0.21017E+02  0.00000E+00  0.36385E+00    194  0.00000E+00      0.000
      17.5000  0.50000E+00  0.00000E+00  0.12201E-01  0.00000E+00 -0.34669E-01  0.60500E+01  0.00000E+00  0.36507E+00  0.00000E+00 -0.11653E+01 -0.10000E+06  0.00000E+00 -0.10101E+03  0.00000E+00  0.00000E+00  0.21012E+02  0.00000E+00  0.36507E+00    195  0.00000E+00      0.000
      17.6000  0.50000E+00  0.00000E+00  0.12203E-01  0.00000E+00 -0.34561E-01  0.61000E+01  0.00000E+00  0.36629E+00  0.00000E+00 -0.11688E+01 -0.10000E+06  0.00000E+00 -0.10115E+03  0.00000E+00  0.00000E+00  0.21007E+02  0.00000E+00  0.36629E+00    196  0.00000E+00      0.000
      17.7000  0.50000E+00  0.00000E+00  0.12206E-01  0.00000E+00 -0.34453E-01  0.61500E+01  0.00000E+00  0.36751E+00  0.00000E+00 -0.11722E+01 -0.10000E+06  0.00000E+00 -0.10128E+03  0.00000E+00  0.00000E+00  0.21003E+02  0.00000E+00  0.36751E+00    197  0.00000E+00      0.000
      17.8000  0.50000E+00  0.00000E+00  0.12209E-01  0.00000E+00 -0.34345E-01  0.62000E+01  0.00000E+00  0.36873E+00  0.00000E+00 -0.11756E+01 -0.10000E+06  0.00000E+00 -0.10141E+03  0.00000E+00  0.00000E+00  0.20998E+02  0.00000E+00  0.36873E+00    198  0.00000E+00      0.000
      17.9000  0.50000E+00  0.00000E+00  0.12211E-01  0.00000E+00 -0.34238E-01  0.62500E+01  0.00000E+00  0.36995E+00  0.00000E+00 -0.11791E+01 -0.10000E+06  0.00000E+00 -0.10154E+03  0.00000E+00  0.00000E+00  0.20993E+02  0.00000E+00  0.36995E+00    199  0.00000E+00      0.000
      18.0000  0.50000E+00  0.00000E+00  0.12214E-01  0.00000E+00 -0.34132E-01  0.63000E+01  0.00000E+00  0.37118E+00  0.00000E+00 -0.11825E+01 -0.10000E+06  0.00000E+00 -0.10167E+03  0.00000E+00  0.00000E+00  0.20989E+02  0.00000E+00  0.37118E+00    200  0.00000E+00      0.000
      18.1000  0.30000E+00  0.00000E+00  0.12217E-01  0.00000E+00 -0.34026E-01  0.63300E+01  0.00000E+00  0.37240E+00  0.00000E+00 -0.11859E+01 -0.10000E+06  0.00000E+00 -0.10180E+03  0.00000E+00  0.00000E+00  0.20984E+02  0.00000E+00  0.37240E+00    201  0.00000E+00      0.000
      18.2000  0.30000E+00  0.00000E+00  0.12220E-01  0.00000E+00 -0.33920E-01  0.63600E+01  0.00000E+00  0.37362E+00  0.00000E+00 -0.11893E+01 -0.10000E+06  0.00000E+00 -0.10193E+03  0.00000E+00  0.00000E+00  0.20980E+02  0.00000E+00  0.37362E+00    202  0.00000E+00      0.000
      18.3000  0.30000E+00  0.00000E+00  0.12224E-01  0.00000E+00 -0.33815E-01  0.63900E+01  0.00000E+00  0.37484E+00  0.00000E+00 -0.11926E+01 -0.10000E+06  0.00000E+00 -0.10206E+03  0.00000E+00  0.00000E+00  0.20975E+02  0.00000E+00  0.37484E+00    203  0.00000E+00      0.000
      18.4000  0.30000E+00  0.00000E+00  0.12227E-01  0.00000E+00 -0.33710E-01  0.64200E+01  0.00000E+00  0.37606E+00  0.00000E+00 -0.11960E+01 -0.10000E+06  0.00000E+00 -0.10219E+03  0.00000E+00  0.00000E+00  0.20970E+02  0.00000E+00  0.37606E+00    204  0.00000E+00      0.000
      18.5000  0.30000E+00  0.00000E+00  0.12230E-01  0.00000E+00 -0.33606E-01  0.64500E+01  0.00000E+00  0.37729E+00  0.00000E+00 -0.11994E+01 -0.10000E+06  0.00000E+00 -0.10232E+03  0.00000E+00  0.00000E+00  0.20966E+02  0.00000E+00  0.37729E+00    205  0.00000E+00      0.000
      18.6000  0.30000E+00  0.00000E+00  0.12234E-01  0.00000E+00 -0.33502E-01  0.64800E+01  0.00000E+00  0.37851E+00  0.00000E+00 -0.12027E+01 -0.10000E+06  0.00000E+00 -0.10245E+03  0.00000E+00  0.00000E+00  0.20961E+02  0.00000E+00  0.37851E+00    206  0.00000E+00      0.000
      18.7000  0.30000E+00  0.00000E+00  0.12238E-01  0.00000E+00 -0.33399E-01  0.65100E+01  0.00000E+00  0.37974E+00  0.00000E+00 -0.12061E+01 -0.10000E+06  0.00000E+00 -0.10258E+03  0.00000E+00  0.00000E+00  0.20957E+02  0.00000E+00  0.37974E+00    207  0.00000E+00      0.000
      18.8000  0.30000E+00  0.00000E+00  0.12241E-01  0.00000E+00 -0.33296E-01  0.65400E+01  0.00000E+00  0.38096E+00  0.00000E+00 -0.12094E+01 -0.10000E+06  0.00000E+00 -0.10270E+03  0.00000E+00  0.00000E+00  0.20952E+02  0.00000E+00  0.38096E+00    208  0.00000E+00      0.000
      18.9000  0.30000E+00  0.00000E+00  0.12245E-01  0.00000E+00 -0.33193E-01  0.65700E+01  0.00000E+00  0.38218E+00  0.00000E+00 -0.12127E+01 -0.10000E+06  0.00000E+00 -0.10283E+03  0.00000E+00  0.00000E+00  0.20948E+02  0.00000E+00  0.38218E+00    209  0.00000E+00      0.000
      19.0000  0.30000E+00  0.00000E+00  0.12249E-01  0.00000E+00 -0.33091E-01  0.66000E+01  0.00000E+00  0.38341E+00  0.00000E+00 -0.12160E+01 -0.10000E+06  0.00000E+00 -0.10296E+03  0.00000E+00  0.00000E+00  0.20943E+02  0.00000E+00  0.38341E+00    210  0.00000E+00      0.000
      19.1000  0.20000E+00  0.00000E+00  0.12253E-01  0.00000E+00 -0.32989E-01  0.66200E+01  0.00000E+00  0.38463E+00  0.00000E+00 -0.12193E+01 -0.10000E+06  0.00000E+00 -0.10308E+03  0.00000E+00  0.00000E+00  0.20939E+02  0.00000E+00  0.38463E+00    211  0.00000E+00      0.000
      19.2000  0.20000E+00  0.00000E+00  0.12257E-01  0.00000E+00 -0.32888E-01  0.66400E+01  0.00000E+00  0.38586E+00  0.00000E+00 -0.12226E+01 -0.10000E+06  0.00000E+00 -0.10321E+03  0.00000E+00  0.00000E+00  0.20934E+02  0.00000E+00  0.38586E+00    212  0.00000E+00      0.000
      19.3000  0.20000E+00  0.00000E+00  0.12261E-01  0.00000E+00 -0.32787E-01  0.66600E+01  0.00000E+00  0.38709E+00  0.00000E+00 -0.12259E+01 -0.10000E+06  0.00000E+00 -0.10333E+03  0.00000E+00  0.00000E+00  0.20930E+02  0.00000E+00  0.38709E+00    213  0.00000E+00      0.000
      19.4000  0.20000E+00  0.00000E+00  0.12265E-01  0.00000E+00 -0.32686E-01  0.66800E+01  0.00000E+00  0.38831E+00  0.00000E+00 -0.12292E+01 -0.10000E+06  0.00000E+00 -0.10345E+03  0.00000E+00  0.00000E+00  0.20925E+02  0.00000E+00  0.38831E+00    214  0.00000E+00      0.000
      19.5000  0.20000E+00  0.00000E+00  0.12269E-01  0.00000E+00 -0.32586E-01  0.67000E+01  0.00000E+00  0.38954E+00  0.00000E+00 -0.12324E+01 -0.10000E+06  0.00000E+00 -0.10358E+03  0.00000E+00  0.00000E+00  0.20921E+02  0.00000E+00  0.38954E+00    215  0.00000E+00      0.000
      19.6000  0.20000E+00  0.00000E+00  0.12274E-01  0.00000E+00 -0.32486E-01  0.67200E+01  0.00000E+00  0.39077E+00  0.00000E+00 -0.12357E+01 -0.10000E+06  0.00000E+00 -0.10370E+03  0.00000E+00  0.00000E+00  0.20916E+02  0.00000E+00  0.39077E+00    216  0.00000E+00      0.000
      19.7000  0.20000E+00  0.00000E+00  0.12278E-01  0.00000E+00 -0.32387E-01  0.67400E+01  0.00000E+00  0.39199E+00  0.00000E+00 -0.12389E+01 -0.10000E+06  0.00000E+00 -0.10382E+03  0.00000E+00  0.00000E+00  0.20912E+02  0.00000E+00  0.39199E+00    217  0.00000E+00      0.000
      19.8000  0.20000E+00  0.00000E+00  0.12282E-01  0.00000E+00 -0.32288E-01  0.67600E+01  0.00000E+00  0.39322E+00  0.00000E+00 -0.12421E+01 -0.10000E+06  0.00000E+00 -0.10394E+03  0.00000E+00  0.00000E+00  0.20907E+02  0.00000E+00  0.39322E+00    218  0.00000E+00      0.000
      19.9000  0.20000E+00  0.00000E+00  0.12287E-01  0.00000E+00 -0.32189E-01  0.67800E+01  0.00000E+00  0.39445E+00  0.00000E+00 -0.12454E+01 -0.10000E+06  0.00000E+00 -0.10407E+03  0.00000E+00  0.00000E+00  0.20903E+02  0.00000E+00  0.39445E+00    219  0.00000E+00      0.000
      20.0000  0.20000E+00  0.00000E+00  0.12291E-01  0.00000E+00 -0.32091E-01  0.68000E+01  0.00000E+00  0.39568E+00  0.00000E+00 -0.12486E+01 -0.10000E+06  0.00000E+00 -0.10419E+03  0.00000E+00  0.00000E+00  0.20898E+02  0.00000E+00  0.39568E+00    220  0.00000E+00      0.000
      20.1000  0.50000E+00  0.00000E+00  0.12296E-01  0.00000E+00 -0.31993E-01  0.68500E+01  0.00000E+00  0.39691E+00  0.00000E+00 -0.12518E+01 -0.10000E+06  0.00000E+00 -0.10431E+03  0.00000E+00  0.00000E+00  0.20894E+02  0.00000E+00  0.39691E+00    221  0.00000E+00      0.000
      20.2000  0.50000E+00  0.00000E+00  0.12300E-01  0.00000E+00 -0.31895E-01  0.69000E+01  0.00000E+00  0.39814E+00  0.00000E+00 -0.12550E+01 -0.10000E+06  0.00000E+00 -0.10443E+03  0.00000E+00  0.00000E+00  0.20889E+02  0.00000E+00  0.39814E+00    222  0.00000E+00      0.000
      20.3000  0.50000E+00  0.00000E+00  0.12305E-01  0.00000E+00 -0.31798E-01  0.69500E+01  0.00000E+00  0.39937E+00  0.00000E+00 -0.12581E+01 -0.10000E+06  0.00000E+00 -0.10455E+03  0.00000E+00  0.00000E+00  0.20885E+02  0.00000E+00  0.39937E+00    223  0.00000E+00      0.000
      20.4000  0.50000E+00  0.00000E+00  0.12309E-01  0.00000E+00 -0.31702E-01  0.70000E+01  0.00000E+00  0.40060E+00  0.00000E+00 -0.12613E+01 -0.10000E+06  0.00000E+00 -0.10467E+03  0.00000E+00  0.00000E+00  0.20881E+02  0.00000E+00  0.40060E+00    224  0.00000E+00      0.000
      20.5000  0.50000E+00  0.00000E+00  0.12314E-01  0.00000E+00 -0.31605E-01  0.70500E+01  0.00000E+00  0.40183E+00  0.00000E+00 -0.12645E+01 -0.10000E+06  0.00000E+00 -0.10479E+03  0.00000E+00  0.00000E+00  0.20876E+02  0.00000E+00  0.40183E+00    225  0.00000E+00      0.000
      20.6000  0.50000E+00  0.00000E+00  0.12318E-01  0.00000E+00 -0.31509E-01  0.71000E+01  0.00000E+00  0.40306E+00  0.00000E+00 -0.12676E+01 -0.10000E+06  0.00000E+00 -0.10490E+03  0.00000E+00  0.00000E+00  0.20872E+02  0.00000E+00  0.40306E+00    226  0.00000E+00      0.000
      20.7000  0.50000E+00  0.00000E+00  0.12323E-01  0.00000E+00 -0.31413E-01  0.71500E+01  0.00000E+00  0.40430E+00  0.00000E+00 -0.12708E+01 -0.10000E+06  0.00000E+00 -0.10502E+03  0.00000E+00  0.00000E+00  0.20867E+02  0.00000E+00  0.40430E+00    227  0.00000E+00      0.000
      20.8000  0.50000E+00  0.00000E+00  0.12328E-01  0.00000E+00 -0.31317E-01  0.72000E+01  0.00000E+00  0.40553E+00  0.00000E+00 -0.12739E+01 -0.10000E+06  0.00000E+00 -0.10514E+03  0.00000E+00  0.00000E+00  0.20863E+02  0.00000E+00  0.40553E+00    228  0.00000E+00      0.000
      20.9000  0.50000E+00  0.00000E+00  0.12332E-01  0.00000E+00 -0.31223E-01  0.72500E+01  0.00000E+00  0.40676E+00  0.00000E+00 -0.12770E+01 -0.10000E+06  0.00000E+00 -0.10526E+03  0.00000E+00  0.00000E+00  0.20859E+02  0.00000E+00  0.40676E+00    229  0.00000E+00      0.000
      21.0000  0.50000E+00  0.00000E+00  0.12337E-01  0.00000E+00 -0.31128E-01  0.73000E+01  0.00000E+00  0.40800E+00  0.00000E+00 -0.12801E+01 -0.10000E+06  0.00000E+00 -0.10537E+03  0.00000E+00  0.00000E+00  0.20854E+02  0.00000E+00  0.40800E+00    230  0.00000E+00      0.000
      21.1000  0.20000E+00  0.00000E+00  0.12342E-01  0.00000E+00 -0.31033E-01  0.73200E+01  0.00000E+00  0.40923E+00  0.00000E+00 -0.12832E+01 -0.10000E+06  0.00000E+00 -0.10549E+03  0.00000E+00  0.00000E+00  0.20850E+02  0.00000E+00  0.40923E+00    231  0.00000E+00      0.000
      21.2000  0.20000E+00  0.00000E+00  0.12347E-01  0.00000E+00 -0.30939E-01  0.73400E+01  0.00000E+00  0.41047E+00  0.00000E+00 -0.12863E+01 -0.10000E+06  0.00000E+00 -0.10561E+03  0.00000E+00  0.00000E+00  0.20846E+02  0.00000E+00  0.41047E+00    232  0.00000E+00      0.000
      21.3000  0.20000E+00  0.00000E+00  0.12351E-01  0.00000E+00 -0.30845E-01  0.73600E+01  0.00000E+00  0.41170E+00  0.00000E+00 -0.12894E+01 -0.10000E+06  0.00000E+00 -0.10572E+03  0.00000E+00  0.00000E+00  0.20841E+02  0.00000E+00  0.41170E+00    233  0.00000E+00      0.000
      21.4000  0.20000E+00  0.00000E+00  0.12356E-01  0.00000E+00 -0.30752E-01  0.73800E+01  0.00000E+00  0.41294E+00  0.00000E+00 -0.12925E+01 -0.10000E+06  0.00000E+00 -0.10584E+03  0.00000E+00  0.00000E+00  0.20837E+02  0.00000E+00  0.41294E+00    234  0.00000E+00      0.000
      21.5000  0.20000E+00  0.00000E+00  0.12361E-01  0.00000E+00 -0.30659E-01  0.74000E+01  0.00000E+00  0.41417E+00  0.00000E+00 -0.12955E+01 -0.10000E+06  0.00000E+00 -0.10595E+03  0.00000E+00  0.00000E+00  0.20833E+02  0.00000E+00  0.41417E+00    235  0.00000E+00      0.000
      21.6000  0.20000E+00  0.00000E+00  0.12366E-01  0.00000E+00 -0.30566E-01  0.74200E+01  0.00000E+00  0.41541E+00  0.00000E+00 -0.12986E+01 -0.10000E+06  0.00000E+00 -0.10607E+03  0.00000E+00  0.00000E+00  0.20829E+02  0.00000E+00  0.41541E+00    236  0.00000E+00      0.000
      21.7000  0.20000E+00  0.00000E+00  0.12370E-01  0.00000E+00 -0.30474E-01  0.74400E+01  0.00000E+00  0.41665E+00  0.00000E+00 -0.13016E+01 -0.10000E+06  0.00000E+00 -0.10618E+03  0.00000E+00  0.00000E+00  0.20824E+02  0.00000E+00  0.41665E+00    237  0.00000E+00      0.000
      21.8000  0.20000E+00  0.00000E+00  0.12375E-01  0.00000E+00 -0.30382E-01  0.74600E+01  0.00000E+00  0.41788E+00  0.00000E+00 -0.13047E+01 -0.10000E+06  0.00000E+00 -0.10629E+03  0.00000E+00  0.00000E+00  0.20820E+02  0.00000E+00  0.41788E+00    238  0.00000E+00      0.000
      21.9000  0.20000E+00  0.00000E+00  0.12380E-01  0.00000E+00 -0.30290E-01  0.74800E+01  0.00000E+00  0.41912E+00  0.00000E+00 -0.13077E+01 -0.10000E+06  0.00000E+00 -0.10641E+03  0.00000E+00  0.00000E+00  0.20816E+02  0.00000E+00  0.41912E+00    239  0.00000E+00      0.000
      22.0000  0.20000E+00  0.00000E+00  0.12385E-01  0.00000E+00 -0.30198E-01  0.75000E+01  0.00000E+00  0.42036E+00  0.00000E+00 -0.13107E+01 -0.10000E+06  0.00000E+00 -0.10652E+03  0.00000E+00  0.00000E+00  0.20811E+02  0.00000E+00  0.42036E+00    240  0.00000E+00      0.000
      22.1000  0.10000E+00  0.00000E+00  0.12389E-01  0.00000E+00 -0.30107E-01  0.75100E+01  0.00000E+00  0.42160E+00  0.00000E+00 -0.13137E+01 -0.10000E+06  0.00000E+00 -0.10663E+03  0.00000E+00  0.00000E+00  0.20807E+02  0.00000E+00  0.42160E+00    241  0.00000E+00      0.000
      22.2000  0.10000E+00  0.00000E+00  0.12394E-01  0.00000E+00 -0.30016E-01  0.75200E+01  0.00000E+00  0.42284E+00  0.00000E+00 -0.13167E+01 -0.10000E+06  0.00000E+00 -0.10674E+03  0.00000E+00  0.00000E+00  0.20803E+02  0.00000E+00  0.42284E+00    242  0.00000E+00      0.000
      22.3000  0.10000E+00  0.00000E+00  0.12399E-01  0.00000E+00 -0.29926E-01  0.75300E+01  0.00000E+00  0.42408E+00  0.00000E+00 -0.13197E+01 -0.10000E+06  0.00000E+00 -0.10686E+03  0.00000E+00  0.00000E+00  0.20799E+02  0.00000E+00  0.42408E+00    243  0.00000E+00      0.000
      22.4000  0.10000E+00  0.00000E+00  0.12403E-01  0.00000E+00 -0.29835E-01  0.75400E+01  0.00000E+00  0.42532E+00  0.00000E+00 -0.13227E+01 -0.10000E+06  0.00000E+00 -0.10697E+03  0.00000E+00  0.00000E+00  0.20794E+02  0.00000E+00  0.42532E+00    244  0.00000E+00      0.000
      22.5000  0.10000E+00  0.00000E+00  0.12408E-01  0.00000E+00 -0.29745E-01  0.75500E+01  0.00000E+00  0.42656E+00  0.00000E+00 -0.13257E+01 -0.10000E+06  0.00000E+00 -0.10708E+03  0.00000E+00  0.00000E+00  0.20790E+02  0.00000E+00  0.42656E+00    245  0.00000E+00      0.000
      22.6000  0.10000E+00  0.00000E+00  0.12413E-01  0.00000E+00 -0.29656E-01  0.75600E+01  0.00000E+00  0.42780E+00  0.00000E+00 -0.13287E+01 -0.10000E+06  0.00000E+00 -0.10719E+03  0.00000E+00  0.00000E+00  0.20786E+02  0.00000E+00  0.42780E+00    246  0.00000E+00      0.000
      22.7000  0.10000E+00  0.00000E+00  0.12417E-01  0.00000E+00 -0.29566E-01  0.75700E+01  0.00000E+00  0.42904E+00  0.00000E+00 -0.13316E+01 -0.10000E+06  0.00000E+00 -0.10730E+03  0.00000E+00  0.00000E+00  0.20782E+02  0.00000E+00  0.42904E+00    247  0.00000E+00      0.000
      22.8000  0.10000E+00  0.00000E+00  0.12422E-01  0.00000E+00 -0.29477E-01  0.75800E+01  0.00000E+00  0.43028E+00  0.00000E+00 -0.13346E+01 -0.10000E+06  0.00000E+00 -0.10741E+03  0.00000E+00  0.00000E+00  0.20778E+02  0.00000E+00  0.43028E+00    248  0.00000E+00      0.000
      22.9000  0.10000E+00  0.00000E+00  0.12427E-01  0.00000E+00 -0.29388E-01  0.75900E+01  0.00000E+00  0.43153E+00  0.00000E+00 -0.13375E+01 -0.10000E+06  0.00000E+00 -0.10752E+03  0.00000E+00  0.00000E+00  0.20773E+02  0.00000E+00  0.43153E+00    249  0.00000E+00      0.000
      23.0000  0.10000E+00  0.00000E+00  0.12431E-01  0.00000E+00 -0.29300E-01  0.76000E+01  0.00000E+00  0.43277E+00  0.00000E+00 -0.13404E+01 -0.10000E+06  0.00000E+00 -0.10763E+03  0.00000E+00  0.00000E+00  0.20769E+02  0.00000E+00  0.43277E+00    250  0.00000E+00      0.000
      23.1000  0.30000E+00  0.00000E+00  0.12436E-01  0.00000E+00 -0.29212E-01  0.76300E+01  0.00000E+00  0.43401E+00  0.00000E+00 -0.13434E+01 -0.10000E+06  0.00000E+00 -0.10773E+03  0.00000E+00  0.00000E+00  0.20765E+02  0.00000E+00  0.43401E+00    251  0.00000E+00      0.000
      23.2000  0.30000E+00  0.00000E+00  0.12440E-01  0.00000E+00 -0.29124E-01  0.76600E+01  0.00000E+00  0.43526E+00  0.00000E+00 -0.13463E+01 -0.10000E+06  0.00000E+00 -0.10784E+03  0.00000E+00  0.00000E+00  0.20761E+02  0.00000E+00  0.43526E+00    252  0.00000E+00      0.000
      23.3000  0.30000E+00  0.00000E+00  0.12445E-01  0.00000E+00 -0.29036E-01  0.76900E+01  0.00000E+00  0.43650E+00  0.00000E+00 -0.13492E+01 -0.10000E+06  0.00000E+00 -0.10795E+03  0.00000E+00  0.00000E+00  0.20757E+02  0.00000E+00  0.43650E+00    253  0.00000E+00      0.000
      23.4000  0.30000E+00  0.00000E+00  0.12449E-01  0.00000E+00 -0.28949E-01  0.77200E+01  0.00000E+00  0.43775E+00  0.00000E+00 -0.13521E+01 -0.10000E+06  0.00000E+00 -0.10806E+03  0.00000E+00  0.00000E+00  0.20753E+02  0.00000E+00  0.43775E+00    254  0.00000E+00      0.000
      23.5000  0.30000E+00  0.00000E+00  0.12454E-01  0.00000E+00 -0.28862E-01  0.77500E+01  0.00000E+00  0.43899E+00  0.00000E+00 -0.13550E+01 -0.10000E+06  0.00000E+00 -0.10817E+03  0.00000E+00  0.00000E+00  0.20749E+02  0.00000E+00  0.43899E+00    255  0.00000E+00      0.000
      23.6000  0.30000E+00  0.00000E+00  0.12458E-01  0.00000E+00 -0.28775E-01  0.77800E+01  0.00000E+00  0.44024E+00  0.00000E+00 -0.13578E+01 -0.10000E+06  0.00000E+00 -0.10827E+03  0.00000E+00  0.00000E+00  0.20744E+02  0.00000E+00  0.44024E+00    256  0.00000E+00      0.000
      23.7000  0.30000E+00  0.00000E+00  0.12463E-01  0.00000E+00 -0.28688E-01  0.78100E+01  0.00000E+00  0.44148E+00  0.00000E+00 -0.13607E+01 -0.10000E+06  0.00000E+00 -0.10838E+03  0.00000E+00  0.00000E+00  0.20740E+02  0.00000E+00  0.44148E+00    257  0.00000E+00      0.000
      23.8000  0.30000E+00  0.00000E+00  0.12467E-01  0.00000E+00 -0.28602E-01  0.78400E+01  0.00000E+00  0.44273E+00  0.00000E+00 -0.13636E+01 -0.10000E+06  0.00000E+00 -0.10849E+03  0.00000E+00  0.00000E+00  0.20736E+02  0.00000E+00  0.44273E+00    258  0.00000E+00      0.000
      23.9000  0.30000E+00  0.00000E+00  0.12471E-01  0.00000E+00 -0.28516E-01  0.78700E+01  0.00000E+00  0.44398E+00  0.00000E+00 -0.13664E+01 -0.10000E+06  0.00000E+00 -0.10859E+03  0.00000E+00  0.00000E+00  0.20732E+02  0.00000E+00  0.44398E+00    259  0.00000E+00      0.000
      24.0000  0.30000E+00  0.00000E+00  0.12476E-01  0.00000E+00 -0.28430E-01  0.79000E+01  0.00000E+00  0.44523E+00  0.00000E+00 -0.13693E+01 -0.10000E+06  0.00000E+00 -0.10870E+03  0.00000E+00  0.00000E+00  0.20728E+02  0.00000E+00  0.44523E+00    260  0.00000E+00      0.000
      24.1000  0.20000E+00  0.00000E+00  0.12480E-01  0.00000E+00 -0.28345E-01  0.79200E+01  0.00000E+00  0.44647E+00  0.00000E+00 -0.13721E+01 -0.10000E+06  0.00000E+00 -0.10880E+03  0.00000E+00  0.00000E+00  0.20724E+02  0.00000E+00  0.44647E+00    261  0.00000E+00      0.000
      24.2000  0.20000E+00  0.00000E+00  0.12484E-01  0.00000E+00 -0.28260E-01  0.79400E+01  0.00000E+00  0.44772E+00  0.00000E+00 -0.13749E+01 -0.10000E+06  0.00000E+00 -0.10891E+03  0.00000E+00  0.00000E+00  0.20720E+02  0.00000E+00  0.44772E+00    262  0.00000E+00      0.000
      24.3000  0.20000E+00  0.00000E+00  0.12488E-01  0.00000E+00 -0.28175E-01  0.79600E+01  0.00000E+00  0.44897E+00  0.00000E+00 -0.13777E+01 -0.10000E+06  0.00000E+00 -0.10901E+03  0.00000E+00  0.00000E+00  0.20716E+02  0.00000E+00  0.44897E+00    263  0.00000E+00      0.000
      24.4000  0.20000E+00  0.00000E+00  0.12493E-01  0.00000E+00 -0.28090E-01  0.79800E+01  0.00000E+00  0.45022E+00  0.00000E+00 -0.13805E+01 -0.10000E+06  0.00000E+00 -0.10912E+03  0.00000E+00  0.00000E+00  0.20712E+02  0.00000E+00  0.45022E+00    264  0.00000E+00      0.000
      24.5000  0.20000E+00  0.00000E+00  0.12497E-01  0.00000E+00 -0.28005E-01  0.80000E+01  0.00000E+00  0.45147E+00  0.00000E+00 -0.13833E+01 -0.10000E+06  0.00000E+00 -0.10922E+03  0.00000E+00  0.00000E+00  0.20708E+02  0.00000E+00  0.45147E+00    265  0.00000E+00      0.000
      24.6000  0.20000E+00  0.00000E+00  0.12501E-01  0.00000E+00 -0.27921E-01  0.80200E+01  0.00000E+00  0.45272E+00  0.00000E+00 -0.13861E+01 -0.10000E+06  0.00000E+00 -0.10932E+03  0.00000E+00  0.00000E+00  0.20704E+02  0.00000E+00  0.45272E+00    266  0.00000E+00      0.000
      24.7000  0.20000E+00  0.00000E+00  0.12505E-01  0.00000E+00 -0.27837E-01  0.80400E+01  0.00000E+00  0.45397E+00  0.00000E+00 -0.13889E+01 -0.10000E+06  0.00000E+00 -0.10943E+03  0.00000E+00  0.00000E+00  0.20700E+02  0.00000E+00  0.45397E+00    267  0.00000E+00      0.000
      24.8000  0.20000E+00  0.00000E+00  0.12509E-01  0.00000E+00 -0.27754E-01  0.80600E+01  0.00000E+00  0.45522E+00  0.00000E+00 -0.13917E+01 -0.10000E+06  0.00000E+00 -0.10953E+03  0.00000E+00  0.00000E+00  0.20696E+02  0.00000E+00  0.45522E+00    268  0.00000E+00      0.000
      24.9000  0.20000E+00  0.00000E+00  0.12513E-01  0.00000E+00 -0.27670E-01  0.80800E+01  0.00000E+00  0.45647E+00  0.00000E+00 -0.13945E+01 -0.10000E+06  0.00000E+00 -0.10963E+03  0.00000E+00  0.00000E+00  0.20692E+02  0.00000E+00  0.45647E+00    269  0.00000E+00      0.000
      25.0000  0.20000E+00  0.00000E+00  0.12517E-01  0.00000E+00 -0.27587E-01  0.81000E+01  0.00000E+00  0.45772E+00  0.00000E+00 -0.13972E+01 -0.10000E+06  0.00000E+00 -0.10974E+03  0.00000E+00  0.00000E+00  0.20688E+02  0.00000E+00  0.45772E+00    270  0.00000E+00      0.000
end
