

   Time         sum(rTop)     sum(rRoot)    sum(vTop)     sum(vRoot)     sum(vBot)    hTop       hRoot      hBot      A-level
    [T]           [L]           [L]           [L]           [L]            [L]        [L]         [L]       [L] 

     1.00000  0.100000E+00  0.000000E+00  0.100000E+00  0.000000E+00 -0.205625E+01    -89.527      0.000    -24.095       1
     2.00000  0.400000E+00  0.000000E+00  0.357700E+00  0.000000E+00 -0.301336E+01-100000.000      0.000    -28.085       2
     3.00000  0.900000E+00  0.000000E+00  0.454722E+00  0.000000E+00 -0.361943E+01-100000.000      0.000    -30.556       3
     4.00000  0.120000E+01  0.000000E+00  0.525310E+00  0.000000E+00 -0.409887E+01-100000.000      0.000    -32.718       4
     5.00000  0.170000E+01  0.000000E+00  0.584424E+00  0.000000E+00 -0.449256E+01-100000.000      0.000    -34.722       5
     6.00000  0.220000E+01  0.000000E+00  0.633248E+00  0.000000E+00 -0.480957E+01-100000.000      0.000    -36.422       6
     7.00000  0.260000E+01  0.000000E+00  0.674021E+00  0.000000E+00 -0.506434E+01-100000.000      0.000    -37.673       7
     8.00000  0.300000E+01  0.000000E+00  0.711631E+00  0.000000E+00 -0.528842E+01-100000.000      0.000    -38.871       8
     9.00000  0.330000E+01  0.000000E+00  0.745925E+00  0.000000E+00 -0.549562E+01-100000.000      0.000    -40.073       9
    10.00000  0.370000E+01  0.000000E+00  0.777886E+00  0.000000E+00 -0.568583E+01-100000.000      0.000    -41.271      10
    11.00000  0.390000E+01  0.000000E+00  0.807591E+00  0.000000E+00 -0.585928E+01-100000.000      0.000    -42.443      11
    12.00000  0.410000E+01  0.000000E+00  0.835121E+00  0.000000E+00 -0.601652E+01-100000.000      0.000    -43.567      12
    13.00000  0.450000E+01  0.000000E+00  0.860633E+00  0.000000E+00 -0.615837E+01-100000.000      0.000    -44.625      13
    14.00000  0.490000E+01  0.000000E+00  0.884233E+00  0.000000E+00 -0.628589E+01-100000.000      0.000    -45.602      14
    15.00000  0.520000E+01  0.000000E+00  0.906044E+00  0.000000E+00 -0.640036E+01-100000.000      0.000    -46.479      15
    16.00000  0.540000E+01  0.000000E+00  0.926299E+00  0.000000E+00 -0.650333E+01-100000.000      0.000    -47.238      16
    17.00000  0.580000E+01  0.000000E+00  0.945392E+00  0.000000E+00 -0.659765E+01-100000.000      0.000    -47.978      17
    18.00000  0.630000E+01  0.000000E+00  0.963469E+00  0.000000E+00 -0.668812E+01-100000.000      0.000    -48.723      18
    19.00000  0.660000E+01  0.000000E+00  0.980444E+00  0.000000E+00 -0.677517E+01-100000.000      0.000    -49.467      19
    20.00000  0.680000E+01  0.000000E+00  0.997009E+00  0.000000E+00 -0.685879E+01-100000.000      0.000    -50.211      20
    21.00000  0.730000E+01  0.000000E+00  0.101337E+01  0.000000E+00 -0.693900E+01-100000.000      0.000    -50.950      21
    22.00000  0.750000E+01  0.000000E+00  0.102864E+01  0.000000E+00 -0.701581E+01-100000.000      0.000    -51.683      22
    23.00000  0.760001E+01  0.000000E+00  0.104385E+01  0.000000E+00 -0.708927E+01-100000.000      0.000    -52.407      23
    24.00000  0.790001E+01  0.000000E+00  0.105839E+01  0.000000E+00 -0.715943E+01-100000.000      0.000    -53.118      24
    25.00000  0.810001E+01  0.000000E+00  0.107248E+01  0.000000E+00 -0.722635E+01-100000.000      0.000    -53.816      25
end
