 ******* Program HYDRUS
 ******* 
 Welcome to HYDRUS-1D                                                    
 Date:  26.11.2022    Time:  10:20:35
 Units: L = cm   , T = days , M = mmol 


    TLevel      Time          dt      Iter    ItCum  KodT  KodB  Convergency

        1  0.1000000E-02  0.10000E-02    2        2    -4    -5     T
        2  0.2300000E-02  0.13000E-02    2        4    -4    -5     T
        3  0.3990000E-02  0.16900E-02    2        6    -4    -5     T
        4  0.6187000E-02  0.21970E-02    2        8    -4    -5     T
        5  0.9043100E-02  0.28561E-02    2       10    -4    -5     T
        6  0.1275603E-01  0.37129E-02    2       12    -4    -5     T
        7  0.1758284E-01  0.48268E-02    2       14    -4    -5     T
        8  0.2385769E-01  0.62749E-02    2       16    -4    -5     T
        9  0.3231795E-01  0.84603E-02    2       18    -4    -5     T
       10  0.4359829E-01  0.11280E-01    2       20    -4    -5     T
       11  0.5769872E-01  0.14100E-01    2       22    -4    -5     T
       12  0.7884936E-01  0.21151E-01    2       24    -4    -5     T
       13  0.1000000E+00  0.21151E-01    2       26    -4    -5     T
       14  0.1250000E+00  0.25000E-01    2       28    -4    -5     T
       15  0.1625000E+00  0.37500E-01    2       30    -4    -5     T
       16  0.2000000E+00  0.37500E-01    2       32    -4    -5     T
       17  0.2333333E+00  0.33333E-01    2       34    -4    -5     T
       18  0.3000000E+00  0.66667E-01    2       36    -4    -5     T
       19  0.3500000E+00  0.50000E-01    2       38    -4    -5     T
       20  0.4000000E+00  0.50000E-01    2       40    -4    -5     T
       21  0.5000000E+00  0.10000E+00    2       42    -4    -5     T
       22  0.6000000E+00  0.10000E+00    2       44    -4    -5     T
       23  0.7000000E+00  0.10000E+00    2       46    -4    -5     T
       24  0.8000000E+00  0.10000E+00    2       48    -4    -5     T
       25  0.9000000E+00  0.10000E+00    2       50    -4    -5     T
       26  0.1000000E+01  0.10000E+00    2       52    -4    -5     T
       27  0.1100000E+01  0.10000E+00    4       56    -4    -5     T
       28  0.1200000E+01  0.10000E+00    4       60    -4    -5     T
       29  0.1300000E+01  0.10000E+00    3       63    -4    -5     T
       30  0.1400000E+01  0.10000E+00    3       66    -4    -5     T
       31  0.1500000E+01  0.10000E+00    3       69    -4    -5     T
       32  0.1600000E+01  0.10000E+00    4       73    -4    -5     T
       33  0.1633333E+01  0.33333E-01    3       86    -4    -5     T
       34  0.1666667E+01  0.33333E-01    2       88    -4    -5     T
       35  0.1700000E+01  0.33333E-01    2       90    -4    -5     T
       36  0.1716667E+01  0.16667E-01    2      102     4    -5     T
       37  0.1737500E+01  0.20833E-01    3      105     4    -5     T
       38  0.1768750E+01  0.31250E-01    3      108     4    -5     T
       39  0.1779167E+01  0.10417E-01    2      120     4    -5     T
       40  0.1789583E+01  0.10417E-01    2      122     4    -5     T
       41  0.1800000E+01  0.10417E-01    2      124     4    -5     T
       42  0.1816667E+01  0.16667E-01    2      126     4    -5     T
       43  0.1837500E+01  0.20833E-01    2      128     4    -5     T
       44  0.1868750E+01  0.31250E-01    2      130     4    -5     T
       45  0.1900000E+01  0.31250E-01    2      132     4    -5     T
       46  0.1911111E+01  0.11111E-01    2      144     4    -5     T
       47  0.1925926E+01  0.14815E-01    2      146     4    -5     T
       48  0.1944444E+01  0.18519E-01    2      148     4    -5     T
       49  0.1972222E+01  0.27778E-01    2      150     4    -5     T
       50  0.1981481E+01  0.92593E-02    2      162     4    -5     T
       51  0.1990741E+01  0.92593E-02    2      164     4    -5     T
       52  0.2000000E+01  0.92593E-02    2      166     4    -5     T
       53  0.2016667E+01  0.16667E-01    2      168     4    -5     T
       54  0.2037500E+01  0.20833E-01    2      170     4    -5     T
       55  0.2047917E+01  0.10417E-01    2      182     4    -5     T
       56  0.2060938E+01  0.13021E-01    2      184     4    -5     T
       57  0.2080469E+01  0.19531E-01    2      186     4    -5     T
       58  0.2100000E+01  0.19531E-01    2      188     4    -5     T
       59  0.2125000E+01  0.25000E-01    2      190     4    -5     T
       60  0.2150000E+01  0.25000E-01    2      192     4    -5     T
       61  0.2200000E+01  0.50000E-01    2      194     4    -5     T
       62  0.2250000E+01  0.50000E-01    4      198     4    -5     T
       63  0.2300000E+01  0.50000E-01    2      200     4    -5     T
       64  0.2350000E+01  0.50000E-01    2      202     4    -5     T
       65  0.2400000E+01  0.50000E-01    2      204     4    -5     T
       66  0.2500000E+01  0.10000E+00    2      206     4    -5     T
       67  0.2600000E+01  0.10000E+00    2      208     4    -5     T
       68  0.2700000E+01  0.10000E+00    2      210     4    -5     T
       69  0.2800000E+01  0.10000E+00    2      212     4    -5     T
       70  0.2900000E+01  0.10000E+00    4      216     4    -5     T
       71  0.3000000E+01  0.10000E+00    5      221     4    -5     T
       72  0.3100000E+01  0.10000E+00    2      223     4    -5     T
       73  0.3200000E+01  0.10000E+00    2      225     4    -5     T
       74  0.3300000E+01  0.10000E+00    6      231     4    -5     T
       75  0.3333333E+01  0.33333E-01    2      243     4    -5     T
       76  0.3366667E+01  0.33333E-01    2      245     4    -5     T
       77  0.3400000E+01  0.33333E-01    2      247     4    -5     T
       78  0.3450000E+01  0.50000E-01    2      249     4    -5     T
       79  0.3500000E+01  0.50000E-01    2      251     4    -5     T
       80  0.3600000E+01  0.10000E+00    2      253     4    -5     T
       81  0.3633333E+01  0.33333E-01    2      265     4    -5     T
       82  0.3666667E+01  0.33333E-01    2      267     4    -5     T
       83  0.3700000E+01  0.33333E-01    2      269     4    -5     T
       84  0.3750000E+01  0.50000E-01    2      271     4    -5     T
       85  0.3800000E+01  0.50000E-01    2      273     4    -5     T
       86  0.3900000E+01  0.10000E+00    2      275     4    -5     T
       87  0.3933333E+01  0.33333E-01    2      287     4    -5     T
       88  0.3966667E+01  0.33333E-01    2      289     4    -5     T
       89  0.4000000E+01  0.33333E-01    2      291     4    -5     T
       90  0.4050000E+01  0.50000E-01    2      293     4    -5     T
       91  0.4100000E+01  0.50000E-01    2      295     4    -5     T
       92  0.4200000E+01  0.10000E+00    2      297     4    -5     T
       93  0.4233333E+01  0.33333E-01    2      309     4    -5     T
       94  0.4266667E+01  0.33333E-01    2      311     4    -5     T
       95  0.4300000E+01  0.33333E-01    2      313     4    -5     T
       96  0.4350000E+01  0.50000E-01    2      315     4    -5     T
       97  0.4400000E+01  0.50000E-01    2      317     4    -5     T
       98  0.4433333E+01  0.33333E-01    2      329     4    -5     T
       99  0.4466667E+01  0.33333E-01    2      331     4    -5     T
      100  0.4500000E+01  0.33333E-01    2      333     4    -5     T
      101  0.4550000E+01  0.50000E-01    2      335     4    -5     T
      102  0.4600000E+01  0.50000E-01    2      337     4    -5     T
      103  0.4633333E+01  0.33333E-01    2      349     4    -5     T
      104  0.4666667E+01  0.33333E-01    2      351     4    -5     T
      105  0.4700000E+01  0.33333E-01    2      353     4    -5     T
      106  0.4750000E+01  0.50000E-01    2      355     4    -5     T
      107  0.4800000E+01  0.50000E-01    2      357     4    -5     T
      108  0.4833333E+01  0.33333E-01    2      369     4    -5     T
      109  0.4866667E+01  0.33333E-01    2      371     4    -5     T
      110  0.4900000E+01  0.33333E-01    2      373     4    -5     T
      111  0.4950000E+01  0.50000E-01    2      375     4    -5     T
      112  0.5000000E+01  0.50000E-01    2      377     4    -5     T
      113  0.5033333E+01  0.33333E-01    2      389     4    -5     T
      114  0.5066667E+01  0.33333E-01    2      391     4    -5     T
      115  0.5100000E+01  0.33333E-01    2      393     4    -5     T
      116  0.5150000E+01  0.50000E-01    2      395     4    -5     T
      117  0.5200000E+01  0.50000E-01    2      397     4    -5     T
      118  0.5233333E+01  0.33333E-01    2      409     4    -5     T
      119  0.5266667E+01  0.33333E-01    2      411     4    -5     T
      120  0.5300000E+01  0.33333E-01    2      413     4    -5     T
      121  0.5350000E+01  0.50000E-01    2      415     4    -5     T
      122  0.5400000E+01  0.50000E-01    2      417     4    -5     T
      123  0.5433333E+01  0.33333E-01    2      429     4    -5     T
      124  0.5466667E+01  0.33333E-01    2      431     4    -5     T
      125  0.5500000E+01  0.33333E-01    2      433     4    -5     T
      126  0.5550000E+01  0.50000E-01    2      435     4    -5     T
      127  0.5600000E+01  0.50000E-01    2      437     4    -5     T
      128  0.5633333E+01  0.33333E-01    2      449     4    -5     T
      129  0.5666667E+01  0.33333E-01    2      451     4    -5     T
      130  0.5700000E+01  0.33333E-01    2      453     4    -5     T
      131  0.5750000E+01  0.50000E-01    2      455     4    -5     T
      132  0.5800000E+01  0.50000E-01    2      457     4    -5     T
      133  0.5833333E+01  0.33333E-01    2      469     4    -5     T
      134  0.5866667E+01  0.33333E-01    2      471     4    -5     T
      135  0.5900000E+01  0.33333E-01    2      473     4    -5     T
      136  0.5950000E+01  0.50000E-01    2      475     4    -5     T
      137  0.6000000E+01  0.50000E-01    2      477     4    -5     T
      138  0.6100000E+01  0.10000E+00    2      479     4    -5     T
      139  0.6133333E+01  0.33333E-01    2      491     4    -5     T
      140  0.6166667E+01  0.33333E-01    2      493     4    -5     T
      141  0.6200000E+01  0.33333E-01    2      495     4    -5     T
      142  0.6250000E+01  0.50000E-01    2      497     4    -5     T
      143  0.6300000E+01  0.50000E-01    2      499     4    -5     T
      144  0.6400000E+01  0.10000E+00    2      501     4    -5     T
      145  0.6500000E+01  0.10000E+00    2      503     4    -5     T
      146  0.6600000E+01  0.10000E+00    2      505     4    -5     T
      147  0.6700000E+01  0.10000E+00    2      507     4    -5     T
      148  0.6800000E+01  0.10000E+00    2      509     4    -5     T
      149  0.6900000E+01  0.10000E+00    2      511     4    -5     T
      150  0.7000000E+01  0.10000E+00    2      513     4    -5     T
      151  0.7100000E+01  0.10000E+00    2      515     4    -5     T
      152  0.7200000E+01  0.10000E+00    2      517     4    -5     T
      153  0.7300000E+01  0.10000E+00    2      519     4    -5     T
      154  0.7400000E+01  0.10000E+00    2      521     4    -5     T
      155  0.7500000E+01  0.10000E+00    2      523     4    -5     T
      156  0.7600000E+01  0.10000E+00    2      525     4    -5     T
      157  0.7700000E+01  0.10000E+00    2      527     4    -5     T
      158  0.7800000E+01  0.10000E+00    2      529     4    -5     T
      159  0.7900000E+01  0.10000E+00    2      531     4    -5     T
      160  0.8000000E+01  0.10000E+00    2      533     4    -5     T
      161  0.8100000E+01  0.10000E+00    2      535     4    -5     T
      162  0.8200000E+01  0.10000E+00    2      537     4    -5     T
      163  0.8300000E+01  0.10000E+00    2      539     4    -5     T
      164  0.8400000E+01  0.10000E+00    2      541     4    -5     T
      165  0.8500000E+01  0.10000E+00    2      543     4    -5     T
      166  0.8600000E+01  0.10000E+00    2      545     4    -5     T
      167  0.8700000E+01  0.10000E+00    2      547     4    -5     T
      168  0.8800000E+01  0.10000E+00    2      549     4    -5     T
      169  0.8900000E+01  0.10000E+00    2      551     4    -5     T
      170  0.9000000E+01  0.10000E+00    2      553     4    -5     T
      171  0.9100000E+01  0.10000E+00    2      555     4    -5     T
      172  0.9200000E+01  0.10000E+00    2      557     4    -5     T
      173  0.9300000E+01  0.10000E+00    2      559     4    -5     T
      174  0.9400000E+01  0.10000E+00    2      561     4    -5     T
      175  0.9500000E+01  0.10000E+00    2      563     4    -5     T
      176  0.9600000E+01  0.10000E+00    2      565     4    -5     T
      177  0.9700000E+01  0.10000E+00    2      567     4    -5     T
      178  0.9800000E+01  0.10000E+00    2      569     4    -5     T
      179  0.9900000E+01  0.10000E+00    2      571     4    -5     T
      180  0.1000000E+02  0.10000E+00    2      573     4    -5     T
      181  0.1010000E+02  0.10000E+00    2      575     4    -5     T
      182  0.1020000E+02  0.10000E+00    2      577     4    -5     T
      183  0.1030000E+02  0.10000E+00    2      579     4    -5     T
      184  0.1040000E+02  0.10000E+00    2      581     4    -5     T
      185  0.1050000E+02  0.10000E+00    2      583     4    -5     T
      186  0.1060000E+02  0.10000E+00    2      585     4    -5     T
      187  0.1070000E+02  0.10000E+00    2      587     4    -5     T
      188  0.1080000E+02  0.10000E+00    2      589     4    -5     T
      189  0.1090000E+02  0.10000E+00    2      591     4    -5     T
      190  0.1100000E+02  0.10000E+00    2      593     4    -5     T
      191  0.1110000E+02  0.10000E+00    2      595     4    -5     T
      192  0.1120000E+02  0.10000E+00    2      597     4    -5     T
      193  0.1130000E+02  0.10000E+00    2      599     4    -5     T
      194  0.1140000E+02  0.10000E+00    2      601     4    -5     T
      195  0.1150000E+02  0.10000E+00    2      603     4    -5     T
      196  0.1160000E+02  0.10000E+00    2      605     4    -5     T
      197  0.1170000E+02  0.10000E+00    2      607     4    -5     T
      198  0.1180000E+02  0.10000E+00    2      609     4    -5     T
      199  0.1190000E+02  0.10000E+00    2      611     4    -5     T
      200  0.1200000E+02  0.10000E+00    2      613     4    -5     T
      201  0.1210000E+02  0.10000E+00    2      615     4    -5     T
      202  0.1220000E+02  0.10000E+00    2      617     4    -5     T
      203  0.1230000E+02  0.10000E+00    2      619     4    -5     T
      204  0.1240000E+02  0.10000E+00    2      621     4    -5     T
      205  0.1250000E+02  0.10000E+00    2      623     4    -5     T
      206  0.1260000E+02  0.10000E+00    2      625     4    -5     T
      207  0.1270000E+02  0.10000E+00    2      627     4    -5     T
      208  0.1280000E+02  0.10000E+00    2      629     4    -5     T
      209  0.1290000E+02  0.10000E+00    2      631     4    -5     T
      210  0.1300000E+02  0.10000E+00    2      633     4    -5     T
      211  0.1310000E+02  0.10000E+00    2      635     4    -5     T
      212  0.1320000E+02  0.10000E+00    2      637     4    -5     T
      213  0.1330000E+02  0.10000E+00    2      639     4    -5     T
      214  0.1340000E+02  0.10000E+00    2      641     4    -5     T
      215  0.1350000E+02  0.10000E+00    2      643     4    -5     T
      216  0.1360000E+02  0.10000E+00    2      645     4    -5     T
      217  0.1370000E+02  0.10000E+00    2      647     4    -5     T
      218  0.1380000E+02  0.10000E+00    2      649     4    -5     T
      219  0.1390000E+02  0.10000E+00    2      651     4    -5     T
      220  0.1400000E+02  0.10000E+00    2      653     4    -5     T
      221  0.1410000E+02  0.10000E+00    2      655     4    -5     T
      222  0.1420000E+02  0.10000E+00    2      657     4    -5     T
      223  0.1430000E+02  0.10000E+00    2      659     4    -5     T
      224  0.1440000E+02  0.10000E+00    2      661     4    -5     T
      225  0.1450000E+02  0.10000E+00    2      663     4    -5     T
      226  0.1460000E+02  0.10000E+00    2      665     4    -5     T
      227  0.1470000E+02  0.10000E+00    2      667     4    -5     T
      228  0.1480000E+02  0.10000E+00    2      669     4    -5     T
      229  0.1490000E+02  0.10000E+00    2      671     4    -5     T
      230  0.1500000E+02  0.10000E+00    2      673     4    -5     T
      231  0.1510000E+02  0.10000E+00    2      675     4    -5     T
      232  0.1520000E+02  0.10000E+00    2      677     4    -5     T
      233  0.1530000E+02  0.10000E+00    2      679     4    -5     T
      234  0.1540000E+02  0.10000E+00    2      681     4    -5     T
      235  0.1550000E+02  0.10000E+00    2      683     4    -5     T
      236  0.1560000E+02  0.10000E+00    2      685     4    -5     T
      237  0.1570000E+02  0.10000E+00    2      687     4    -5     T
      238  0.1580000E+02  0.10000E+00    2      689     4    -5     T
      239  0.1590000E+02  0.10000E+00    2      691     4    -5     T
      240  0.1600000E+02  0.10000E+00    2      693     4    -5     T
      241  0.1610000E+02  0.10000E+00    2      695     4    -5     T
      242  0.1620000E+02  0.10000E+00    2      697     4    -5     T
      243  0.1630000E+02  0.10000E+00    2      699     4    -5     T
      244  0.1640000E+02  0.10000E+00    2      701     4    -5     T
      245  0.1650000E+02  0.10000E+00    2      703     4    -5     T
      246  0.1660000E+02  0.10000E+00    2      705     4    -5     T
      247  0.1670000E+02  0.10000E+00    2      707     4    -5     T
      248  0.1680000E+02  0.10000E+00    2      709     4    -5     T
      249  0.1690000E+02  0.10000E+00    2      711     4    -5     T
      250  0.1700000E+02  0.10000E+00    2      713     4    -5     T
      251  0.1710000E+02  0.10000E+00    2      715     4    -5     T
      252  0.1720000E+02  0.10000E+00    2      717     4    -5     T
      253  0.1730000E+02  0.10000E+00    2      719     4    -5     T
      254  0.1740000E+02  0.10000E+00    2      721     4    -5     T
      255  0.1750000E+02  0.10000E+00    2      723     4    -5     T
      256  0.1760000E+02  0.10000E+00    2      725     4    -5     T
      257  0.1770000E+02  0.10000E+00    2      727     4    -5     T
      258  0.1780000E+02  0.10000E+00    2      729     4    -5     T
      259  0.1790000E+02  0.10000E+00    2      731     4    -5     T
      260  0.1800000E+02  0.10000E+00    2      733     4    -5     T
      261  0.1810000E+02  0.10000E+00    2      735     4    -5     T
      262  0.1820000E+02  0.10000E+00    2      737     4    -5     T
      263  0.1830000E+02  0.10000E+00    2      739     4    -5     T
      264  0.1840000E+02  0.10000E+00    2      741     4    -5     T
      265  0.1850000E+02  0.10000E+00    2      743     4    -5     T
      266  0.1860000E+02  0.10000E+00    2      745     4    -5     T
      267  0.1870000E+02  0.10000E+00    2      747     4    -5     T
      268  0.1880000E+02  0.10000E+00    4      751     4    -5     T
      269  0.1890000E+02  0.10000E+00    2      753     4    -5     T
      270  0.1900000E+02  0.10000E+00    2      755     4    -5     T
      271  0.1910000E+02  0.10000E+00    2      757     4    -5     T
      272  0.1920000E+02  0.10000E+00    2      759     4    -5     T
      273  0.1930000E+02  0.10000E+00    2      761     4    -5     T
      274  0.1940000E+02  0.10000E+00    2      763     4    -5     T
      275  0.1950000E+02  0.10000E+00    2      765     4    -5     T
      276  0.1960000E+02  0.10000E+00    2      767     4    -5     T
      277  0.1970000E+02  0.10000E+00    2      769     4    -5     T
      278  0.1980000E+02  0.10000E+00    2      771     4    -5     T
      279  0.1990000E+02  0.10000E+00    4      775     4    -5     T
      280  0.2000000E+02  0.10000E+00    2      777     4    -5     T
      281  0.2010000E+02  0.10000E+00    2      779     4    -5     T
      282  0.2020000E+02  0.10000E+00    2      781     4    -5     T
      283  0.2030000E+02  0.10000E+00    2      783     4    -5     T
      284  0.2040000E+02  0.10000E+00    2      785     4    -5     T
      285  0.2050000E+02  0.10000E+00    3      788     4    -5     T
      286  0.2060000E+02  0.10000E+00    2      790     4    -5     T
      287  0.2070000E+02  0.10000E+00    2      792     4    -5     T
      288  0.2080000E+02  0.10000E+00    2      794     4    -5     T
      289  0.2090000E+02  0.10000E+00    2      796     4    -5     T
      290  0.2100000E+02  0.10000E+00    2      798     4    -5     T
      291  0.2110000E+02  0.10000E+00    2      800     4    -5     T
      292  0.2120000E+02  0.10000E+00    2      802     4    -5     T
      293  0.2130000E+02  0.10000E+00    2      804     4    -5     T
      294  0.2140000E+02  0.10000E+00    2      806     4    -5     T
      295  0.2150000E+02  0.10000E+00    2      808     4    -5     T
      296  0.2160000E+02  0.10000E+00    2      810     4    -5     T
      297  0.2170000E+02  0.10000E+00    2      812     4    -5     T
      298  0.2180000E+02  0.10000E+00    2      814     4    -5     T
      299  0.2190000E+02  0.10000E+00    2      816     4    -5     T
      300  0.2200000E+02  0.10000E+00    2      818     4    -5     T
      301  0.2210000E+02  0.10000E+00    2      820     4    -5     T
      302  0.2220000E+02  0.10000E+00    2      822     4    -5     T
      303  0.2230000E+02  0.10000E+00    2      824     4    -5     T
      304  0.2240000E+02  0.10000E+00    2      826     4    -5     T
      305  0.2250000E+02  0.10000E+00    2      828     4    -5     T
      306  0.2260000E+02  0.10000E+00    2      830     4    -5     T
      307  0.2270000E+02  0.10000E+00    2      832     4    -5     T
      308  0.2280000E+02  0.10000E+00    2      834     4    -5     T
      309  0.2290000E+02  0.10000E+00    2      836     4    -5     T
      310  0.2300000E+02  0.10000E+00    2      838     4    -5     T
      311  0.2310000E+02  0.10000E+00    2      840     4    -5     T
      312  0.2320000E+02  0.10000E+00    2      842     4    -5     T
      313  0.2330000E+02  0.10000E+00    2      844     4    -5     T
      314  0.2340000E+02  0.10000E+00    2      846     4    -5     T
      315  0.2350000E+02  0.10000E+00    2      848     4    -5     T
      316  0.2360000E+02  0.10000E+00    2      850     4    -5     T
      317  0.2370000E+02  0.10000E+00    2      852     4    -5     T
      318  0.2380000E+02  0.10000E+00    2      854     4    -5     T
      319  0.2390000E+02  0.10000E+00    2      856     4    -5     T
      320  0.2400000E+02  0.10000E+00    2      858     4    -5     T
      321  0.2410000E+02  0.10000E+00    2      860     4    -5     T
      322  0.2420000E+02  0.10000E+00    2      862     4    -5     T
      323  0.2430000E+02  0.10000E+00    2      864     4    -5     T
      324  0.2440000E+02  0.10000E+00    2      866     4    -5     T
      325  0.2450000E+02  0.10000E+00    2      868     4    -5     T
      326  0.2460000E+02  0.10000E+00    2      870     4    -5     T
      327  0.2470000E+02  0.10000E+00    2      872     4    -5     T
      328  0.2480000E+02  0.10000E+00    2      874     4    -5     T
      329  0.2490000E+02  0.10000E+00    2      876     4    -5     T
      330  0.2500000E+02  0.10000E+00    2      878     4    -5     T
end
