 ******* Program HYDRUS
 ******* 
 Welcome to HYDRUS-1D                                                    
 Date:  26.11.2022    Time:  10:20:35
 Units: L = cm   , T = days , M = mmol 

       Time          rTop        rRoot        vTop         vRoot        vBot       sum(rTop)   sum(rRoot)    sum(vTop)   sum(vRoot)    sum(vBot)      hTop         hRoot        hBot        RunOff    sum(RunOff)     Volume     sum(Infil)    sum(Evap) TLevel Cum(WTrans)  SnowLayer
        [T]         [L/T]        [L/T]        [L/T]        [L/T]        [L/T]         [L]          [L]          [L]         [L]           [L]         [L]           [L]         [L]          [L/T]         [L]          [L]          [L]          [L]

       0.0010  0.10000E+00  0.00000E+00  0.10000E+00  0.00000E+00 -0.50027E+01  0.10000E-03  0.00000E+00  0.10000E-03  0.00000E+00 -0.50027E-02 -0.62766E+02  0.00000E+00 -0.15223E+02  0.00000E+00  0.00000E+00  0.22556E+02  0.00000E+00  0.10000E-03      1  0.00000E+00      0.000
       0.0023  0.10000E+00  0.00000E+00  0.10000E+00  0.00000E+00 -0.49273E+01  0.23000E-03  0.00000E+00  0.23000E-03  0.00000E+00 -0.11408E-01 -0.62956E+02  0.00000E+00 -0.15324E+02  0.00000E+00  0.00000E+00  0.22549E+02  0.00000E+00  0.23000E-03      2  0.00000E+00      0.000
       0.0040  0.10000E+00  0.00000E+00  0.10000E+00  0.00000E+00 -0.48642E+01  0.39900E-03  0.00000E+00  0.39900E-03  0.00000E+00 -0.19629E-01 -0.63198E+02  0.00000E+00 -0.15438E+02  0.00000E+00  0.00000E+00  0.22541E+02  0.00000E+00  0.39900E-03      3  0.00000E+00      0.000
       0.0062  0.10000E+00  0.00000E+00  0.99999E-01  0.00000E+00 -0.47929E+01  0.61870E-03  0.00000E+00  0.61870E-03  0.00000E+00 -0.30159E-01 -0.63476E+02  0.00000E+00 -0.15546E+02  0.00000E+00  0.00000E+00  0.22530E+02  0.00000E+00  0.61870E-03      4  0.00000E+00      0.000
       0.0090  0.10000E+00  0.00000E+00  0.10000E+00  0.00000E+00 -0.47162E+01  0.90431E-03  0.00000E+00  0.90431E-03  0.00000E+00 -0.43629E-01 -0.63797E+02  0.00000E+00 -0.15666E+02  0.00000E+00  0.00000E+00  0.22516E+02  0.00000E+00  0.90431E-03      5  0.00000E+00      0.000
       0.0128  0.10000E+00  0.00000E+00  0.10000E+00  0.00000E+00 -0.46288E+01  0.12756E-02  0.00000E+00  0.12756E-02  0.00000E+00 -0.60815E-01 -0.64158E+02  0.00000E+00 -0.15799E+02  0.00000E+00  0.00000E+00  0.22499E+02  0.00000E+00  0.12756E-02      6  0.00000E+00      0.000
       0.0176  0.10000E+00  0.00000E+00  0.10000E+00  0.00000E+00 -0.45287E+01  0.17583E-02  0.00000E+00  0.17583E-02  0.00000E+00 -0.82674E-01 -0.64562E+02  0.00000E+00 -0.15951E+02  0.00000E+00  0.00000E+00  0.22477E+02  0.00000E+00  0.17583E-02      7  0.00000E+00      0.000
       0.0239  0.10000E+00  0.00000E+00  0.10000E+00  0.00000E+00 -0.44124E+01  0.23858E-02  0.00000E+00  0.23858E-02  0.00000E+00 -0.11036E+00 -0.65011E+02  0.00000E+00 -0.16127E+02  0.00000E+00  0.00000E+00  0.22448E+02  0.00000E+00  0.23858E-02      8  0.00000E+00      0.000
       0.0323  0.10000E+00  0.00000E+00  0.10000E+00  0.00000E+00 -0.42716E+01  0.32318E-02  0.00000E+00  0.32318E-02  0.00000E+00 -0.14650E+00 -0.65526E+02  0.00000E+00 -0.16340E+02  0.00000E+00  0.00000E+00  0.22411E+02  0.00000E+00  0.32318E-02      9  0.00000E+00      0.000
       0.0436  0.10000E+00  0.00000E+00  0.10000E+00  0.00000E+00 -0.41025E+01  0.43598E-02  0.00000E+00  0.43598E-02  0.00000E+00 -0.19278E+00 -0.66112E+02  0.00000E+00 -0.16595E+02  0.00000E+00  0.00000E+00  0.22364E+02  0.00000E+00  0.43598E-02     10  0.00000E+00      0.000
       0.0577  0.10000E+00  0.00000E+00  0.10000E+00  0.00000E+00 -0.39116E+01  0.57699E-02  0.00000E+00  0.57699E-02  0.00000E+00 -0.24793E+00 -0.66746E+02  0.00000E+00 -0.16882E+02  0.00000E+00  0.00000E+00  0.22307E+02  0.00000E+00  0.57699E-02     11  0.00000E+00      0.000
       0.0788  0.10000E+00  0.00000E+00  0.10000E+00  0.00000E+00 -0.36594E+01  0.78849E-02  0.00000E+00  0.78849E-02  0.00000E+00 -0.32533E+00 -0.67559E+02  0.00000E+00 -0.17261E+02  0.00000E+00  0.00000E+00  0.22228E+02  0.00000E+00  0.78849E-02     12  0.00000E+00      0.000
       0.1000  0.10000E+00  0.00000E+00  0.10000E+00  0.00000E+00 -0.34329E+01  0.10000E-01  0.00000E+00  0.10000E-01  0.00000E+00 -0.39794E+00 -0.68289E+02  0.00000E+00 -0.17603E+02  0.00000E+00  0.00000E+00  0.22153E+02  0.00000E+00  0.10000E-01     13  0.00000E+00      0.000
       0.1250  0.10000E+00  0.00000E+00  0.10000E+00  0.00000E+00 -0.31984E+01  0.12500E-01  0.00000E+00  0.12500E-01  0.00000E+00 -0.47790E+00 -0.69061E+02  0.00000E+00 -0.17956E+02  0.00000E+00  0.00000E+00  0.22071E+02  0.00000E+00  0.12500E-01     14  0.00000E+00      0.000
       0.1625  0.10000E+00  0.00000E+00  0.10000E+00  0.00000E+00 -0.29140E+01  0.16250E-01  0.00000E+00  0.16250E-01  0.00000E+00 -0.58717E+00 -0.70107E+02  0.00000E+00 -0.18393E+02  0.00000E+00  0.00000E+00  0.21958E+02  0.00000E+00  0.16250E-01     15  0.00000E+00      0.000
       0.2000  0.10000E+00  0.00000E+00  0.10000E+00  0.00000E+00 -0.26763E+01  0.20000E-01  0.00000E+00  0.20000E-01  0.00000E+00 -0.68754E+00 -0.71085E+02  0.00000E+00 -0.18757E+02  0.00000E+00  0.00000E+00  0.21853E+02  0.00000E+00  0.20000E-01     16  0.00000E+00      0.000
       0.2333  0.10000E+00  0.00000E+00  0.10000E+00  0.00000E+00 -0.25757E+01  0.23333E-01  0.00000E+00  0.23333E-01  0.00000E+00 -0.77339E+00 -0.71912E+02  0.00000E+00 -0.19117E+02  0.00000E+00  0.00000E+00  0.21764E+02  0.00000E+00  0.23333E-01     17  0.00000E+00      0.000
       0.3000  0.10000E+00  0.00000E+00  0.10000E+00  0.00000E+00 -0.23910E+01  0.30000E-01  0.00000E+00  0.30000E-01  0.00000E+00 -0.93280E+00 -0.73451E+02  0.00000E+00 -0.19746E+02  0.00000E+00  0.00000E+00  0.21598E+02  0.00000E+00  0.30000E-01     18  0.00000E+00      0.000
       0.3500  0.10000E+00  0.00000E+00  0.10000E+00  0.00000E+00 -0.22577E+01  0.35000E-01  0.00000E+00  0.35000E-01  0.00000E+00 -0.10457E+01 -0.74589E+02  0.00000E+00 -0.20208E+02  0.00000E+00  0.00000E+00  0.21480E+02  0.00000E+00  0.35000E-01     19  0.00000E+00      0.000
       0.4000  0.10000E+00  0.00000E+00  0.10000E+00  0.00000E+00 -0.21327E+01  0.40000E-01  0.00000E+00  0.40000E-01  0.00000E+00 -0.11523E+01 -0.75721E+02  0.00000E+00 -0.20637E+02  0.00000E+00  0.00000E+00  0.21369E+02  0.00000E+00  0.40000E-01     20  0.00000E+00      0.000
       0.5000  0.10000E+00  0.00000E+00  0.10000E+00  0.00000E+00 -0.19074E+01  0.50000E-01  0.00000E+00  0.50000E-01  0.00000E+00 -0.13431E+01 -0.78061E+02  0.00000E+00 -0.21405E+02  0.00000E+00  0.00000E+00  0.21168E+02  0.00000E+00  0.50000E-01     21  0.00000E+00      0.000
       0.6000  0.10000E+00  0.00000E+00  0.10000E+00  0.00000E+00 -0.17107E+01  0.60000E-01  0.00000E+00  0.60000E-01  0.00000E+00 -0.15141E+01 -0.80254E+02  0.00000E+00 -0.22090E+02  0.00000E+00  0.00000E+00  0.20987E+02  0.00000E+00  0.60000E-01     22  0.00000E+00      0.000
       0.7000  0.10000E+00  0.00000E+00  0.10000E+00  0.00000E+00 -0.15389E+01  0.70000E-01  0.00000E+00  0.70000E-01  0.00000E+00 -0.16680E+01 -0.82501E+02  0.00000E+00 -0.22686E+02  0.00000E+00  0.00000E+00  0.20823E+02  0.00000E+00  0.70000E-01     23  0.00000E+00      0.000
       0.8000  0.10000E+00  0.00000E+00  0.10000E+00  0.00000E+00 -0.13945E+01  0.80000E-01  0.00000E+00  0.80000E-01  0.00000E+00 -0.18075E+01 -0.84834E+02  0.00000E+00 -0.23194E+02  0.00000E+00  0.00000E+00  0.20673E+02  0.00000E+00  0.80000E-01     24  0.00000E+00      0.000
       0.9000  0.10000E+00  0.00000E+00  0.10000E+00  0.00000E+00 -0.12740E+01  0.90000E-01  0.00000E+00  0.90000E-01  0.00000E+00 -0.19349E+01 -0.87167E+02  0.00000E+00 -0.23611E+02  0.00000E+00  0.00000E+00  0.20536E+02  0.00000E+00  0.90000E-01     25  0.00000E+00      0.000
       1.0000  0.10000E+00  0.00000E+00  0.10000E+00  0.00000E+00 -0.12139E+01  0.10000E+00  0.00000E+00  0.10000E+00  0.00000E+00 -0.20563E+01 -0.89527E+02  0.00000E+00 -0.24095E+02  0.00000E+00  0.00000E+00  0.20405E+02  0.00000E+00  0.10000E+00     26  0.00000E+00      0.000
       1.1000  0.30000E+00  0.00000E+00  0.30000E+00  0.00000E+00 -0.11616E+01  0.13000E+00  0.00000E+00  0.13000E+00  0.00000E+00 -0.21724E+01 -0.13745E+03  0.00000E+00 -0.24541E+02  0.00000E+00  0.00000E+00  0.20259E+02  0.00000E+00  0.13000E+00     27  0.00000E+00      0.000
       1.2000  0.30000E+00  0.00000E+00  0.30000E+00  0.00000E+00 -0.11113E+01  0.16000E+00  0.00000E+00  0.16000E+00  0.00000E+00 -0.22835E+01 -0.21191E+03  0.00000E+00 -0.24981E+02  0.00000E+00  0.00000E+00  0.20117E+02  0.00000E+00  0.16000E+00     28  0.00000E+00      0.000
       1.3000  0.30000E+00  0.00000E+00  0.30000E+00  0.00000E+00 -0.10623E+01  0.19000E+00  0.00000E+00  0.19000E+00  0.00000E+00 -0.23898E+01 -0.37207E+03  0.00000E+00 -0.25411E+02  0.00000E+00  0.00000E+00  0.19981E+02  0.00000E+00  0.19000E+00     29  0.00000E+00      0.000
       1.4000  0.30000E+00  0.00000E+00  0.30000E+00  0.00000E+00 -0.10145E+01  0.22000E+00  0.00000E+00  0.22000E+00  0.00000E+00 -0.24912E+01 -0.82442E+03  0.00000E+00 -0.25830E+02  0.00000E+00  0.00000E+00  0.19850E+02  0.00000E+00  0.22000E+00     30  0.00000E+00      0.000
       1.5000  0.30000E+00  0.00000E+00  0.30000E+00  0.00000E+00 -0.96804E+00  0.25000E+00  0.00000E+00  0.25000E+00  0.00000E+00 -0.25880E+01 -0.22826E+04  0.00000E+00 -0.26237E+02  0.00000E+00  0.00000E+00  0.19723E+02  0.00000E+00  0.25000E+00     31  0.00000E+00      0.000
       1.6000  0.30000E+00  0.00000E+00  0.30000E+00  0.00000E+00 -0.92301E+00  0.28000E+00  0.00000E+00  0.28000E+00  0.00000E+00 -0.26803E+01 -0.12356E+05  0.00000E+00 -0.26631E+02  0.00000E+00  0.00000E+00  0.19601E+02  0.00000E+00  0.28000E+00     32  0.00000E+00      0.000
       1.6333  0.30000E+00  0.00000E+00  0.30000E+00  0.00000E+00 -0.90680E+00  0.29000E+00  0.00000E+00  0.29000E+00  0.00000E+00 -0.27105E+01 -0.21545E+05  0.00000E+00 -0.26761E+02  0.00000E+00  0.00000E+00  0.19560E+02  0.00000E+00  0.29000E+00     33  0.00000E+00      0.000
       1.6667  0.30000E+00  0.00000E+00  0.30000E+00  0.00000E+00 -0.89350E+00  0.30000E+00  0.00000E+00  0.30000E+00  0.00000E+00 -0.27403E+01 -0.46180E+05  0.00000E+00 -0.26888E+02  0.00000E+00  0.00000E+00  0.19521E+02  0.00000E+00  0.30000E+00     34  0.00000E+00      0.000
       1.7000  0.30000E+00  0.00000E+00  0.27731E+00  0.00000E+00 -0.87907E+00  0.31000E+00  0.00000E+00  0.30924E+00  0.00000E+00 -0.27696E+01 -0.10000E+06  0.00000E+00 -0.27015E+02  0.00000E+00  0.00000E+00  0.19481E+02  0.00000E+00  0.30924E+00     35  0.00000E+00      0.000
       1.7167  0.30000E+00  0.00000E+00  0.23536E+00  0.00000E+00 -0.87251E+00  0.31500E+00  0.00000E+00  0.31317E+00  0.00000E+00 -0.27842E+01 -0.10000E+06  0.00000E+00 -0.27085E+02  0.00000E+00  0.00000E+00  0.19463E+02  0.00000E+00  0.31317E+00     36  0.00000E+00      0.000
       1.7375  0.30000E+00  0.00000E+00  0.20637E+00  0.00000E+00 -0.86311E+00  0.32125E+00  0.00000E+00  0.31747E+00  0.00000E+00 -0.28022E+01 -0.10000E+06  0.00000E+00 -0.27156E+02  0.00000E+00  0.00000E+00  0.19441E+02  0.00000E+00  0.31747E+00     37  0.00000E+00      0.000
       1.7688  0.30000E+00  0.00000E+00  0.18474E+00  0.00000E+00 -0.84963E+00  0.33062E+00  0.00000E+00  0.32324E+00  0.00000E+00 -0.28287E+01 -0.10000E+06  0.00000E+00 -0.27272E+02  0.00000E+00  0.00000E+00  0.19408E+02  0.00000E+00  0.32324E+00     38  0.00000E+00      0.000
       1.7792  0.30000E+00  0.00000E+00  0.17448E+00  0.00000E+00 -0.84569E+00  0.33375E+00  0.00000E+00  0.32506E+00  0.00000E+00 -0.28375E+01 -0.10000E+06  0.00000E+00 -0.27314E+02  0.00000E+00  0.00000E+00  0.19398E+02  0.00000E+00  0.32506E+00     39  0.00000E+00      0.000
       1.7896  0.30000E+00  0.00000E+00  0.16936E+00  0.00000E+00 -0.84090E+00  0.33687E+00  0.00000E+00  0.32682E+00  0.00000E+00 -0.28463E+01 -0.10000E+06  0.00000E+00 -0.27348E+02  0.00000E+00  0.00000E+00  0.19387E+02  0.00000E+00  0.32682E+00     40  0.00000E+00      0.000
       1.8000  0.30000E+00  0.00000E+00  0.16476E+00  0.00000E+00 -0.83666E+00  0.34000E+00  0.00000E+00  0.32854E+00  0.00000E+00 -0.28550E+01 -0.10000E+06  0.00000E+00 -0.27387E+02  0.00000E+00  0.00000E+00  0.19377E+02  0.00000E+00  0.32854E+00     41  0.00000E+00      0.000
       1.8167  0.30000E+00  0.00000E+00  0.16084E+00  0.00000E+00 -0.82968E+00  0.34500E+00  0.00000E+00  0.33122E+00  0.00000E+00 -0.28688E+01 -0.10000E+06  0.00000E+00 -0.27447E+02  0.00000E+00  0.00000E+00  0.19360E+02  0.00000E+00  0.33122E+00     42  0.00000E+00      0.000
       1.8375  0.30000E+00  0.00000E+00  0.15634E+00  0.00000E+00 -0.82114E+00  0.35125E+00  0.00000E+00  0.33447E+00  0.00000E+00 -0.28859E+01 -0.10000E+06  0.00000E+00 -0.27523E+02  0.00000E+00  0.00000E+00  0.19340E+02  0.00000E+00  0.33447E+00     43  0.00000E+00      0.000
       1.8688  0.30000E+00  0.00000E+00  0.14984E+00  0.00000E+00 -0.80844E+00  0.36062E+00  0.00000E+00  0.33916E+00  0.00000E+00 -0.29112E+01 -0.10000E+06  0.00000E+00 -0.27633E+02  0.00000E+00  0.00000E+00  0.19310E+02  0.00000E+00  0.33916E+00     44  0.00000E+00      0.000
       1.9000  0.30000E+00  0.00000E+00  0.14251E+00  0.00000E+00 -0.79594E+00  0.37000E+00  0.00000E+00  0.34361E+00  0.00000E+00 -0.29361E+01 -0.10000E+06  0.00000E+00 -0.27743E+02  0.00000E+00  0.00000E+00  0.19281E+02  0.00000E+00  0.34361E+00     45  0.00000E+00      0.000
       1.9111  0.30000E+00  0.00000E+00  0.14638E+00  0.00000E+00 -0.79178E+00  0.37333E+00  0.00000E+00  0.34524E+00  0.00000E+00 -0.29449E+01 -0.10000E+06  0.00000E+00 -0.27786E+02  0.00000E+00  0.00000E+00  0.19270E+02  0.00000E+00  0.34524E+00     46  0.00000E+00      0.000
       1.9259  0.30000E+00  0.00000E+00  0.14584E+00  0.00000E+00 -0.78560E+00  0.37778E+00  0.00000E+00  0.34740E+00  0.00000E+00 -0.29565E+01 -0.10000E+06  0.00000E+00 -0.27832E+02  0.00000E+00  0.00000E+00  0.19256E+02  0.00000E+00  0.34740E+00     47  0.00000E+00      0.000
       1.9444  0.30000E+00  0.00000E+00  0.14375E+00  0.00000E+00 -0.77844E+00  0.38333E+00  0.00000E+00  0.35006E+00  0.00000E+00 -0.29709E+01 -0.10000E+06  0.00000E+00 -0.27898E+02  0.00000E+00  0.00000E+00  0.19239E+02  0.00000E+00  0.35006E+00     48  0.00000E+00      0.000
       1.9722  0.30000E+00  0.00000E+00  0.14492E+00  0.00000E+00 -0.76764E+00  0.39167E+00  0.00000E+00  0.35409E+00  0.00000E+00 -0.29922E+01 -0.10000E+06  0.00000E+00 -0.27990E+02  0.00000E+00  0.00000E+00  0.19214E+02  0.00000E+00  0.35409E+00     49  0.00000E+00      0.000
       1.9815  0.30000E+00  0.00000E+00  0.13243E+00  0.00000E+00 -0.76426E+00  0.39444E+00  0.00000E+00  0.35531E+00  0.00000E+00 -0.29993E+01 -0.10000E+06  0.00000E+00 -0.28026E+02  0.00000E+00  0.00000E+00  0.19206E+02  0.00000E+00  0.35531E+00     50  0.00000E+00      0.000
       1.9907  0.30000E+00  0.00000E+00  0.12885E+00  0.00000E+00 -0.76051E+00  0.39722E+00  0.00000E+00  0.35650E+00  0.00000E+00 -0.30063E+01 -0.10000E+06  0.00000E+00 -0.28052E+02  0.00000E+00  0.00000E+00  0.19197E+02  0.00000E+00  0.35650E+00     51  0.00000E+00      0.000
       2.0000  0.30000E+00  0.00000E+00  0.12909E+00  0.00000E+00 -0.75704E+00  0.40000E+00  0.00000E+00  0.35770E+00  0.00000E+00 -0.30134E+01 -0.10000E+06  0.00000E+00 -0.28085E+02  0.00000E+00  0.00000E+00  0.19189E+02  0.00000E+00  0.35770E+00     52  0.00000E+00      0.000
       2.0167  0.50000E+00  0.00000E+00  0.12678E+00  0.00000E+00 -0.75070E+00  0.40833E+00  0.00000E+00  0.35981E+00  0.00000E+00 -0.30259E+01 -0.10000E+06  0.00000E+00 -0.28139E+02  0.00000E+00  0.00000E+00  0.19175E+02  0.00000E+00  0.35981E+00     53  0.00000E+00      0.000
       2.0375  0.50000E+00  0.00000E+00  0.12186E+00  0.00000E+00 -0.74292E+00  0.41875E+00  0.00000E+00  0.36235E+00  0.00000E+00 -0.30413E+01 -0.10000E+06  0.00000E+00 -0.28208E+02  0.00000E+00  0.00000E+00  0.19156E+02  0.00000E+00  0.36235E+00     54  0.00000E+00      0.000
       2.0479  0.50000E+00  0.00000E+00  0.12877E+00  0.00000E+00 -0.73918E+00  0.42396E+00  0.00000E+00  0.36369E+00  0.00000E+00 -0.30490E+01 -0.10000E+06  0.00000E+00 -0.28245E+02  0.00000E+00  0.00000E+00  0.19147E+02  0.00000E+00  0.36369E+00     55  0.00000E+00      0.000
       2.0609  0.50000E+00  0.00000E+00  0.13012E+00  0.00000E+00 -0.73421E+00  0.43047E+00  0.00000E+00  0.36539E+00  0.00000E+00 -0.30586E+01 -0.10000E+06  0.00000E+00 -0.28283E+02  0.00000E+00  0.00000E+00  0.19136E+02  0.00000E+00  0.36539E+00     56  0.00000E+00      0.000
       2.0805  0.50000E+00  0.00000E+00  0.13013E+00  0.00000E+00 -0.72713E+00  0.44023E+00  0.00000E+00  0.36793E+00  0.00000E+00 -0.30728E+01 -0.10000E+06  0.00000E+00 -0.28347E+02  0.00000E+00  0.00000E+00  0.19119E+02  0.00000E+00  0.36793E+00     57  0.00000E+00      0.000
       2.1000  0.50000E+00  0.00000E+00  0.13208E+00  0.00000E+00 -0.72004E+00  0.45000E+00  0.00000E+00  0.37051E+00  0.00000E+00 -0.30869E+01 -0.10000E+06  0.00000E+00 -0.28408E+02  0.00000E+00  0.00000E+00  0.19103E+02  0.00000E+00  0.37051E+00     58  0.00000E+00      0.000
       2.1250  0.50000E+00  0.00000E+00  0.12657E+00  0.00000E+00 -0.71116E+00  0.46250E+00  0.00000E+00  0.37367E+00  0.00000E+00 -0.31047E+01 -0.10000E+06  0.00000E+00 -0.28486E+02  0.00000E+00  0.00000E+00  0.19082E+02  0.00000E+00  0.37367E+00     59  0.00000E+00      0.000
       2.1500  0.50000E+00  0.00000E+00  0.11515E+00  0.00000E+00 -0.70240E+00  0.47500E+00  0.00000E+00  0.37655E+00  0.00000E+00 -0.31222E+01 -0.10000E+06  0.00000E+00 -0.28562E+02  0.00000E+00  0.00000E+00  0.19061E+02  0.00000E+00  0.37655E+00     60  0.00000E+00      0.000
       2.2000  0.50000E+00  0.00000E+00  0.10516E+00  0.00000E+00 -0.68545E+00  0.50000E+00  0.00000E+00  0.38181E+00  0.00000E+00 -0.31565E+01 -0.10000E+06  0.00000E+00 -0.28711E+02  0.00000E+00  0.00000E+00  0.19022E+02  0.00000E+00  0.38181E+00     61  0.00000E+00      0.000
       2.2500  0.50000E+00  0.00000E+00  0.10668E+00  0.00000E+00 -0.66910E+00  0.52500E+00  0.00000E+00  0.38714E+00  0.00000E+00 -0.31899E+01 -0.10000E+06  0.00000E+00 -0.28854E+02  0.00000E+00  0.00000E+00  0.18983E+02  0.00000E+00  0.38714E+00     62  0.00000E+00      0.000
       2.3000  0.50000E+00  0.00000E+00  0.10440E+00  0.00000E+00 -0.65335E+00  0.55000E+00  0.00000E+00  0.39236E+00  0.00000E+00 -0.32226E+01 -0.10000E+06  0.00000E+00 -0.28992E+02  0.00000E+00  0.00000E+00  0.18945E+02  0.00000E+00  0.39236E+00     63  0.00000E+00      0.000
       2.3500  0.50000E+00  0.00000E+00  0.10660E+00  0.00000E+00 -0.63822E+00  0.57500E+00  0.00000E+00  0.39769E+00  0.00000E+00 -0.32545E+01 -0.10000E+06  0.00000E+00 -0.29125E+02  0.00000E+00  0.00000E+00  0.18908E+02  0.00000E+00  0.39769E+00     64  0.00000E+00      0.000
       2.4000  0.50000E+00  0.00000E+00  0.10248E+00  0.00000E+00 -0.62374E+00  0.60000E+00  0.00000E+00  0.40282E+00  0.00000E+00 -0.32857E+01 -0.10000E+06  0.00000E+00 -0.29252E+02  0.00000E+00  0.00000E+00  0.18872E+02  0.00000E+00  0.40282E+00     65  0.00000E+00      0.000
       2.5000  0.50000E+00  0.00000E+00  0.96591E-01  0.00000E+00 -0.59762E+00  0.65000E+00  0.00000E+00  0.41248E+00  0.00000E+00 -0.33455E+01 -0.10000E+06  0.00000E+00 -0.29480E+02  0.00000E+00  0.00000E+00  0.18802E+02  0.00000E+00  0.41248E+00     66  0.00000E+00      0.000
       2.6000  0.50000E+00  0.00000E+00  0.91226E-01  0.00000E+00 -0.57420E+00  0.70000E+00  0.00000E+00  0.42160E+00  0.00000E+00 -0.34029E+01 -0.10000E+06  0.00000E+00 -0.29688E+02  0.00000E+00  0.00000E+00  0.18736E+02  0.00000E+00  0.42160E+00     67  0.00000E+00      0.000
       2.7000  0.50000E+00  0.00000E+00  0.87629E-01  0.00000E+00 -0.55526E+00  0.75000E+00  0.00000E+00  0.43036E+00  0.00000E+00 -0.34584E+01 -0.10000E+06  0.00000E+00 -0.29888E+02  0.00000E+00  0.00000E+00  0.18671E+02  0.00000E+00  0.43036E+00     68  0.00000E+00      0.000
       2.8000  0.50000E+00  0.00000E+00  0.82926E-01  0.00000E+00 -0.54593E+00  0.80000E+00  0.00000E+00  0.43865E+00  0.00000E+00 -0.35130E+01 -0.10000E+06  0.00000E+00 -0.30118E+02  0.00000E+00  0.00000E+00  0.18609E+02  0.00000E+00  0.43865E+00     69  0.00000E+00      0.000
       2.9000  0.50000E+00  0.00000E+00  0.80819E-01  0.00000E+00 -0.53665E+00  0.85000E+00  0.00000E+00  0.44674E+00  0.00000E+00 -0.35667E+01 -0.10000E+06  0.00000E+00 -0.30337E+02  0.00000E+00  0.00000E+00  0.18547E+02  0.00000E+00  0.44674E+00     70  0.00000E+00      0.000
       3.0000  0.50000E+00  0.00000E+00  0.79855E-01  0.00000E+00 -0.52757E+00  0.90000E+00  0.00000E+00  0.45472E+00  0.00000E+00 -0.36194E+01 -0.10000E+06  0.00000E+00 -0.30556E+02  0.00000E+00  0.00000E+00  0.18486E+02  0.00000E+00  0.45472E+00     71  0.00000E+00      0.000
       3.1000  0.30000E+00  0.00000E+00  0.78795E-01  0.00000E+00 -0.51852E+00  0.93000E+00  0.00000E+00  0.46260E+00  0.00000E+00 -0.36713E+01 -0.10000E+06  0.00000E+00 -0.30775E+02  0.00000E+00  0.00000E+00  0.18426E+02  0.00000E+00  0.46260E+00     72  0.00000E+00      0.000
       3.2000  0.30000E+00  0.00000E+00  0.71885E-01  0.00000E+00 -0.50947E+00  0.96000E+00  0.00000E+00  0.46979E+00  0.00000E+00 -0.37222E+01 -0.10000E+06  0.00000E+00 -0.30993E+02  0.00000E+00  0.00000E+00  0.18368E+02  0.00000E+00  0.46979E+00     73  0.00000E+00      0.000
       3.3000  0.30000E+00  0.00000E+00  0.69393E-01  0.00000E+00 -0.50044E+00  0.99000E+00  0.00000E+00  0.47673E+00  0.00000E+00 -0.37723E+01 -0.10000E+06  0.00000E+00 -0.31211E+02  0.00000E+00  0.00000E+00  0.18311E+02  0.00000E+00  0.47673E+00     74  0.00000E+00      0.000
       3.3333  0.30000E+00  0.00000E+00  0.74916E-01  0.00000E+00 -0.49802E+00  0.10000E+01  0.00000E+00  0.47923E+00  0.00000E+00 -0.37889E+01 -0.10000E+06  0.00000E+00 -0.31289E+02  0.00000E+00  0.00000E+00  0.18292E+02  0.00000E+00  0.47923E+00     75  0.00000E+00      0.000
       3.3667  0.30000E+00  0.00000E+00  0.75505E-01  0.00000E+00 -0.49434E+00  0.10100E+01  0.00000E+00  0.48174E+00  0.00000E+00 -0.38053E+01 -0.10000E+06  0.00000E+00 -0.31356E+02  0.00000E+00  0.00000E+00  0.18273E+02  0.00000E+00  0.48174E+00     76  0.00000E+00      0.000
       3.4000  0.30000E+00  0.00000E+00  0.74176E-01  0.00000E+00 -0.49146E+00  0.10200E+01  0.00000E+00  0.48422E+00  0.00000E+00 -0.38217E+01 -0.10000E+06  0.00000E+00 -0.31429E+02  0.00000E+00  0.00000E+00  0.18254E+02  0.00000E+00  0.48422E+00     77  0.00000E+00      0.000
       3.4500  0.30000E+00  0.00000E+00  0.73540E-01  0.00000E+00 -0.48689E+00  0.10350E+01  0.00000E+00  0.48789E+00  0.00000E+00 -0.38461E+01 -0.10000E+06  0.00000E+00 -0.31537E+02  0.00000E+00  0.00000E+00  0.18226E+02  0.00000E+00  0.48789E+00     78  0.00000E+00      0.000
       3.5000  0.30000E+00  0.00000E+00  0.72502E-01  0.00000E+00 -0.48241E+00  0.10500E+01  0.00000E+00  0.49152E+00  0.00000E+00 -0.38702E+01 -0.10000E+06  0.00000E+00 -0.31646E+02  0.00000E+00  0.00000E+00  0.18198E+02  0.00000E+00  0.49152E+00     79  0.00000E+00      0.000
       3.6000  0.30000E+00  0.00000E+00  0.72582E-01  0.00000E+00 -0.47344E+00  0.10800E+01  0.00000E+00  0.49878E+00  0.00000E+00 -0.39175E+01 -0.10000E+06  0.00000E+00 -0.31862E+02  0.00000E+00  0.00000E+00  0.18144E+02  0.00000E+00  0.49878E+00     80  0.00000E+00      0.000
       3.6333  0.30000E+00  0.00000E+00  0.68865E-01  0.00000E+00 -0.47098E+00  0.10900E+01  0.00000E+00  0.50107E+00  0.00000E+00 -0.39332E+01 -0.10000E+06  0.00000E+00 -0.31940E+02  0.00000E+00  0.00000E+00  0.18126E+02  0.00000E+00  0.50107E+00     81  0.00000E+00      0.000
       3.6667  0.30000E+00  0.00000E+00  0.67647E-01  0.00000E+00 -0.46740E+00  0.11000E+01  0.00000E+00  0.50333E+00  0.00000E+00 -0.39488E+01 -0.10000E+06  0.00000E+00 -0.32005E+02  0.00000E+00  0.00000E+00  0.18108E+02  0.00000E+00  0.50333E+00     82  0.00000E+00      0.000
       3.7000  0.30000E+00  0.00000E+00  0.67599E-01  0.00000E+00 -0.46455E+00  0.11100E+01  0.00000E+00  0.50558E+00  0.00000E+00 -0.39643E+01 -0.10000E+06  0.00000E+00 -0.32079E+02  0.00000E+00  0.00000E+00  0.18090E+02  0.00000E+00  0.50558E+00     83  0.00000E+00      0.000
       3.7500  0.30000E+00  0.00000E+00  0.66952E-01  0.00000E+00 -0.46003E+00  0.11250E+01  0.00000E+00  0.50893E+00  0.00000E+00 -0.39873E+01 -0.10000E+06  0.00000E+00 -0.32185E+02  0.00000E+00  0.00000E+00  0.18064E+02  0.00000E+00  0.50893E+00     84  0.00000E+00      0.000
       3.8000  0.30000E+00  0.00000E+00  0.66529E-01  0.00000E+00 -0.45562E+00  0.11400E+01  0.00000E+00  0.51225E+00  0.00000E+00 -0.40101E+01 -0.10000E+06  0.00000E+00 -0.32293E+02  0.00000E+00  0.00000E+00  0.18038E+02  0.00000E+00  0.51225E+00     85  0.00000E+00      0.000
       3.9000  0.30000E+00  0.00000E+00  0.63808E-01  0.00000E+00 -0.44678E+00  0.11700E+01  0.00000E+00  0.51863E+00  0.00000E+00 -0.40548E+01 -0.10000E+06  0.00000E+00 -0.32505E+02  0.00000E+00  0.00000E+00  0.17987E+02  0.00000E+00  0.51863E+00     86  0.00000E+00      0.000
       3.9333  0.30000E+00  0.00000E+00  0.66713E-01  0.00000E+00 -0.44430E+00  0.11800E+01  0.00000E+00  0.52086E+00  0.00000E+00 -0.40696E+01 -0.10000E+06  0.00000E+00 -0.32582E+02  0.00000E+00  0.00000E+00  0.17970E+02  0.00000E+00  0.52086E+00     87  0.00000E+00      0.000
       3.9667  0.30000E+00  0.00000E+00  0.67197E-01  0.00000E+00 -0.44085E+00  0.11900E+01  0.00000E+00  0.52310E+00  0.00000E+00 -0.40843E+01 -0.10000E+06  0.00000E+00 -0.32646E+02  0.00000E+00  0.00000E+00  0.17953E+02  0.00000E+00  0.52310E+00     88  0.00000E+00      0.000
       4.0000  0.30000E+00  0.00000E+00  0.66359E-01  0.00000E+00 -0.43805E+00  0.12000E+01  0.00000E+00  0.52531E+00  0.00000E+00 -0.40989E+01 -0.10000E+06  0.00000E+00 -0.32718E+02  0.00000E+00  0.00000E+00  0.17936E+02  0.00000E+00  0.52531E+00     89  0.00000E+00      0.000
       4.0500  0.50000E+00  0.00000E+00  0.65803E-01  0.00000E+00 -0.43362E+00  0.12250E+01  0.00000E+00  0.52860E+00  0.00000E+00 -0.41206E+01 -0.10000E+06  0.00000E+00 -0.32822E+02  0.00000E+00  0.00000E+00  0.17911E+02  0.00000E+00  0.52860E+00     90  0.00000E+00      0.000
       4.1000  0.50000E+00  0.00000E+00  0.65090E-01  0.00000E+00 -0.42930E+00  0.12500E+01  0.00000E+00  0.53185E+00  0.00000E+00 -0.41420E+01 -0.10000E+06  0.00000E+00 -0.32928E+02  0.00000E+00  0.00000E+00  0.17886E+02  0.00000E+00  0.53185E+00     91  0.00000E+00      0.000
       4.2000  0.50000E+00  0.00000E+00  0.66323E-01  0.00000E+00 -0.42066E+00  0.13000E+01  0.00000E+00  0.53849E+00  0.00000E+00 -0.41841E+01 -0.10000E+06  0.00000E+00 -0.33135E+02  0.00000E+00  0.00000E+00  0.17838E+02  0.00000E+00  0.53849E+00     92  0.00000E+00      0.000
       4.2333  0.50000E+00  0.00000E+00  0.61255E-01  0.00000E+00 -0.41819E+00  0.13167E+01  0.00000E+00  0.54053E+00  0.00000E+00 -0.41980E+01 -0.10000E+06  0.00000E+00 -0.33211E+02  0.00000E+00  0.00000E+00  0.17822E+02  0.00000E+00  0.54053E+00     93  0.00000E+00      0.000
       4.2667  0.50000E+00  0.00000E+00  0.59422E-01  0.00000E+00 -0.41489E+00  0.13333E+01  0.00000E+00  0.54251E+00  0.00000E+00 -0.42119E+01 -0.10000E+06  0.00000E+00 -0.33272E+02  0.00000E+00  0.00000E+00  0.17806E+02  0.00000E+00  0.54251E+00     94  0.00000E+00      0.000
       4.3000  0.50000E+00  0.00000E+00  0.59103E-01  0.00000E+00 -0.41216E+00  0.13500E+01  0.00000E+00  0.54448E+00  0.00000E+00 -0.42256E+01 -0.10000E+06  0.00000E+00 -0.33343E+02  0.00000E+00  0.00000E+00  0.17790E+02  0.00000E+00  0.54448E+00     95  0.00000E+00      0.000
       4.3500  0.50000E+00  0.00000E+00  0.58082E-01  0.00000E+00 -0.40785E+00  0.13750E+01  0.00000E+00  0.54738E+00  0.00000E+00 -0.42460E+01 -0.10000E+06  0.00000E+00 -0.33444E+02  0.00000E+00  0.00000E+00  0.17767E+02  0.00000E+00  0.54738E+00     96  0.00000E+00      0.000
       4.4000  0.50000E+00  0.00000E+00  0.57286E-01  0.00000E+00 -0.40365E+00  0.14000E+01  0.00000E+00  0.55025E+00  0.00000E+00 -0.42662E+01 -0.10000E+06  0.00000E+00 -0.33547E+02  0.00000E+00  0.00000E+00  0.17744E+02  0.00000E+00  0.55025E+00     97  0.00000E+00      0.000
       4.4333  0.50000E+00  0.00000E+00  0.59898E-01  0.00000E+00 -0.40116E+00  0.14167E+01  0.00000E+00  0.55224E+00  0.00000E+00 -0.42795E+01 -0.10000E+06  0.00000E+00 -0.33621E+02  0.00000E+00  0.00000E+00  0.17728E+02  0.00000E+00  0.55224E+00     98  0.00000E+00      0.000
       4.4667  0.50000E+00  0.00000E+00  0.60401E-01  0.00000E+00 -0.39799E+00  0.14333E+01  0.00000E+00  0.55426E+00  0.00000E+00 -0.42928E+01 -0.10000E+06  0.00000E+00 -0.33680E+02  0.00000E+00  0.00000E+00  0.17713E+02  0.00000E+00  0.55426E+00     99  0.00000E+00      0.000
       4.5000  0.50000E+00  0.00000E+00  0.60045E-01  0.00000E+00 -0.39530E+00  0.14500E+01  0.00000E+00  0.55626E+00  0.00000E+00 -0.43060E+01 -0.10000E+06  0.00000E+00 -0.33750E+02  0.00000E+00  0.00000E+00  0.17698E+02  0.00000E+00  0.55626E+00    100  0.00000E+00      0.000
       4.5500  0.50000E+00  0.00000E+00  0.59857E-01  0.00000E+00 -0.39109E+00  0.14750E+01  0.00000E+00  0.55925E+00  0.00000E+00 -0.43255E+01 -0.10000E+06  0.00000E+00 -0.33849E+02  0.00000E+00  0.00000E+00  0.17675E+02  0.00000E+00  0.55925E+00    101  0.00000E+00      0.000
       4.6000  0.50000E+00  0.00000E+00  0.59702E-01  0.00000E+00 -0.38699E+00  0.15000E+01  0.00000E+00  0.56224E+00  0.00000E+00 -0.43449E+01 -0.10000E+06  0.00000E+00 -0.33949E+02  0.00000E+00  0.00000E+00  0.17653E+02  0.00000E+00  0.56224E+00    102  0.00000E+00      0.000
       4.6333  0.50000E+00  0.00000E+00  0.57361E-01  0.00000E+00 -0.38451E+00  0.15167E+01  0.00000E+00  0.56415E+00  0.00000E+00 -0.43577E+01 -0.10000E+06  0.00000E+00 -0.34021E+02  0.00000E+00  0.00000E+00  0.17638E+02  0.00000E+00  0.56415E+00    103  0.00000E+00      0.000
       4.6667  0.50000E+00  0.00000E+00  0.56371E-01  0.00000E+00 -0.38147E+00  0.15333E+01  0.00000E+00  0.56603E+00  0.00000E+00 -0.43704E+01 -0.10000E+06  0.00000E+00 -0.34079E+02  0.00000E+00  0.00000E+00  0.17624E+02  0.00000E+00  0.56603E+00    104  0.00000E+00      0.000
       4.7000  0.50000E+00  0.00000E+00  0.55923E-01  0.00000E+00 -0.37884E+00  0.15500E+01  0.00000E+00  0.56789E+00  0.00000E+00 -0.43830E+01 -0.10000E+06  0.00000E+00 -0.34147E+02  0.00000E+00  0.00000E+00  0.17609E+02  0.00000E+00  0.56789E+00    105  0.00000E+00      0.000
       4.7500  0.50000E+00  0.00000E+00  0.55057E-01  0.00000E+00 -0.37474E+00  0.15750E+01  0.00000E+00  0.57065E+00  0.00000E+00 -0.44018E+01 -0.10000E+06  0.00000E+00 -0.34243E+02  0.00000E+00  0.00000E+00  0.17588E+02  0.00000E+00  0.57065E+00    106  0.00000E+00      0.000
       4.8000  0.50000E+00  0.00000E+00  0.54169E-01  0.00000E+00 -0.37075E+00  0.16000E+01  0.00000E+00  0.57335E+00  0.00000E+00 -0.44203E+01 -0.10000E+06  0.00000E+00 -0.34341E+02  0.00000E+00  0.00000E+00  0.17567E+02  0.00000E+00  0.57335E+00    107  0.00000E+00      0.000
       4.8333  0.50000E+00  0.00000E+00  0.55457E-01  0.00000E+00 -0.36829E+00  0.16167E+01  0.00000E+00  0.57520E+00  0.00000E+00 -0.44326E+01 -0.10000E+06  0.00000E+00 -0.34412E+02  0.00000E+00  0.00000E+00  0.17552E+02  0.00000E+00  0.57520E+00    108  0.00000E+00      0.000
       4.8667  0.50000E+00  0.00000E+00  0.55624E-01  0.00000E+00 -0.36538E+00  0.16333E+01  0.00000E+00  0.57706E+00  0.00000E+00 -0.44448E+01 -0.10000E+06  0.00000E+00 -0.34467E+02  0.00000E+00  0.00000E+00  0.17538E+02  0.00000E+00  0.57706E+00    109  0.00000E+00      0.000
       4.9000  0.50000E+00  0.00000E+00  0.55416E-01  0.00000E+00 -0.36281E+00  0.16500E+01  0.00000E+00  0.57890E+00  0.00000E+00 -0.44569E+01 -0.10000E+06  0.00000E+00 -0.34534E+02  0.00000E+00  0.00000E+00  0.17524E+02  0.00000E+00  0.57890E+00    110  0.00000E+00      0.000
       4.9500  0.50000E+00  0.00000E+00  0.55218E-01  0.00000E+00 -0.35884E+00  0.16750E+01  0.00000E+00  0.58166E+00  0.00000E+00 -0.44748E+01 -0.10000E+06  0.00000E+00 -0.34627E+02  0.00000E+00  0.00000E+00  0.17504E+02  0.00000E+00  0.58166E+00    111  0.00000E+00      0.000
       5.0000  0.50000E+00  0.00000E+00  0.55188E-01  0.00000E+00 -0.35497E+00  0.17000E+01  0.00000E+00  0.58442E+00  0.00000E+00 -0.44926E+01 -0.10000E+06  0.00000E+00 -0.34722E+02  0.00000E+00  0.00000E+00  0.17483E+02  0.00000E+00  0.58442E+00    112  0.00000E+00      0.000
       5.0333  0.50000E+00  0.00000E+00  0.53464E-01  0.00000E+00 -0.35255E+00  0.17167E+01  0.00000E+00  0.58621E+00  0.00000E+00 -0.45043E+01 -0.10000E+06  0.00000E+00 -0.34790E+02  0.00000E+00  0.00000E+00  0.17470E+02  0.00000E+00  0.58621E+00    113  0.00000E+00      0.000
       5.0667  0.50000E+00  0.00000E+00  0.52623E-01  0.00000E+00 -0.34977E+00  0.17333E+01  0.00000E+00  0.58796E+00  0.00000E+00 -0.45160E+01 -0.10000E+06  0.00000E+00 -0.34844E+02  0.00000E+00  0.00000E+00  0.17456E+02  0.00000E+00  0.58796E+00    114  0.00000E+00      0.000
       5.1000  0.50000E+00  0.00000E+00  0.52147E-01  0.00000E+00 -0.34727E+00  0.17500E+01  0.00000E+00  0.58970E+00  0.00000E+00 -0.45275E+01 -0.10000E+06  0.00000E+00 -0.34908E+02  0.00000E+00  0.00000E+00  0.17443E+02  0.00000E+00  0.58970E+00    115  0.00000E+00      0.000
       5.1500  0.50000E+00  0.00000E+00  0.51322E-01  0.00000E+00 -0.34344E+00  0.17750E+01  0.00000E+00  0.59226E+00  0.00000E+00 -0.45447E+01 -0.10000E+06  0.00000E+00 -0.34999E+02  0.00000E+00  0.00000E+00  0.17423E+02  0.00000E+00  0.59226E+00    116  0.00000E+00      0.000
       5.2000  0.50000E+00  0.00000E+00  0.50345E-01  0.00000E+00 -0.33969E+00  0.18000E+01  0.00000E+00  0.59478E+00  0.00000E+00 -0.45617E+01 -0.10000E+06  0.00000E+00 -0.35090E+02  0.00000E+00  0.00000E+00  0.17404E+02  0.00000E+00  0.59478E+00    117  0.00000E+00      0.000
       5.2333  0.50000E+00  0.00000E+00  0.51370E-01  0.00000E+00 -0.33731E+00  0.18167E+01  0.00000E+00  0.59649E+00  0.00000E+00 -0.45729E+01 -0.10000E+06  0.00000E+00 -0.35157E+02  0.00000E+00  0.00000E+00  0.17391E+02  0.00000E+00  0.59649E+00    118  0.00000E+00      0.000
       5.2667  0.50000E+00  0.00000E+00  0.51512E-01  0.00000E+00 -0.33469E+00  0.18333E+01  0.00000E+00  0.59821E+00  0.00000E+00 -0.45841E+01 -0.10000E+06  0.00000E+00 -0.35209E+02  0.00000E+00  0.00000E+00  0.17378E+02  0.00000E+00  0.59821E+00    119  0.00000E+00      0.000
       5.3000  0.50000E+00  0.00000E+00  0.51400E-01  0.00000E+00 -0.33226E+00  0.18500E+01  0.00000E+00  0.59992E+00  0.00000E+00 -0.45952E+01 -0.10000E+06  0.00000E+00 -0.35271E+02  0.00000E+00  0.00000E+00  0.17365E+02  0.00000E+00  0.59992E+00    120  0.00000E+00      0.000
       5.3500  0.50000E+00  0.00000E+00  0.51266E-01  0.00000E+00 -0.32858E+00  0.18750E+01  0.00000E+00  0.60249E+00  0.00000E+00 -0.46116E+01 -0.10000E+06  0.00000E+00 -0.35357E+02  0.00000E+00  0.00000E+00  0.17346E+02  0.00000E+00  0.60249E+00    121  0.00000E+00      0.000
       5.4000  0.50000E+00  0.00000E+00  0.51428E-01  0.00000E+00 -0.32496E+00  0.19000E+01  0.00000E+00  0.60506E+00  0.00000E+00 -0.46279E+01 -0.10000E+06  0.00000E+00 -0.35446E+02  0.00000E+00  0.00000E+00  0.17327E+02  0.00000E+00  0.60506E+00    122  0.00000E+00      0.000
       5.4333  0.50000E+00  0.00000E+00  0.49820E-01  0.00000E+00 -0.32264E+00  0.19167E+01  0.00000E+00  0.60672E+00  0.00000E+00 -0.46386E+01 -0.10000E+06  0.00000E+00 -0.35510E+02  0.00000E+00  0.00000E+00  0.17315E+02  0.00000E+00  0.60672E+00    123  0.00000E+00      0.000
       5.4667  0.50000E+00  0.00000E+00  0.49045E-01  0.00000E+00 -0.32016E+00  0.19333E+01  0.00000E+00  0.60836E+00  0.00000E+00 -0.46493E+01 -0.10000E+06  0.00000E+00 -0.35559E+02  0.00000E+00  0.00000E+00  0.17303E+02  0.00000E+00  0.60836E+00    124  0.00000E+00      0.000
       5.5000  0.50000E+00  0.00000E+00  0.48537E-01  0.00000E+00 -0.31782E+00  0.19500E+01  0.00000E+00  0.60997E+00  0.00000E+00 -0.46599E+01 -0.10000E+06  0.00000E+00 -0.35619E+02  0.00000E+00  0.00000E+00  0.17290E+02  0.00000E+00  0.60997E+00    125  0.00000E+00      0.000
       5.5500  0.50000E+00  0.00000E+00  0.47772E-01  0.00000E+00 -0.31429E+00  0.19750E+01  0.00000E+00  0.61236E+00  0.00000E+00 -0.46756E+01 -0.10000E+06  0.00000E+00 -0.35702E+02  0.00000E+00  0.00000E+00  0.17272E+02  0.00000E+00  0.61236E+00    126  0.00000E+00      0.000
       5.6000  0.50000E+00  0.00000E+00  0.46755E-01  0.00000E+00 -0.31083E+00  0.20000E+01  0.00000E+00  0.61470E+00  0.00000E+00 -0.46911E+01 -0.10000E+06  0.00000E+00 -0.35787E+02  0.00000E+00  0.00000E+00  0.17254E+02  0.00000E+00  0.61470E+00    127  0.00000E+00      0.000
       5.6333  0.50000E+00  0.00000E+00  0.47568E-01  0.00000E+00 -0.30857E+00  0.20167E+01  0.00000E+00  0.61628E+00  0.00000E+00 -0.47014E+01 -0.10000E+06  0.00000E+00 -0.35848E+02  0.00000E+00  0.00000E+00  0.17242E+02  0.00000E+00  0.61628E+00    128  0.00000E+00      0.000
       5.6667  0.50000E+00  0.00000E+00  0.47638E-01  0.00000E+00 -0.30625E+00  0.20333E+01  0.00000E+00  0.61787E+00  0.00000E+00 -0.47116E+01 -0.10000E+06  0.00000E+00 -0.35896E+02  0.00000E+00  0.00000E+00  0.17231E+02  0.00000E+00  0.61787E+00    129  0.00000E+00      0.000
       5.7000  0.50000E+00  0.00000E+00  0.47562E-01  0.00000E+00 -0.30399E+00  0.20500E+01  0.00000E+00  0.61946E+00  0.00000E+00 -0.47218E+01 -0.10000E+06  0.00000E+00 -0.35953E+02  0.00000E+00  0.00000E+00  0.17219E+02  0.00000E+00  0.61946E+00    130  0.00000E+00      0.000
       5.7500  0.50000E+00  0.00000E+00  0.47361E-01  0.00000E+00 -0.30064E+00  0.20750E+01  0.00000E+00  0.62183E+00  0.00000E+00 -0.47368E+01 -0.10000E+06  0.00000E+00 -0.36032E+02  0.00000E+00  0.00000E+00  0.17202E+02  0.00000E+00  0.62183E+00    131  0.00000E+00      0.000
       5.8000  0.50000E+00  0.00000E+00  0.47428E-01  0.00000E+00 -0.29733E+00  0.21000E+01  0.00000E+00  0.62420E+00  0.00000E+00 -0.47517E+01 -0.10000E+06  0.00000E+00 -0.36112E+02  0.00000E+00  0.00000E+00  0.17184E+02  0.00000E+00  0.62420E+00    132  0.00000E+00      0.000
       5.8333  0.50000E+00  0.00000E+00  0.46346E-01  0.00000E+00 -0.29515E+00  0.21167E+01  0.00000E+00  0.62574E+00  0.00000E+00 -0.47615E+01 -0.10000E+06  0.00000E+00 -0.36171E+02  0.00000E+00  0.00000E+00  0.17173E+02  0.00000E+00  0.62574E+00    133  0.00000E+00      0.000
       5.8667  0.50000E+00  0.00000E+00  0.45800E-01  0.00000E+00 -0.29298E+00  0.21333E+01  0.00000E+00  0.62727E+00  0.00000E+00 -0.47713E+01 -0.10000E+06  0.00000E+00 -0.36216E+02  0.00000E+00  0.00000E+00  0.17162E+02  0.00000E+00  0.62727E+00    134  0.00000E+00      0.000
       5.9000  0.50000E+00  0.00000E+00  0.45398E-01  0.00000E+00 -0.29083E+00  0.21500E+01  0.00000E+00  0.62878E+00  0.00000E+00 -0.47810E+01 -0.10000E+06  0.00000E+00 -0.36270E+02  0.00000E+00  0.00000E+00  0.17150E+02  0.00000E+00  0.62878E+00    135  0.00000E+00      0.000
       5.9500  0.50000E+00  0.00000E+00  0.44916E-01  0.00000E+00 -0.28766E+00  0.21750E+01  0.00000E+00  0.63103E+00  0.00000E+00 -0.47953E+01 -0.10000E+06  0.00000E+00 -0.36345E+02  0.00000E+00  0.00000E+00  0.17134E+02  0.00000E+00  0.63103E+00    136  0.00000E+00      0.000
       6.0000  0.50000E+00  0.00000E+00  0.44392E-01  0.00000E+00 -0.28452E+00  0.22000E+01  0.00000E+00  0.63325E+00  0.00000E+00 -0.48096E+01 -0.10000E+06  0.00000E+00 -0.36422E+02  0.00000E+00  0.00000E+00  0.17117E+02  0.00000E+00  0.63325E+00    137  0.00000E+00      0.000
       6.1000  0.40000E+00  0.00000E+00  0.42223E-01  0.00000E+00 -0.27846E+00  0.22400E+01  0.00000E+00  0.63747E+00  0.00000E+00 -0.48374E+01 -0.10000E+06  0.00000E+00 -0.36567E+02  0.00000E+00  0.00000E+00  0.17085E+02  0.00000E+00  0.63747E+00    138  0.00000E+00      0.000
       6.1333  0.40000E+00  0.00000E+00  0.43179E-01  0.00000E+00 -0.27640E+00  0.22533E+01  0.00000E+00  0.63891E+00  0.00000E+00 -0.48466E+01 -0.10000E+06  0.00000E+00 -0.36622E+02  0.00000E+00  0.00000E+00  0.17075E+02  0.00000E+00  0.63891E+00    139  0.00000E+00      0.000
       6.1667  0.40000E+00  0.00000E+00  0.43494E-01  0.00000E+00 -0.27448E+00  0.22667E+01  0.00000E+00  0.64036E+00  0.00000E+00 -0.48558E+01 -0.10000E+06  0.00000E+00 -0.36663E+02  0.00000E+00  0.00000E+00  0.17064E+02  0.00000E+00  0.64036E+00    140  0.00000E+00      0.000
       6.2000  0.40000E+00  0.00000E+00  0.43532E-01  0.00000E+00 -0.27249E+00  0.22800E+01  0.00000E+00  0.64181E+00  0.00000E+00 -0.48649E+01 -0.10000E+06  0.00000E+00 -0.36713E+02  0.00000E+00  0.00000E+00  0.17054E+02  0.00000E+00  0.64181E+00    141  0.00000E+00      0.000
       6.2500  0.40000E+00  0.00000E+00  0.43065E-01  0.00000E+00 -0.26961E+00  0.23000E+01  0.00000E+00  0.64396E+00  0.00000E+00 -0.48783E+01 -0.10000E+06  0.00000E+00 -0.36781E+02  0.00000E+00  0.00000E+00  0.17038E+02  0.00000E+00  0.64396E+00    142  0.00000E+00      0.000
       6.3000  0.40000E+00  0.00000E+00  0.42407E-01  0.00000E+00 -0.26676E+00  0.23200E+01  0.00000E+00  0.64608E+00  0.00000E+00 -0.48917E+01 -0.10000E+06  0.00000E+00 -0.36850E+02  0.00000E+00  0.00000E+00  0.17022E+02  0.00000E+00  0.64608E+00    143  0.00000E+00      0.000
       6.4000  0.40000E+00  0.00000E+00  0.40579E-01  0.00000E+00 -0.26129E+00  0.23600E+01  0.00000E+00  0.65014E+00  0.00000E+00 -0.49178E+01 -0.10000E+06  0.00000E+00 -0.36982E+02  0.00000E+00  0.00000E+00  0.16992E+02  0.00000E+00  0.65014E+00    144  0.00000E+00      0.000
       6.5000  0.40000E+00  0.00000E+00  0.39272E-01  0.00000E+00 -0.25602E+00  0.24000E+01  0.00000E+00  0.65407E+00  0.00000E+00 -0.49434E+01 -0.10000E+06  0.00000E+00 -0.37110E+02  0.00000E+00  0.00000E+00  0.16963E+02  0.00000E+00  0.65407E+00    145  0.00000E+00      0.000
       6.6000  0.40000E+00  0.00000E+00  0.39552E-01  0.00000E+00 -0.25097E+00  0.24400E+01  0.00000E+00  0.65802E+00  0.00000E+00 -0.49685E+01 -0.10000E+06  0.00000E+00 -0.37231E+02  0.00000E+00  0.00000E+00  0.16934E+02  0.00000E+00  0.65802E+00    146  0.00000E+00      0.000
       6.7000  0.40000E+00  0.00000E+00  0.39337E-01  0.00000E+00 -0.24614E+00  0.24800E+01  0.00000E+00  0.66196E+00  0.00000E+00 -0.49931E+01 -0.10000E+06  0.00000E+00 -0.37348E+02  0.00000E+00  0.00000E+00  0.16905E+02  0.00000E+00  0.66196E+00    147  0.00000E+00      0.000
       6.8000  0.40000E+00  0.00000E+00  0.39716E-01  0.00000E+00 -0.24154E+00  0.25200E+01  0.00000E+00  0.66593E+00  0.00000E+00 -0.50173E+01 -0.10000E+06  0.00000E+00 -0.37459E+02  0.00000E+00  0.00000E+00  0.16877E+02  0.00000E+00  0.66593E+00    148  0.00000E+00      0.000
       6.9000  0.40000E+00  0.00000E+00  0.40323E-01  0.00000E+00 -0.23719E+00  0.25600E+01  0.00000E+00  0.66996E+00  0.00000E+00 -0.50410E+01 -0.10000E+06  0.00000E+00 -0.37565E+02  0.00000E+00  0.00000E+00  0.16849E+02  0.00000E+00  0.66996E+00    149  0.00000E+00      0.000
       7.0000  0.40000E+00  0.00000E+00  0.40588E-01  0.00000E+00 -0.23346E+00  0.26000E+01  0.00000E+00  0.67402E+00  0.00000E+00 -0.50643E+01 -0.10000E+06  0.00000E+00 -0.37673E+02  0.00000E+00  0.00000E+00  0.16822E+02  0.00000E+00  0.67402E+00    150  0.00000E+00      0.000
       7.1000  0.40000E+00  0.00000E+00  0.39649E-01  0.00000E+00 -0.23170E+00  0.26400E+01  0.00000E+00  0.67799E+00  0.00000E+00 -0.50875E+01 -0.10000E+06  0.00000E+00 -0.37800E+02  0.00000E+00  0.00000E+00  0.16795E+02  0.00000E+00  0.67799E+00    151  0.00000E+00      0.000
       7.2000  0.40000E+00  0.00000E+00  0.39040E-01  0.00000E+00 -0.22994E+00  0.26800E+01  0.00000E+00  0.68189E+00  0.00000E+00 -0.51105E+01 -0.10000E+06  0.00000E+00 -0.37920E+02  0.00000E+00  0.00000E+00  0.16768E+02  0.00000E+00  0.68189E+00    152  0.00000E+00      0.000
       7.3000  0.40000E+00  0.00000E+00  0.38420E-01  0.00000E+00 -0.22827E+00  0.27200E+01  0.00000E+00  0.68573E+00  0.00000E+00 -0.51333E+01 -0.10000E+06  0.00000E+00 -0.38040E+02  0.00000E+00  0.00000E+00  0.16741E+02  0.00000E+00  0.68573E+00    153  0.00000E+00      0.000
       7.4000  0.40000E+00  0.00000E+00  0.38106E-01  0.00000E+00 -0.22659E+00  0.27600E+01  0.00000E+00  0.68954E+00  0.00000E+00 -0.51560E+01 -0.10000E+06  0.00000E+00 -0.38159E+02  0.00000E+00  0.00000E+00  0.16715E+02  0.00000E+00  0.68954E+00    154  0.00000E+00      0.000
       7.5000  0.40000E+00  0.00000E+00  0.37697E-01  0.00000E+00 -0.22492E+00  0.28000E+01  0.00000E+00  0.69331E+00  0.00000E+00 -0.51785E+01 -0.10000E+06  0.00000E+00 -0.38277E+02  0.00000E+00  0.00000E+00  0.16688E+02  0.00000E+00  0.69331E+00    155  0.00000E+00      0.000
       7.6000  0.40000E+00  0.00000E+00  0.37319E-01  0.00000E+00 -0.22324E+00  0.28400E+01  0.00000E+00  0.69704E+00  0.00000E+00 -0.52008E+01 -0.10000E+06  0.00000E+00 -0.38396E+02  0.00000E+00  0.00000E+00  0.16662E+02  0.00000E+00  0.69704E+00    156  0.00000E+00      0.000
       7.7000  0.40000E+00  0.00000E+00  0.36972E-01  0.00000E+00 -0.22157E+00  0.28800E+01  0.00000E+00  0.70074E+00  0.00000E+00 -0.52230E+01 -0.10000E+06  0.00000E+00 -0.38514E+02  0.00000E+00  0.00000E+00  0.16636E+02  0.00000E+00  0.70074E+00    157  0.00000E+00      0.000
       7.8000  0.40000E+00  0.00000E+00  0.36629E-01  0.00000E+00 -0.21989E+00  0.29200E+01  0.00000E+00  0.70440E+00  0.00000E+00 -0.52450E+01 -0.10000E+06  0.00000E+00 -0.38633E+02  0.00000E+00  0.00000E+00  0.16611E+02  0.00000E+00  0.70440E+00    158  0.00000E+00      0.000
       7.9000  0.40000E+00  0.00000E+00  0.36297E-01  0.00000E+00 -0.21821E+00  0.29600E+01  0.00000E+00  0.70803E+00  0.00000E+00 -0.52668E+01 -0.10000E+06  0.00000E+00 -0.38752E+02  0.00000E+00  0.00000E+00  0.16585E+02  0.00000E+00  0.70803E+00    159  0.00000E+00      0.000
       8.0000  0.40000E+00  0.00000E+00  0.35969E-01  0.00000E+00 -0.21652E+00  0.30000E+01  0.00000E+00  0.71163E+00  0.00000E+00 -0.52884E+01 -0.10000E+06  0.00000E+00 -0.38871E+02  0.00000E+00  0.00000E+00  0.16560E+02  0.00000E+00  0.71163E+00    160  0.00000E+00      0.000
       8.1000  0.30000E+00  0.00000E+00  0.35646E-01  0.00000E+00 -0.21483E+00  0.30300E+01  0.00000E+00  0.71520E+00  0.00000E+00 -0.53099E+01 -0.10000E+06  0.00000E+00 -0.38991E+02  0.00000E+00  0.00000E+00  0.16535E+02  0.00000E+00  0.71520E+00    161  0.00000E+00      0.000
       8.2000  0.30000E+00  0.00000E+00  0.35327E-01  0.00000E+00 -0.21314E+00  0.30600E+01  0.00000E+00  0.71873E+00  0.00000E+00 -0.53312E+01 -0.10000E+06  0.00000E+00 -0.39110E+02  0.00000E+00  0.00000E+00  0.16510E+02  0.00000E+00  0.71873E+00    162  0.00000E+00      0.000
       8.3000  0.30000E+00  0.00000E+00  0.35011E-01  0.00000E+00 -0.21145E+00  0.30900E+01  0.00000E+00  0.72223E+00  0.00000E+00 -0.53524E+01 -0.10000E+06  0.00000E+00 -0.39230E+02  0.00000E+00  0.00000E+00  0.16486E+02  0.00000E+00  0.72223E+00    163  0.00000E+00      0.000
       8.4000  0.30000E+00  0.00000E+00  0.34698E-01  0.00000E+00 -0.20975E+00  0.31200E+01  0.00000E+00  0.72570E+00  0.00000E+00 -0.53733E+01 -0.10000E+06  0.00000E+00 -0.39350E+02  0.00000E+00  0.00000E+00  0.16461E+02  0.00000E+00  0.72570E+00    164  0.00000E+00      0.000
       8.5000  0.30000E+00  0.00000E+00  0.34389E-01  0.00000E+00 -0.20805E+00  0.31500E+01  0.00000E+00  0.72914E+00  0.00000E+00 -0.53941E+01 -0.10000E+06  0.00000E+00 -0.39471E+02  0.00000E+00  0.00000E+00  0.16437E+02  0.00000E+00  0.72914E+00    165  0.00000E+00      0.000
       8.6000  0.30000E+00  0.00000E+00  0.34082E-01  0.00000E+00 -0.20635E+00  0.31800E+01  0.00000E+00  0.73255E+00  0.00000E+00 -0.54148E+01 -0.10000E+06  0.00000E+00 -0.39591E+02  0.00000E+00  0.00000E+00  0.16413E+02  0.00000E+00  0.73255E+00    166  0.00000E+00      0.000
       8.7000  0.30000E+00  0.00000E+00  0.33777E-01  0.00000E+00 -0.20465E+00  0.32100E+01  0.00000E+00  0.73592E+00  0.00000E+00 -0.54352E+01 -0.10000E+06  0.00000E+00 -0.39711E+02  0.00000E+00  0.00000E+00  0.16389E+02  0.00000E+00  0.73592E+00    167  0.00000E+00      0.000
       8.8000  0.30000E+00  0.00000E+00  0.33513E-01  0.00000E+00 -0.20295E+00  0.32400E+01  0.00000E+00  0.73927E+00  0.00000E+00 -0.54555E+01 -0.10000E+06  0.00000E+00 -0.39832E+02  0.00000E+00  0.00000E+00  0.16365E+02  0.00000E+00  0.73927E+00    168  0.00000E+00      0.000
       8.9000  0.30000E+00  0.00000E+00  0.33388E-01  0.00000E+00 -0.20124E+00  0.32700E+01  0.00000E+00  0.74261E+00  0.00000E+00 -0.54757E+01 -0.10000E+06  0.00000E+00 -0.39952E+02  0.00000E+00  0.00000E+00  0.16342E+02  0.00000E+00  0.74261E+00    169  0.00000E+00      0.000
       9.0000  0.30000E+00  0.00000E+00  0.33110E-01  0.00000E+00 -0.19954E+00  0.33000E+01  0.00000E+00  0.74592E+00  0.00000E+00 -0.54956E+01 -0.10000E+06  0.00000E+00 -0.40073E+02  0.00000E+00  0.00000E+00  0.16319E+02  0.00000E+00  0.74592E+00    170  0.00000E+00      0.000
       9.1000  0.40000E+00  0.00000E+00  0.32892E-01  0.00000E+00 -0.19784E+00  0.33400E+01  0.00000E+00  0.74921E+00  0.00000E+00 -0.55154E+01 -0.10000E+06  0.00000E+00 -0.40193E+02  0.00000E+00  0.00000E+00  0.16296E+02  0.00000E+00  0.74921E+00    171  0.00000E+00      0.000
       9.2000  0.40000E+00  0.00000E+00  0.32686E-01  0.00000E+00 -0.19614E+00  0.33800E+01  0.00000E+00  0.75248E+00  0.00000E+00 -0.55350E+01 -0.10000E+06  0.00000E+00 -0.40313E+02  0.00000E+00  0.00000E+00  0.16273E+02  0.00000E+00  0.75248E+00    172  0.00000E+00      0.000
       9.3000  0.40000E+00  0.00000E+00  0.32490E-01  0.00000E+00 -0.19444E+00  0.34200E+01  0.00000E+00  0.75573E+00  0.00000E+00 -0.55545E+01 -0.10000E+06  0.00000E+00 -0.40434E+02  0.00000E+00  0.00000E+00  0.16250E+02  0.00000E+00  0.75573E+00    173  0.00000E+00      0.000
       9.4000  0.40000E+00  0.00000E+00  0.32292E-01  0.00000E+00 -0.19274E+00  0.34600E+01  0.00000E+00  0.75896E+00  0.00000E+00 -0.55737E+01 -0.10000E+06  0.00000E+00 -0.40554E+02  0.00000E+00  0.00000E+00  0.16227E+02  0.00000E+00  0.75896E+00    174  0.00000E+00      0.000
       9.5000  0.40000E+00  0.00000E+00  0.32088E-01  0.00000E+00 -0.19104E+00  0.35000E+01  0.00000E+00  0.76217E+00  0.00000E+00 -0.55928E+01 -0.10000E+06  0.00000E+00 -0.40674E+02  0.00000E+00  0.00000E+00  0.16205E+02  0.00000E+00  0.76217E+00    175  0.00000E+00      0.000
       9.6000  0.40000E+00  0.00000E+00  0.31877E-01  0.00000E+00 -0.18935E+00  0.35400E+01  0.00000E+00  0.76536E+00  0.00000E+00 -0.56118E+01 -0.10000E+06  0.00000E+00 -0.40794E+02  0.00000E+00  0.00000E+00  0.16183E+02  0.00000E+00  0.76536E+00    176  0.00000E+00      0.000
       9.7000  0.40000E+00  0.00000E+00  0.31660E-01  0.00000E+00 -0.18766E+00  0.35800E+01  0.00000E+00  0.76852E+00  0.00000E+00 -0.56305E+01 -0.10000E+06  0.00000E+00 -0.40914E+02  0.00000E+00  0.00000E+00  0.16161E+02  0.00000E+00  0.76852E+00    177  0.00000E+00      0.000
       9.8000  0.40000E+00  0.00000E+00  0.31438E-01  0.00000E+00 -0.18597E+00  0.36200E+01  0.00000E+00  0.77167E+00  0.00000E+00 -0.56491E+01 -0.10000E+06  0.00000E+00 -0.41033E+02  0.00000E+00  0.00000E+00  0.16139E+02  0.00000E+00  0.77167E+00    178  0.00000E+00      0.000
       9.9000  0.40000E+00  0.00000E+00  0.31212E-01  0.00000E+00 -0.18428E+00  0.36600E+01  0.00000E+00  0.77479E+00  0.00000E+00 -0.56676E+01 -0.10000E+06  0.00000E+00 -0.41152E+02  0.00000E+00  0.00000E+00  0.16118E+02  0.00000E+00  0.77479E+00    179  0.00000E+00      0.000
      10.0000  0.40000E+00  0.00000E+00  0.30982E-01  0.00000E+00 -0.18260E+00  0.37000E+01  0.00000E+00  0.77789E+00  0.00000E+00 -0.56858E+01 -0.10000E+06  0.00000E+00 -0.41271E+02  0.00000E+00  0.00000E+00  0.16096E+02  0.00000E+00  0.77789E+00    180  0.00000E+00      0.000
      10.1000  0.20000E+00  0.00000E+00  0.30750E-01  0.00000E+00 -0.18092E+00  0.37200E+01  0.00000E+00  0.78096E+00  0.00000E+00 -0.57039E+01 -0.10000E+06  0.00000E+00 -0.41390E+02  0.00000E+00  0.00000E+00  0.16075E+02  0.00000E+00  0.78096E+00    181  0.00000E+00      0.000
      10.2000  0.20000E+00  0.00000E+00  0.30515E-01  0.00000E+00 -0.17925E+00  0.37400E+01  0.00000E+00  0.78401E+00  0.00000E+00 -0.57218E+01 -0.10000E+06  0.00000E+00 -0.41509E+02  0.00000E+00  0.00000E+00  0.16054E+02  0.00000E+00  0.78401E+00    182  0.00000E+00      0.000
      10.3000  0.20000E+00  0.00000E+00  0.30279E-01  0.00000E+00 -0.17758E+00  0.37600E+01  0.00000E+00  0.78704E+00  0.00000E+00 -0.57396E+01 -0.10000E+06  0.00000E+00 -0.41627E+02  0.00000E+00  0.00000E+00  0.16034E+02  0.00000E+00  0.78704E+00    183  0.00000E+00      0.000
      10.4000  0.20000E+00  0.00000E+00  0.30043E-01  0.00000E+00 -0.17592E+00  0.37800E+01  0.00000E+00  0.79004E+00  0.00000E+00 -0.57572E+01 -0.10000E+06  0.00000E+00 -0.41745E+02  0.00000E+00  0.00000E+00  0.16013E+02  0.00000E+00  0.79004E+00    184  0.00000E+00      0.000
      10.5000  0.20000E+00  0.00000E+00  0.29810E-01  0.00000E+00 -0.17426E+00  0.38000E+01  0.00000E+00  0.79303E+00  0.00000E+00 -0.57746E+01 -0.10000E+06  0.00000E+00 -0.41862E+02  0.00000E+00  0.00000E+00  0.15993E+02  0.00000E+00  0.79303E+00    185  0.00000E+00      0.000
      10.6000  0.20000E+00  0.00000E+00  0.29580E-01  0.00000E+00 -0.17260E+00  0.38200E+01  0.00000E+00  0.79598E+00  0.00000E+00 -0.57919E+01 -0.10000E+06  0.00000E+00 -0.41979E+02  0.00000E+00  0.00000E+00  0.15972E+02  0.00000E+00  0.79598E+00    186  0.00000E+00      0.000
      10.7000  0.20000E+00  0.00000E+00  0.29352E-01  0.00000E+00 -0.17095E+00  0.38400E+01  0.00000E+00  0.79892E+00  0.00000E+00 -0.58090E+01 -0.10000E+06  0.00000E+00 -0.42096E+02  0.00000E+00  0.00000E+00  0.15952E+02  0.00000E+00  0.79892E+00    187  0.00000E+00      0.000
      10.8000  0.20000E+00  0.00000E+00  0.29128E-01  0.00000E+00 -0.16931E+00  0.38600E+01  0.00000E+00  0.80183E+00  0.00000E+00 -0.58259E+01 -0.10000E+06  0.00000E+00 -0.42212E+02  0.00000E+00  0.00000E+00  0.15932E+02  0.00000E+00  0.80183E+00    188  0.00000E+00      0.000
      10.9000  0.20000E+00  0.00000E+00  0.28907E-01  0.00000E+00 -0.16767E+00  0.38800E+01  0.00000E+00  0.80472E+00  0.00000E+00 -0.58427E+01 -0.10000E+06  0.00000E+00 -0.42328E+02  0.00000E+00  0.00000E+00  0.15913E+02  0.00000E+00  0.80472E+00    189  0.00000E+00      0.000
      11.0000  0.20000E+00  0.00000E+00  0.28688E-01  0.00000E+00 -0.16604E+00  0.39000E+01  0.00000E+00  0.80759E+00  0.00000E+00 -0.58593E+01 -0.10000E+06  0.00000E+00 -0.42443E+02  0.00000E+00  0.00000E+00  0.15893E+02  0.00000E+00  0.80759E+00    190  0.00000E+00      0.000
      11.1000  0.20000E+00  0.00000E+00  0.28472E-01  0.00000E+00 -0.16442E+00  0.39200E+01  0.00000E+00  0.81044E+00  0.00000E+00 -0.58757E+01 -0.10000E+06  0.00000E+00 -0.42558E+02  0.00000E+00  0.00000E+00  0.15874E+02  0.00000E+00  0.81044E+00    191  0.00000E+00      0.000
      11.2000  0.20000E+00  0.00000E+00  0.28258E-01  0.00000E+00 -0.16281E+00  0.39400E+01  0.00000E+00  0.81326E+00  0.00000E+00 -0.58920E+01 -0.10000E+06  0.00000E+00 -0.42672E+02  0.00000E+00  0.00000E+00  0.15855E+02  0.00000E+00  0.81326E+00    192  0.00000E+00      0.000
      11.3000  0.20000E+00  0.00000E+00  0.28046E-01  0.00000E+00 -0.16120E+00  0.39600E+01  0.00000E+00  0.81607E+00  0.00000E+00 -0.59081E+01 -0.10000E+06  0.00000E+00 -0.42786E+02  0.00000E+00  0.00000E+00  0.15836E+02  0.00000E+00  0.81607E+00    193  0.00000E+00      0.000
      11.4000  0.20000E+00  0.00000E+00  0.27837E-01  0.00000E+00 -0.15960E+00  0.39800E+01  0.00000E+00  0.81885E+00  0.00000E+00 -0.59241E+01 -0.10000E+06  0.00000E+00 -0.42899E+02  0.00000E+00  0.00000E+00  0.15817E+02  0.00000E+00  0.81885E+00    194  0.00000E+00      0.000
      11.5000  0.20000E+00  0.00000E+00  0.27628E-01  0.00000E+00 -0.15800E+00  0.40000E+01  0.00000E+00  0.82162E+00  0.00000E+00 -0.59399E+01 -0.10000E+06  0.00000E+00 -0.43012E+02  0.00000E+00  0.00000E+00  0.15799E+02  0.00000E+00  0.82162E+00    195  0.00000E+00      0.000
      11.6000  0.20000E+00  0.00000E+00  0.27421E-01  0.00000E+00 -0.15642E+00  0.40200E+01  0.00000E+00  0.82436E+00  0.00000E+00 -0.59555E+01 -0.10000E+06  0.00000E+00 -0.43124E+02  0.00000E+00  0.00000E+00  0.15780E+02  0.00000E+00  0.82436E+00    196  0.00000E+00      0.000
      11.7000  0.20000E+00  0.00000E+00  0.27216E-01  0.00000E+00 -0.15484E+00  0.40400E+01  0.00000E+00  0.82708E+00  0.00000E+00 -0.59710E+01 -0.10000E+06  0.00000E+00 -0.43236E+02  0.00000E+00  0.00000E+00  0.15762E+02  0.00000E+00  0.82708E+00    197  0.00000E+00      0.000
      11.8000  0.20000E+00  0.00000E+00  0.27011E-01  0.00000E+00 -0.15327E+00  0.40600E+01  0.00000E+00  0.82978E+00  0.00000E+00 -0.59863E+01 -0.10000E+06  0.00000E+00 -0.43347E+02  0.00000E+00  0.00000E+00  0.15744E+02  0.00000E+00  0.82978E+00    198  0.00000E+00      0.000
      11.9000  0.20000E+00  0.00000E+00  0.26808E-01  0.00000E+00 -0.15171E+00  0.40800E+01  0.00000E+00  0.83246E+00  0.00000E+00 -0.60015E+01 -0.10000E+06  0.00000E+00 -0.43457E+02  0.00000E+00  0.00000E+00  0.15726E+02  0.00000E+00  0.83246E+00    199  0.00000E+00      0.000
      12.0000  0.20000E+00  0.00000E+00  0.26605E-01  0.00000E+00 -0.15016E+00  0.41000E+01  0.00000E+00  0.83512E+00  0.00000E+00 -0.60165E+01 -0.10000E+06  0.00000E+00 -0.43567E+02  0.00000E+00  0.00000E+00  0.15709E+02  0.00000E+00  0.83512E+00    200  0.00000E+00      0.000
      12.1000  0.40000E+00  0.00000E+00  0.26403E-01  0.00000E+00 -0.14862E+00  0.41400E+01  0.00000E+00  0.83776E+00  0.00000E+00 -0.60314E+01 -0.10000E+06  0.00000E+00 -0.43676E+02  0.00000E+00  0.00000E+00  0.15691E+02  0.00000E+00  0.83776E+00    201  0.00000E+00      0.000
      12.2000  0.40000E+00  0.00000E+00  0.26202E-01  0.00000E+00 -0.14709E+00  0.41800E+01  0.00000E+00  0.84038E+00  0.00000E+00 -0.60461E+01 -0.10000E+06  0.00000E+00 -0.43784E+02  0.00000E+00  0.00000E+00  0.15674E+02  0.00000E+00  0.84038E+00    202  0.00000E+00      0.000
      12.3000  0.40000E+00  0.00000E+00  0.26002E-01  0.00000E+00 -0.14557E+00  0.42200E+01  0.00000E+00  0.84298E+00  0.00000E+00 -0.60606E+01 -0.10000E+06  0.00000E+00 -0.43892E+02  0.00000E+00  0.00000E+00  0.15657E+02  0.00000E+00  0.84298E+00    203  0.00000E+00      0.000
      12.4000  0.40000E+00  0.00000E+00  0.25803E-01  0.00000E+00 -0.14406E+00  0.42600E+01  0.00000E+00  0.84556E+00  0.00000E+00 -0.60751E+01 -0.10000E+06  0.00000E+00 -0.43999E+02  0.00000E+00  0.00000E+00  0.15640E+02  0.00000E+00  0.84556E+00    204  0.00000E+00      0.000
      12.5000  0.40000E+00  0.00000E+00  0.25605E-01  0.00000E+00 -0.14255E+00  0.43000E+01  0.00000E+00  0.84812E+00  0.00000E+00 -0.60893E+01 -0.10000E+06  0.00000E+00 -0.44105E+02  0.00000E+00  0.00000E+00  0.15623E+02  0.00000E+00  0.84812E+00    205  0.00000E+00      0.000
      12.6000  0.40000E+00  0.00000E+00  0.25408E-01  0.00000E+00 -0.14106E+00  0.43400E+01  0.00000E+00  0.85066E+00  0.00000E+00 -0.61034E+01 -0.10000E+06  0.00000E+00 -0.44211E+02  0.00000E+00  0.00000E+00  0.15606E+02  0.00000E+00  0.85066E+00    206  0.00000E+00      0.000
      12.7000  0.40000E+00  0.00000E+00  0.25213E-01  0.00000E+00 -0.13958E+00  0.43800E+01  0.00000E+00  0.85319E+00  0.00000E+00 -0.61174E+01 -0.10000E+06  0.00000E+00 -0.44316E+02  0.00000E+00  0.00000E+00  0.15590E+02  0.00000E+00  0.85319E+00    207  0.00000E+00      0.000
      12.8000  0.40000E+00  0.00000E+00  0.25018E-01  0.00000E+00 -0.13811E+00  0.44200E+01  0.00000E+00  0.85569E+00  0.00000E+00 -0.61312E+01 -0.10000E+06  0.00000E+00 -0.44420E+02  0.00000E+00  0.00000E+00  0.15573E+02  0.00000E+00  0.85569E+00    208  0.00000E+00      0.000
      12.9000  0.40000E+00  0.00000E+00  0.24824E-01  0.00000E+00 -0.13665E+00  0.44600E+01  0.00000E+00  0.85817E+00  0.00000E+00 -0.61449E+01 -0.10000E+06  0.00000E+00 -0.44523E+02  0.00000E+00  0.00000E+00  0.15557E+02  0.00000E+00  0.85817E+00    209  0.00000E+00      0.000
      13.0000  0.40000E+00  0.00000E+00  0.24632E-01  0.00000E+00 -0.13521E+00  0.45000E+01  0.00000E+00  0.86063E+00  0.00000E+00 -0.61584E+01 -0.10000E+06  0.00000E+00 -0.44625E+02  0.00000E+00  0.00000E+00  0.15541E+02  0.00000E+00  0.86063E+00    210  0.00000E+00      0.000
      13.1000  0.40000E+00  0.00000E+00  0.24441E-01  0.00000E+00 -0.13377E+00  0.45400E+01  0.00000E+00  0.86308E+00  0.00000E+00 -0.61717E+01 -0.10000E+06  0.00000E+00 -0.44727E+02  0.00000E+00  0.00000E+00  0.15525E+02  0.00000E+00  0.86308E+00    211  0.00000E+00      0.000
      13.2000  0.40000E+00  0.00000E+00  0.24251E-01  0.00000E+00 -0.13235E+00  0.45800E+01  0.00000E+00  0.86550E+00  0.00000E+00 -0.61850E+01 -0.10000E+06  0.00000E+00 -0.44828E+02  0.00000E+00  0.00000E+00  0.15510E+02  0.00000E+00  0.86550E+00    212  0.00000E+00      0.000
      13.3000  0.40000E+00  0.00000E+00  0.24062E-01  0.00000E+00 -0.13094E+00  0.46200E+01  0.00000E+00  0.86791E+00  0.00000E+00 -0.61981E+01 -0.10000E+06  0.00000E+00 -0.44928E+02  0.00000E+00  0.00000E+00  0.15494E+02  0.00000E+00  0.86791E+00    213  0.00000E+00      0.000
      13.4000  0.40000E+00  0.00000E+00  0.23875E-01  0.00000E+00 -0.12954E+00  0.46600E+01  0.00000E+00  0.87030E+00  0.00000E+00 -0.62110E+01 -0.10000E+06  0.00000E+00 -0.45027E+02  0.00000E+00  0.00000E+00  0.15479E+02  0.00000E+00  0.87030E+00    214  0.00000E+00      0.000
      13.5000  0.40000E+00  0.00000E+00  0.23688E-01  0.00000E+00 -0.12815E+00  0.47000E+01  0.00000E+00  0.87266E+00  0.00000E+00 -0.62238E+01 -0.10000E+06  0.00000E+00 -0.45125E+02  0.00000E+00  0.00000E+00  0.15464E+02  0.00000E+00  0.87266E+00    215  0.00000E+00      0.000
      13.6000  0.40000E+00  0.00000E+00  0.23503E-01  0.00000E+00 -0.12678E+00  0.47400E+01  0.00000E+00  0.87501E+00  0.00000E+00 -0.62365E+01 -0.10000E+06  0.00000E+00 -0.45222E+02  0.00000E+00  0.00000E+00  0.15449E+02  0.00000E+00  0.87501E+00    216  0.00000E+00      0.000
      13.7000  0.40000E+00  0.00000E+00  0.23319E-01  0.00000E+00 -0.12541E+00  0.47800E+01  0.00000E+00  0.87735E+00  0.00000E+00 -0.62491E+01 -0.10000E+06  0.00000E+00 -0.45319E+02  0.00000E+00  0.00000E+00  0.15434E+02  0.00000E+00  0.87735E+00    217  0.00000E+00      0.000
      13.8000  0.40000E+00  0.00000E+00  0.23137E-01  0.00000E+00 -0.12407E+00  0.48200E+01  0.00000E+00  0.87966E+00  0.00000E+00 -0.62615E+01 -0.10000E+06  0.00000E+00 -0.45414E+02  0.00000E+00  0.00000E+00  0.15419E+02  0.00000E+00  0.87966E+00    218  0.00000E+00      0.000
      13.9000  0.40000E+00  0.00000E+00  0.22955E-01  0.00000E+00 -0.12273E+00  0.48600E+01  0.00000E+00  0.88196E+00  0.00000E+00 -0.62737E+01 -0.10000E+06  0.00000E+00 -0.45508E+02  0.00000E+00  0.00000E+00  0.15404E+02  0.00000E+00  0.88196E+00    219  0.00000E+00      0.000
      14.0000  0.40000E+00  0.00000E+00  0.22774E-01  0.00000E+00 -0.12141E+00  0.49000E+01  0.00000E+00  0.88423E+00  0.00000E+00 -0.62859E+01 -0.10000E+06  0.00000E+00 -0.45602E+02  0.00000E+00  0.00000E+00  0.15390E+02  0.00000E+00  0.88423E+00    220  0.00000E+00      0.000
      14.1000  0.30000E+00  0.00000E+00  0.22595E-01  0.00000E+00 -0.12010E+00  0.49300E+01  0.00000E+00  0.88649E+00  0.00000E+00 -0.62979E+01 -0.10000E+06  0.00000E+00 -0.45694E+02  0.00000E+00  0.00000E+00  0.15376E+02  0.00000E+00  0.88649E+00    221  0.00000E+00      0.000
      14.2000  0.30000E+00  0.00000E+00  0.22416E-01  0.00000E+00 -0.11881E+00  0.49600E+01  0.00000E+00  0.88873E+00  0.00000E+00 -0.63098E+01 -0.10000E+06  0.00000E+00 -0.45786E+02  0.00000E+00  0.00000E+00  0.15362E+02  0.00000E+00  0.88873E+00    222  0.00000E+00      0.000
      14.3000  0.30000E+00  0.00000E+00  0.22239E-01  0.00000E+00 -0.11753E+00  0.49900E+01  0.00000E+00  0.89096E+00  0.00000E+00 -0.63215E+01 -0.10000E+06  0.00000E+00 -0.45876E+02  0.00000E+00  0.00000E+00  0.15348E+02  0.00000E+00  0.89096E+00    223  0.00000E+00      0.000
      14.4000  0.30000E+00  0.00000E+00  0.22063E-01  0.00000E+00 -0.11627E+00  0.50200E+01  0.00000E+00  0.89316E+00  0.00000E+00 -0.63332E+01 -0.10000E+06  0.00000E+00 -0.45966E+02  0.00000E+00  0.00000E+00  0.15334E+02  0.00000E+00  0.89316E+00    224  0.00000E+00      0.000
      14.5000  0.30000E+00  0.00000E+00  0.21888E-01  0.00000E+00 -0.11502E+00  0.50500E+01  0.00000E+00  0.89535E+00  0.00000E+00 -0.63447E+01 -0.10000E+06  0.00000E+00 -0.46054E+02  0.00000E+00  0.00000E+00  0.15320E+02  0.00000E+00  0.89535E+00    225  0.00000E+00      0.000
      14.6000  0.30000E+00  0.00000E+00  0.21716E-01  0.00000E+00 -0.11379E+00  0.50800E+01  0.00000E+00  0.89752E+00  0.00000E+00 -0.63560E+01 -0.10000E+06  0.00000E+00 -0.46141E+02  0.00000E+00  0.00000E+00  0.15307E+02  0.00000E+00  0.89752E+00    226  0.00000E+00      0.000
      14.7000  0.30000E+00  0.00000E+00  0.21545E-01  0.00000E+00 -0.11257E+00  0.51100E+01  0.00000E+00  0.89968E+00  0.00000E+00 -0.63673E+01 -0.10000E+06  0.00000E+00 -0.46227E+02  0.00000E+00  0.00000E+00  0.15293E+02  0.00000E+00  0.89968E+00    227  0.00000E+00      0.000
      14.8000  0.30000E+00  0.00000E+00  0.21378E-01  0.00000E+00 -0.11137E+00  0.51400E+01  0.00000E+00  0.90182E+00  0.00000E+00 -0.63784E+01 -0.10000E+06  0.00000E+00 -0.46312E+02  0.00000E+00  0.00000E+00  0.15280E+02  0.00000E+00  0.90182E+00    228  0.00000E+00      0.000
      14.9000  0.30000E+00  0.00000E+00  0.21213E-01  0.00000E+00 -0.11019E+00  0.51700E+01  0.00000E+00  0.90394E+00  0.00000E+00 -0.63895E+01 -0.10000E+06  0.00000E+00 -0.46396E+02  0.00000E+00  0.00000E+00  0.15267E+02  0.00000E+00  0.90394E+00    229  0.00000E+00      0.000
      15.0000  0.30000E+00  0.00000E+00  0.21051E-01  0.00000E+00 -0.10902E+00  0.52000E+01  0.00000E+00  0.90604E+00  0.00000E+00 -0.64004E+01 -0.10000E+06  0.00000E+00 -0.46479E+02  0.00000E+00  0.00000E+00  0.15254E+02  0.00000E+00  0.90604E+00    230  0.00000E+00      0.000
      15.1000  0.20000E+00  0.00000E+00  0.20892E-01  0.00000E+00 -0.10787E+00  0.52200E+01  0.00000E+00  0.90813E+00  0.00000E+00 -0.64111E+01 -0.10000E+06  0.00000E+00 -0.46561E+02  0.00000E+00  0.00000E+00  0.15241E+02  0.00000E+00  0.90813E+00    231  0.00000E+00      0.000
      15.2000  0.20000E+00  0.00000E+00  0.20736E-01  0.00000E+00 -0.10673E+00  0.52400E+01  0.00000E+00  0.91021E+00  0.00000E+00 -0.64218E+01 -0.10000E+06  0.00000E+00 -0.46641E+02  0.00000E+00  0.00000E+00  0.15228E+02  0.00000E+00  0.91021E+00    232  0.00000E+00      0.000
      15.3000  0.20000E+00  0.00000E+00  0.20583E-01  0.00000E+00 -0.10562E+00  0.52600E+01  0.00000E+00  0.91226E+00  0.00000E+00 -0.64324E+01 -0.10000E+06  0.00000E+00 -0.46720E+02  0.00000E+00  0.00000E+00  0.15216E+02  0.00000E+00  0.91226E+00    233  0.00000E+00      0.000
      15.4000  0.20000E+00  0.00000E+00  0.20441E-01  0.00000E+00 -0.10452E+00  0.52800E+01  0.00000E+00  0.91431E+00  0.00000E+00 -0.64428E+01 -0.10000E+06  0.00000E+00 -0.46798E+02  0.00000E+00  0.00000E+00  0.15203E+02  0.00000E+00  0.91431E+00    234  0.00000E+00      0.000
      15.5000  0.20000E+00  0.00000E+00  0.20303E-01  0.00000E+00 -0.10343E+00  0.53000E+01  0.00000E+00  0.91634E+00  0.00000E+00 -0.64532E+01 -0.10000E+06  0.00000E+00 -0.46875E+02  0.00000E+00  0.00000E+00  0.15191E+02  0.00000E+00  0.91634E+00    235  0.00000E+00      0.000
      15.6000  0.20000E+00  0.00000E+00  0.20169E-01  0.00000E+00 -0.10237E+00  0.53200E+01  0.00000E+00  0.91836E+00  0.00000E+00 -0.64634E+01 -0.10000E+06  0.00000E+00 -0.46950E+02  0.00000E+00  0.00000E+00  0.15178E+02  0.00000E+00  0.91836E+00    236  0.00000E+00      0.000
      15.7000  0.20000E+00  0.00000E+00  0.20041E-01  0.00000E+00 -0.10133E+00  0.53400E+01  0.00000E+00  0.92036E+00  0.00000E+00 -0.64735E+01 -0.10000E+06  0.00000E+00 -0.47024E+02  0.00000E+00  0.00000E+00  0.15166E+02  0.00000E+00  0.92036E+00    237  0.00000E+00      0.000
      15.8000  0.20000E+00  0.00000E+00  0.19916E-01  0.00000E+00 -0.10030E+00  0.53600E+01  0.00000E+00  0.92235E+00  0.00000E+00 -0.64836E+01 -0.10000E+06  0.00000E+00 -0.47097E+02  0.00000E+00  0.00000E+00  0.15154E+02  0.00000E+00  0.92235E+00    238  0.00000E+00      0.000
      15.9000  0.20000E+00  0.00000E+00  0.19797E-01  0.00000E+00 -0.99292E-01  0.53800E+01  0.00000E+00  0.92433E+00  0.00000E+00 -0.64935E+01 -0.10000E+06  0.00000E+00 -0.47168E+02  0.00000E+00  0.00000E+00  0.15142E+02  0.00000E+00  0.92433E+00    239  0.00000E+00      0.000
      16.0000  0.20000E+00  0.00000E+00  0.19681E-01  0.00000E+00 -0.98304E-01  0.54000E+01  0.00000E+00  0.92630E+00  0.00000E+00 -0.65033E+01 -0.10000E+06  0.00000E+00 -0.47238E+02  0.00000E+00  0.00000E+00  0.15131E+02  0.00000E+00  0.92630E+00    240  0.00000E+00      0.000
      16.1000  0.40000E+00  0.00000E+00  0.19568E-01  0.00000E+00 -0.97335E-01  0.54400E+01  0.00000E+00  0.92826E+00  0.00000E+00 -0.65131E+01 -0.10000E+06  0.00000E+00 -0.47306E+02  0.00000E+00  0.00000E+00  0.15119E+02  0.00000E+00  0.92826E+00    241  0.00000E+00      0.000
      16.2000  0.40000E+00  0.00000E+00  0.19458E-01  0.00000E+00 -0.96384E-01  0.54800E+01  0.00000E+00  0.93020E+00  0.00000E+00 -0.65227E+01 -0.10000E+06  0.00000E+00 -0.47374E+02  0.00000E+00  0.00000E+00  0.15107E+02  0.00000E+00  0.93020E+00    242  0.00000E+00      0.000
      16.3000  0.40000E+00  0.00000E+00  0.19350E-01  0.00000E+00 -0.95450E-01  0.55200E+01  0.00000E+00  0.93214E+00  0.00000E+00 -0.65322E+01 -0.10000E+06  0.00000E+00 -0.47440E+02  0.00000E+00  0.00000E+00  0.15096E+02  0.00000E+00  0.93214E+00    243  0.00000E+00      0.000
      16.4000  0.40000E+00  0.00000E+00  0.19244E-01  0.00000E+00 -0.94537E-01  0.55600E+01  0.00000E+00  0.93406E+00  0.00000E+00 -0.65417E+01 -0.10000E+06  0.00000E+00 -0.47507E+02  0.00000E+00  0.00000E+00  0.15084E+02  0.00000E+00  0.93406E+00    244  0.00000E+00      0.000
      16.5000  0.40000E+00  0.00000E+00  0.19139E-01  0.00000E+00 -0.94153E-01  0.56000E+01  0.00000E+00  0.93598E+00  0.00000E+00 -0.65511E+01 -0.10000E+06  0.00000E+00 -0.47593E+02  0.00000E+00  0.00000E+00  0.15073E+02  0.00000E+00  0.93598E+00    245  0.00000E+00      0.000
      16.6000  0.40000E+00  0.00000E+00  0.19037E-01  0.00000E+00 -0.93767E-01  0.56400E+01  0.00000E+00  0.93788E+00  0.00000E+00 -0.65605E+01 -0.10000E+06  0.00000E+00 -0.47672E+02  0.00000E+00  0.00000E+00  0.15062E+02  0.00000E+00  0.93788E+00    246  0.00000E+00      0.000
      16.7000  0.40000E+00  0.00000E+00  0.18935E-01  0.00000E+00 -0.93412E-01  0.56800E+01  0.00000E+00  0.93977E+00  0.00000E+00 -0.65698E+01 -0.10000E+06  0.00000E+00 -0.47750E+02  0.00000E+00  0.00000E+00  0.15051E+02  0.00000E+00  0.93977E+00    247  0.00000E+00      0.000
      16.8000  0.40000E+00  0.00000E+00  0.18834E-01  0.00000E+00 -0.93059E-01  0.57200E+01  0.00000E+00  0.94166E+00  0.00000E+00 -0.65791E+01 -0.10000E+06  0.00000E+00 -0.47827E+02  0.00000E+00  0.00000E+00  0.15039E+02  0.00000E+00  0.94166E+00    248  0.00000E+00      0.000
      16.9000  0.40000E+00  0.00000E+00  0.18734E-01  0.00000E+00 -0.92710E-01  0.57600E+01  0.00000E+00  0.94353E+00  0.00000E+00 -0.65884E+01 -0.10000E+06  0.00000E+00 -0.47903E+02  0.00000E+00  0.00000E+00  0.15028E+02  0.00000E+00  0.94353E+00    249  0.00000E+00      0.000
      17.0000  0.40000E+00  0.00000E+00  0.18634E-01  0.00000E+00 -0.92363E-01  0.58000E+01  0.00000E+00  0.94539E+00  0.00000E+00 -0.65976E+01 -0.10000E+06  0.00000E+00 -0.47978E+02  0.00000E+00  0.00000E+00  0.15017E+02  0.00000E+00  0.94539E+00    250  0.00000E+00      0.000
      17.1000  0.50000E+00  0.00000E+00  0.18535E-01  0.00000E+00 -0.92018E-01  0.58500E+01  0.00000E+00  0.94725E+00  0.00000E+00 -0.66069E+01 -0.10000E+06  0.00000E+00 -0.48053E+02  0.00000E+00  0.00000E+00  0.15006E+02  0.00000E+00  0.94725E+00    251  0.00000E+00      0.000
      17.2000  0.50000E+00  0.00000E+00  0.18436E-01  0.00000E+00 -0.91674E-01  0.59000E+01  0.00000E+00  0.94909E+00  0.00000E+00 -0.66160E+01 -0.10000E+06  0.00000E+00 -0.48128E+02  0.00000E+00  0.00000E+00  0.14995E+02  0.00000E+00  0.94909E+00    252  0.00000E+00      0.000
      17.3000  0.50000E+00  0.00000E+00  0.18336E-01  0.00000E+00 -0.91330E-01  0.59500E+01  0.00000E+00  0.95092E+00  0.00000E+00 -0.66252E+01 -0.10000E+06  0.00000E+00 -0.48203E+02  0.00000E+00  0.00000E+00  0.14984E+02  0.00000E+00  0.95092E+00    253  0.00000E+00      0.000
      17.4000  0.50000E+00  0.00000E+00  0.18237E-01  0.00000E+00 -0.90986E-01  0.60000E+01  0.00000E+00  0.95275E+00  0.00000E+00 -0.66342E+01 -0.10000E+06  0.00000E+00 -0.48277E+02  0.00000E+00  0.00000E+00  0.14973E+02  0.00000E+00  0.95275E+00    254  0.00000E+00      0.000
      17.5000  0.50000E+00  0.00000E+00  0.18136E-01  0.00000E+00 -0.90644E-01  0.60500E+01  0.00000E+00  0.95456E+00  0.00000E+00 -0.66433E+01 -0.10000E+06  0.00000E+00 -0.48352E+02  0.00000E+00  0.00000E+00  0.14962E+02  0.00000E+00  0.95456E+00    255  0.00000E+00      0.000
      17.6000  0.50000E+00  0.00000E+00  0.18035E-01  0.00000E+00 -0.90301E-01  0.61000E+01  0.00000E+00  0.95636E+00  0.00000E+00 -0.66523E+01 -0.10000E+06  0.00000E+00 -0.48426E+02  0.00000E+00  0.00000E+00  0.14951E+02  0.00000E+00  0.95636E+00    256  0.00000E+00      0.000
      17.7000  0.50000E+00  0.00000E+00  0.17921E-01  0.00000E+00 -0.89958E-01  0.61500E+01  0.00000E+00  0.95816E+00  0.00000E+00 -0.66613E+01 -0.10000E+06  0.00000E+00 -0.48500E+02  0.00000E+00  0.00000E+00  0.14941E+02  0.00000E+00  0.95816E+00    257  0.00000E+00      0.000
      17.8000  0.50000E+00  0.00000E+00  0.17818E-01  0.00000E+00 -0.89616E-01  0.62000E+01  0.00000E+00  0.95994E+00  0.00000E+00 -0.66703E+01 -0.10000E+06  0.00000E+00 -0.48575E+02  0.00000E+00  0.00000E+00  0.14930E+02  0.00000E+00  0.95994E+00    258  0.00000E+00      0.000
      17.9000  0.50000E+00  0.00000E+00  0.17714E-01  0.00000E+00 -0.89273E-01  0.62500E+01  0.00000E+00  0.96171E+00  0.00000E+00 -0.66792E+01 -0.10000E+06  0.00000E+00 -0.48649E+02  0.00000E+00  0.00000E+00  0.14919E+02  0.00000E+00  0.96171E+00    259  0.00000E+00      0.000
      18.0000  0.50000E+00  0.00000E+00  0.17602E-01  0.00000E+00 -0.88931E-01  0.63000E+01  0.00000E+00  0.96347E+00  0.00000E+00 -0.66881E+01 -0.10000E+06  0.00000E+00 -0.48723E+02  0.00000E+00  0.00000E+00  0.14909E+02  0.00000E+00  0.96347E+00    260  0.00000E+00      0.000
      18.1000  0.30000E+00  0.00000E+00  0.17476E-01  0.00000E+00 -0.88589E-01  0.63300E+01  0.00000E+00  0.96522E+00  0.00000E+00 -0.66970E+01 -0.10000E+06  0.00000E+00 -0.48798E+02  0.00000E+00  0.00000E+00  0.14898E+02  0.00000E+00  0.96522E+00    261  0.00000E+00      0.000
      18.2000  0.30000E+00  0.00000E+00  0.17332E-01  0.00000E+00 -0.88246E-01  0.63600E+01  0.00000E+00  0.96695E+00  0.00000E+00 -0.67058E+01 -0.10000E+06  0.00000E+00 -0.48872E+02  0.00000E+00  0.00000E+00  0.14887E+02  0.00000E+00  0.96695E+00    262  0.00000E+00      0.000
      18.3000  0.30000E+00  0.00000E+00  0.17162E-01  0.00000E+00 -0.87904E-01  0.63900E+01  0.00000E+00  0.96867E+00  0.00000E+00 -0.67146E+01 -0.10000E+06  0.00000E+00 -0.48947E+02  0.00000E+00  0.00000E+00  0.14877E+02  0.00000E+00  0.96867E+00    263  0.00000E+00      0.000
      18.4000  0.30000E+00  0.00000E+00  0.16961E-01  0.00000E+00 -0.87561E-01  0.64200E+01  0.00000E+00  0.97036E+00  0.00000E+00 -0.67234E+01 -0.10000E+06  0.00000E+00 -0.49021E+02  0.00000E+00  0.00000E+00  0.14866E+02  0.00000E+00  0.97036E+00    264  0.00000E+00      0.000
      18.5000  0.30000E+00  0.00000E+00  0.16728E-01  0.00000E+00 -0.87218E-01  0.64500E+01  0.00000E+00  0.97204E+00  0.00000E+00 -0.67321E+01 -0.10000E+06  0.00000E+00 -0.49095E+02  0.00000E+00  0.00000E+00  0.14856E+02  0.00000E+00  0.97204E+00    265  0.00000E+00      0.000
      18.6000  0.30000E+00  0.00000E+00  0.16465E-01  0.00000E+00 -0.86876E-01  0.64800E+01  0.00000E+00  0.97368E+00  0.00000E+00 -0.67408E+01 -0.10000E+06  0.00000E+00 -0.49170E+02  0.00000E+00  0.00000E+00  0.14846E+02  0.00000E+00  0.97368E+00    266  0.00000E+00      0.000
      18.7000  0.30000E+00  0.00000E+00  0.16194E-01  0.00000E+00 -0.86533E-01  0.65100E+01  0.00000E+00  0.97530E+00  0.00000E+00 -0.67494E+01 -0.10000E+06  0.00000E+00 -0.49244E+02  0.00000E+00  0.00000E+00  0.14835E+02  0.00000E+00  0.97530E+00    267  0.00000E+00      0.000
      18.8000  0.30000E+00  0.00000E+00  0.16981E-01  0.00000E+00 -0.86191E-01  0.65400E+01  0.00000E+00  0.97700E+00  0.00000E+00 -0.67580E+01 -0.10000E+06  0.00000E+00 -0.49318E+02  0.00000E+00  0.00000E+00  0.14825E+02  0.00000E+00  0.97700E+00    268  0.00000E+00      0.000
      18.9000  0.30000E+00  0.00000E+00  0.17243E-01  0.00000E+00 -0.85848E-01  0.65700E+01  0.00000E+00  0.97872E+00  0.00000E+00 -0.67666E+01 -0.10000E+06  0.00000E+00 -0.49393E+02  0.00000E+00  0.00000E+00  0.14815E+02  0.00000E+00  0.97872E+00    269  0.00000E+00      0.000
      19.0000  0.30000E+00  0.00000E+00  0.17203E-01  0.00000E+00 -0.85505E-01  0.66000E+01  0.00000E+00  0.98044E+00  0.00000E+00 -0.67752E+01 -0.10000E+06  0.00000E+00 -0.49467E+02  0.00000E+00  0.00000E+00  0.14805E+02  0.00000E+00  0.98044E+00    270  0.00000E+00      0.000
      19.1000  0.20000E+00  0.00000E+00  0.17196E-01  0.00000E+00 -0.85163E-01  0.66200E+01  0.00000E+00  0.98216E+00  0.00000E+00 -0.67837E+01 -0.10000E+06  0.00000E+00 -0.49542E+02  0.00000E+00  0.00000E+00  0.14794E+02  0.00000E+00  0.98216E+00    271  0.00000E+00      0.000
      19.2000  0.20000E+00  0.00000E+00  0.17127E-01  0.00000E+00 -0.84820E-01  0.66400E+01  0.00000E+00  0.98388E+00  0.00000E+00 -0.67922E+01 -0.10000E+06  0.00000E+00 -0.49616E+02  0.00000E+00  0.00000E+00  0.14784E+02  0.00000E+00  0.98388E+00    272  0.00000E+00      0.000
      19.3000  0.20000E+00  0.00000E+00  0.17011E-01  0.00000E+00 -0.84478E-01  0.66600E+01  0.00000E+00  0.98558E+00  0.00000E+00 -0.68006E+01 -0.10000E+06  0.00000E+00 -0.49690E+02  0.00000E+00  0.00000E+00  0.14774E+02  0.00000E+00  0.98558E+00    273  0.00000E+00      0.000
      19.4000  0.20000E+00  0.00000E+00  0.16847E-01  0.00000E+00 -0.84135E-01  0.66800E+01  0.00000E+00  0.98726E+00  0.00000E+00 -0.68090E+01 -0.10000E+06  0.00000E+00 -0.49765E+02  0.00000E+00  0.00000E+00  0.14764E+02  0.00000E+00  0.98726E+00    274  0.00000E+00      0.000
      19.5000  0.20000E+00  0.00000E+00  0.16630E-01  0.00000E+00 -0.83793E-01  0.67000E+01  0.00000E+00  0.98892E+00  0.00000E+00 -0.68174E+01 -0.10000E+06  0.00000E+00 -0.49839E+02  0.00000E+00  0.00000E+00  0.14754E+02  0.00000E+00  0.98892E+00    275  0.00000E+00      0.000
      19.6000  0.20000E+00  0.00000E+00  0.16352E-01  0.00000E+00 -0.83450E-01  0.67200E+01  0.00000E+00  0.99056E+00  0.00000E+00 -0.68258E+01 -0.10000E+06  0.00000E+00 -0.49913E+02  0.00000E+00  0.00000E+00  0.14744E+02  0.00000E+00  0.99056E+00    276  0.00000E+00      0.000
      19.7000  0.20000E+00  0.00000E+00  0.16003E-01  0.00000E+00 -0.83108E-01  0.67400E+01  0.00000E+00  0.99216E+00  0.00000E+00 -0.68341E+01 -0.10000E+06  0.00000E+00 -0.49988E+02  0.00000E+00  0.00000E+00  0.14734E+02  0.00000E+00  0.99216E+00    277  0.00000E+00      0.000
      19.8000  0.20000E+00  0.00000E+00  0.15582E-01  0.00000E+00 -0.82766E-01  0.67600E+01  0.00000E+00  0.99372E+00  0.00000E+00 -0.68423E+01 -0.10000E+06  0.00000E+00 -0.50062E+02  0.00000E+00  0.00000E+00  0.14724E+02  0.00000E+00  0.99372E+00    278  0.00000E+00      0.000
      19.9000  0.20000E+00  0.00000E+00  0.16365E-01  0.00000E+00 -0.82424E-01  0.67800E+01  0.00000E+00  0.99536E+00  0.00000E+00 -0.68506E+01 -0.10000E+06  0.00000E+00 -0.50136E+02  0.00000E+00  0.00000E+00  0.14714E+02  0.00000E+00  0.99536E+00    279  0.00000E+00      0.000
      20.0000  0.20000E+00  0.00000E+00  0.16538E-01  0.00000E+00 -0.82082E-01  0.68000E+01  0.00000E+00  0.99701E+00  0.00000E+00 -0.68588E+01 -0.10000E+06  0.00000E+00 -0.50211E+02  0.00000E+00  0.00000E+00  0.14704E+02  0.00000E+00  0.99701E+00    280  0.00000E+00      0.000
      20.1000  0.50000E+00  0.00000E+00  0.16349E-01  0.00000E+00 -0.81740E-01  0.68500E+01  0.00000E+00  0.99864E+00  0.00000E+00 -0.68670E+01 -0.10000E+06  0.00000E+00 -0.50285E+02  0.00000E+00  0.00000E+00  0.14695E+02  0.00000E+00  0.99864E+00    281  0.00000E+00      0.000
      20.2000  0.50000E+00  0.00000E+00  0.16162E-01  0.00000E+00 -0.81399E-01  0.69000E+01  0.00000E+00  0.10003E+01  0.00000E+00 -0.68751E+01 -0.10000E+06  0.00000E+00 -0.50359E+02  0.00000E+00  0.00000E+00  0.14685E+02  0.00000E+00  0.10003E+01    282  0.00000E+00      0.000
      20.3000  0.50000E+00  0.00000E+00  0.15869E-01  0.00000E+00 -0.81058E-01  0.69500E+01  0.00000E+00  0.10018E+01  0.00000E+00 -0.68832E+01 -0.10000E+06  0.00000E+00 -0.50433E+02  0.00000E+00  0.00000E+00  0.14675E+02  0.00000E+00  0.10018E+01    283  0.00000E+00      0.000
      20.4000  0.50000E+00  0.00000E+00  0.15473E-01  0.00000E+00 -0.80716E-01  0.70000E+01  0.00000E+00  0.10034E+01  0.00000E+00 -0.68913E+01 -0.10000E+06  0.00000E+00 -0.50507E+02  0.00000E+00  0.00000E+00  0.14666E+02  0.00000E+00  0.10034E+01    284  0.00000E+00      0.000
      20.5000  0.50000E+00  0.00000E+00  0.20575E-01  0.00000E+00 -0.80376E-01  0.70500E+01  0.00000E+00  0.10055E+01  0.00000E+00 -0.68993E+01 -0.10000E+06  0.00000E+00 -0.50581E+02  0.00000E+00  0.00000E+00  0.14655E+02  0.00000E+00  0.10055E+01    285  0.00000E+00      0.000
      20.6000  0.50000E+00  0.00000E+00  0.17461E-01  0.00000E+00 -0.80035E-01  0.71000E+01  0.00000E+00  0.10072E+01  0.00000E+00 -0.69073E+01 -0.10000E+06  0.00000E+00 -0.50655E+02  0.00000E+00  0.00000E+00  0.14646E+02  0.00000E+00  0.10072E+01    286  0.00000E+00      0.000
      20.7000  0.50000E+00  0.00000E+00  0.15862E-01  0.00000E+00 -0.79695E-01  0.71500E+01  0.00000E+00  0.10088E+01  0.00000E+00 -0.69153E+01 -0.10000E+06  0.00000E+00 -0.50729E+02  0.00000E+00  0.00000E+00  0.14636E+02  0.00000E+00  0.10088E+01    287  0.00000E+00      0.000
      20.8000  0.50000E+00  0.00000E+00  0.15368E-01  0.00000E+00 -0.79354E-01  0.72000E+01  0.00000E+00  0.10103E+01  0.00000E+00 -0.69232E+01 -0.10000E+06  0.00000E+00 -0.50803E+02  0.00000E+00  0.00000E+00  0.14627E+02  0.00000E+00  0.10103E+01    288  0.00000E+00      0.000
      20.9000  0.50000E+00  0.00000E+00  0.15170E-01  0.00000E+00 -0.79015E-01  0.72500E+01  0.00000E+00  0.10118E+01  0.00000E+00 -0.69311E+01 -0.10000E+06  0.00000E+00 -0.50877E+02  0.00000E+00  0.00000E+00  0.14617E+02  0.00000E+00  0.10118E+01    289  0.00000E+00      0.000
      21.0000  0.50000E+00  0.00000E+00  0.15307E-01  0.00000E+00 -0.78675E-01  0.73000E+01  0.00000E+00  0.10134E+01  0.00000E+00 -0.69390E+01 -0.10000E+06  0.00000E+00 -0.50950E+02  0.00000E+00  0.00000E+00  0.14608E+02  0.00000E+00  0.10134E+01    290  0.00000E+00      0.000
      21.1000  0.20000E+00  0.00000E+00  0.15217E-01  0.00000E+00 -0.78336E-01  0.73200E+01  0.00000E+00  0.10149E+01  0.00000E+00 -0.69468E+01 -0.10000E+06  0.00000E+00 -0.51024E+02  0.00000E+00  0.00000E+00  0.14598E+02  0.00000E+00  0.10149E+01    291  0.00000E+00      0.000
      21.2000  0.20000E+00  0.00000E+00  0.15300E-01  0.00000E+00 -0.77997E-01  0.73400E+01  0.00000E+00  0.10164E+01  0.00000E+00 -0.69546E+01 -0.10000E+06  0.00000E+00 -0.51098E+02  0.00000E+00  0.00000E+00  0.14589E+02  0.00000E+00  0.10164E+01    292  0.00000E+00      0.000
      21.3000  0.20000E+00  0.00000E+00  0.15250E-01  0.00000E+00 -0.77658E-01  0.73600E+01  0.00000E+00  0.10179E+01  0.00000E+00 -0.69624E+01 -0.10000E+06  0.00000E+00 -0.51171E+02  0.00000E+00  0.00000E+00  0.14580E+02  0.00000E+00  0.10179E+01    293  0.00000E+00      0.000
      21.4000  0.20000E+00  0.00000E+00  0.15293E-01  0.00000E+00 -0.77320E-01  0.73800E+01  0.00000E+00  0.10195E+01  0.00000E+00 -0.69701E+01 -0.10000E+06  0.00000E+00 -0.51244E+02  0.00000E+00  0.00000E+00  0.14571E+02  0.00000E+00  0.10195E+01    294  0.00000E+00      0.000
      21.5000  0.20000E+00  0.00000E+00  0.15265E-01  0.00000E+00 -0.76982E-01  0.74000E+01  0.00000E+00  0.10210E+01  0.00000E+00 -0.69778E+01 -0.10000E+06  0.00000E+00 -0.51318E+02  0.00000E+00  0.00000E+00  0.14561E+02  0.00000E+00  0.10210E+01    295  0.00000E+00      0.000
      21.6000  0.20000E+00  0.00000E+00  0.15288E-01  0.00000E+00 -0.76645E-01  0.74200E+01  0.00000E+00  0.10225E+01  0.00000E+00 -0.69855E+01 -0.10000E+06  0.00000E+00 -0.51391E+02  0.00000E+00  0.00000E+00  0.14552E+02  0.00000E+00  0.10225E+01    296  0.00000E+00      0.000
      21.7000  0.20000E+00  0.00000E+00  0.15274E-01  0.00000E+00 -0.76308E-01  0.74400E+01  0.00000E+00  0.10241E+01  0.00000E+00 -0.69931E+01 -0.10000E+06  0.00000E+00 -0.51464E+02  0.00000E+00  0.00000E+00  0.14543E+02  0.00000E+00  0.10241E+01    297  0.00000E+00      0.000
      21.8000  0.20000E+00  0.00000E+00  0.15288E-01  0.00000E+00 -0.75971E-01  0.74600E+01  0.00000E+00  0.10256E+01  0.00000E+00 -0.70007E+01 -0.10000E+06  0.00000E+00 -0.51537E+02  0.00000E+00  0.00000E+00  0.14534E+02  0.00000E+00  0.10256E+01    298  0.00000E+00      0.000
      21.9000  0.20000E+00  0.00000E+00  0.15282E-01  0.00000E+00 -0.75635E-01  0.74800E+01  0.00000E+00  0.10271E+01  0.00000E+00 -0.70083E+01 -0.10000E+06  0.00000E+00 -0.51610E+02  0.00000E+00  0.00000E+00  0.14525E+02  0.00000E+00  0.10271E+01    299  0.00000E+00      0.000
      22.0000  0.20000E+00  0.00000E+00  0.15292E-01  0.00000E+00 -0.75299E-01  0.75000E+01  0.00000E+00  0.10286E+01  0.00000E+00 -0.70158E+01 -0.10000E+06  0.00000E+00 -0.51683E+02  0.00000E+00  0.00000E+00  0.14516E+02  0.00000E+00  0.10286E+01    300  0.00000E+00      0.000
      22.1000  0.10000E+00  0.00000E+00  0.15293E-01  0.00000E+00 -0.74963E-01  0.75100E+01  0.00000E+00  0.10302E+01  0.00000E+00 -0.70233E+01 -0.10000E+06  0.00000E+00 -0.51756E+02  0.00000E+00  0.00000E+00  0.14507E+02  0.00000E+00  0.10302E+01    301  0.00000E+00      0.000
      22.2000  0.10000E+00  0.00000E+00  0.15304E-01  0.00000E+00 -0.74629E-01  0.75200E+01  0.00000E+00  0.10317E+01  0.00000E+00 -0.70308E+01 -0.10000E+06  0.00000E+00 -0.51829E+02  0.00000E+00  0.00000E+00  0.14498E+02  0.00000E+00  0.10317E+01    302  0.00000E+00      0.000
      22.3000  0.10000E+00  0.00000E+00  0.15311E-01  0.00000E+00 -0.74294E-01  0.75300E+01  0.00000E+00  0.10332E+01  0.00000E+00 -0.70382E+01 -0.10000E+06  0.00000E+00 -0.51902E+02  0.00000E+00  0.00000E+00  0.14489E+02  0.00000E+00  0.10332E+01    303  0.00000E+00      0.000
      22.4000  0.10000E+00  0.00000E+00  0.15326E-01  0.00000E+00 -0.73960E-01  0.75400E+01  0.00000E+00  0.10348E+01  0.00000E+00 -0.70456E+01 -0.10000E+06  0.00000E+00 -0.51974E+02  0.00000E+00  0.00000E+00  0.14480E+02  0.00000E+00  0.10348E+01    304  0.00000E+00      0.000
      22.5000  0.10000E+00  0.00000E+00  0.15340E-01  0.00000E+00 -0.73626E-01  0.75500E+01  0.00000E+00  0.10363E+01  0.00000E+00 -0.70530E+01 -0.10000E+06  0.00000E+00 -0.52046E+02  0.00000E+00  0.00000E+00  0.14471E+02  0.00000E+00  0.10363E+01    305  0.00000E+00      0.000
      22.6000  0.10000E+00  0.00000E+00  0.15352E-01  0.00000E+00 -0.73293E-01  0.75600E+01  0.00000E+00  0.10378E+01  0.00000E+00 -0.70603E+01 -0.10000E+06  0.00000E+00 -0.52119E+02  0.00000E+00  0.00000E+00  0.14462E+02  0.00000E+00  0.10378E+01    306  0.00000E+00      0.000
      22.7000  0.10000E+00  0.00000E+00  0.15190E-01  0.00000E+00 -0.72961E-01  0.75700E+01  0.00000E+00  0.10394E+01  0.00000E+00 -0.70676E+01 -0.10000E+06  0.00000E+00 -0.52191E+02  0.00000E+00  0.00000E+00  0.14453E+02  0.00000E+00  0.10394E+01    307  0.00000E+00      0.000
      22.8000  0.10000E+00  0.00000E+00  0.15077E-01  0.00000E+00 -0.72629E-01  0.75800E+01  0.00000E+00  0.10409E+01  0.00000E+00 -0.70748E+01 -0.10000E+06  0.00000E+00 -0.52263E+02  0.00000E+00  0.00000E+00  0.14444E+02  0.00000E+00  0.10409E+01    308  0.00000E+00      0.000
      22.9000  0.10000E+00  0.00000E+00  0.14969E-01  0.00000E+00 -0.72297E-01  0.75900E+01  0.00000E+00  0.10424E+01  0.00000E+00 -0.70821E+01 -0.10000E+06  0.00000E+00 -0.52335E+02  0.00000E+00  0.00000E+00  0.14436E+02  0.00000E+00  0.10424E+01    309  0.00000E+00      0.000
      23.0000  0.10000E+00  0.00000E+00  0.14876E-01  0.00000E+00 -0.71966E-01  0.76000E+01  0.00000E+00  0.10438E+01  0.00000E+00 -0.70893E+01 -0.10000E+06  0.00000E+00 -0.52407E+02  0.00000E+00  0.00000E+00  0.14427E+02  0.00000E+00  0.10438E+01    310  0.00000E+00      0.000
      23.1000  0.30000E+00  0.00000E+00  0.14788E-01  0.00000E+00 -0.71636E-01  0.76300E+01  0.00000E+00  0.10453E+01  0.00000E+00 -0.70964E+01 -0.10000E+06  0.00000E+00 -0.52479E+02  0.00000E+00  0.00000E+00  0.14418E+02  0.00000E+00  0.10453E+01    311  0.00000E+00      0.000
      23.2000  0.30000E+00  0.00000E+00  0.14707E-01  0.00000E+00 -0.71306E-01  0.76600E+01  0.00000E+00  0.10468E+01  0.00000E+00 -0.71036E+01 -0.10000E+06  0.00000E+00 -0.52550E+02  0.00000E+00  0.00000E+00  0.14410E+02  0.00000E+00  0.10468E+01    312  0.00000E+00      0.000
      23.3000  0.30000E+00  0.00000E+00  0.14656E-01  0.00000E+00 -0.70977E-01  0.76900E+01  0.00000E+00  0.10483E+01  0.00000E+00 -0.71107E+01 -0.10000E+06  0.00000E+00 -0.52622E+02  0.00000E+00  0.00000E+00  0.14401E+02  0.00000E+00  0.10483E+01    313  0.00000E+00      0.000
      23.4000  0.30000E+00  0.00000E+00  0.14593E-01  0.00000E+00 -0.70648E-01  0.77200E+01  0.00000E+00  0.10497E+01  0.00000E+00 -0.71177E+01 -0.10000E+06  0.00000E+00 -0.52693E+02  0.00000E+00  0.00000E+00  0.14393E+02  0.00000E+00  0.10497E+01    314  0.00000E+00      0.000
      23.5000  0.30000E+00  0.00000E+00  0.14548E-01  0.00000E+00 -0.70320E-01  0.77500E+01  0.00000E+00  0.10512E+01  0.00000E+00 -0.71248E+01 -0.10000E+06  0.00000E+00 -0.52764E+02  0.00000E+00  0.00000E+00  0.14384E+02  0.00000E+00  0.10512E+01    315  0.00000E+00      0.000
      23.6000  0.30000E+00  0.00000E+00  0.14503E-01  0.00000E+00 -0.69993E-01  0.77800E+01  0.00000E+00  0.10526E+01  0.00000E+00 -0.71318E+01 -0.10000E+06  0.00000E+00 -0.52835E+02  0.00000E+00  0.00000E+00  0.14376E+02  0.00000E+00  0.10526E+01    316  0.00000E+00      0.000
      23.7000  0.30000E+00  0.00000E+00  0.14461E-01  0.00000E+00 -0.69666E-01  0.78100E+01  0.00000E+00  0.10541E+01  0.00000E+00 -0.71387E+01 -0.10000E+06  0.00000E+00 -0.52906E+02  0.00000E+00  0.00000E+00  0.14367E+02  0.00000E+00  0.10541E+01    317  0.00000E+00      0.000
      23.8000  0.30000E+00  0.00000E+00  0.14418E-01  0.00000E+00 -0.69340E-01  0.78400E+01  0.00000E+00  0.10555E+01  0.00000E+00 -0.71457E+01 -0.10000E+06  0.00000E+00 -0.52977E+02  0.00000E+00  0.00000E+00  0.14359E+02  0.00000E+00  0.10555E+01    318  0.00000E+00      0.000
      23.9000  0.30000E+00  0.00000E+00  0.14376E-01  0.00000E+00 -0.69014E-01  0.78700E+01  0.00000E+00  0.10570E+01  0.00000E+00 -0.71526E+01 -0.10000E+06  0.00000E+00 -0.53048E+02  0.00000E+00  0.00000E+00  0.14351E+02  0.00000E+00  0.10570E+01    319  0.00000E+00      0.000
      24.0000  0.30000E+00  0.00000E+00  0.14333E-01  0.00000E+00 -0.68689E-01  0.79000E+01  0.00000E+00  0.10584E+01  0.00000E+00 -0.71594E+01 -0.10000E+06  0.00000E+00 -0.53118E+02  0.00000E+00  0.00000E+00  0.14342E+02  0.00000E+00  0.10584E+01    320  0.00000E+00      0.000
      24.1000  0.20000E+00  0.00000E+00  0.14290E-01  0.00000E+00 -0.68365E-01  0.79200E+01  0.00000E+00  0.10598E+01  0.00000E+00 -0.71663E+01 -0.10000E+06  0.00000E+00 -0.53189E+02  0.00000E+00  0.00000E+00  0.14334E+02  0.00000E+00  0.10598E+01    321  0.00000E+00      0.000
      24.2000  0.20000E+00  0.00000E+00  0.14247E-01  0.00000E+00 -0.68041E-01  0.79400E+01  0.00000E+00  0.10612E+01  0.00000E+00 -0.71731E+01 -0.10000E+06  0.00000E+00 -0.53259E+02  0.00000E+00  0.00000E+00  0.14326E+02  0.00000E+00  0.10612E+01    322  0.00000E+00      0.000
      24.3000  0.20000E+00  0.00000E+00  0.14203E-01  0.00000E+00 -0.67718E-01  0.79600E+01  0.00000E+00  0.10627E+01  0.00000E+00 -0.71798E+01 -0.10000E+06  0.00000E+00 -0.53329E+02  0.00000E+00  0.00000E+00  0.14318E+02  0.00000E+00  0.10627E+01    323  0.00000E+00      0.000
      24.4000  0.20000E+00  0.00000E+00  0.14159E-01  0.00000E+00 -0.67396E-01  0.79800E+01  0.00000E+00  0.10641E+01  0.00000E+00 -0.71866E+01 -0.10000E+06  0.00000E+00 -0.53399E+02  0.00000E+00  0.00000E+00  0.14310E+02  0.00000E+00  0.10641E+01    324  0.00000E+00      0.000
      24.5000  0.20000E+00  0.00000E+00  0.14115E-01  0.00000E+00 -0.67074E-01  0.80000E+01  0.00000E+00  0.10655E+01  0.00000E+00 -0.71933E+01 -0.10000E+06  0.00000E+00 -0.53469E+02  0.00000E+00  0.00000E+00  0.14301E+02  0.00000E+00  0.10655E+01    325  0.00000E+00      0.000
      24.6000  0.20000E+00  0.00000E+00  0.14070E-01  0.00000E+00 -0.66754E-01  0.80200E+01  0.00000E+00  0.10669E+01  0.00000E+00 -0.72000E+01 -0.10000E+06  0.00000E+00 -0.53539E+02  0.00000E+00  0.00000E+00  0.14293E+02  0.00000E+00  0.10669E+01    326  0.00000E+00      0.000
      24.7000  0.20000E+00  0.00000E+00  0.14025E-01  0.00000E+00 -0.66433E-01  0.80400E+01  0.00000E+00  0.10683E+01  0.00000E+00 -0.72066E+01 -0.10000E+06  0.00000E+00 -0.53608E+02  0.00000E+00  0.00000E+00  0.14285E+02  0.00000E+00  0.10683E+01    327  0.00000E+00      0.000
      24.8000  0.20000E+00  0.00000E+00  0.13980E-01  0.00000E+00 -0.66114E-01  0.80600E+01  0.00000E+00  0.10697E+01  0.00000E+00 -0.72132E+01 -0.10000E+06  0.00000E+00 -0.53678E+02  0.00000E+00  0.00000E+00  0.14277E+02  0.00000E+00  0.10697E+01    328  0.00000E+00      0.000
      24.9000  0.20000E+00  0.00000E+00  0.13936E-01  0.00000E+00 -0.65795E-01  0.80800E+01  0.00000E+00  0.10711E+01  0.00000E+00 -0.72198E+01 -0.10000E+06  0.00000E+00 -0.53747E+02  0.00000E+00  0.00000E+00  0.14269E+02  0.00000E+00  0.10711E+01    329  0.00000E+00      0.000
      25.0000  0.20000E+00  0.00000E+00  0.13891E-01  0.00000E+00 -0.65477E-01  0.81000E+01  0.00000E+00  0.10725E+01  0.00000E+00 -0.72264E+01 -0.10000E+06  0.00000E+00 -0.53816E+02  0.00000E+00  0.00000E+00  0.14261E+02  0.00000E+00  0.10725E+01    330  0.00000E+00      0.000
end
