 ******* Program HYDRUS
 ******* 
 Welcome to HYDRUS-1D                                                    
 Date:  17. 1.2023    Time:   9:39:43
 Units: L = cm   , T = days , M = mmol 
 
 CosAlf,MaxIt,TolTh,  TolH
 1.000   10   0.001 1.00000
 
 TopInF,BotInF,AtmBC,SinkF,WLayer,qGWLF,FreeD,SeepF,lWat,lChem,lTemp,lRoot,lWDep
     T     F     T     F     T     F     T     F     T     F     F     F     F

Nodal point information

node      x         hOld    MatN LayN  Beta      Ah       AK      ATh     Temp    Conc(1...NS)         Sorb(1...NS)

   1      0.000      0.150    1    1   0.000    1.000    1.000    1.000
   2     -1.000      0.152    1    1   0.000    1.000    1.000    1.000
   3     -2.000      0.153    1    1   0.000    1.000    1.000    1.000
   4     -3.000      0.154    1    1   0.000    1.000    1.000    1.000
   5     -4.000      0.156    1    1   0.000    1.000    1.000    1.000
   6     -5.000      0.157    1    1   0.000    1.000    1.000    1.000
   7     -6.000      0.159    1    1   0.000    1.000    1.000    1.000
   8     -7.000      0.161    1    1   0.000    1.000    1.000    1.000
   9     -8.000      0.162    1    1   0.000    1.000    1.000    1.000
  10     -9.000      0.163    1    1   0.000    1.000    1.000    1.000
  11    -10.000      0.165    1    1   0.000    1.000    1.000    1.000
  12    -11.000      0.167    1    1   0.000    1.000    1.000    1.000
  13    -12.000      0.168    1    1   0.000    1.000    1.000    1.000
  14    -13.000      0.169    1    1   0.000    1.000    1.000    1.000
  15    -14.000      0.171    1    1   0.000    1.000    1.000    1.000
  16    -15.000      0.172    1    1   0.000    1.000    1.000    1.000
  17    -16.000      0.174    1    1   0.000    1.000    1.000    1.000
  18    -17.000      0.176    1    1   0.000    1.000    1.000    1.000
  19    -18.000      0.177    1    1   0.000    1.000    1.000    1.000
  20    -19.000      0.178    1    1   0.000    1.000    1.000    1.000
  21    -20.000      0.180    1    1   0.000    1.000    1.000    1.000
  22    -21.000      0.182    1    1   0.000    1.000    1.000    1.000
  23    -22.000      0.183    1    1   0.000    1.000    1.000    1.000
  24    -23.000      0.184    1    1   0.000    1.000    1.000    1.000
  25    -24.000      0.186    1    1   0.000    1.000    1.000    1.000
  26    -25.000      0.188    1    1   0.000    1.000    1.000    1.000
  27    -26.000      0.189    1    1   0.000    1.000    1.000    1.000
  28    -27.000      0.191    1    1   0.000    1.000    1.000    1.000
  29    -28.000      0.192    1    1   0.000    1.000    1.000    1.000
  30    -29.000      0.193    1    1   0.000    1.000    1.000    1.000
  31    -30.000      0.195    1    1   0.000    1.000    1.000    1.000
  32    -31.000      0.197    1    1   0.000    1.000    1.000    1.000
  33    -32.000      0.198    1    1   0.000    1.000    1.000    1.000
  34    -33.000      0.199    1    1   0.000    1.000    1.000    1.000
  35    -34.000      0.201    1    1   0.000    1.000    1.000    1.000
  36    -35.000      0.203    1    1   0.000    1.000    1.000    1.000
  37    -36.000      0.204    1    1   0.000    1.000    1.000    1.000
  38    -37.000      0.206    1    1   0.000    1.000    1.000    1.000
  39    -38.000      0.207    1    1   0.000    1.000    1.000    1.000
  40    -39.000      0.208    1    1   0.000    1.000    1.000    1.000
  41    -40.000      0.210    1    1   0.000    1.000    1.000    1.000
  42    -41.000      0.212    1    1   0.000    1.000    1.000    1.000
  43    -42.000      0.213    1    1   0.000    1.000    1.000    1.000
  44    -43.000      0.214    1    1   0.000    1.000    1.000    1.000
  45    -44.000      0.216    1    1   0.000    1.000    1.000    1.000
  46    -45.000      0.218    1    1   0.000    1.000    1.000    1.000
  47    -46.000      0.219    1    1   0.000    1.000    1.000    1.000
  48    -47.000      0.221    1    1   0.000    1.000    1.000    1.000
  49    -48.000      0.222    1    1   0.000    1.000    1.000    1.000
  50    -49.000      0.223    1    1   0.000    1.000    1.000    1.000
  51    -50.000      0.225    1    1   0.000    1.000    1.000    1.000
  52    -51.000      0.227    1    1   0.000    1.000    1.000    1.000
  53    -52.000      0.228    1    1   0.000    1.000    1.000    1.000
  54    -53.000      0.229    1    1   0.000    1.000    1.000    1.000
  55    -54.000      0.231    1    1   0.000    1.000    1.000    1.000
  56    -55.000      0.233    1    1   0.000    1.000    1.000    1.000
  57    -56.000      0.234    1    1   0.000    1.000    1.000    1.000
  58    -57.000      0.235    1    1   0.000    1.000    1.000    1.000
  59    -58.000      0.237    1    1   0.000    1.000    1.000    1.000
  60    -59.000      0.238    1    1   0.000    1.000    1.000    1.000
  61    -60.000      0.240    1    1   0.000    1.000    1.000    1.000
  62    -61.000      0.242    1    1   0.000    1.000    1.000    1.000
  63    -62.000      0.243    1    1   0.000    1.000    1.000    1.000
  64    -63.000      0.244    1    1   0.000    1.000    1.000    1.000
  65    -64.000      0.246    1    1   0.000    1.000    1.000    1.000
  66    -65.000      0.248    1    1   0.000    1.000    1.000    1.000
  67    -66.000      0.249    1    1   0.000    1.000    1.000    1.000
  68    -67.000      0.250    1    1   0.000    1.000    1.000    1.000
  69    -68.000      0.252    1    1   0.000    1.000    1.000    1.000
  70    -69.000      0.254    1    1   0.000    1.000    1.000    1.000
  71    -70.000      0.255    1    1   0.000    1.000    1.000    1.000
  72    -71.000      0.257    1    1   0.000    1.000    1.000    1.000
  73    -72.000      0.258    1    1   0.000    1.000    1.000    1.000
  74    -73.000      0.259    1    1   0.000    1.000    1.000    1.000
  75    -74.000      0.261    1    1   0.000    1.000    1.000    1.000
  76    -75.000      0.262    1    1   0.000    1.000    1.000    1.000
  77    -76.000      0.264    1    1   0.000    1.000    1.000    1.000
  78    -77.000      0.266    1    1   0.000    1.000    1.000    1.000
  79    -78.000      0.267    1    1   0.000    1.000    1.000    1.000
  80    -79.000      0.269    1    1   0.000    1.000    1.000    1.000
  81    -80.000      0.270    1    1   0.000    1.000    1.000    1.000
  82    -81.000      0.271    1    1   0.000    1.000    1.000    1.000
  83    -82.000      0.273    1    1   0.000    1.000    1.000    1.000
  84    -83.000      0.275    1    1   0.000    1.000    1.000    1.000
  85    -84.000      0.276    1    1   0.000    1.000    1.000    1.000
  86    -85.000      0.278    1    1   0.000    1.000    1.000    1.000
  87    -86.000      0.279    1    1   0.000    1.000    1.000    1.000
  88    -87.000      0.280    1    1   0.000    1.000    1.000    1.000
  89    -88.000      0.282    1    1   0.000    1.000    1.000    1.000
  90    -89.000      0.283    1    1   0.000    1.000    1.000    1.000
  91    -90.000      0.285    1    1   0.000    1.000    1.000    1.000
  92    -91.000      0.287    1    1   0.000    1.000    1.000    1.000
  93    -92.000      0.288    1    1   0.000    1.000    1.000    1.000
  94    -93.000      0.289    1    1   0.000    1.000    1.000    1.000
  95    -94.000      0.291    1    1   0.000    1.000    1.000    1.000
  96    -95.000      0.292    1    1   0.000    1.000    1.000    1.000
  97    -96.000      0.294    1    1   0.000    1.000    1.000    1.000
  98    -97.000      0.296    1    1   0.000    1.000    1.000    1.000
  99    -98.000      0.297    1    1   0.000    1.000    1.000    1.000
 100    -99.000      0.299    1    1   0.000    1.000    1.000    1.000
 101   -100.000      0.300    1    1   0.000    1.000    1.000    1.000
end

 Number of species in the chain :   0


MatNum, Param. array:

   Mat     Qr     Qs        Alfa         n          Ks      l

    1    0.067  0.450   0.200E-01   0.141E+01   0.108E+02  0.500

       Table of Hydraulic Properties which are interpolated in simulation
       =================================================================

  theta         h        log h        C             K        log K          S          Kv
 
  0.4500  -0.100E-05 -0.6000E+01  0.2190E-05  0.1078E+02  0.1033E+01    1.0000  0.0000E+00
  0.4500  -0.126E-05 -0.5899E+01  0.2409E-05  0.1078E+02  0.1033E+01    1.0000  0.0000E+00
  0.4500  -0.159E-05 -0.5798E+01  0.2650E-05  0.1078E+02  0.1033E+01    1.0000  0.0000E+00
  0.4500  -0.201E-05 -0.5697E+01  0.2915E-05  0.1078E+02  0.1033E+01    1.0000  0.0000E+00
  0.4500  -0.254E-05 -0.5596E+01  0.3207E-05  0.1078E+02  0.1033E+01    1.0000  0.0000E+00
  0.4500  -0.320E-05 -0.5495E+01  0.3528E-05  0.1078E+02  0.1032E+01    1.0000  0.0000E+00
  0.4500  -0.404E-05 -0.5394E+01  0.3881E-05  0.1077E+02  0.1032E+01    1.0000  0.0000E+00
  0.4500  -0.509E-05 -0.5293E+01  0.4269E-05  0.1077E+02  0.1032E+01    1.0000  0.0000E+00
  0.4500  -0.643E-05 -0.5192E+01  0.4696E-05  0.1077E+02  0.1032E+01    1.0000  0.0000E+00
  0.4500  -0.811E-05 -0.5091E+01  0.5166E-05  0.1076E+02  0.1032E+01    1.0000  0.0000E+00
  0.4500  -0.102E-04 -0.4990E+01  0.5683E-05  0.1076E+02  0.1032E+01    1.0000  0.0000E+00
  0.4500  -0.129E-04 -0.4889E+01  0.6252E-05  0.1076E+02  0.1032E+01    1.0000  0.0000E+00
  0.4500  -0.163E-04 -0.4788E+01  0.6877E-05  0.1075E+02  0.1032E+01    1.0000  0.0000E+00
  0.4500  -0.206E-04 -0.4687E+01  0.7565E-05  0.1075E+02  0.1031E+01    1.0000  0.0000E+00
  0.4500  -0.260E-04 -0.4586E+01  0.8322E-05  0.1074E+02  0.1031E+01    1.0000  0.0000E+00
  0.4500  -0.327E-04 -0.4485E+01  0.9155E-05  0.1074E+02  0.1031E+01    1.0000  0.0000E+00
  0.4500  -0.413E-04 -0.4384E+01  0.1007E-04  0.1073E+02  0.1031E+01    1.0000  0.0000E+00
  0.4500  -0.521E-04 -0.4283E+01  0.1108E-04  0.1072E+02  0.1030E+01    1.0000  0.0000E+00
  0.4500  -0.658E-04 -0.4182E+01  0.1219E-04  0.1072E+02  0.1030E+01    1.0000  0.0000E+00
  0.4500  -0.830E-04 -0.4081E+01  0.1341E-04  0.1071E+02  0.1030E+01    1.0000  0.0000E+00
  0.4500  -0.105E-03 -0.3980E+01  0.1475E-04  0.1070E+02  0.1029E+01    1.0000  0.0000E+00
  0.4500  -0.132E-03 -0.3879E+01  0.1622E-04  0.1069E+02  0.1029E+01    1.0000  0.0000E+00
  0.4500  -0.167E-03 -0.3778E+01  0.1785E-04  0.1068E+02  0.1028E+01    1.0000  0.0000E+00
  0.4500  -0.210E-03 -0.3677E+01  0.1963E-04  0.1067E+02  0.1028E+01    1.0000  0.0000E+00
  0.4500  -0.266E-03 -0.3576E+01  0.2160E-04  0.1065E+02  0.1027E+01    1.0000  0.0000E+00
  0.4500  -0.335E-03 -0.3475E+01  0.2376E-04  0.1064E+02  0.1027E+01    1.0000  0.0000E+00
  0.4500  -0.423E-03 -0.3374E+01  0.2613E-04  0.1062E+02  0.1026E+01    1.0000  0.0000E+00
  0.4500  -0.534E-03 -0.3273E+01  0.2875E-04  0.1060E+02  0.1025E+01    1.0000  0.0000E+00
  0.4500  -0.673E-03 -0.3172E+01  0.3163E-04  0.1058E+02  0.1025E+01    1.0000  0.1074E-30
  0.4500  -0.850E-03 -0.3071E+01  0.3479E-04  0.1056E+02  0.1024E+01    1.0000  0.1074E-30
  0.4500  -0.107E-02 -0.2970E+01  0.3827E-04  0.1054E+02  0.1023E+01    1.0000  0.1074E-30
  0.4500  -0.135E-02 -0.2869E+01  0.4210E-04  0.1051E+02  0.1022E+01    1.0000  0.1074E-30
  0.4500  -0.171E-02 -0.2768E+01  0.4631E-04  0.1048E+02  0.1021E+01    1.0000  0.1082E-29
  0.4500  -0.215E-02 -0.2667E+01  0.5094E-04  0.1045E+02  0.1019E+01    1.0000  0.4181E-29
  0.4500  -0.272E-02 -0.2566E+01  0.5604E-04  0.1042E+02  0.1018E+01    1.0000  0.1091E-28
  0.4500  -0.343E-02 -0.2465E+01  0.6165E-04  0.1038E+02  0.1016E+01    1.0000  0.2295E-28
  0.4500  -0.433E-02 -0.2364E+01  0.6782E-04  0.1034E+02  0.1014E+01    1.0000  0.7044E-28
  0.4500  -0.546E-02 -0.2263E+01  0.7460E-04  0.1029E+02  0.1013E+01    1.0000  0.2313E-27
  0.4500  -0.689E-02 -0.2162E+01  0.8207E-04  0.1024E+02  0.1010E+01    1.0000  0.5546E-27
  0.4500  -0.870E-02 -0.2061E+01  0.9028E-04  0.1019E+02  0.1008E+01    1.0000  0.1965E-26
  0.4500  -0.110E-01 -0.1960E+01  0.9931E-04  0.1013E+02  0.1006E+01    1.0000  0.5590E-26
  0.4500  -0.138E-01 -0.1859E+01  0.1092E-03  0.1006E+02  0.1003E+01    1.0000  0.1654E-25
  0.4500  -0.175E-01 -0.1758E+01  0.1202E-03  0.9989E+01  0.9995E+00    1.0000  0.4944E-25
  0.4500  -0.221E-01 -0.1657E+01  0.1322E-03  0.9910E+01  0.9961E+00    1.0000  0.1447E-24
  0.4500  -0.278E-01 -0.1556E+01  0.1454E-03  0.9823E+01  0.9922E+00    1.0000  0.4349E-24
  0.4500  -0.351E-01 -0.1455E+01  0.1600E-03  0.9728E+01  0.9880E+00    1.0000  0.1322E-23
  0.4500  -0.443E-01 -0.1354E+01  0.1760E-03  0.9623E+01  0.9833E+00    1.0000  0.3943E-23
  0.4500  -0.559E-01 -0.1253E+01  0.1936E-03  0.9509E+01  0.9782E+00    1.0000  0.1174E-22
  0.4500  -0.705E-01 -0.1152E+01  0.2129E-03  0.9385E+01  0.9724E+00    1.0000  0.3498E-22
  0.4500  -0.890E-01 -0.1051E+01  0.2342E-03  0.9249E+01  0.9661E+00    1.0000  0.1037E-21
  0.4500  -0.112E+00 -0.9495E+00  0.2577E-03  0.9100E+01  0.9590E+00    0.9999  0.3101E-21
  0.4500  -0.142E+00 -0.8485E+00  0.2834E-03  0.8938E+01  0.9512E+00    0.9999  0.9240E-21
  0.4500  -0.179E+00 -0.7475E+00  0.3117E-03  0.8761E+01  0.9426E+00    0.9999  0.2757E-20
  0.4499  -0.226E+00 -0.6465E+00  0.3429E-03  0.8569E+01  0.9329E+00    0.9999  0.8225E-20
  0.4499  -0.285E+00 -0.5455E+00  0.3771E-03  0.8360E+01  0.9222E+00    0.9998  0.2454E-19
  0.4499  -0.359E+00 -0.4444E+00  0.4146E-03  0.8133E+01  0.9102E+00    0.9997  0.7313E-19
  0.4499  -0.453E+00 -0.3434E+00  0.4559E-03  0.7887E+01  0.8969E+00    0.9996  0.2181E-18
  0.4498  -0.572E+00 -0.2424E+00  0.5012E-03  0.7621E+01  0.8820E+00    0.9995  0.6499E-18
  0.4497  -0.722E+00 -0.1414E+00  0.5508E-03  0.7333E+01  0.8653E+00    0.9993  0.1936E-17
  0.4496  -0.911E+00 -0.4040E-01  0.6052E-03  0.7023E+01  0.8465E+00    0.9990  0.5767E-17
  0.4495  -0.115E+01  0.6061E-01  0.6646E-03  0.6690E+01  0.8255E+00    0.9986  0.1715E-16
  0.4492  -0.145E+01  0.1616E+00  0.7293E-03  0.6334E+01  0.8017E+00    0.9980  0.5097E-16
  0.4490  -0.183E+01  0.2626E+00  0.7996E-03  0.5954E+01  0.7748E+00    0.9973  0.1512E-15
  0.4486  -0.231E+01  0.3636E+00  0.8754E-03  0.5551E+01  0.7444E+00    0.9962  0.4477E-15
  0.4480  -0.292E+01  0.4646E+00  0.9568E-03  0.5125E+01  0.7097E+00    0.9948  0.1321E-14
  0.4472  -0.368E+01  0.5657E+00  0.1043E-02  0.4680E+01  0.6702E+00    0.9928  0.3884E-14
  0.4462  -0.464E+01  0.6667E+00  0.1134E-02  0.4217E+01  0.6250E+00    0.9900  0.1135E-13
  0.4447  -0.586E+01  0.7677E+00  0.1226E-02  0.3741E+01  0.5730E+00    0.9863  0.3293E-13
  0.4428  -0.739E+01  0.8687E+00  0.1318E-02  0.3259E+01  0.5131E+00    0.9812  0.9454E-13
  0.4402  -0.933E+01  0.9697E+00  0.1405E-02  0.2779E+01  0.4439E+00    0.9743  0.2676E-12
  0.4366  -0.118E+02  0.1071E+01  0.1482E-02  0.2311E+01  0.3638E+00    0.9651  0.7435E-12
  0.4320  -0.148E+02  0.1172E+01  0.1541E-02  0.1866E+01  0.2710E+00    0.9529  0.2016E-11
  0.4259  -0.187E+02  0.1273E+01  0.1574E-02  0.1458E+01  0.1636E+00    0.9370  0.5299E-11
  0.4182  -0.236E+02  0.1374E+01  0.1572E-02  0.1096E+01  0.3979E-01    0.9169  0.1339E-10
  0.4085  -0.298E+02  0.1475E+01  0.1528E-02  0.7903E+00 -0.1022E+00    0.8918  0.3226E-10
  0.3969  -0.376E+02  0.1576E+01  0.1442E-02  0.5450E+00 -0.2636E+00    0.8614  0.7350E-10
  0.3833  -0.475E+02  0.1677E+01  0.1316E-02  0.3589E+00 -0.4451E+00    0.8259  0.1572E-09
  0.3679  -0.599E+02  0.1778E+01  0.1160E-02  0.2258E+00 -0.6463E+00    0.7857  0.3141E-09
  0.3511  -0.756E+02  0.1879E+01  0.9885E-03  0.1360E+00 -0.8664E+00    0.7418  0.5849E-09
  0.3333  -0.955E+02  0.1980E+01  0.8160E-03  0.7881E-01 -0.1103E+01    0.6954  0.1015E-08
  0.3151  -0.120E+03  0.2081E+01  0.6548E-03  0.4413E-01 -0.1355E+01    0.6477  0.1649E-08
  0.2968  -0.152E+03  0.2182E+01  0.5129E-03  0.2402E-01 -0.1619E+01    0.5999  0.2518E-08
  0.2789  -0.192E+03  0.2283E+01  0.3938E-03  0.1278E-01 -0.1894E+01    0.5533  0.3637E-08
  0.2617  -0.242E+03  0.2384E+01  0.2977E-03  0.6674E-02 -0.2176E+01    0.5084  0.5003E-08
  0.2454  -0.305E+03  0.2485E+01  0.2222E-03  0.3438E-02 -0.2464E+01    0.4659  0.6596E-08
  0.2302  -0.385E+03  0.2586E+01  0.1644E-03  0.1752E-02 -0.2756E+01    0.4261  0.8383E-08
  0.2160  -0.486E+03  0.2687E+01  0.1207E-03  0.8859E-03 -0.3053E+01    0.3890  0.1033E-07
  0.2029  -0.614E+03  0.2788E+01  0.8822E-04  0.4453E-03 -0.3351E+01    0.3547  0.1239E-07
  0.1908  -0.774E+03  0.2889E+01  0.6421E-04  0.2229E-03 -0.3652E+01    0.3232  0.1452E-07
  0.1797  -0.977E+03  0.2990E+01  0.4660E-04  0.1112E-03 -0.3954E+01    0.2943  0.1669E-07
  0.1696  -0.123E+04  0.3091E+01  0.3375E-04  0.5536E-04 -0.4257E+01    0.2679  0.1886E-07
  0.1603  -0.156E+04  0.3192E+01  0.2441E-04  0.2751E-04 -0.4560E+01    0.2437  0.2101E-07
  0.1519  -0.196E+04  0.3293E+01  0.1763E-04  0.1366E-04 -0.4865E+01    0.2217  0.2311E-07
  0.1442  -0.248E+04  0.3394E+01  0.1273E-04  0.6772E-05 -0.5169E+01    0.2016  0.2515E-07
  0.1372  -0.313E+04  0.3495E+01  0.9184E-05  0.3357E-05 -0.5474E+01    0.1833  0.2711E-07
  0.1309  -0.394E+04  0.3596E+01  0.6623E-05  0.1663E-05 -0.5779E+01    0.1667  0.2898E-07
  0.1251  -0.498E+04  0.3697E+01  0.4775E-05  0.8235E-06 -0.6084E+01    0.1516  0.3075E-07
  0.1198  -0.628E+04  0.3798E+01  0.3442E-05  0.4077E-06 -0.6390E+01    0.1378  0.3241E-07
  0.1150  -0.792E+04  0.3899E+01  0.2481E-05  0.2018E-06 -0.6695E+01    0.1253  0.3397E-07
  0.1106  -0.100E+05  0.4000E+01  0.1787E-05  0.9990E-07 -0.7000E+01    0.1139  0.3541E-07
end
