 ******* Program HYDRUS
 ******* 
 Welcome to HYDRUS-1D                                                    
 Date:  17. 1.2023    Time:   9:39:43
 Units: L = cm   , T = days , M = mmol 


    TLevel      Time          dt      Iter    ItCum  KodT  KodB  Convergency

        1  0.1000000E-02  0.10000E-02    2        2    -4    -5     T
        2  0.2300000E-02  0.13000E-02    2        4    -4    -5     T
        3  0.3990000E-02  0.16900E-02    2        6    -4    -5     T
        4  0.6187000E-02  0.21970E-02    2        8    -4    -5     T
        5  0.9043100E-02  0.28561E-02    2       10    -4    -5     T
        6  0.1275603E-01  0.37129E-02    2       12    -4    -5     T
        7  0.1758284E-01  0.48268E-02    2       14    -4    -5     T
        8  0.2385769E-01  0.62749E-02    2       16    -4    -5     T
        9  0.3231795E-01  0.84603E-02    2       18    -4    -5     T
       10  0.4359829E-01  0.11280E-01    2       20    -4    -5     T
       11  0.5769872E-01  0.14100E-01    2       22    -4    -5     T
       12  0.7884936E-01  0.21151E-01    2       24    -4    -5     T
       13  0.1000000E+00  0.21151E-01    2       26    -4    -5     T
       14  0.1250000E+00  0.25000E-01    2       28    -4    -5     T
       15  0.1625000E+00  0.37500E-01    2       30    -4    -5     T
       16  0.2000000E+00  0.37500E-01    2       32    -4    -5     T
       17  0.2333333E+00  0.33333E-01    2       34    -4    -5     T
       18  0.3000000E+00  0.66667E-01    3       37    -4    -5     T
       19  0.3500000E+00  0.50000E-01    2       39    -4    -5     T
       20  0.4000000E+00  0.50000E-01    2       41    -4    -5     T
       21  0.5000000E+00  0.10000E+00    3       44    -4    -5     T
       22  0.6000000E+00  0.10000E+00    2       46    -4    -5     T
       23  0.7000000E+00  0.10000E+00    3       49     4    -5     T
       24  0.8000000E+00  0.10000E+00    2       51     4    -5     T
       25  0.9000000E+00  0.10000E+00    2       53     4    -5     T
       26  0.1000000E+01  0.10000E+00    2       55     4    -5     T
       27  0.1100000E+01  0.10000E+00    2       57     4    -5     T
       28  0.1200000E+01  0.10000E+00    2       59     4    -5     T
       29  0.1300000E+01  0.10000E+00    2       61     4    -5     T
       30  0.1400000E+01  0.10000E+00    2       63     4    -5     T
       31  0.1500000E+01  0.10000E+00    2       65     4    -5     T
       32  0.1600000E+01  0.10000E+00    2       67     4    -5     T
       33  0.1700000E+01  0.10000E+00    2       69     4    -5     T
       34  0.1800000E+01  0.10000E+00    2       71     4    -5     T
       35  0.1900000E+01  0.10000E+00    2       73     4    -5     T
       36  0.2000000E+01  0.10000E+00    2       75     4    -5     T
       37  0.2100000E+01  0.10000E+00    2       77     4    -5     T
       38  0.2200000E+01  0.10000E+00    2       79     4    -5     T
       39  0.2300000E+01  0.10000E+00    2       81     4    -5     T
       40  0.2400000E+01  0.10000E+00    2       83     4    -5     T
       41  0.2500000E+01  0.10000E+00    2       85     4    -5     T
       42  0.2600000E+01  0.10000E+00    2       87     4    -5     T
       43  0.2700000E+01  0.10000E+00    2       89     4    -5     T
       44  0.2800000E+01  0.10000E+00    2       91     4    -5     T
       45  0.2900000E+01  0.10000E+00    2       93     4    -5     T
       46  0.3000000E+01  0.10000E+00    2       95     4    -5     T
       47  0.3100000E+01  0.10000E+00    2       97     4    -5     T
       48  0.3200000E+01  0.10000E+00    2       99     4    -5     T
       49  0.3300000E+01  0.10000E+00    2      101     4    -5     T
       50  0.3400000E+01  0.10000E+00    2      103     4    -5     T
       51  0.3500000E+01  0.10000E+00    2      105     4    -5     T
       52  0.3600000E+01  0.10000E+00    2      107     4    -5     T
       53  0.3700000E+01  0.10000E+00    2      109     4    -5     T
       54  0.3800000E+01  0.10000E+00    2      111     4    -5     T
       55  0.3900000E+01  0.10000E+00    2      113     4    -5     T
       56  0.4000000E+01  0.10000E+00    2      115     4    -5     T
       57  0.4100000E+01  0.10000E+00    2      117     4    -5     T
       58  0.4200000E+01  0.10000E+00    2      119     4    -5     T
       59  0.4300000E+01  0.10000E+00    2      121     4    -5     T
       60  0.4400000E+01  0.10000E+00    2      123     4    -5     T
       61  0.4500000E+01  0.10000E+00    2      125     4    -5     T
       62  0.4600000E+01  0.10000E+00    2      127     4    -5     T
       63  0.4700000E+01  0.10000E+00    2      129     4    -5     T
       64  0.4800000E+01  0.10000E+00    2      131     4    -5     T
       65  0.4900000E+01  0.10000E+00    2      133     4    -5     T
       66  0.5000000E+01  0.10000E+00    2      135     4    -5     T
       67  0.5100000E+01  0.10000E+00    2      137     4    -5     T
       68  0.5200000E+01  0.10000E+00    2      139     4    -5     T
       69  0.5300000E+01  0.10000E+00    2      141     4    -5     T
       70  0.5400000E+01  0.10000E+00    2      143     4    -5     T
       71  0.5500000E+01  0.10000E+00    2      145     4    -5     T
       72  0.5600000E+01  0.10000E+00    2      147     4    -5     T
       73  0.5700000E+01  0.10000E+00    2      149     4    -5     T
       74  0.5800000E+01  0.10000E+00    2      151     4    -5     T
       75  0.5900000E+01  0.10000E+00    2      153     4    -5     T
       76  0.6000000E+01  0.10000E+00    2      155     4    -5     T
       77  0.6100000E+01  0.10000E+00    2      157     4    -5     T
       78  0.6200000E+01  0.10000E+00    2      159     4    -5     T
       79  0.6300000E+01  0.10000E+00    2      161     4    -5     T
       80  0.6400000E+01  0.10000E+00    2      163     4    -5     T
       81  0.6500000E+01  0.10000E+00    2      165     4    -5     T
       82  0.6600000E+01  0.10000E+00    2      167     4    -5     T
       83  0.6700000E+01  0.10000E+00    2      169     4    -5     T
       84  0.6800000E+01  0.10000E+00    2      171     4    -5     T
       85  0.6900000E+01  0.10000E+00    2      173     4    -5     T
       86  0.7000000E+01  0.10000E+00    2      175     4    -5     T
       87  0.7100000E+01  0.10000E+00    2      177     4    -5     T
       88  0.7200000E+01  0.10000E+00    2      179     4    -5     T
       89  0.7300000E+01  0.10000E+00    2      181     4    -5     T
       90  0.7400000E+01  0.10000E+00    2      183     4    -5     T
       91  0.7500000E+01  0.10000E+00    2      185     4    -5     T
       92  0.7600000E+01  0.10000E+00    2      187     4    -5     T
       93  0.7700000E+01  0.10000E+00    2      189     4    -5     T
       94  0.7800000E+01  0.10000E+00    2      191     4    -5     T
       95  0.7900000E+01  0.10000E+00    2      193     4    -5     T
       96  0.8000000E+01  0.10000E+00    2      195     4    -5     T
       97  0.8100000E+01  0.10000E+00    2      197     4    -5     T
       98  0.8200000E+01  0.10000E+00    2      199     4    -5     T
       99  0.8300000E+01  0.10000E+00    2      201     4    -5     T
      100  0.8400000E+01  0.10000E+00    2      203     4    -5     T
      101  0.8500000E+01  0.10000E+00    2      205     4    -5     T
      102  0.8600000E+01  0.10000E+00    2      207     4    -5     T
      103  0.8700000E+01  0.10000E+00    2      209     4    -5     T
      104  0.8800000E+01  0.10000E+00    2      211     4    -5     T
      105  0.8900000E+01  0.10000E+00    2      213     4    -5     T
      106  0.9000000E+01  0.10000E+00    2      215     4    -5     T
      107  0.9100000E+01  0.10000E+00    2      217     4    -5     T
      108  0.9200000E+01  0.10000E+00    2      219     4    -5     T
      109  0.9300000E+01  0.10000E+00    2      221     4    -5     T
      110  0.9400000E+01  0.10000E+00    2      223     4    -5     T
      111  0.9500000E+01  0.10000E+00    2      225     4    -5     T
      112  0.9600000E+01  0.10000E+00    2      227     4    -5     T
      113  0.9700000E+01  0.10000E+00    2      229     4    -5     T
      114  0.9800000E+01  0.10000E+00    2      231     4    -5     T
      115  0.9900000E+01  0.10000E+00    2      233     4    -5     T
      116  0.1000000E+02  0.10000E+00    2      235     4    -5     T
      117  0.1010000E+02  0.10000E+00    2      237     4    -5     T
      118  0.1020000E+02  0.10000E+00    2      239     4    -5     T
      119  0.1030000E+02  0.10000E+00    2      241     4    -5     T
      120  0.1040000E+02  0.10000E+00    2      243     4    -5     T
      121  0.1050000E+02  0.10000E+00    2      245     4    -5     T
      122  0.1060000E+02  0.10000E+00    2      247     4    -5     T
      123  0.1070000E+02  0.10000E+00    2      249     4    -5     T
      124  0.1080000E+02  0.10000E+00    2      251     4    -5     T
      125  0.1090000E+02  0.10000E+00    2      253     4    -5     T
      126  0.1100000E+02  0.10000E+00    2      255     4    -5     T
      127  0.1110000E+02  0.10000E+00    2      257     4    -5     T
      128  0.1120000E+02  0.10000E+00    2      259     4    -5     T
      129  0.1130000E+02  0.10000E+00    2      261     4    -5     T
      130  0.1140000E+02  0.10000E+00    2      263     4    -5     T
      131  0.1150000E+02  0.10000E+00    2      265     4    -5     T
      132  0.1160000E+02  0.10000E+00    2      267     4    -5     T
      133  0.1170000E+02  0.10000E+00    2      269     4    -5     T
      134  0.1180000E+02  0.10000E+00    2      271     4    -5     T
      135  0.1190000E+02  0.10000E+00    2      273     4    -5     T
      136  0.1200000E+02  0.10000E+00    2      275     4    -5     T
      137  0.1210000E+02  0.10000E+00    2      277     4    -5     T
      138  0.1220000E+02  0.10000E+00    2      279     4    -5     T
      139  0.1230000E+02  0.10000E+00    2      281     4    -5     T
      140  0.1240000E+02  0.10000E+00    2      283     4    -5     T
      141  0.1250000E+02  0.10000E+00    2      285     4    -5     T
      142  0.1260000E+02  0.10000E+00    2      287     4    -5     T
      143  0.1270000E+02  0.10000E+00    2      289     4    -5     T
      144  0.1280000E+02  0.10000E+00    2      291     4    -5     T
      145  0.1290000E+02  0.10000E+00    2      293     4    -5     T
      146  0.1300000E+02  0.10000E+00    2      295     4    -5     T
      147  0.1310000E+02  0.10000E+00    2      297     4    -5     T
      148  0.1320000E+02  0.10000E+00    2      299     4    -5     T
      149  0.1330000E+02  0.10000E+00    2      301     4    -5     T
      150  0.1340000E+02  0.10000E+00    2      303     4    -5     T
      151  0.1350000E+02  0.10000E+00    2      305     4    -5     T
      152  0.1360000E+02  0.10000E+00    2      307     4    -5     T
      153  0.1370000E+02  0.10000E+00    2      309     4    -5     T
      154  0.1380000E+02  0.10000E+00    2      311     4    -5     T
      155  0.1390000E+02  0.10000E+00    2      313     4    -5     T
      156  0.1400000E+02  0.10000E+00    2      315     4    -5     T
      157  0.1410000E+02  0.10000E+00    2      317     4    -5     T
      158  0.1420000E+02  0.10000E+00    2      319     4    -5     T
      159  0.1430000E+02  0.10000E+00    2      321     4    -5     T
      160  0.1440000E+02  0.10000E+00    2      323     4    -5     T
      161  0.1450000E+02  0.10000E+00    2      325     4    -5     T
      162  0.1460000E+02  0.10000E+00    2      327     4    -5     T
      163  0.1470000E+02  0.10000E+00    2      329     4    -5     T
      164  0.1480000E+02  0.10000E+00    2      331     4    -5     T
      165  0.1490000E+02  0.10000E+00    2      333     4    -5     T
      166  0.1500000E+02  0.10000E+00    2      335     4    -5     T
      167  0.1510000E+02  0.10000E+00    2      337     4    -5     T
      168  0.1520000E+02  0.10000E+00    2      339     4    -5     T
      169  0.1530000E+02  0.10000E+00    2      341     4    -5     T
      170  0.1540000E+02  0.10000E+00    2      343     4    -5     T
      171  0.1550000E+02  0.10000E+00    2      345     4    -5     T
      172  0.1560000E+02  0.10000E+00    2      347     4    -5     T
      173  0.1570000E+02  0.10000E+00    2      349     4    -5     T
      174  0.1580000E+02  0.10000E+00    2      351     4    -5     T
      175  0.1590000E+02  0.10000E+00    2      353     4    -5     T
      176  0.1600000E+02  0.10000E+00    2      355     4    -5     T
      177  0.1610000E+02  0.10000E+00    2      357     4    -5     T
      178  0.1620000E+02  0.10000E+00    2      359     4    -5     T
      179  0.1630000E+02  0.10000E+00    2      361     4    -5     T
      180  0.1640000E+02  0.10000E+00    2      363     4    -5     T
      181  0.1650000E+02  0.10000E+00    2      365     4    -5     T
      182  0.1660000E+02  0.10000E+00    2      367     4    -5     T
      183  0.1670000E+02  0.10000E+00    2      369     4    -5     T
      184  0.1680000E+02  0.10000E+00    2      371     4    -5     T
      185  0.1690000E+02  0.10000E+00    2      373     4    -5     T
      186  0.1700000E+02  0.10000E+00    2      375     4    -5     T
      187  0.1710000E+02  0.10000E+00    2      377     4    -5     T
      188  0.1720000E+02  0.10000E+00    2      379     4    -5     T
      189  0.1730000E+02  0.10000E+00    2      381     4    -5     T
      190  0.1740000E+02  0.10000E+00    2      383     4    -5     T
      191  0.1750000E+02  0.10000E+00    2      385     4    -5     T
      192  0.1760000E+02  0.10000E+00    2      387     4    -5     T
      193  0.1770000E+02  0.10000E+00    2      389     4    -5     T
      194  0.1780000E+02  0.10000E+00    2      391     4    -5     T
      195  0.1790000E+02  0.10000E+00    2      393     4    -5     T
      196  0.1800000E+02  0.10000E+00    2      395     4    -5     T
      197  0.1810000E+02  0.10000E+00    2      397     4    -5     T
      198  0.1820000E+02  0.10000E+00    2      399     4    -5     T
      199  0.1830000E+02  0.10000E+00    2      401     4    -5     T
      200  0.1840000E+02  0.10000E+00    2      403     4    -5     T
      201  0.1850000E+02  0.10000E+00    2      405     4    -5     T
      202  0.1860000E+02  0.10000E+00    2      407     4    -5     T
      203  0.1870000E+02  0.10000E+00    2      409     4    -5     T
      204  0.1880000E+02  0.10000E+00    2      411     4    -5     T
      205  0.1890000E+02  0.10000E+00    2      413     4    -5     T
      206  0.1900000E+02  0.10000E+00    2      415     4    -5     T
      207  0.1910000E+02  0.10000E+00    2      417     4    -5     T
      208  0.1920000E+02  0.10000E+00    2      419     4    -5     T
      209  0.1930000E+02  0.10000E+00    2      421     4    -5     T
      210  0.1940000E+02  0.10000E+00    2      423     4    -5     T
      211  0.1950000E+02  0.10000E+00    2      425     4    -5     T
      212  0.1960000E+02  0.10000E+00    2      427     4    -5     T
      213  0.1970000E+02  0.10000E+00    2      429     4    -5     T
      214  0.1980000E+02  0.10000E+00    2      431     4    -5     T
      215  0.1990000E+02  0.10000E+00    2      433     4    -5     T
      216  0.2000000E+02  0.10000E+00    2      435     4    -5     T
      217  0.2010000E+02  0.10000E+00    2      437     4    -5     T
      218  0.2020000E+02  0.10000E+00    2      439     4    -5     T
      219  0.2030000E+02  0.10000E+00    2      441     4    -5     T
      220  0.2040000E+02  0.10000E+00    2      443     4    -5     T
      221  0.2050000E+02  0.10000E+00    2      445     4    -5     T
      222  0.2060000E+02  0.10000E+00    2      447     4    -5     T
      223  0.2070000E+02  0.10000E+00    2      449     4    -5     T
      224  0.2080000E+02  0.10000E+00    2      451     4    -5     T
      225  0.2090000E+02  0.10000E+00    2      453     4    -5     T
      226  0.2100000E+02  0.10000E+00    2      455     4    -5     T
      227  0.2110000E+02  0.10000E+00    2      457     4    -5     T
      228  0.2120000E+02  0.10000E+00    2      459     4    -5     T
      229  0.2130000E+02  0.10000E+00    2      461     4    -5     T
      230  0.2140000E+02  0.10000E+00    2      463     4    -5     T
      231  0.2150000E+02  0.10000E+00    2      465     4    -5     T
      232  0.2160000E+02  0.10000E+00    2      467     4    -5     T
      233  0.2170000E+02  0.10000E+00    2      469     4    -5     T
      234  0.2180000E+02  0.10000E+00    2      471     4    -5     T
      235  0.2190000E+02  0.10000E+00    2      473     4    -5     T
      236  0.2200000E+02  0.10000E+00    2      475     4    -5     T
      237  0.2210000E+02  0.10000E+00    2      477     4    -5     T
      238  0.2220000E+02  0.10000E+00    2      479     4    -5     T
      239  0.2230000E+02  0.10000E+00    2      481     4    -5     T
      240  0.2240000E+02  0.10000E+00    2      483     4    -5     T
      241  0.2250000E+02  0.10000E+00    2      485     4    -5     T
      242  0.2260000E+02  0.10000E+00    2      487     4    -5     T
      243  0.2270000E+02  0.10000E+00    2      489     4    -5     T
      244  0.2280000E+02  0.10000E+00    2      491     4    -5     T
      245  0.2290000E+02  0.10000E+00    2      493     4    -5     T
      246  0.2300000E+02  0.10000E+00    2      495     4    -5     T
      247  0.2310000E+02  0.10000E+00    2      497     4    -5     T
      248  0.2320000E+02  0.10000E+00    2      499     4    -5     T
      249  0.2330000E+02  0.10000E+00    2      501     4    -5     T
      250  0.2340000E+02  0.10000E+00    2      503     4    -5     T
      251  0.2350000E+02  0.10000E+00    2      505     4    -5     T
      252  0.2360000E+02  0.10000E+00    2      507     4    -5     T
      253  0.2370000E+02  0.10000E+00    2      509     4    -5     T
      254  0.2380000E+02  0.10000E+00    2      511     4    -5     T
      255  0.2390000E+02  0.10000E+00    2      513     4    -5     T
      256  0.2400000E+02  0.10000E+00    2      515     4    -5     T
      257  0.2410000E+02  0.10000E+00    2      517     4    -5     T
      258  0.2420000E+02  0.10000E+00    2      519     4    -5     T
      259  0.2430000E+02  0.10000E+00    2      521     4    -5     T
      260  0.2440000E+02  0.10000E+00    2      523     4    -5     T
      261  0.2450000E+02  0.10000E+00    2      525     4    -5     T
      262  0.2460000E+02  0.10000E+00    2      527     4    -5     T
      263  0.2470000E+02  0.10000E+00    2      529     4    -5     T
      264  0.2480000E+02  0.10000E+00    2      531     4    -5     T
      265  0.2490000E+02  0.10000E+00    2      533     4    -5     T
      266  0.2500000E+02  0.10000E+00    2      535     4    -5     T
end
