 ******* Program HYDRUS
 ******* 
 Welcome to HYDRUS-1D                                                    
 Date:  17. 1.2023    Time:   9:39:43
 Units: L = cm   , T = days , M = mmol 

       Time          rTop        rRoot        vTop         vRoot        vBot       sum(rTop)   sum(rRoot)    sum(vTop)   sum(vRoot)    sum(vBot)      hTop         hRoot        hBot        RunOff    sum(RunOff)     Volume     sum(Infil)    sum(Evap) TLevel Cum(WTrans)  SnowLayer
        [T]         [L/T]        [L/T]        [L/T]        [L/T]        [L/T]         [L]          [L]          [L]         [L]           [L]         [L]           [L]         [L]          [L/T]         [L]          [L]          [L]          [L]

       0.0010  0.10000E+00  0.00000E+00  0.10000E+00  0.00000E+00 -0.26959E-01  0.10000E-03  0.00000E+00  0.10000E-03  0.00000E+00 -0.26959E-04 -0.20899E+04  0.00000E+00 -0.14612E+03  0.00000E+00  0.00000E+00  0.22534E+02  0.00000E+00  0.10000E-03      1  0.00000E+00      0.000
       0.0023  0.10000E+00  0.00000E+00  0.99997E-01  0.00000E+00 -0.26854E-01  0.23000E-03  0.00000E+00  0.23000E-03  0.00000E+00 -0.61870E-04 -0.21059E+04  0.00000E+00 -0.14636E+03  0.00000E+00  0.00000E+00  0.22534E+02  0.00000E+00  0.23000E-03      2  0.00000E+00      0.000
       0.0040  0.10000E+00  0.00000E+00  0.10000E+00  0.00000E+00 -0.26740E-01  0.39900E-03  0.00000E+00  0.39900E-03  0.00000E+00 -0.10706E-03 -0.21284E+04  0.00000E+00 -0.14670E+03  0.00000E+00  0.00000E+00  0.22533E+02  0.00000E+00  0.39900E-03      3  0.00000E+00      0.000
       0.0062  0.10000E+00  0.00000E+00  0.10000E+00  0.00000E+00 -0.26601E-01  0.61870E-03  0.00000E+00  0.61870E-03  0.00000E+00 -0.16550E-03 -0.21570E+04  0.00000E+00 -0.14705E+03  0.00000E+00  0.00000E+00  0.22533E+02  0.00000E+00  0.61870E-03      4  0.00000E+00      0.000
       0.0090  0.10000E+00  0.00000E+00  0.10000E+00  0.00000E+00 -0.26430E-01  0.90431E-03  0.00000E+00  0.90431E-03  0.00000E+00 -0.24099E-03 -0.21943E+04  0.00000E+00 -0.14745E+03  0.00000E+00  0.00000E+00  0.22533E+02  0.00000E+00  0.90431E-03      5  0.00000E+00      0.000
       0.0128  0.10000E+00  0.00000E+00  0.10000E+00  0.00000E+00 -0.26231E-01  0.12756E-02  0.00000E+00  0.12756E-02  0.00000E+00 -0.33838E-03 -0.22424E+04  0.00000E+00 -0.14788E+03  0.00000E+00  0.00000E+00  0.22532E+02  0.00000E+00  0.12756E-02      6  0.00000E+00      0.000
       0.0176  0.10000E+00  0.00000E+00  0.10000E+00  0.00000E+00 -0.25999E-01  0.17583E-02  0.00000E+00  0.17583E-02  0.00000E+00 -0.46388E-03 -0.23047E+04  0.00000E+00 -0.14835E+03  0.00000E+00  0.00000E+00  0.22532E+02  0.00000E+00  0.17583E-02      7  0.00000E+00      0.000
       0.0239  0.10000E+00  0.00000E+00  0.10000E+00  0.00000E+00 -0.25737E-01  0.23858E-02  0.00000E+00  0.23858E-02  0.00000E+00 -0.62537E-03 -0.23851E+04  0.00000E+00 -0.14885E+03  0.00000E+00  0.00000E+00  0.22531E+02  0.00000E+00  0.23858E-02      8  0.00000E+00      0.000
       0.0323  0.10000E+00  0.00000E+00  0.10000E+00  0.00000E+00 -0.25422E-01  0.32318E-02  0.00000E+00  0.32318E-02  0.00000E+00 -0.84045E-03 -0.24988E+04  0.00000E+00 -0.14941E+03  0.00000E+00  0.00000E+00  0.22530E+02  0.00000E+00  0.32318E-02      9  0.00000E+00      0.000
       0.0436  0.10000E+00  0.00000E+00  0.10000E+00  0.00000E+00 -0.25048E-01  0.43598E-02  0.00000E+00  0.43598E-02  0.00000E+00 -0.11230E-02 -0.26972E+04  0.00000E+00 -0.15005E+03  0.00000E+00  0.00000E+00  0.22528E+02  0.00000E+00  0.43598E-02     10  0.00000E+00      0.000
       0.0577  0.10000E+00  0.00000E+00  0.10000E+00  0.00000E+00 -0.24634E-01  0.57699E-02  0.00000E+00  0.57699E-02  0.00000E+00 -0.14703E-02 -0.29325E+04  0.00000E+00 -0.15074E+03  0.00000E+00  0.00000E+00  0.22527E+02  0.00000E+00  0.57699E-02     11  0.00000E+00      0.000
       0.0788  0.10000E+00  0.00000E+00  0.10000E+00  0.00000E+00 -0.24109E-01  0.78849E-02  0.00000E+00  0.78849E-02  0.00000E+00 -0.19803E-02 -0.33497E+04  0.00000E+00 -0.15163E+03  0.00000E+00  0.00000E+00  0.22524E+02  0.00000E+00  0.78849E-02     12  0.00000E+00      0.000
       0.1000  0.10000E+00  0.00000E+00  0.10000E+00  0.00000E+00 -0.23801E-01  0.10000E-01  0.00000E+00  0.10000E-01  0.00000E+00 -0.24837E-02 -0.38229E+04  0.00000E+00 -0.15256E+03  0.00000E+00  0.00000E+00  0.22521E+02  0.00000E+00  0.10000E-01     13  0.00000E+00      0.000
       0.1250  0.10000E+00  0.00000E+00  0.10000E+00  0.00000E+00 -0.23527E-01  0.12500E-01  0.00000E+00  0.12500E-01  0.00000E+00 -0.30718E-02 -0.45211E+04  0.00000E+00 -0.15353E+03  0.00000E+00  0.00000E+00  0.22518E+02  0.00000E+00  0.12500E-01     14  0.00000E+00      0.000
       0.1625  0.10000E+00  0.00000E+00  0.10000E+00  0.00000E+00 -0.23185E-01  0.16250E-01  0.00000E+00  0.16250E-01  0.00000E+00 -0.39413E-02 -0.57794E+04  0.00000E+00 -0.15475E+03  0.00000E+00  0.00000E+00  0.22514E+02  0.00000E+00  0.16250E-01     15  0.00000E+00      0.000
       0.2000  0.10000E+00  0.00000E+00  0.10000E+00  0.00000E+00 -0.22888E-01  0.20000E-01  0.00000E+00  0.20000E-01  0.00000E+00 -0.47996E-02 -0.74121E+04  0.00000E+00 -0.15584E+03  0.00000E+00  0.00000E+00  0.22509E+02  0.00000E+00  0.20000E-01     16  0.00000E+00      0.000
       0.2333  0.10000E+00  0.00000E+00  0.10000E+00  0.00000E+00 -0.22648E-01  0.23333E-01  0.00000E+00  0.23333E-01  0.00000E+00 -0.55545E-02 -0.92499E+04  0.00000E+00 -0.15671E+03  0.00000E+00  0.00000E+00  0.22505E+02  0.00000E+00  0.23333E-01     17  0.00000E+00      0.000
       0.3000  0.10000E+00  0.00000E+00  0.10000E+00  0.00000E+00 -0.22235E-01  0.30000E-01  0.00000E+00  0.30000E-01  0.00000E+00 -0.70368E-02 -0.14149E+05  0.00000E+00 -0.15821E+03  0.00000E+00  0.00000E+00  0.22497E+02  0.00000E+00  0.30000E-01     18  0.00000E+00      0.000
       0.3500  0.10000E+00  0.00000E+00  0.10000E+00  0.00000E+00 -0.21939E-01  0.35000E-01  0.00000E+00  0.35000E-01  0.00000E+00 -0.81338E-02 -0.19682E+05  0.00000E+00 -0.15924E+03  0.00000E+00  0.00000E+00  0.22491E+02  0.00000E+00  0.35000E-01     19  0.00000E+00      0.000
       0.4000  0.10000E+00  0.00000E+00  0.10000E+00  0.00000E+00 -0.21674E-01  0.40000E-01  0.00000E+00  0.40000E-01  0.00000E+00 -0.92175E-02 -0.27075E+05  0.00000E+00 -0.16019E+03  0.00000E+00  0.00000E+00  0.22485E+02  0.00000E+00  0.40000E-01     20  0.00000E+00      0.000
       0.5000  0.10000E+00  0.00000E+00  0.10000E+00  0.00000E+00 -0.21211E-01  0.50000E-01  0.00000E+00  0.50000E-01  0.00000E+00 -0.11339E-01 -0.52147E+05  0.00000E+00 -0.16186E+03  0.00000E+00  0.00000E+00  0.22473E+02  0.00000E+00  0.50000E-01     21  0.00000E+00      0.000
       0.6000  0.10000E+00  0.00000E+00  0.94588E-01  0.00000E+00 -0.20779E-01  0.60000E-01  0.00000E+00  0.59459E-01  0.00000E+00 -0.13417E-01 -0.10000E+06  0.00000E+00 -0.16335E+03  0.00000E+00  0.00000E+00  0.22461E+02  0.00000E+00  0.59459E-01     22  0.00000E+00      0.000
       0.7000  0.10000E+00  0.00000E+00  0.45998E-01  0.00000E+00 -0.20401E-01  0.70000E-01  0.00000E+00  0.64059E-01  0.00000E+00 -0.15457E-01 -0.10000E+06  0.00000E+00 -0.16474E+03  0.00000E+00  0.00000E+00  0.22454E+02  0.00000E+00  0.64059E-01     23  0.00000E+00      0.000
       0.8000  0.10000E+00  0.00000E+00  0.35938E-01  0.00000E+00 -0.20039E-01  0.80000E-01  0.00000E+00  0.67652E-01  0.00000E+00 -0.17461E-01 -0.10000E+06  0.00000E+00 -0.16600E+03  0.00000E+00  0.00000E+00  0.22448E+02  0.00000E+00  0.67652E-01     24  0.00000E+00      0.000
       0.9000  0.10000E+00  0.00000E+00  0.30202E-01  0.00000E+00 -0.19708E-01  0.90000E-01  0.00000E+00  0.70673E-01  0.00000E+00 -0.19431E-01 -0.10000E+06  0.00000E+00 -0.16718E+03  0.00000E+00  0.00000E+00  0.22443E+02  0.00000E+00  0.70673E-01     25  0.00000E+00      0.000
       1.0000  0.10000E+00  0.00000E+00  0.26431E-01  0.00000E+00 -0.19397E-01  0.10000E+00  0.00000E+00  0.73316E-01  0.00000E+00 -0.21371E-01 -0.10000E+06  0.00000E+00 -0.16828E+03  0.00000E+00  0.00000E+00  0.22439E+02  0.00000E+00  0.73316E-01     26  0.00000E+00      0.000
       1.1000  0.30000E+00  0.00000E+00  0.22953E-01  0.00000E+00 -0.19103E-01  0.13000E+00  0.00000E+00  0.75611E-01  0.00000E+00 -0.23281E-01 -0.10000E+06  0.00000E+00 -0.16933E+03  0.00000E+00  0.00000E+00  0.22435E+02  0.00000E+00  0.75611E-01     27  0.00000E+00      0.000
       1.2000  0.30000E+00  0.00000E+00  0.20456E-01  0.00000E+00 -0.18825E-01  0.16000E+00  0.00000E+00  0.77656E-01  0.00000E+00 -0.25164E-01 -0.10000E+06  0.00000E+00 -0.17032E+03  0.00000E+00  0.00000E+00  0.22431E+02  0.00000E+00  0.77656E-01     28  0.00000E+00      0.000
       1.3000  0.30000E+00  0.00000E+00  0.18572E-01  0.00000E+00 -0.18559E-01  0.19000E+00  0.00000E+00  0.79514E-01  0.00000E+00 -0.27020E-01 -0.10000E+06  0.00000E+00 -0.17126E+03  0.00000E+00  0.00000E+00  0.22427E+02  0.00000E+00  0.79514E-01     29  0.00000E+00      0.000
       1.4000  0.30000E+00  0.00000E+00  0.17562E-01  0.00000E+00 -0.18306E-01  0.22000E+00  0.00000E+00  0.81270E-01  0.00000E+00 -0.28850E-01 -0.10000E+06  0.00000E+00 -0.17216E+03  0.00000E+00  0.00000E+00  0.22423E+02  0.00000E+00  0.81270E-01     30  0.00000E+00      0.000
       1.5000  0.30000E+00  0.00000E+00  0.16693E-01  0.00000E+00 -0.18063E-01  0.25000E+00  0.00000E+00  0.82939E-01  0.00000E+00 -0.30657E-01 -0.10000E+06  0.00000E+00 -0.17302E+03  0.00000E+00  0.00000E+00  0.22420E+02  0.00000E+00  0.82939E-01     31  0.00000E+00      0.000
       1.6000  0.30000E+00  0.00000E+00  0.15913E-01  0.00000E+00 -0.17829E-01  0.28000E+00  0.00000E+00  0.84531E-01  0.00000E+00 -0.32439E-01 -0.10000E+06  0.00000E+00 -0.17385E+03  0.00000E+00  0.00000E+00  0.22417E+02  0.00000E+00  0.84531E-01     32  0.00000E+00      0.000
       1.7000  0.30000E+00  0.00000E+00  0.15212E-01  0.00000E+00 -0.17604E-01  0.31000E+00  0.00000E+00  0.86052E-01  0.00000E+00 -0.34200E-01 -0.10000E+06  0.00000E+00 -0.17465E+03  0.00000E+00  0.00000E+00  0.22413E+02  0.00000E+00  0.86052E-01     33  0.00000E+00      0.000
       1.8000  0.30000E+00  0.00000E+00  0.14572E-01  0.00000E+00 -0.17386E-01  0.34000E+00  0.00000E+00  0.87509E-01  0.00000E+00 -0.35939E-01 -0.10000E+06  0.00000E+00 -0.17542E+03  0.00000E+00  0.00000E+00  0.22410E+02  0.00000E+00  0.87509E-01     34  0.00000E+00      0.000
       1.9000  0.30000E+00  0.00000E+00  0.13986E-01  0.00000E+00 -0.17176E-01  0.37000E+00  0.00000E+00  0.88907E-01  0.00000E+00 -0.37656E-01 -0.10000E+06  0.00000E+00 -0.17617E+03  0.00000E+00  0.00000E+00  0.22407E+02  0.00000E+00  0.88907E-01     35  0.00000E+00      0.000
       2.0000  0.30000E+00  0.00000E+00  0.13445E-01  0.00000E+00 -0.16972E-01  0.40000E+00  0.00000E+00  0.90252E-01  0.00000E+00 -0.39353E-01 -0.10000E+06  0.00000E+00 -0.17689E+03  0.00000E+00  0.00000E+00  0.22404E+02  0.00000E+00  0.90252E-01     36  0.00000E+00      0.000
       2.1000  0.50000E+00  0.00000E+00  0.12944E-01  0.00000E+00 -0.16774E-01  0.45000E+00  0.00000E+00  0.91546E-01  0.00000E+00 -0.41031E-01 -0.10000E+06  0.00000E+00 -0.17760E+03  0.00000E+00  0.00000E+00  0.22401E+02  0.00000E+00  0.91546E-01     37  0.00000E+00      0.000
       2.2000  0.50000E+00  0.00000E+00  0.12479E-01  0.00000E+00 -0.16581E-01  0.50000E+00  0.00000E+00  0.92794E-01  0.00000E+00 -0.42689E-01 -0.10000E+06  0.00000E+00 -0.17828E+03  0.00000E+00  0.00000E+00  0.22398E+02  0.00000E+00  0.92794E-01     38  0.00000E+00      0.000
       2.3000  0.50000E+00  0.00000E+00  0.12045E-01  0.00000E+00 -0.16393E-01  0.55000E+00  0.00000E+00  0.93999E-01  0.00000E+00 -0.44328E-01 -0.10000E+06  0.00000E+00 -0.17894E+03  0.00000E+00  0.00000E+00  0.22395E+02  0.00000E+00  0.93999E-01     39  0.00000E+00      0.000
       2.4000  0.50000E+00  0.00000E+00  0.11639E-01  0.00000E+00 -0.16210E-01  0.60000E+00  0.00000E+00  0.95163E-01  0.00000E+00 -0.45949E-01 -0.10000E+06  0.00000E+00 -0.17959E+03  0.00000E+00  0.00000E+00  0.22392E+02  0.00000E+00  0.95163E-01     40  0.00000E+00      0.000
       2.5000  0.50000E+00  0.00000E+00  0.11259E-01  0.00000E+00 -0.16032E-01  0.65000E+00  0.00000E+00  0.96289E-01  0.00000E+00 -0.47552E-01 -0.10000E+06  0.00000E+00 -0.18023E+03  0.00000E+00  0.00000E+00  0.22390E+02  0.00000E+00  0.96289E-01     41  0.00000E+00      0.000
       2.6000  0.50000E+00  0.00000E+00  0.10901E-01  0.00000E+00 -0.15857E-01  0.70000E+00  0.00000E+00  0.97379E-01  0.00000E+00 -0.49138E-01 -0.10000E+06  0.00000E+00 -0.18084E+03  0.00000E+00  0.00000E+00  0.22387E+02  0.00000E+00  0.97379E-01     42  0.00000E+00      0.000
       2.7000  0.50000E+00  0.00000E+00  0.10565E-01  0.00000E+00 -0.15686E-01  0.75000E+00  0.00000E+00  0.98435E-01  0.00000E+00 -0.50706E-01 -0.10000E+06  0.00000E+00 -0.18145E+03  0.00000E+00  0.00000E+00  0.22384E+02  0.00000E+00  0.98435E-01     43  0.00000E+00      0.000
       2.8000  0.50000E+00  0.00000E+00  0.10248E-01  0.00000E+00 -0.15519E-01  0.80000E+00  0.00000E+00  0.99460E-01  0.00000E+00 -0.52258E-01 -0.10000E+06  0.00000E+00 -0.18204E+03  0.00000E+00  0.00000E+00  0.22382E+02  0.00000E+00  0.99460E-01     44  0.00000E+00      0.000
       2.9000  0.50000E+00  0.00000E+00  0.99496E-02  0.00000E+00 -0.15355E-01  0.85000E+00  0.00000E+00  0.10046E+00  0.00000E+00 -0.53794E-01 -0.10000E+06  0.00000E+00 -0.18262E+03  0.00000E+00  0.00000E+00  0.22379E+02  0.00000E+00  0.10046E+00     45  0.00000E+00      0.000
       3.0000  0.50000E+00  0.00000E+00  0.96857E-02  0.00000E+00 -0.15194E-01  0.90000E+00  0.00000E+00  0.10142E+00  0.00000E+00 -0.55313E-01 -0.10000E+06  0.00000E+00 -0.18319E+03  0.00000E+00  0.00000E+00  0.22377E+02  0.00000E+00  0.10142E+00     46  0.00000E+00      0.000
       3.1000  0.30000E+00  0.00000E+00  0.94372E-02  0.00000E+00 -0.15036E-01  0.93000E+00  0.00000E+00  0.10237E+00  0.00000E+00 -0.56817E-01 -0.10000E+06  0.00000E+00 -0.18375E+03  0.00000E+00  0.00000E+00  0.22374E+02  0.00000E+00  0.10237E+00     47  0.00000E+00      0.000
       3.2000  0.30000E+00  0.00000E+00  0.92450E-02  0.00000E+00 -0.14881E-01  0.96000E+00  0.00000E+00  0.10329E+00  0.00000E+00 -0.58305E-01 -0.10000E+06  0.00000E+00 -0.18430E+03  0.00000E+00  0.00000E+00  0.22372E+02  0.00000E+00  0.10329E+00     48  0.00000E+00      0.000
       3.3000  0.30000E+00  0.00000E+00  0.91244E-02  0.00000E+00 -0.14728E-01  0.99000E+00  0.00000E+00  0.10420E+00  0.00000E+00 -0.59778E-01 -0.10000E+06  0.00000E+00 -0.18485E+03  0.00000E+00  0.00000E+00  0.22370E+02  0.00000E+00  0.10420E+00     49  0.00000E+00      0.000
       3.4000  0.30000E+00  0.00000E+00  0.90049E-02  0.00000E+00 -0.14577E-01  0.10200E+01  0.00000E+00  0.10510E+00  0.00000E+00 -0.61235E-01 -0.10000E+06  0.00000E+00 -0.18538E+03  0.00000E+00  0.00000E+00  0.22367E+02  0.00000E+00  0.10510E+00     50  0.00000E+00      0.000
       3.5000  0.30000E+00  0.00000E+00  0.88929E-02  0.00000E+00 -0.14429E-01  0.10500E+01  0.00000E+00  0.10599E+00  0.00000E+00 -0.62678E-01 -0.10000E+06  0.00000E+00 -0.18590E+03  0.00000E+00  0.00000E+00  0.22365E+02  0.00000E+00  0.10599E+00     51  0.00000E+00      0.000
       3.6000  0.30000E+00  0.00000E+00  0.87840E-02  0.00000E+00 -0.14282E-01  0.10800E+01  0.00000E+00  0.10687E+00  0.00000E+00 -0.64107E-01 -0.10000E+06  0.00000E+00 -0.18642E+03  0.00000E+00  0.00000E+00  0.22363E+02  0.00000E+00  0.10687E+00     52  0.00000E+00      0.000
       3.7000  0.30000E+00  0.00000E+00  0.86789E-02  0.00000E+00 -0.14138E-01  0.11100E+01  0.00000E+00  0.10774E+00  0.00000E+00 -0.65520E-01 -0.10000E+06  0.00000E+00 -0.18693E+03  0.00000E+00  0.00000E+00  0.22360E+02  0.00000E+00  0.10774E+00     53  0.00000E+00      0.000
       3.8000  0.30000E+00  0.00000E+00  0.85768E-02  0.00000E+00 -0.13995E-01  0.11400E+01  0.00000E+00  0.10860E+00  0.00000E+00 -0.66920E-01 -0.10000E+06  0.00000E+00 -0.18744E+03  0.00000E+00  0.00000E+00  0.22358E+02  0.00000E+00  0.10860E+00     54  0.00000E+00      0.000
       3.9000  0.30000E+00  0.00000E+00  0.84776E-02  0.00000E+00 -0.13854E-01  0.11700E+01  0.00000E+00  0.10945E+00  0.00000E+00 -0.68305E-01 -0.10000E+06  0.00000E+00 -0.18794E+03  0.00000E+00  0.00000E+00  0.22356E+02  0.00000E+00  0.10945E+00     55  0.00000E+00      0.000
       4.0000  0.30000E+00  0.00000E+00  0.83811E-02  0.00000E+00 -0.13714E-01  0.12000E+01  0.00000E+00  0.11028E+00  0.00000E+00 -0.69677E-01 -0.10000E+06  0.00000E+00 -0.18844E+03  0.00000E+00  0.00000E+00  0.22354E+02  0.00000E+00  0.11028E+00     56  0.00000E+00      0.000
       4.1000  0.50000E+00  0.00000E+00  0.82870E-02  0.00000E+00 -0.13574E-01  0.12500E+01  0.00000E+00  0.11111E+00  0.00000E+00 -0.71034E-01 -0.10000E+06  0.00000E+00 -0.18893E+03  0.00000E+00  0.00000E+00  0.22351E+02  0.00000E+00  0.11111E+00     57  0.00000E+00      0.000
       4.2000  0.50000E+00  0.00000E+00  0.81952E-02  0.00000E+00 -0.13436E-01  0.13000E+01  0.00000E+00  0.11193E+00  0.00000E+00 -0.72378E-01 -0.10000E+06  0.00000E+00 -0.18942E+03  0.00000E+00  0.00000E+00  0.22349E+02  0.00000E+00  0.11193E+00     58  0.00000E+00      0.000
       4.3000  0.50000E+00  0.00000E+00  0.81055E-02  0.00000E+00 -0.13298E-01  0.13500E+01  0.00000E+00  0.11274E+00  0.00000E+00 -0.73707E-01 -0.10000E+06  0.00000E+00 -0.18991E+03  0.00000E+00  0.00000E+00  0.22347E+02  0.00000E+00  0.11274E+00     59  0.00000E+00      0.000
       4.4000  0.50000E+00  0.00000E+00  0.80177E-02  0.00000E+00 -0.13160E-01  0.14000E+01  0.00000E+00  0.11354E+00  0.00000E+00 -0.75023E-01 -0.10000E+06  0.00000E+00 -0.19039E+03  0.00000E+00  0.00000E+00  0.22345E+02  0.00000E+00  0.11354E+00     60  0.00000E+00      0.000
       4.5000  0.50000E+00  0.00000E+00  0.79318E-02  0.00000E+00 -0.13022E-01  0.14500E+01  0.00000E+00  0.11434E+00  0.00000E+00 -0.76326E-01 -0.10000E+06  0.00000E+00 -0.19088E+03  0.00000E+00  0.00000E+00  0.22343E+02  0.00000E+00  0.11434E+00     61  0.00000E+00      0.000
       4.6000  0.50000E+00  0.00000E+00  0.78476E-02  0.00000E+00 -0.12880E-01  0.15000E+01  0.00000E+00  0.11512E+00  0.00000E+00 -0.77614E-01 -0.10000E+06  0.00000E+00 -0.19138E+03  0.00000E+00  0.00000E+00  0.22341E+02  0.00000E+00  0.11512E+00     62  0.00000E+00      0.000
       4.7000  0.50000E+00  0.00000E+00  0.77651E-02  0.00000E+00 -0.12755E-01  0.15500E+01  0.00000E+00  0.11590E+00  0.00000E+00 -0.78889E-01 -0.10000E+06  0.00000E+00 -0.19194E+03  0.00000E+00  0.00000E+00  0.22339E+02  0.00000E+00  0.11590E+00     63  0.00000E+00      0.000
       4.8000  0.50000E+00  0.00000E+00  0.76840E-02  0.00000E+00 -0.12682E-01  0.16000E+01  0.00000E+00  0.11667E+00  0.00000E+00 -0.80157E-01 -0.10000E+06  0.00000E+00 -0.19255E+03  0.00000E+00  0.00000E+00  0.22337E+02  0.00000E+00  0.11667E+00     64  0.00000E+00      0.000
       4.9000  0.50000E+00  0.00000E+00  0.76044E-02  0.00000E+00 -0.12610E-01  0.16500E+01  0.00000E+00  0.11743E+00  0.00000E+00 -0.81418E-01 -0.10000E+06  0.00000E+00 -0.19312E+03  0.00000E+00  0.00000E+00  0.22335E+02  0.00000E+00  0.11743E+00     65  0.00000E+00      0.000
       5.0000  0.50000E+00  0.00000E+00  0.75263E-02  0.00000E+00 -0.12544E-01  0.17000E+01  0.00000E+00  0.11818E+00  0.00000E+00 -0.82673E-01 -0.10000E+06  0.00000E+00 -0.19367E+03  0.00000E+00  0.00000E+00  0.22333E+02  0.00000E+00  0.11818E+00     66  0.00000E+00      0.000
       5.1000  0.50000E+00  0.00000E+00  0.74494E-02  0.00000E+00 -0.12478E-01  0.17500E+01  0.00000E+00  0.11893E+00  0.00000E+00 -0.83920E-01 -0.10000E+06  0.00000E+00 -0.19421E+03  0.00000E+00  0.00000E+00  0.22331E+02  0.00000E+00  0.11893E+00     67  0.00000E+00      0.000
       5.2000  0.50000E+00  0.00000E+00  0.73739E-02  0.00000E+00 -0.12415E-01  0.18000E+01  0.00000E+00  0.11966E+00  0.00000E+00 -0.85162E-01 -0.10000E+06  0.00000E+00 -0.19474E+03  0.00000E+00  0.00000E+00  0.22329E+02  0.00000E+00  0.11966E+00     68  0.00000E+00      0.000
       5.3000  0.50000E+00  0.00000E+00  0.72995E-02  0.00000E+00 -0.12352E-01  0.18500E+01  0.00000E+00  0.12039E+00  0.00000E+00 -0.86397E-01 -0.10000E+06  0.00000E+00 -0.19525E+03  0.00000E+00  0.00000E+00  0.22327E+02  0.00000E+00  0.12039E+00     69  0.00000E+00      0.000
       5.4000  0.50000E+00  0.00000E+00  0.72264E-02  0.00000E+00 -0.12291E-01  0.19000E+01  0.00000E+00  0.12112E+00  0.00000E+00 -0.87626E-01 -0.10000E+06  0.00000E+00 -0.19575E+03  0.00000E+00  0.00000E+00  0.22325E+02  0.00000E+00  0.12112E+00     70  0.00000E+00      0.000
       5.5000  0.50000E+00  0.00000E+00  0.71545E-02  0.00000E+00 -0.12231E-01  0.19500E+01  0.00000E+00  0.12183E+00  0.00000E+00 -0.88849E-01 -0.10000E+06  0.00000E+00 -0.19625E+03  0.00000E+00  0.00000E+00  0.22323E+02  0.00000E+00  0.12183E+00     71  0.00000E+00      0.000
       5.6000  0.50000E+00  0.00000E+00  0.70837E-02  0.00000E+00 -0.12172E-01  0.20000E+01  0.00000E+00  0.12254E+00  0.00000E+00 -0.90067E-01 -0.10000E+06  0.00000E+00 -0.19673E+03  0.00000E+00  0.00000E+00  0.22321E+02  0.00000E+00  0.12254E+00     72  0.00000E+00      0.000
       5.7000  0.50000E+00  0.00000E+00  0.70140E-02  0.00000E+00 -0.12114E-01  0.20500E+01  0.00000E+00  0.12324E+00  0.00000E+00 -0.91278E-01 -0.10000E+06  0.00000E+00 -0.19721E+03  0.00000E+00  0.00000E+00  0.22319E+02  0.00000E+00  0.12324E+00     73  0.00000E+00      0.000
       5.8000  0.50000E+00  0.00000E+00  0.69455E-02  0.00000E+00 -0.12057E-01  0.21000E+01  0.00000E+00  0.12394E+00  0.00000E+00 -0.92484E-01 -0.10000E+06  0.00000E+00 -0.19768E+03  0.00000E+00  0.00000E+00  0.22317E+02  0.00000E+00  0.12394E+00     74  0.00000E+00      0.000
       5.9000  0.50000E+00  0.00000E+00  0.68783E-02  0.00000E+00 -0.12001E-01  0.21500E+01  0.00000E+00  0.12462E+00  0.00000E+00 -0.93684E-01 -0.10000E+06  0.00000E+00 -0.19814E+03  0.00000E+00  0.00000E+00  0.22315E+02  0.00000E+00  0.12462E+00     75  0.00000E+00      0.000
       6.0000  0.50000E+00  0.00000E+00  0.68123E-02  0.00000E+00 -0.11945E-01  0.22000E+01  0.00000E+00  0.12530E+00  0.00000E+00 -0.94878E-01 -0.10000E+06  0.00000E+00 -0.19860E+03  0.00000E+00  0.00000E+00  0.22313E+02  0.00000E+00  0.12530E+00     76  0.00000E+00      0.000
       6.1000  0.40000E+00  0.00000E+00  0.67477E-02  0.00000E+00 -0.11891E-01  0.22400E+01  0.00000E+00  0.12598E+00  0.00000E+00 -0.96068E-01 -0.10000E+06  0.00000E+00 -0.19905E+03  0.00000E+00  0.00000E+00  0.22311E+02  0.00000E+00  0.12598E+00     77  0.00000E+00      0.000
       6.2000  0.40000E+00  0.00000E+00  0.66844E-02  0.00000E+00 -0.11837E-01  0.22800E+01  0.00000E+00  0.12665E+00  0.00000E+00 -0.97251E-01 -0.10000E+06  0.00000E+00 -0.19950E+03  0.00000E+00  0.00000E+00  0.22310E+02  0.00000E+00  0.12665E+00     78  0.00000E+00      0.000
       6.3000  0.40000E+00  0.00000E+00  0.66225E-02  0.00000E+00 -0.11784E-01  0.23200E+01  0.00000E+00  0.12731E+00  0.00000E+00 -0.98430E-01 -0.10000E+06  0.00000E+00 -0.19993E+03  0.00000E+00  0.00000E+00  0.22308E+02  0.00000E+00  0.12731E+00     79  0.00000E+00      0.000
       6.4000  0.40000E+00  0.00000E+00  0.65620E-02  0.00000E+00 -0.11731E-01  0.23600E+01  0.00000E+00  0.12797E+00  0.00000E+00 -0.99603E-01 -0.10000E+06  0.00000E+00 -0.20037E+03  0.00000E+00  0.00000E+00  0.22306E+02  0.00000E+00  0.12797E+00     80  0.00000E+00      0.000
       6.5000  0.40000E+00  0.00000E+00  0.65028E-02  0.00000E+00 -0.11679E-01  0.24000E+01  0.00000E+00  0.12862E+00  0.00000E+00 -0.10077E+00 -0.10000E+06  0.00000E+00 -0.20079E+03  0.00000E+00  0.00000E+00  0.22304E+02  0.00000E+00  0.12862E+00     81  0.00000E+00      0.000
       6.6000  0.40000E+00  0.00000E+00  0.64449E-02  0.00000E+00 -0.11628E-01  0.24400E+01  0.00000E+00  0.12926E+00  0.00000E+00 -0.10193E+00 -0.10000E+06  0.00000E+00 -0.20122E+03  0.00000E+00  0.00000E+00  0.22302E+02  0.00000E+00  0.12926E+00     82  0.00000E+00      0.000
       6.7000  0.40000E+00  0.00000E+00  0.63884E-02  0.00000E+00 -0.11577E-01  0.24800E+01  0.00000E+00  0.12990E+00  0.00000E+00 -0.10309E+00 -0.10000E+06  0.00000E+00 -0.20163E+03  0.00000E+00  0.00000E+00  0.22300E+02  0.00000E+00  0.12990E+00     83  0.00000E+00      0.000
       6.8000  0.40000E+00  0.00000E+00  0.63332E-02  0.00000E+00 -0.11527E-01  0.25200E+01  0.00000E+00  0.13053E+00  0.00000E+00 -0.10424E+00 -0.10000E+06  0.00000E+00 -0.20205E+03  0.00000E+00  0.00000E+00  0.22299E+02  0.00000E+00  0.13053E+00     84  0.00000E+00      0.000
       6.9000  0.40000E+00  0.00000E+00  0.62793E-02  0.00000E+00 -0.11477E-01  0.25600E+01  0.00000E+00  0.13116E+00  0.00000E+00 -0.10539E+00 -0.10000E+06  0.00000E+00 -0.20246E+03  0.00000E+00  0.00000E+00  0.22297E+02  0.00000E+00  0.13116E+00     85  0.00000E+00      0.000
       7.0000  0.40000E+00  0.00000E+00  0.62267E-02  0.00000E+00 -0.11428E-01  0.26000E+01  0.00000E+00  0.13178E+00  0.00000E+00 -0.10653E+00 -0.10000E+06  0.00000E+00 -0.20286E+03  0.00000E+00  0.00000E+00  0.22295E+02  0.00000E+00  0.13178E+00     86  0.00000E+00      0.000
       7.1000  0.40000E+00  0.00000E+00  0.61754E-02  0.00000E+00 -0.11380E-01  0.26400E+01  0.00000E+00  0.13240E+00  0.00000E+00 -0.10767E+00 -0.10000E+06  0.00000E+00 -0.20326E+03  0.00000E+00  0.00000E+00  0.22293E+02  0.00000E+00  0.13240E+00     87  0.00000E+00      0.000
       7.2000  0.40000E+00  0.00000E+00  0.61252E-02  0.00000E+00 -0.11332E-01  0.26800E+01  0.00000E+00  0.13301E+00  0.00000E+00 -0.10881E+00 -0.10000E+06  0.00000E+00 -0.20365E+03  0.00000E+00  0.00000E+00  0.22292E+02  0.00000E+00  0.13301E+00     88  0.00000E+00      0.000
       7.3000  0.40000E+00  0.00000E+00  0.60763E-02  0.00000E+00 -0.11285E-01  0.27200E+01  0.00000E+00  0.13362E+00  0.00000E+00 -0.10993E+00 -0.10000E+06  0.00000E+00 -0.20404E+03  0.00000E+00  0.00000E+00  0.22290E+02  0.00000E+00  0.13362E+00     89  0.00000E+00      0.000
       7.4000  0.40000E+00  0.00000E+00  0.60285E-02  0.00000E+00 -0.11237E-01  0.27600E+01  0.00000E+00  0.13422E+00  0.00000E+00 -0.11106E+00 -0.10000E+06  0.00000E+00 -0.20443E+03  0.00000E+00  0.00000E+00  0.22288E+02  0.00000E+00  0.13422E+00     90  0.00000E+00      0.000
       7.5000  0.40000E+00  0.00000E+00  0.59819E-02  0.00000E+00 -0.11191E-01  0.28000E+01  0.00000E+00  0.13482E+00  0.00000E+00 -0.11218E+00 -0.10000E+06  0.00000E+00 -0.20481E+03  0.00000E+00  0.00000E+00  0.22286E+02  0.00000E+00  0.13482E+00     91  0.00000E+00      0.000
       7.6000  0.40000E+00  0.00000E+00  0.59364E-02  0.00000E+00 -0.11145E-01  0.28400E+01  0.00000E+00  0.13542E+00  0.00000E+00 -0.11329E+00 -0.10000E+06  0.00000E+00 -0.20519E+03  0.00000E+00  0.00000E+00  0.22285E+02  0.00000E+00  0.13542E+00     92  0.00000E+00      0.000
       7.7000  0.40000E+00  0.00000E+00  0.58919E-02  0.00000E+00 -0.11100E-01  0.28800E+01  0.00000E+00  0.13600E+00  0.00000E+00 -0.11440E+00 -0.10000E+06  0.00000E+00 -0.20557E+03  0.00000E+00  0.00000E+00  0.22283E+02  0.00000E+00  0.13600E+00     93  0.00000E+00      0.000
       7.8000  0.40000E+00  0.00000E+00  0.58485E-02  0.00000E+00 -0.11054E-01  0.29200E+01  0.00000E+00  0.13659E+00  0.00000E+00 -0.11551E+00 -0.10000E+06  0.00000E+00 -0.20594E+03  0.00000E+00  0.00000E+00  0.22281E+02  0.00000E+00  0.13659E+00     94  0.00000E+00      0.000
       7.9000  0.40000E+00  0.00000E+00  0.58061E-02  0.00000E+00 -0.11010E-01  0.29600E+01  0.00000E+00  0.13717E+00  0.00000E+00 -0.11661E+00 -0.10000E+06  0.00000E+00 -0.20631E+03  0.00000E+00  0.00000E+00  0.22280E+02  0.00000E+00  0.13717E+00     95  0.00000E+00      0.000
       8.0000  0.40000E+00  0.00000E+00  0.57647E-02  0.00000E+00 -0.10965E-01  0.30000E+01  0.00000E+00  0.13775E+00  0.00000E+00 -0.11770E+00 -0.10000E+06  0.00000E+00 -0.20667E+03  0.00000E+00  0.00000E+00  0.22278E+02  0.00000E+00  0.13775E+00     96  0.00000E+00      0.000
       8.1000  0.30000E+00  0.00000E+00  0.57242E-02  0.00000E+00 -0.10921E-01  0.30300E+01  0.00000E+00  0.13832E+00  0.00000E+00 -0.11880E+00 -0.10000E+06  0.00000E+00 -0.20703E+03  0.00000E+00  0.00000E+00  0.22276E+02  0.00000E+00  0.13832E+00     97  0.00000E+00      0.000
       8.2000  0.30000E+00  0.00000E+00  0.56847E-02  0.00000E+00 -0.10878E-01  0.30600E+01  0.00000E+00  0.13889E+00  0.00000E+00 -0.11988E+00 -0.10000E+06  0.00000E+00 -0.20739E+03  0.00000E+00  0.00000E+00  0.22275E+02  0.00000E+00  0.13889E+00     98  0.00000E+00      0.000
       8.3000  0.30000E+00  0.00000E+00  0.56461E-02  0.00000E+00 -0.10835E-01  0.30900E+01  0.00000E+00  0.13945E+00  0.00000E+00 -0.12097E+00 -0.10000E+06  0.00000E+00 -0.20775E+03  0.00000E+00  0.00000E+00  0.22273E+02  0.00000E+00  0.13945E+00     99  0.00000E+00      0.000
       8.4000  0.30000E+00  0.00000E+00  0.56083E-02  0.00000E+00 -0.10792E-01  0.31200E+01  0.00000E+00  0.14001E+00  0.00000E+00 -0.12205E+00 -0.10000E+06  0.00000E+00 -0.20810E+03  0.00000E+00  0.00000E+00  0.22271E+02  0.00000E+00  0.14001E+00    100  0.00000E+00      0.000
       8.5000  0.30000E+00  0.00000E+00  0.55714E-02  0.00000E+00 -0.10750E-01  0.31500E+01  0.00000E+00  0.14057E+00  0.00000E+00 -0.12312E+00 -0.10000E+06  0.00000E+00 -0.20845E+03  0.00000E+00  0.00000E+00  0.22270E+02  0.00000E+00  0.14057E+00    101  0.00000E+00      0.000
       8.6000  0.30000E+00  0.00000E+00  0.55353E-02  0.00000E+00 -0.10708E-01  0.31800E+01  0.00000E+00  0.14112E+00  0.00000E+00 -0.12419E+00 -0.10000E+06  0.00000E+00 -0.20879E+03  0.00000E+00  0.00000E+00  0.22268E+02  0.00000E+00  0.14112E+00    102  0.00000E+00      0.000
       8.7000  0.30000E+00  0.00000E+00  0.55000E-02  0.00000E+00 -0.10666E-01  0.32100E+01  0.00000E+00  0.14167E+00  0.00000E+00 -0.12526E+00 -0.10000E+06  0.00000E+00 -0.20913E+03  0.00000E+00  0.00000E+00  0.22267E+02  0.00000E+00  0.14167E+00    103  0.00000E+00      0.000
       8.8000  0.30000E+00  0.00000E+00  0.54655E-02  0.00000E+00 -0.10625E-01  0.32400E+01  0.00000E+00  0.14222E+00  0.00000E+00 -0.12632E+00 -0.10000E+06  0.00000E+00 -0.20947E+03  0.00000E+00  0.00000E+00  0.22265E+02  0.00000E+00  0.14222E+00    104  0.00000E+00      0.000
       8.9000  0.30000E+00  0.00000E+00  0.54318E-02  0.00000E+00 -0.10584E-01  0.32700E+01  0.00000E+00  0.14276E+00  0.00000E+00 -0.12738E+00 -0.10000E+06  0.00000E+00 -0.20981E+03  0.00000E+00  0.00000E+00  0.22263E+02  0.00000E+00  0.14276E+00    105  0.00000E+00      0.000
       9.0000  0.30000E+00  0.00000E+00  0.53988E-02  0.00000E+00 -0.10543E-01  0.33000E+01  0.00000E+00  0.14330E+00  0.00000E+00 -0.12843E+00 -0.10000E+06  0.00000E+00 -0.21015E+03  0.00000E+00  0.00000E+00  0.22262E+02  0.00000E+00  0.14330E+00    106  0.00000E+00      0.000
       9.1000  0.40000E+00  0.00000E+00  0.53664E-02  0.00000E+00 -0.10503E-01  0.33400E+01  0.00000E+00  0.14384E+00  0.00000E+00 -0.12948E+00 -0.10000E+06  0.00000E+00 -0.21048E+03  0.00000E+00  0.00000E+00  0.22260E+02  0.00000E+00  0.14384E+00    107  0.00000E+00      0.000
       9.2000  0.40000E+00  0.00000E+00  0.53358E-02  0.00000E+00 -0.10463E-01  0.33800E+01  0.00000E+00  0.14437E+00  0.00000E+00 -0.13053E+00 -0.10000E+06  0.00000E+00 -0.21081E+03  0.00000E+00  0.00000E+00  0.22259E+02  0.00000E+00  0.14437E+00    108  0.00000E+00      0.000
       9.3000  0.40000E+00  0.00000E+00  0.53065E-02  0.00000E+00 -0.10423E-01  0.34200E+01  0.00000E+00  0.14490E+00  0.00000E+00 -0.13157E+00 -0.10000E+06  0.00000E+00 -0.21113E+03  0.00000E+00  0.00000E+00  0.22257E+02  0.00000E+00  0.14490E+00    109  0.00000E+00      0.000
       9.4000  0.40000E+00  0.00000E+00  0.52786E-02  0.00000E+00 -0.10384E-01  0.34600E+01  0.00000E+00  0.14543E+00  0.00000E+00 -0.13261E+00 -0.10000E+06  0.00000E+00 -0.21146E+03  0.00000E+00  0.00000E+00  0.22255E+02  0.00000E+00  0.14543E+00    110  0.00000E+00      0.000
       9.5000  0.40000E+00  0.00000E+00  0.52522E-02  0.00000E+00 -0.10345E-01  0.35000E+01  0.00000E+00  0.14596E+00  0.00000E+00 -0.13365E+00 -0.10000E+06  0.00000E+00 -0.21178E+03  0.00000E+00  0.00000E+00  0.22254E+02  0.00000E+00  0.14596E+00    111  0.00000E+00      0.000
       9.6000  0.40000E+00  0.00000E+00  0.52270E-02  0.00000E+00 -0.10306E-01  0.35400E+01  0.00000E+00  0.14648E+00  0.00000E+00 -0.13468E+00 -0.10000E+06  0.00000E+00 -0.21210E+03  0.00000E+00  0.00000E+00  0.22252E+02  0.00000E+00  0.14648E+00    112  0.00000E+00      0.000
       9.7000  0.40000E+00  0.00000E+00  0.52030E-02  0.00000E+00 -0.10268E-01  0.35800E+01  0.00000E+00  0.14700E+00  0.00000E+00 -0.13570E+00 -0.10000E+06  0.00000E+00 -0.21241E+03  0.00000E+00  0.00000E+00  0.22251E+02  0.00000E+00  0.14700E+00    113  0.00000E+00      0.000
       9.8000  0.40000E+00  0.00000E+00  0.51800E-02  0.00000E+00 -0.10230E-01  0.36200E+01  0.00000E+00  0.14752E+00  0.00000E+00 -0.13673E+00 -0.10000E+06  0.00000E+00 -0.21273E+03  0.00000E+00  0.00000E+00  0.22249E+02  0.00000E+00  0.14752E+00    114  0.00000E+00      0.000
       9.9000  0.40000E+00  0.00000E+00  0.51579E-02  0.00000E+00 -0.10192E-01  0.36600E+01  0.00000E+00  0.14803E+00  0.00000E+00 -0.13775E+00 -0.10000E+06  0.00000E+00 -0.21304E+03  0.00000E+00  0.00000E+00  0.22248E+02  0.00000E+00  0.14803E+00    115  0.00000E+00      0.000
      10.0000  0.40000E+00  0.00000E+00  0.51365E-02  0.00000E+00 -0.10154E-01  0.37000E+01  0.00000E+00  0.14855E+00  0.00000E+00 -0.13876E+00 -0.10000E+06  0.00000E+00 -0.21335E+03  0.00000E+00  0.00000E+00  0.22246E+02  0.00000E+00  0.14855E+00    116  0.00000E+00      0.000
      10.1000  0.20000E+00  0.00000E+00  0.51160E-02  0.00000E+00 -0.10117E-01  0.37200E+01  0.00000E+00  0.14906E+00  0.00000E+00 -0.13977E+00 -0.10000E+06  0.00000E+00 -0.21366E+03  0.00000E+00  0.00000E+00  0.22245E+02  0.00000E+00  0.14906E+00    117  0.00000E+00      0.000
      10.2000  0.20000E+00  0.00000E+00  0.50961E-02  0.00000E+00 -0.10080E-01  0.37400E+01  0.00000E+00  0.14957E+00  0.00000E+00 -0.14078E+00 -0.10000E+06  0.00000E+00 -0.21396E+03  0.00000E+00  0.00000E+00  0.22243E+02  0.00000E+00  0.14957E+00    118  0.00000E+00      0.000
      10.3000  0.20000E+00  0.00000E+00  0.50768E-02  0.00000E+00 -0.10043E-01  0.37600E+01  0.00000E+00  0.15008E+00  0.00000E+00 -0.14179E+00 -0.10000E+06  0.00000E+00 -0.21426E+03  0.00000E+00  0.00000E+00  0.22242E+02  0.00000E+00  0.15008E+00    119  0.00000E+00      0.000
      10.4000  0.20000E+00  0.00000E+00  0.50581E-02  0.00000E+00 -0.10006E-01  0.37800E+01  0.00000E+00  0.15058E+00  0.00000E+00 -0.14279E+00 -0.10000E+06  0.00000E+00 -0.21457E+03  0.00000E+00  0.00000E+00  0.22240E+02  0.00000E+00  0.15058E+00    120  0.00000E+00      0.000
      10.5000  0.20000E+00  0.00000E+00  0.50398E-02  0.00000E+00 -0.99699E-02  0.38000E+01  0.00000E+00  0.15109E+00  0.00000E+00 -0.14378E+00 -0.10000E+06  0.00000E+00 -0.21486E+03  0.00000E+00  0.00000E+00  0.22239E+02  0.00000E+00  0.15109E+00    121  0.00000E+00      0.000
      10.6000  0.20000E+00  0.00000E+00  0.50221E-02  0.00000E+00 -0.99339E-02  0.38200E+01  0.00000E+00  0.15159E+00  0.00000E+00 -0.14478E+00 -0.10000E+06  0.00000E+00 -0.21516E+03  0.00000E+00  0.00000E+00  0.22237E+02  0.00000E+00  0.15159E+00    122  0.00000E+00      0.000
      10.7000  0.20000E+00  0.00000E+00  0.50048E-02  0.00000E+00 -0.98980E-02  0.38400E+01  0.00000E+00  0.15209E+00  0.00000E+00 -0.14577E+00 -0.10000E+06  0.00000E+00 -0.21546E+03  0.00000E+00  0.00000E+00  0.22236E+02  0.00000E+00  0.15209E+00    123  0.00000E+00      0.000
      10.8000  0.20000E+00  0.00000E+00  0.49879E-02  0.00000E+00 -0.98624E-02  0.38600E+01  0.00000E+00  0.15259E+00  0.00000E+00 -0.14675E+00 -0.10000E+06  0.00000E+00 -0.21575E+03  0.00000E+00  0.00000E+00  0.22234E+02  0.00000E+00  0.15259E+00    124  0.00000E+00      0.000
      10.9000  0.20000E+00  0.00000E+00  0.49714E-02  0.00000E+00 -0.98271E-02  0.38800E+01  0.00000E+00  0.15309E+00  0.00000E+00 -0.14773E+00 -0.10000E+06  0.00000E+00 -0.21604E+03  0.00000E+00  0.00000E+00  0.22233E+02  0.00000E+00  0.15309E+00    125  0.00000E+00      0.000
      11.0000  0.20000E+00  0.00000E+00  0.49552E-02  0.00000E+00 -0.97919E-02  0.39000E+01  0.00000E+00  0.15358E+00  0.00000E+00 -0.14871E+00 -0.10000E+06  0.00000E+00 -0.21633E+03  0.00000E+00  0.00000E+00  0.22231E+02  0.00000E+00  0.15358E+00    126  0.00000E+00      0.000
      11.1000  0.20000E+00  0.00000E+00  0.49393E-02  0.00000E+00 -0.97570E-02  0.39200E+01  0.00000E+00  0.15407E+00  0.00000E+00 -0.14969E+00 -0.10000E+06  0.00000E+00 -0.21662E+03  0.00000E+00  0.00000E+00  0.22230E+02  0.00000E+00  0.15407E+00    127  0.00000E+00      0.000
      11.2000  0.20000E+00  0.00000E+00  0.49237E-02  0.00000E+00 -0.97223E-02  0.39400E+01  0.00000E+00  0.15457E+00  0.00000E+00 -0.15066E+00 -0.10000E+06  0.00000E+00 -0.21690E+03  0.00000E+00  0.00000E+00  0.22228E+02  0.00000E+00  0.15457E+00    128  0.00000E+00      0.000
      11.3000  0.20000E+00  0.00000E+00  0.49084E-02  0.00000E+00 -0.96879E-02  0.39600E+01  0.00000E+00  0.15506E+00  0.00000E+00 -0.15163E+00 -0.10000E+06  0.00000E+00 -0.21719E+03  0.00000E+00  0.00000E+00  0.22227E+02  0.00000E+00  0.15506E+00    129  0.00000E+00      0.000
      11.4000  0.20000E+00  0.00000E+00  0.48934E-02  0.00000E+00 -0.96537E-02  0.39800E+01  0.00000E+00  0.15555E+00  0.00000E+00 -0.15260E+00 -0.10000E+06  0.00000E+00 -0.21747E+03  0.00000E+00  0.00000E+00  0.22225E+02  0.00000E+00  0.15555E+00    130  0.00000E+00      0.000
      11.5000  0.20000E+00  0.00000E+00  0.48786E-02  0.00000E+00 -0.96195E-02  0.40000E+01  0.00000E+00  0.15603E+00  0.00000E+00 -0.15356E+00 -0.10000E+06  0.00000E+00 -0.21775E+03  0.00000E+00  0.00000E+00  0.22224E+02  0.00000E+00  0.15603E+00    131  0.00000E+00      0.000
      11.6000  0.20000E+00  0.00000E+00  0.48641E-02  0.00000E+00 -0.95857E-02  0.40200E+01  0.00000E+00  0.15652E+00  0.00000E+00 -0.15452E+00 -0.10000E+06  0.00000E+00 -0.21803E+03  0.00000E+00  0.00000E+00  0.22222E+02  0.00000E+00  0.15652E+00    132  0.00000E+00      0.000
      11.7000  0.20000E+00  0.00000E+00  0.48498E-02  0.00000E+00 -0.95519E-02  0.40400E+01  0.00000E+00  0.15701E+00  0.00000E+00 -0.15547E+00 -0.10000E+06  0.00000E+00 -0.21830E+03  0.00000E+00  0.00000E+00  0.22221E+02  0.00000E+00  0.15701E+00    133  0.00000E+00      0.000
      11.8000  0.20000E+00  0.00000E+00  0.48356E-02  0.00000E+00 -0.95186E-02  0.40600E+01  0.00000E+00  0.15749E+00  0.00000E+00 -0.15642E+00 -0.10000E+06  0.00000E+00 -0.21858E+03  0.00000E+00  0.00000E+00  0.22220E+02  0.00000E+00  0.15749E+00    134  0.00000E+00      0.000
      11.9000  0.20000E+00  0.00000E+00  0.48217E-02  0.00000E+00 -0.94853E-02  0.40800E+01  0.00000E+00  0.15797E+00  0.00000E+00 -0.15737E+00 -0.10000E+06  0.00000E+00 -0.21885E+03  0.00000E+00  0.00000E+00  0.22218E+02  0.00000E+00  0.15797E+00    135  0.00000E+00      0.000
      12.0000  0.20000E+00  0.00000E+00  0.48080E-02  0.00000E+00 -0.94522E-02  0.41000E+01  0.00000E+00  0.15845E+00  0.00000E+00 -0.15832E+00 -0.10000E+06  0.00000E+00 -0.21913E+03  0.00000E+00  0.00000E+00  0.22217E+02  0.00000E+00  0.15845E+00    136  0.00000E+00      0.000
      12.1000  0.40000E+00  0.00000E+00  0.47944E-02  0.00000E+00 -0.94194E-02  0.41400E+01  0.00000E+00  0.15893E+00  0.00000E+00 -0.15926E+00 -0.10000E+06  0.00000E+00 -0.21940E+03  0.00000E+00  0.00000E+00  0.22215E+02  0.00000E+00  0.15893E+00    137  0.00000E+00      0.000
      12.2000  0.40000E+00  0.00000E+00  0.47811E-02  0.00000E+00 -0.93867E-02  0.41800E+01  0.00000E+00  0.15941E+00  0.00000E+00 -0.16020E+00 -0.10000E+06  0.00000E+00 -0.21967E+03  0.00000E+00  0.00000E+00  0.22214E+02  0.00000E+00  0.15941E+00    138  0.00000E+00      0.000
      12.3000  0.40000E+00  0.00000E+00  0.47678E-02  0.00000E+00 -0.93543E-02  0.42200E+01  0.00000E+00  0.15989E+00  0.00000E+00 -0.16113E+00 -0.10000E+06  0.00000E+00 -0.21993E+03  0.00000E+00  0.00000E+00  0.22212E+02  0.00000E+00  0.15989E+00    139  0.00000E+00      0.000
      12.4000  0.40000E+00  0.00000E+00  0.47548E-02  0.00000E+00 -0.93218E-02  0.42600E+01  0.00000E+00  0.16036E+00  0.00000E+00 -0.16207E+00 -0.10000E+06  0.00000E+00 -0.22020E+03  0.00000E+00  0.00000E+00  0.22211E+02  0.00000E+00  0.16036E+00    140  0.00000E+00      0.000
      12.5000  0.40000E+00  0.00000E+00  0.47419E-02  0.00000E+00 -0.92897E-02  0.43000E+01  0.00000E+00  0.16084E+00  0.00000E+00 -0.16299E+00 -0.10000E+06  0.00000E+00 -0.22046E+03  0.00000E+00  0.00000E+00  0.22210E+02  0.00000E+00  0.16084E+00    141  0.00000E+00      0.000
      12.6000  0.40000E+00  0.00000E+00  0.47291E-02  0.00000E+00 -0.92579E-02  0.43400E+01  0.00000E+00  0.16131E+00  0.00000E+00 -0.16392E+00 -0.10000E+06  0.00000E+00 -0.22073E+03  0.00000E+00  0.00000E+00  0.22208E+02  0.00000E+00  0.16131E+00    142  0.00000E+00      0.000
      12.7000  0.40000E+00  0.00000E+00  0.47165E-02  0.00000E+00 -0.92260E-02  0.43800E+01  0.00000E+00  0.16178E+00  0.00000E+00 -0.16484E+00 -0.10000E+06  0.00000E+00 -0.22099E+03  0.00000E+00  0.00000E+00  0.22207E+02  0.00000E+00  0.16178E+00    143  0.00000E+00      0.000
      12.8000  0.40000E+00  0.00000E+00  0.47041E-02  0.00000E+00 -0.91944E-02  0.44200E+01  0.00000E+00  0.16225E+00  0.00000E+00 -0.16576E+00 -0.10000E+06  0.00000E+00 -0.22125E+03  0.00000E+00  0.00000E+00  0.22205E+02  0.00000E+00  0.16225E+00    144  0.00000E+00      0.000
      12.9000  0.40000E+00  0.00000E+00  0.46917E-02  0.00000E+00 -0.91631E-02  0.44600E+01  0.00000E+00  0.16272E+00  0.00000E+00 -0.16668E+00 -0.10000E+06  0.00000E+00 -0.22151E+03  0.00000E+00  0.00000E+00  0.22204E+02  0.00000E+00  0.16272E+00    145  0.00000E+00      0.000
      13.0000  0.40000E+00  0.00000E+00  0.46795E-02  0.00000E+00 -0.91316E-02  0.45000E+01  0.00000E+00  0.16319E+00  0.00000E+00 -0.16759E+00 -0.10000E+06  0.00000E+00 -0.22176E+03  0.00000E+00  0.00000E+00  0.22203E+02  0.00000E+00  0.16319E+00    146  0.00000E+00      0.000
      13.1000  0.40000E+00  0.00000E+00  0.46674E-02  0.00000E+00 -0.91006E-02  0.45400E+01  0.00000E+00  0.16366E+00  0.00000E+00 -0.16850E+00 -0.10000E+06  0.00000E+00 -0.22202E+03  0.00000E+00  0.00000E+00  0.22201E+02  0.00000E+00  0.16366E+00    147  0.00000E+00      0.000
      13.2000  0.40000E+00  0.00000E+00  0.46555E-02  0.00000E+00 -0.90697E-02  0.45800E+01  0.00000E+00  0.16412E+00  0.00000E+00 -0.16941E+00 -0.10000E+06  0.00000E+00 -0.22227E+03  0.00000E+00  0.00000E+00  0.22200E+02  0.00000E+00  0.16412E+00    148  0.00000E+00      0.000
      13.3000  0.40000E+00  0.00000E+00  0.46436E-02  0.00000E+00 -0.90389E-02  0.46200E+01  0.00000E+00  0.16459E+00  0.00000E+00 -0.17031E+00 -0.10000E+06  0.00000E+00 -0.22253E+03  0.00000E+00  0.00000E+00  0.22199E+02  0.00000E+00  0.16459E+00    149  0.00000E+00      0.000
      13.4000  0.40000E+00  0.00000E+00  0.46319E-02  0.00000E+00 -0.90082E-02  0.46600E+01  0.00000E+00  0.16505E+00  0.00000E+00 -0.17121E+00 -0.10000E+06  0.00000E+00 -0.22278E+03  0.00000E+00  0.00000E+00  0.22197E+02  0.00000E+00  0.16505E+00    150  0.00000E+00      0.000
      13.5000  0.40000E+00  0.00000E+00  0.46203E-02  0.00000E+00 -0.89777E-02  0.47000E+01  0.00000E+00  0.16551E+00  0.00000E+00 -0.17211E+00 -0.10000E+06  0.00000E+00 -0.22303E+03  0.00000E+00  0.00000E+00  0.22196E+02  0.00000E+00  0.16551E+00    151  0.00000E+00      0.000
      13.6000  0.40000E+00  0.00000E+00  0.46088E-02  0.00000E+00 -0.89474E-02  0.47400E+01  0.00000E+00  0.16597E+00  0.00000E+00 -0.17301E+00 -0.10000E+06  0.00000E+00 -0.22328E+03  0.00000E+00  0.00000E+00  0.22195E+02  0.00000E+00  0.16597E+00    152  0.00000E+00      0.000
      13.7000  0.40000E+00  0.00000E+00  0.45974E-02  0.00000E+00 -0.89172E-02  0.47800E+01  0.00000E+00  0.16643E+00  0.00000E+00 -0.17390E+00 -0.10000E+06  0.00000E+00 -0.22353E+03  0.00000E+00  0.00000E+00  0.22193E+02  0.00000E+00  0.16643E+00    153  0.00000E+00      0.000
      13.8000  0.40000E+00  0.00000E+00  0.45861E-02  0.00000E+00 -0.88873E-02  0.48200E+01  0.00000E+00  0.16689E+00  0.00000E+00 -0.17479E+00 -0.10000E+06  0.00000E+00 -0.22378E+03  0.00000E+00  0.00000E+00  0.22192E+02  0.00000E+00  0.16689E+00    154  0.00000E+00      0.000
      13.9000  0.40000E+00  0.00000E+00  0.45749E-02  0.00000E+00 -0.88573E-02  0.48600E+01  0.00000E+00  0.16735E+00  0.00000E+00 -0.17567E+00 -0.10000E+06  0.00000E+00 -0.22402E+03  0.00000E+00  0.00000E+00  0.22190E+02  0.00000E+00  0.16735E+00    155  0.00000E+00      0.000
      14.0000  0.40000E+00  0.00000E+00  0.45638E-02  0.00000E+00 -0.88277E-02  0.49000E+01  0.00000E+00  0.16780E+00  0.00000E+00 -0.17656E+00 -0.10000E+06  0.00000E+00 -0.22427E+03  0.00000E+00  0.00000E+00  0.22189E+02  0.00000E+00  0.16780E+00    156  0.00000E+00      0.000
      14.1000  0.30000E+00  0.00000E+00  0.45529E-02  0.00000E+00 -0.87979E-02  0.49300E+01  0.00000E+00  0.16826E+00  0.00000E+00 -0.17743E+00 -0.10000E+06  0.00000E+00 -0.22451E+03  0.00000E+00  0.00000E+00  0.22188E+02  0.00000E+00  0.16826E+00    157  0.00000E+00      0.000
      14.2000  0.30000E+00  0.00000E+00  0.45420E-02  0.00000E+00 -0.87684E-02  0.49600E+01  0.00000E+00  0.16871E+00  0.00000E+00 -0.17831E+00 -0.10000E+06  0.00000E+00 -0.22475E+03  0.00000E+00  0.00000E+00  0.22186E+02  0.00000E+00  0.16871E+00    158  0.00000E+00      0.000
      14.3000  0.30000E+00  0.00000E+00  0.45312E-02  0.00000E+00 -0.87393E-02  0.49900E+01  0.00000E+00  0.16917E+00  0.00000E+00 -0.17919E+00 -0.10000E+06  0.00000E+00 -0.22499E+03  0.00000E+00  0.00000E+00  0.22185E+02  0.00000E+00  0.16917E+00    159  0.00000E+00      0.000
      14.4000  0.30000E+00  0.00000E+00  0.45205E-02  0.00000E+00 -0.87100E-02  0.50200E+01  0.00000E+00  0.16962E+00  0.00000E+00 -0.18006E+00 -0.10000E+06  0.00000E+00 -0.22524E+03  0.00000E+00  0.00000E+00  0.22184E+02  0.00000E+00  0.16962E+00    160  0.00000E+00      0.000
      14.5000  0.30000E+00  0.00000E+00  0.45099E-02  0.00000E+00 -0.86809E-02  0.50500E+01  0.00000E+00  0.17007E+00  0.00000E+00 -0.18092E+00 -0.10000E+06  0.00000E+00 -0.22547E+03  0.00000E+00  0.00000E+00  0.22182E+02  0.00000E+00  0.17007E+00    161  0.00000E+00      0.000
      14.6000  0.30000E+00  0.00000E+00  0.44995E-02  0.00000E+00 -0.86520E-02  0.50800E+01  0.00000E+00  0.17052E+00  0.00000E+00 -0.18179E+00 -0.10000E+06  0.00000E+00 -0.22571E+03  0.00000E+00  0.00000E+00  0.22181E+02  0.00000E+00  0.17052E+00    162  0.00000E+00      0.000
      14.7000  0.30000E+00  0.00000E+00  0.44918E-02  0.00000E+00 -0.86231E-02  0.51100E+01  0.00000E+00  0.17097E+00  0.00000E+00 -0.18265E+00 -0.10000E+06  0.00000E+00 -0.22595E+03  0.00000E+00  0.00000E+00  0.22180E+02  0.00000E+00  0.17097E+00    163  0.00000E+00      0.000
      14.8000  0.30000E+00  0.00000E+00  0.44839E-02  0.00000E+00 -0.85945E-02  0.51400E+01  0.00000E+00  0.17142E+00  0.00000E+00 -0.18351E+00 -0.10000E+06  0.00000E+00 -0.22619E+03  0.00000E+00  0.00000E+00  0.22179E+02  0.00000E+00  0.17142E+00    164  0.00000E+00      0.000
      14.9000  0.30000E+00  0.00000E+00  0.44760E-02  0.00000E+00 -0.85661E-02  0.51700E+01  0.00000E+00  0.17186E+00  0.00000E+00 -0.18437E+00 -0.10000E+06  0.00000E+00 -0.22642E+03  0.00000E+00  0.00000E+00  0.22177E+02  0.00000E+00  0.17186E+00    165  0.00000E+00      0.000
      15.0000  0.30000E+00  0.00000E+00  0.44681E-02  0.00000E+00 -0.85374E-02  0.52000E+01  0.00000E+00  0.17231E+00  0.00000E+00 -0.18522E+00 -0.10000E+06  0.00000E+00 -0.22665E+03  0.00000E+00  0.00000E+00  0.22176E+02  0.00000E+00  0.17231E+00    166  0.00000E+00      0.000
      15.1000  0.20000E+00  0.00000E+00  0.44602E-02  0.00000E+00 -0.85092E-02  0.52200E+01  0.00000E+00  0.17276E+00  0.00000E+00 -0.18607E+00 -0.10000E+06  0.00000E+00 -0.22689E+03  0.00000E+00  0.00000E+00  0.22175E+02  0.00000E+00  0.17276E+00    167  0.00000E+00      0.000
      15.2000  0.20000E+00  0.00000E+00  0.44523E-02  0.00000E+00 -0.84811E-02  0.52400E+01  0.00000E+00  0.17320E+00  0.00000E+00 -0.18692E+00 -0.10000E+06  0.00000E+00 -0.22712E+03  0.00000E+00  0.00000E+00  0.22173E+02  0.00000E+00  0.17320E+00    168  0.00000E+00      0.000
      15.3000  0.20000E+00  0.00000E+00  0.44443E-02  0.00000E+00 -0.84529E-02  0.52600E+01  0.00000E+00  0.17365E+00  0.00000E+00 -0.18777E+00 -0.10000E+06  0.00000E+00 -0.22735E+03  0.00000E+00  0.00000E+00  0.22172E+02  0.00000E+00  0.17365E+00    169  0.00000E+00      0.000
      15.4000  0.20000E+00  0.00000E+00  0.44363E-02  0.00000E+00 -0.84249E-02  0.52800E+01  0.00000E+00  0.17409E+00  0.00000E+00 -0.18861E+00 -0.10000E+06  0.00000E+00 -0.22758E+03  0.00000E+00  0.00000E+00  0.22171E+02  0.00000E+00  0.17409E+00    170  0.00000E+00      0.000
      15.5000  0.20000E+00  0.00000E+00  0.44284E-02  0.00000E+00 -0.83972E-02  0.53000E+01  0.00000E+00  0.17453E+00  0.00000E+00 -0.18945E+00 -0.10000E+06  0.00000E+00 -0.22781E+03  0.00000E+00  0.00000E+00  0.22170E+02  0.00000E+00  0.17453E+00    171  0.00000E+00      0.000
      15.6000  0.20000E+00  0.00000E+00  0.44204E-02  0.00000E+00 -0.83694E-02  0.53200E+01  0.00000E+00  0.17498E+00  0.00000E+00 -0.19029E+00 -0.10000E+06  0.00000E+00 -0.22804E+03  0.00000E+00  0.00000E+00  0.22168E+02  0.00000E+00  0.17498E+00    172  0.00000E+00      0.000
      15.7000  0.20000E+00  0.00000E+00  0.44125E-02  0.00000E+00 -0.83417E-02  0.53400E+01  0.00000E+00  0.17542E+00  0.00000E+00 -0.19112E+00 -0.10000E+06  0.00000E+00 -0.22827E+03  0.00000E+00  0.00000E+00  0.22167E+02  0.00000E+00  0.17542E+00    173  0.00000E+00      0.000
      15.8000  0.20000E+00  0.00000E+00  0.44046E-02  0.00000E+00 -0.83142E-02  0.53600E+01  0.00000E+00  0.17586E+00  0.00000E+00 -0.19195E+00 -0.10000E+06  0.00000E+00 -0.22849E+03  0.00000E+00  0.00000E+00  0.22166E+02  0.00000E+00  0.17586E+00    174  0.00000E+00      0.000
      15.9000  0.20000E+00  0.00000E+00  0.43967E-02  0.00000E+00 -0.82869E-02  0.53800E+01  0.00000E+00  0.17630E+00  0.00000E+00 -0.19278E+00 -0.10000E+06  0.00000E+00 -0.22872E+03  0.00000E+00  0.00000E+00  0.22164E+02  0.00000E+00  0.17630E+00    175  0.00000E+00      0.000
      16.0000  0.20000E+00  0.00000E+00  0.43888E-02  0.00000E+00 -0.82596E-02  0.54000E+01  0.00000E+00  0.17674E+00  0.00000E+00 -0.19361E+00 -0.10000E+06  0.00000E+00 -0.22894E+03  0.00000E+00  0.00000E+00  0.22163E+02  0.00000E+00  0.17674E+00    176  0.00000E+00      0.000
      16.1000  0.40000E+00  0.00000E+00  0.43809E-02  0.00000E+00 -0.82325E-02  0.54400E+01  0.00000E+00  0.17717E+00  0.00000E+00 -0.19443E+00 -0.10000E+06  0.00000E+00 -0.22917E+03  0.00000E+00  0.00000E+00  0.22162E+02  0.00000E+00  0.17717E+00    177  0.00000E+00      0.000
      16.2000  0.40000E+00  0.00000E+00  0.43731E-02  0.00000E+00 -0.82054E-02  0.54800E+01  0.00000E+00  0.17761E+00  0.00000E+00 -0.19525E+00 -0.10000E+06  0.00000E+00 -0.22939E+03  0.00000E+00  0.00000E+00  0.22161E+02  0.00000E+00  0.17761E+00    178  0.00000E+00      0.000
      16.3000  0.40000E+00  0.00000E+00  0.43653E-02  0.00000E+00 -0.81784E-02  0.55200E+01  0.00000E+00  0.17805E+00  0.00000E+00 -0.19607E+00 -0.10000E+06  0.00000E+00 -0.22961E+03  0.00000E+00  0.00000E+00  0.22159E+02  0.00000E+00  0.17805E+00    179  0.00000E+00      0.000
      16.4000  0.40000E+00  0.00000E+00  0.43576E-02  0.00000E+00 -0.81514E-02  0.55600E+01  0.00000E+00  0.17848E+00  0.00000E+00 -0.19688E+00 -0.10000E+06  0.00000E+00 -0.22983E+03  0.00000E+00  0.00000E+00  0.22158E+02  0.00000E+00  0.17848E+00    180  0.00000E+00      0.000
      16.5000  0.40000E+00  0.00000E+00  0.43499E-02  0.00000E+00 -0.81247E-02  0.56000E+01  0.00000E+00  0.17892E+00  0.00000E+00 -0.19770E+00 -0.10000E+06  0.00000E+00 -0.23005E+03  0.00000E+00  0.00000E+00  0.22157E+02  0.00000E+00  0.17892E+00    181  0.00000E+00      0.000
      16.6000  0.40000E+00  0.00000E+00  0.43422E-02  0.00000E+00 -0.80980E-02  0.56400E+01  0.00000E+00  0.17935E+00  0.00000E+00 -0.19850E+00 -0.10000E+06  0.00000E+00 -0.23027E+03  0.00000E+00  0.00000E+00  0.22156E+02  0.00000E+00  0.17935E+00    182  0.00000E+00      0.000
      16.7000  0.40000E+00  0.00000E+00  0.43345E-02  0.00000E+00 -0.80714E-02  0.56800E+01  0.00000E+00  0.17979E+00  0.00000E+00 -0.19931E+00 -0.10000E+06  0.00000E+00 -0.23049E+03  0.00000E+00  0.00000E+00  0.22154E+02  0.00000E+00  0.17979E+00    183  0.00000E+00      0.000
      16.8000  0.40000E+00  0.00000E+00  0.43269E-02  0.00000E+00 -0.80449E-02  0.57200E+01  0.00000E+00  0.18022E+00  0.00000E+00 -0.20012E+00 -0.10000E+06  0.00000E+00 -0.23071E+03  0.00000E+00  0.00000E+00  0.22153E+02  0.00000E+00  0.18022E+00    184  0.00000E+00      0.000
      16.9000  0.40000E+00  0.00000E+00  0.43194E-02  0.00000E+00 -0.80185E-02  0.57600E+01  0.00000E+00  0.18065E+00  0.00000E+00 -0.20092E+00 -0.10000E+06  0.00000E+00 -0.23093E+03  0.00000E+00  0.00000E+00  0.22152E+02  0.00000E+00  0.18065E+00    185  0.00000E+00      0.000
      17.0000  0.40000E+00  0.00000E+00  0.43119E-02  0.00000E+00 -0.79922E-02  0.58000E+01  0.00000E+00  0.18108E+00  0.00000E+00 -0.20172E+00 -0.10000E+06  0.00000E+00 -0.23114E+03  0.00000E+00  0.00000E+00  0.22151E+02  0.00000E+00  0.18108E+00    186  0.00000E+00      0.000
      17.1000  0.50000E+00  0.00000E+00  0.43044E-02  0.00000E+00 -0.79658E-02  0.58500E+01  0.00000E+00  0.18151E+00  0.00000E+00 -0.20251E+00 -0.10000E+06  0.00000E+00 -0.23136E+03  0.00000E+00  0.00000E+00  0.22149E+02  0.00000E+00  0.18151E+00    187  0.00000E+00      0.000
      17.2000  0.50000E+00  0.00000E+00  0.42970E-02  0.00000E+00 -0.79397E-02  0.59000E+01  0.00000E+00  0.18194E+00  0.00000E+00 -0.20331E+00 -0.10000E+06  0.00000E+00 -0.23157E+03  0.00000E+00  0.00000E+00  0.22148E+02  0.00000E+00  0.18194E+00    188  0.00000E+00      0.000
      17.3000  0.50000E+00  0.00000E+00  0.42896E-02  0.00000E+00 -0.79136E-02  0.59500E+01  0.00000E+00  0.18237E+00  0.00000E+00 -0.20410E+00 -0.10000E+06  0.00000E+00 -0.23179E+03  0.00000E+00  0.00000E+00  0.22147E+02  0.00000E+00  0.18237E+00    189  0.00000E+00      0.000
      17.4000  0.50000E+00  0.00000E+00  0.42822E-02  0.00000E+00 -0.78877E-02  0.60000E+01  0.00000E+00  0.18280E+00  0.00000E+00 -0.20489E+00 -0.10000E+06  0.00000E+00 -0.23200E+03  0.00000E+00  0.00000E+00  0.22146E+02  0.00000E+00  0.18280E+00    190  0.00000E+00      0.000
      17.5000  0.50000E+00  0.00000E+00  0.42750E-02  0.00000E+00 -0.78616E-02  0.60500E+01  0.00000E+00  0.18323E+00  0.00000E+00 -0.20567E+00 -0.10000E+06  0.00000E+00 -0.23222E+03  0.00000E+00  0.00000E+00  0.22145E+02  0.00000E+00  0.18323E+00    191  0.00000E+00      0.000
      17.6000  0.50000E+00  0.00000E+00  0.42677E-02  0.00000E+00 -0.78360E-02  0.61000E+01  0.00000E+00  0.18365E+00  0.00000E+00 -0.20646E+00 -0.10000E+06  0.00000E+00 -0.23243E+03  0.00000E+00  0.00000E+00  0.22143E+02  0.00000E+00  0.18365E+00    192  0.00000E+00      0.000
      17.7000  0.50000E+00  0.00000E+00  0.42605E-02  0.00000E+00 -0.78101E-02  0.61500E+01  0.00000E+00  0.18408E+00  0.00000E+00 -0.20724E+00 -0.10000E+06  0.00000E+00 -0.23264E+03  0.00000E+00  0.00000E+00  0.22142E+02  0.00000E+00  0.18408E+00    193  0.00000E+00      0.000
      17.8000  0.50000E+00  0.00000E+00  0.42534E-02  0.00000E+00 -0.77845E-02  0.62000E+01  0.00000E+00  0.18451E+00  0.00000E+00 -0.20802E+00 -0.10000E+06  0.00000E+00 -0.23285E+03  0.00000E+00  0.00000E+00  0.22141E+02  0.00000E+00  0.18451E+00    194  0.00000E+00      0.000
      17.9000  0.50000E+00  0.00000E+00  0.42463E-02  0.00000E+00 -0.77589E-02  0.62500E+01  0.00000E+00  0.18493E+00  0.00000E+00 -0.20879E+00 -0.10000E+06  0.00000E+00 -0.23306E+03  0.00000E+00  0.00000E+00  0.22140E+02  0.00000E+00  0.18493E+00    195  0.00000E+00      0.000
      18.0000  0.50000E+00  0.00000E+00  0.42393E-02  0.00000E+00 -0.77334E-02  0.63000E+01  0.00000E+00  0.18535E+00  0.00000E+00 -0.20957E+00 -0.10000E+06  0.00000E+00 -0.23327E+03  0.00000E+00  0.00000E+00  0.22139E+02  0.00000E+00  0.18535E+00    196  0.00000E+00      0.000
      18.1000  0.30000E+00  0.00000E+00  0.42323E-02  0.00000E+00 -0.77079E-02  0.63300E+01  0.00000E+00  0.18578E+00  0.00000E+00 -0.21034E+00 -0.10000E+06  0.00000E+00 -0.23348E+03  0.00000E+00  0.00000E+00  0.22137E+02  0.00000E+00  0.18578E+00    197  0.00000E+00      0.000
      18.2000  0.30000E+00  0.00000E+00  0.42253E-02  0.00000E+00 -0.76825E-02  0.63600E+01  0.00000E+00  0.18620E+00  0.00000E+00 -0.21111E+00 -0.10000E+06  0.00000E+00 -0.23369E+03  0.00000E+00  0.00000E+00  0.22136E+02  0.00000E+00  0.18620E+00    198  0.00000E+00      0.000
      18.3000  0.30000E+00  0.00000E+00  0.42184E-02  0.00000E+00 -0.76573E-02  0.63900E+01  0.00000E+00  0.18662E+00  0.00000E+00 -0.21187E+00 -0.10000E+06  0.00000E+00 -0.23390E+03  0.00000E+00  0.00000E+00  0.22135E+02  0.00000E+00  0.18662E+00    199  0.00000E+00      0.000
      18.4000  0.30000E+00  0.00000E+00  0.42116E-02  0.00000E+00 -0.76321E-02  0.64200E+01  0.00000E+00  0.18704E+00  0.00000E+00 -0.21263E+00 -0.10000E+06  0.00000E+00 -0.23411E+03  0.00000E+00  0.00000E+00  0.22134E+02  0.00000E+00  0.18704E+00    200  0.00000E+00      0.000
      18.5000  0.30000E+00  0.00000E+00  0.42048E-02  0.00000E+00 -0.76068E-02  0.64500E+01  0.00000E+00  0.18746E+00  0.00000E+00 -0.21340E+00 -0.10000E+06  0.00000E+00 -0.23431E+03  0.00000E+00  0.00000E+00  0.22133E+02  0.00000E+00  0.18746E+00    201  0.00000E+00      0.000
      18.6000  0.30000E+00  0.00000E+00  0.41981E-02  0.00000E+00 -0.75817E-02  0.64800E+01  0.00000E+00  0.18788E+00  0.00000E+00 -0.21415E+00 -0.10000E+06  0.00000E+00 -0.23452E+03  0.00000E+00  0.00000E+00  0.22131E+02  0.00000E+00  0.18788E+00    202  0.00000E+00      0.000
      18.7000  0.30000E+00  0.00000E+00  0.41914E-02  0.00000E+00 -0.75566E-02  0.65100E+01  0.00000E+00  0.18830E+00  0.00000E+00 -0.21491E+00 -0.10000E+06  0.00000E+00 -0.23473E+03  0.00000E+00  0.00000E+00  0.22130E+02  0.00000E+00  0.18830E+00    203  0.00000E+00      0.000
      18.8000  0.30000E+00  0.00000E+00  0.41847E-02  0.00000E+00 -0.75317E-02  0.65400E+01  0.00000E+00  0.18872E+00  0.00000E+00 -0.21566E+00 -0.10000E+06  0.00000E+00 -0.23493E+03  0.00000E+00  0.00000E+00  0.22129E+02  0.00000E+00  0.18872E+00    204  0.00000E+00      0.000
      18.9000  0.30000E+00  0.00000E+00  0.41782E-02  0.00000E+00 -0.75068E-02  0.65700E+01  0.00000E+00  0.18914E+00  0.00000E+00 -0.21641E+00 -0.10000E+06  0.00000E+00 -0.23514E+03  0.00000E+00  0.00000E+00  0.22128E+02  0.00000E+00  0.18914E+00    205  0.00000E+00      0.000
      19.0000  0.30000E+00  0.00000E+00  0.41716E-02  0.00000E+00 -0.74819E-02  0.66000E+01  0.00000E+00  0.18956E+00  0.00000E+00 -0.21716E+00 -0.10000E+06  0.00000E+00 -0.23534E+03  0.00000E+00  0.00000E+00  0.22127E+02  0.00000E+00  0.18956E+00    206  0.00000E+00      0.000
      19.1000  0.20000E+00  0.00000E+00  0.41651E-02  0.00000E+00 -0.74570E-02  0.66200E+01  0.00000E+00  0.18997E+00  0.00000E+00 -0.21791E+00 -0.10000E+06  0.00000E+00 -0.23555E+03  0.00000E+00  0.00000E+00  0.22126E+02  0.00000E+00  0.18997E+00    207  0.00000E+00      0.000
      19.2000  0.20000E+00  0.00000E+00  0.41587E-02  0.00000E+00 -0.74323E-02  0.66400E+01  0.00000E+00  0.19039E+00  0.00000E+00 -0.21865E+00 -0.10000E+06  0.00000E+00 -0.23575E+03  0.00000E+00  0.00000E+00  0.22124E+02  0.00000E+00  0.19039E+00    208  0.00000E+00      0.000
      19.3000  0.20000E+00  0.00000E+00  0.41523E-02  0.00000E+00 -0.74076E-02  0.66600E+01  0.00000E+00  0.19080E+00  0.00000E+00 -0.21939E+00 -0.10000E+06  0.00000E+00 -0.23595E+03  0.00000E+00  0.00000E+00  0.22123E+02  0.00000E+00  0.19080E+00    209  0.00000E+00      0.000
      19.4000  0.20000E+00  0.00000E+00  0.41460E-02  0.00000E+00 -0.73829E-02  0.66800E+01  0.00000E+00  0.19122E+00  0.00000E+00 -0.22013E+00 -0.10000E+06  0.00000E+00 -0.23616E+03  0.00000E+00  0.00000E+00  0.22122E+02  0.00000E+00  0.19122E+00    210  0.00000E+00      0.000
      19.5000  0.20000E+00  0.00000E+00  0.41397E-02  0.00000E+00 -0.73583E-02  0.67000E+01  0.00000E+00  0.19163E+00  0.00000E+00 -0.22087E+00 -0.10000E+06  0.00000E+00 -0.23636E+03  0.00000E+00  0.00000E+00  0.22121E+02  0.00000E+00  0.19163E+00    211  0.00000E+00      0.000
      19.6000  0.20000E+00  0.00000E+00  0.41335E-02  0.00000E+00 -0.73336E-02  0.67200E+01  0.00000E+00  0.19204E+00  0.00000E+00 -0.22160E+00 -0.10000E+06  0.00000E+00 -0.23656E+03  0.00000E+00  0.00000E+00  0.22120E+02  0.00000E+00  0.19204E+00    212  0.00000E+00      0.000
      19.7000  0.20000E+00  0.00000E+00  0.41273E-02  0.00000E+00 -0.73091E-02  0.67400E+01  0.00000E+00  0.19246E+00  0.00000E+00 -0.22233E+00 -0.10000E+06  0.00000E+00 -0.23676E+03  0.00000E+00  0.00000E+00  0.22119E+02  0.00000E+00  0.19246E+00    213  0.00000E+00      0.000
      19.8000  0.20000E+00  0.00000E+00  0.41211E-02  0.00000E+00 -0.72846E-02  0.67600E+01  0.00000E+00  0.19287E+00  0.00000E+00 -0.22306E+00 -0.10000E+06  0.00000E+00 -0.23696E+03  0.00000E+00  0.00000E+00  0.22118E+02  0.00000E+00  0.19287E+00    214  0.00000E+00      0.000
      19.9000  0.20000E+00  0.00000E+00  0.41151E-02  0.00000E+00 -0.72601E-02  0.67800E+01  0.00000E+00  0.19328E+00  0.00000E+00 -0.22378E+00 -0.10000E+06  0.00000E+00 -0.23717E+03  0.00000E+00  0.00000E+00  0.22116E+02  0.00000E+00  0.19328E+00    215  0.00000E+00      0.000
      20.0000  0.20000E+00  0.00000E+00  0.41090E-02  0.00000E+00 -0.72358E-02  0.68000E+01  0.00000E+00  0.19369E+00  0.00000E+00 -0.22451E+00 -0.10000E+06  0.00000E+00 -0.23737E+03  0.00000E+00  0.00000E+00  0.22115E+02  0.00000E+00  0.19369E+00    216  0.00000E+00      0.000
      20.1000  0.50000E+00  0.00000E+00  0.41030E-02  0.00000E+00 -0.72112E-02  0.68500E+01  0.00000E+00  0.19410E+00  0.00000E+00 -0.22523E+00 -0.10000E+06  0.00000E+00 -0.23757E+03  0.00000E+00  0.00000E+00  0.22114E+02  0.00000E+00  0.19410E+00    217  0.00000E+00      0.000
      20.2000  0.50000E+00  0.00000E+00  0.40971E-02  0.00000E+00 -0.71868E-02  0.69000E+01  0.00000E+00  0.19451E+00  0.00000E+00 -0.22595E+00 -0.10000E+06  0.00000E+00 -0.23777E+03  0.00000E+00  0.00000E+00  0.22113E+02  0.00000E+00  0.19451E+00    218  0.00000E+00      0.000
      20.3000  0.50000E+00  0.00000E+00  0.40912E-02  0.00000E+00 -0.71626E-02  0.69500E+01  0.00000E+00  0.19492E+00  0.00000E+00 -0.22666E+00 -0.10000E+06  0.00000E+00 -0.23797E+03  0.00000E+00  0.00000E+00  0.22112E+02  0.00000E+00  0.19492E+00    219  0.00000E+00      0.000
      20.4000  0.50000E+00  0.00000E+00  0.40854E-02  0.00000E+00 -0.71382E-02  0.70000E+01  0.00000E+00  0.19533E+00  0.00000E+00 -0.22738E+00 -0.10000E+06  0.00000E+00 -0.23817E+03  0.00000E+00  0.00000E+00  0.22111E+02  0.00000E+00  0.19533E+00    220  0.00000E+00      0.000
      20.5000  0.50000E+00  0.00000E+00  0.40796E-02  0.00000E+00 -0.71138E-02  0.70500E+01  0.00000E+00  0.19574E+00  0.00000E+00 -0.22809E+00 -0.10000E+06  0.00000E+00 -0.23837E+03  0.00000E+00  0.00000E+00  0.22110E+02  0.00000E+00  0.19574E+00    221  0.00000E+00      0.000
      20.6000  0.50000E+00  0.00000E+00  0.40738E-02  0.00000E+00 -0.70894E-02  0.71000E+01  0.00000E+00  0.19615E+00  0.00000E+00 -0.22880E+00 -0.10000E+06  0.00000E+00 -0.23857E+03  0.00000E+00  0.00000E+00  0.22109E+02  0.00000E+00  0.19615E+00    222  0.00000E+00      0.000
      20.7000  0.50000E+00  0.00000E+00  0.40681E-02  0.00000E+00 -0.70652E-02  0.71500E+01  0.00000E+00  0.19655E+00  0.00000E+00 -0.22950E+00 -0.10000E+06  0.00000E+00 -0.23877E+03  0.00000E+00  0.00000E+00  0.22107E+02  0.00000E+00  0.19655E+00    223  0.00000E+00      0.000
      20.8000  0.50000E+00  0.00000E+00  0.40625E-02  0.00000E+00 -0.70409E-02  0.72000E+01  0.00000E+00  0.19696E+00  0.00000E+00 -0.23021E+00 -0.10000E+06  0.00000E+00 -0.23897E+03  0.00000E+00  0.00000E+00  0.22106E+02  0.00000E+00  0.19696E+00    224  0.00000E+00      0.000
      20.9000  0.50000E+00  0.00000E+00  0.40569E-02  0.00000E+00 -0.70166E-02  0.72500E+01  0.00000E+00  0.19736E+00  0.00000E+00 -0.23091E+00 -0.10000E+06  0.00000E+00 -0.23917E+03  0.00000E+00  0.00000E+00  0.22105E+02  0.00000E+00  0.19736E+00    225  0.00000E+00      0.000
      21.0000  0.50000E+00  0.00000E+00  0.40513E-02  0.00000E+00 -0.69921E-02  0.73000E+01  0.00000E+00  0.19777E+00  0.00000E+00 -0.23161E+00 -0.10000E+06  0.00000E+00 -0.23937E+03  0.00000E+00  0.00000E+00  0.22104E+02  0.00000E+00  0.19777E+00    226  0.00000E+00      0.000
      21.1000  0.20000E+00  0.00000E+00  0.40458E-02  0.00000E+00 -0.69678E-02  0.73200E+01  0.00000E+00  0.19817E+00  0.00000E+00 -0.23231E+00 -0.10000E+06  0.00000E+00 -0.23957E+03  0.00000E+00  0.00000E+00  0.22103E+02  0.00000E+00  0.19817E+00    227  0.00000E+00      0.000
      21.2000  0.20000E+00  0.00000E+00  0.40404E-02  0.00000E+00 -0.69434E-02  0.73400E+01  0.00000E+00  0.19858E+00  0.00000E+00 -0.23300E+00 -0.10000E+06  0.00000E+00 -0.23977E+03  0.00000E+00  0.00000E+00  0.22102E+02  0.00000E+00  0.19858E+00    228  0.00000E+00      0.000
      21.3000  0.20000E+00  0.00000E+00  0.40350E-02  0.00000E+00 -0.69188E-02  0.73600E+01  0.00000E+00  0.19898E+00  0.00000E+00 -0.23369E+00 -0.10000E+06  0.00000E+00 -0.23997E+03  0.00000E+00  0.00000E+00  0.22101E+02  0.00000E+00  0.19898E+00    229  0.00000E+00      0.000
      21.4000  0.20000E+00  0.00000E+00  0.40296E-02  0.00000E+00 -0.68943E-02  0.73800E+01  0.00000E+00  0.19938E+00  0.00000E+00 -0.23438E+00 -0.10000E+06  0.00000E+00 -0.24018E+03  0.00000E+00  0.00000E+00  0.22100E+02  0.00000E+00  0.19938E+00    230  0.00000E+00      0.000
      21.5000  0.20000E+00  0.00000E+00  0.40243E-02  0.00000E+00 -0.68696E-02  0.74000E+01  0.00000E+00  0.19979E+00  0.00000E+00 -0.23507E+00 -0.10000E+06  0.00000E+00 -0.24038E+03  0.00000E+00  0.00000E+00  0.22099E+02  0.00000E+00  0.19979E+00    231  0.00000E+00      0.000
      21.6000  0.20000E+00  0.00000E+00  0.40190E-02  0.00000E+00 -0.68449E-02  0.74200E+01  0.00000E+00  0.20019E+00  0.00000E+00 -0.23575E+00 -0.10000E+06  0.00000E+00 -0.24058E+03  0.00000E+00  0.00000E+00  0.22098E+02  0.00000E+00  0.20019E+00    232  0.00000E+00      0.000
      21.7000  0.20000E+00  0.00000E+00  0.40138E-02  0.00000E+00 -0.68200E-02  0.74400E+01  0.00000E+00  0.20059E+00  0.00000E+00 -0.23643E+00 -0.10000E+06  0.00000E+00 -0.24079E+03  0.00000E+00  0.00000E+00  0.22096E+02  0.00000E+00  0.20059E+00    233  0.00000E+00      0.000
      21.8000  0.20000E+00  0.00000E+00  0.40086E-02  0.00000E+00 -0.67949E-02  0.74600E+01  0.00000E+00  0.20099E+00  0.00000E+00 -0.23711E+00 -0.10000E+06  0.00000E+00 -0.24099E+03  0.00000E+00  0.00000E+00  0.22095E+02  0.00000E+00  0.20099E+00    234  0.00000E+00      0.000
      21.9000  0.20000E+00  0.00000E+00  0.40035E-02  0.00000E+00 -0.67696E-02  0.74800E+01  0.00000E+00  0.20139E+00  0.00000E+00 -0.23779E+00 -0.10000E+06  0.00000E+00 -0.24120E+03  0.00000E+00  0.00000E+00  0.22094E+02  0.00000E+00  0.20139E+00    235  0.00000E+00      0.000
      22.0000  0.20000E+00  0.00000E+00  0.39984E-02  0.00000E+00 -0.67439E-02  0.75000E+01  0.00000E+00  0.20179E+00  0.00000E+00 -0.23847E+00 -0.10000E+06  0.00000E+00 -0.24141E+03  0.00000E+00  0.00000E+00  0.22093E+02  0.00000E+00  0.20179E+00    236  0.00000E+00      0.000
      22.1000  0.10000E+00  0.00000E+00  0.39933E-02  0.00000E+00 -0.67179E-02  0.75100E+01  0.00000E+00  0.20219E+00  0.00000E+00 -0.23914E+00 -0.10000E+06  0.00000E+00 -0.24162E+03  0.00000E+00  0.00000E+00  0.22092E+02  0.00000E+00  0.20219E+00    237  0.00000E+00      0.000
      22.2000  0.10000E+00  0.00000E+00  0.39883E-02  0.00000E+00 -0.66908E-02  0.75200E+01  0.00000E+00  0.20259E+00  0.00000E+00 -0.23981E+00 -0.10000E+06  0.00000E+00 -0.24185E+03  0.00000E+00  0.00000E+00  0.22091E+02  0.00000E+00  0.20259E+00    238  0.00000E+00      0.000
      22.3000  0.10000E+00  0.00000E+00  0.39834E-02  0.00000E+00 -0.66685E-02  0.75300E+01  0.00000E+00  0.20299E+00  0.00000E+00 -0.24047E+00 -0.10000E+06  0.00000E+00 -0.24210E+03  0.00000E+00  0.00000E+00  0.22090E+02  0.00000E+00  0.20299E+00    239  0.00000E+00      0.000
      22.4000  0.10000E+00  0.00000E+00  0.39785E-02  0.00000E+00 -0.66544E-02  0.75400E+01  0.00000E+00  0.20339E+00  0.00000E+00 -0.24114E+00 -0.10000E+06  0.00000E+00 -0.24237E+03  0.00000E+00  0.00000E+00  0.22089E+02  0.00000E+00  0.20339E+00    240  0.00000E+00      0.000
      22.5000  0.10000E+00  0.00000E+00  0.39736E-02  0.00000E+00 -0.66407E-02  0.75500E+01  0.00000E+00  0.20378E+00  0.00000E+00 -0.24180E+00 -0.10000E+06  0.00000E+00 -0.24264E+03  0.00000E+00  0.00000E+00  0.22088E+02  0.00000E+00  0.20378E+00    241  0.00000E+00      0.000
      22.6000  0.10000E+00  0.00000E+00  0.39688E-02  0.00000E+00 -0.66277E-02  0.75600E+01  0.00000E+00  0.20418E+00  0.00000E+00 -0.24247E+00 -0.10000E+06  0.00000E+00 -0.24289E+03  0.00000E+00  0.00000E+00  0.22087E+02  0.00000E+00  0.20418E+00    242  0.00000E+00      0.000
      22.7000  0.10000E+00  0.00000E+00  0.39640E-02  0.00000E+00 -0.66150E-02  0.75700E+01  0.00000E+00  0.20458E+00  0.00000E+00 -0.24313E+00 -0.10000E+06  0.00000E+00 -0.24314E+03  0.00000E+00  0.00000E+00  0.22086E+02  0.00000E+00  0.20458E+00    243  0.00000E+00      0.000
      22.8000  0.10000E+00  0.00000E+00  0.39593E-02  0.00000E+00 -0.66024E-02  0.75800E+01  0.00000E+00  0.20497E+00  0.00000E+00 -0.24379E+00 -0.10000E+06  0.00000E+00 -0.24339E+03  0.00000E+00  0.00000E+00  0.22085E+02  0.00000E+00  0.20497E+00    244  0.00000E+00      0.000
      22.9000  0.10000E+00  0.00000E+00  0.39546E-02  0.00000E+00 -0.65901E-02  0.75900E+01  0.00000E+00  0.20537E+00  0.00000E+00 -0.24445E+00 -0.10000E+06  0.00000E+00 -0.24363E+03  0.00000E+00  0.00000E+00  0.22084E+02  0.00000E+00  0.20537E+00    245  0.00000E+00      0.000
      23.0000  0.10000E+00  0.00000E+00  0.39499E-02  0.00000E+00 -0.65779E-02  0.76000E+01  0.00000E+00  0.20576E+00  0.00000E+00 -0.24510E+00 -0.10000E+06  0.00000E+00 -0.24387E+03  0.00000E+00  0.00000E+00  0.22083E+02  0.00000E+00  0.20576E+00    246  0.00000E+00      0.000
      23.1000  0.30000E+00  0.00000E+00  0.39453E-02  0.00000E+00 -0.65660E-02  0.76300E+01  0.00000E+00  0.20616E+00  0.00000E+00 -0.24576E+00 -0.10000E+06  0.00000E+00 -0.24410E+03  0.00000E+00  0.00000E+00  0.22082E+02  0.00000E+00  0.20616E+00    247  0.00000E+00      0.000
      23.2000  0.30000E+00  0.00000E+00  0.39407E-02  0.00000E+00 -0.65540E-02  0.76600E+01  0.00000E+00  0.20655E+00  0.00000E+00 -0.24642E+00 -0.10000E+06  0.00000E+00 -0.24434E+03  0.00000E+00  0.00000E+00  0.22081E+02  0.00000E+00  0.20655E+00    248  0.00000E+00      0.000
      23.3000  0.30000E+00  0.00000E+00  0.39362E-02  0.00000E+00 -0.65422E-02  0.76900E+01  0.00000E+00  0.20694E+00  0.00000E+00 -0.24707E+00 -0.10000E+06  0.00000E+00 -0.24457E+03  0.00000E+00  0.00000E+00  0.22079E+02  0.00000E+00  0.20694E+00    249  0.00000E+00      0.000
      23.4000  0.30000E+00  0.00000E+00  0.39317E-02  0.00000E+00 -0.65304E-02  0.77200E+01  0.00000E+00  0.20734E+00  0.00000E+00 -0.24772E+00 -0.10000E+06  0.00000E+00 -0.24480E+03  0.00000E+00  0.00000E+00  0.22078E+02  0.00000E+00  0.20734E+00    250  0.00000E+00      0.000
      23.5000  0.30000E+00  0.00000E+00  0.39273E-02  0.00000E+00 -0.65187E-02  0.77500E+01  0.00000E+00  0.20773E+00  0.00000E+00 -0.24838E+00 -0.10000E+06  0.00000E+00 -0.24503E+03  0.00000E+00  0.00000E+00  0.22077E+02  0.00000E+00  0.20773E+00    251  0.00000E+00      0.000
      23.6000  0.30000E+00  0.00000E+00  0.39229E-02  0.00000E+00 -0.65071E-02  0.77800E+01  0.00000E+00  0.20812E+00  0.00000E+00 -0.24903E+00 -0.10000E+06  0.00000E+00 -0.24526E+03  0.00000E+00  0.00000E+00  0.22076E+02  0.00000E+00  0.20812E+00    252  0.00000E+00      0.000
      23.7000  0.30000E+00  0.00000E+00  0.39185E-02  0.00000E+00 -0.64957E-02  0.78100E+01  0.00000E+00  0.20851E+00  0.00000E+00 -0.24968E+00 -0.10000E+06  0.00000E+00 -0.24548E+03  0.00000E+00  0.00000E+00  0.22075E+02  0.00000E+00  0.20851E+00    253  0.00000E+00      0.000
      23.8000  0.30000E+00  0.00000E+00  0.39142E-02  0.00000E+00 -0.64842E-02  0.78400E+01  0.00000E+00  0.20891E+00  0.00000E+00 -0.25032E+00 -0.10000E+06  0.00000E+00 -0.24570E+03  0.00000E+00  0.00000E+00  0.22074E+02  0.00000E+00  0.20891E+00    254  0.00000E+00      0.000
      23.9000  0.30000E+00  0.00000E+00  0.39100E-02  0.00000E+00 -0.64730E-02  0.78700E+01  0.00000E+00  0.20930E+00  0.00000E+00 -0.25097E+00 -0.10000E+06  0.00000E+00 -0.24593E+03  0.00000E+00  0.00000E+00  0.22073E+02  0.00000E+00  0.20930E+00    255  0.00000E+00      0.000
      24.0000  0.30000E+00  0.00000E+00  0.39057E-02  0.00000E+00 -0.64617E-02  0.79000E+01  0.00000E+00  0.20969E+00  0.00000E+00 -0.25162E+00 -0.10000E+06  0.00000E+00 -0.24615E+03  0.00000E+00  0.00000E+00  0.22072E+02  0.00000E+00  0.20969E+00    256  0.00000E+00      0.000
      24.1000  0.20000E+00  0.00000E+00  0.39015E-02  0.00000E+00 -0.64503E-02  0.79200E+01  0.00000E+00  0.21008E+00  0.00000E+00 -0.25226E+00 -0.10000E+06  0.00000E+00 -0.24637E+03  0.00000E+00  0.00000E+00  0.22071E+02  0.00000E+00  0.21008E+00    257  0.00000E+00      0.000
      24.2000  0.20000E+00  0.00000E+00  0.38974E-02  0.00000E+00 -0.64394E-02  0.79400E+01  0.00000E+00  0.21047E+00  0.00000E+00 -0.25291E+00 -0.10000E+06  0.00000E+00 -0.24659E+03  0.00000E+00  0.00000E+00  0.22070E+02  0.00000E+00  0.21047E+00    258  0.00000E+00      0.000
      24.3000  0.20000E+00  0.00000E+00  0.38933E-02  0.00000E+00 -0.64282E-02  0.79600E+01  0.00000E+00  0.21086E+00  0.00000E+00 -0.25355E+00 -0.10000E+06  0.00000E+00 -0.24680E+03  0.00000E+00  0.00000E+00  0.22069E+02  0.00000E+00  0.21086E+00    259  0.00000E+00      0.000
      24.4000  0.20000E+00  0.00000E+00  0.38892E-02  0.00000E+00 -0.64172E-02  0.79800E+01  0.00000E+00  0.21125E+00  0.00000E+00 -0.25419E+00 -0.10000E+06  0.00000E+00 -0.24702E+03  0.00000E+00  0.00000E+00  0.22068E+02  0.00000E+00  0.21125E+00    260  0.00000E+00      0.000
      24.5000  0.20000E+00  0.00000E+00  0.38852E-02  0.00000E+00 -0.64062E-02  0.80000E+01  0.00000E+00  0.21163E+00  0.00000E+00 -0.25483E+00 -0.10000E+06  0.00000E+00 -0.24723E+03  0.00000E+00  0.00000E+00  0.22067E+02  0.00000E+00  0.21163E+00    261  0.00000E+00      0.000
      24.6000  0.20000E+00  0.00000E+00  0.38812E-02  0.00000E+00 -0.63952E-02  0.80200E+01  0.00000E+00  0.21202E+00  0.00000E+00 -0.25547E+00 -0.10000E+06  0.00000E+00 -0.24745E+03  0.00000E+00  0.00000E+00  0.22066E+02  0.00000E+00  0.21202E+00    262  0.00000E+00      0.000
      24.7000  0.20000E+00  0.00000E+00  0.38772E-02  0.00000E+00 -0.63844E-02  0.80400E+01  0.00000E+00  0.21241E+00  0.00000E+00 -0.25611E+00 -0.10000E+06  0.00000E+00 -0.24766E+03  0.00000E+00  0.00000E+00  0.22065E+02  0.00000E+00  0.21241E+00    263  0.00000E+00      0.000
      24.8000  0.20000E+00  0.00000E+00  0.38733E-02  0.00000E+00 -0.63737E-02  0.80600E+01  0.00000E+00  0.21280E+00  0.00000E+00 -0.25675E+00 -0.10000E+06  0.00000E+00 -0.24787E+03  0.00000E+00  0.00000E+00  0.22064E+02  0.00000E+00  0.21280E+00    264  0.00000E+00      0.000
      24.9000  0.20000E+00  0.00000E+00  0.38695E-02  0.00000E+00 -0.63629E-02  0.80800E+01  0.00000E+00  0.21318E+00  0.00000E+00 -0.25738E+00 -0.10000E+06  0.00000E+00 -0.24808E+03  0.00000E+00  0.00000E+00  0.22063E+02  0.00000E+00  0.21318E+00    265  0.00000E+00      0.000
      25.0000  0.20000E+00  0.00000E+00  0.38656E-02  0.00000E+00 -0.63521E-02  0.81000E+01  0.00000E+00  0.21357E+00  0.00000E+00 -0.25802E+00 -0.10000E+06  0.00000E+00 -0.24829E+03  0.00000E+00  0.00000E+00  0.22062E+02  0.00000E+00  0.21357E+00    266  0.00000E+00      0.000
end
